       Step     Time          Energy          fmax
FIRE2:    0 17:48:48    -5366.512695        0.279660
FIRE2:    1 17:48:51    -5366.562500        0.278326
FIRE2:    2 17:48:52    -5366.642578        0.275702
FIRE2:    3 17:48:52    -5366.724609        0.271889
FIRE2:    4 17:48:53    -5366.782227        0.267101
FIRE2:    5 17:48:53    -5366.810547        0.261955
FIRE2:    6 17:48:54    -5366.830078        0.257814
FIRE2:    7 17:48:54    -5366.860352        0.255124
FIRE2:    8 17:48:55    -5366.899414        0.253701
FIRE2:    9 17:48:56    -5366.940918        0.253157
FIRE2:   10 17:48:56    -5366.978516        0.252928
FIRE2:   11 17:48:57    -5367.013672        0.252363
FIRE2:   12 17:48:57    -5367.049805        0.251120
FIRE2:   13 17:48:58    -5367.089844        0.249187
FIRE2:   14 17:48:58    -5367.130859        0.246761
FIRE2:   15 17:48:59    -5367.171875        0.244195
FIRE2:   16 17:49:00    -5367.213867        0.241823
FIRE2:   17 17:49:00    -5367.257812        0.239743
FIRE2:   18 17:49:01    -5367.302734        0.237809
FIRE2:   19 17:49:01    -5367.348633        0.235784
FIRE2:   20 17:49:02    -5367.395508        0.233515
FIRE2:   21 17:49:02    -5367.443359        0.231021
FIRE2:   22 17:49:03    -5367.497070        0.228148
FIRE2:   23 17:49:03    -5367.557617        0.224992
FIRE2:   24 17:49:04    -5367.625977        0.221524
FIRE2:   25 17:49:04    -5367.703125        0.217544
FIRE2:   26 17:49:05    -5367.782227        0.213225
FIRE2:   27 17:49:05    -5367.859375        0.208930
FIRE2:   28 17:49:06    -5367.933594        0.204743
FIRE2:   29 17:49:06    -5368.006836        0.200613
FIRE2:   30 17:49:07    -5368.078125        0.196481
FIRE2:   31 17:49:07    -5368.146484        0.192364
FIRE2:   32 17:49:08    -5368.213867        0.188295
FIRE2:   33 17:49:09    -5368.279297        0.184272
FIRE2:   34 17:49:09    -5368.342773        0.180263
FIRE2:   35 17:49:10    -5368.403320        0.176256
FIRE2:   36 17:49:10    -5368.463867        0.172266
FIRE2:   37 17:49:11    -5368.521484        0.168297
FIRE2:   38 17:49:11    -5368.577148        0.164327
FIRE2:   39 17:49:12    -5368.630859        0.160349
FIRE2:   40 17:49:12    -5368.683594        0.156376
FIRE2:   41 17:49:13    -5368.733398        0.152399
FIRE2:   42 17:49:13    -5368.782227        0.148406
FIRE2:   43 17:49:14    -5368.829102        0.144404
FIRE2:   44 17:49:14    -5368.874023        0.140386
FIRE2:   45 17:49:15    -5368.917969        0.136342
FIRE2:   46 17:49:15    -5368.958984        0.132279
FIRE2:   47 17:49:16    -5369.000000        0.128195
FIRE2:   48 17:49:16    -5369.038086        0.124107
FIRE2:   49 17:49:17    -5369.075195        0.120014
FIRE2:   50 17:49:17    -5369.110352        0.115907
FIRE2:   51 17:49:18    -5369.143555        0.111792
FIRE2:   52 17:49:18    -5369.175781        0.107682
FIRE2:   53 17:49:19    -5369.207031        0.103578
FIRE2:   54 17:49:20    -5369.235352        0.099473
FIRE2:   55 17:49:20    -5369.263672        0.095383
FIRE2:   56 17:49:21    -5369.290039        0.091316
FIRE2:   57 17:49:21    -5369.315430        0.087259
FIRE2:   58 17:49:22    -5369.339355        0.083244
FIRE2:   59 17:49:22    -5369.362305        0.079246
FIRE2:   60 17:49:23    -5369.383789        0.075315
FIRE2:   61 17:49:24    -5369.404297        0.071382
FIRE2:   62 17:49:24    -5369.422852        0.067625
FIRE2:   63 17:49:25    -5369.441406        0.063657
FIRE2:   64 17:49:25    -5369.458984        0.060142
FIRE2:   65 17:49:26    -5369.475586        0.056296
FIRE2:   66 17:49:26    -5369.491211        0.052816
FIRE2:   67 17:49:27    -5369.504883        0.049074
FIRE2:   68 17:49:27    -5369.519531        0.045844
FIRE2:   69 17:49:28    -5369.532227        0.042234
FIRE2:   70 17:49:28    -5369.544922        0.039198
FIRE2:   71 17:49:29    -5369.556641        0.035666
FIRE2:   72 17:49:29    -5369.567383        0.032812
FIRE2:   73 17:49:30    -5369.578125        0.029580
FIRE2:   74 17:49:30    -5369.587891        0.026890
FIRE2:   75 17:49:31    -5369.596680        0.023842
FIRE2:   76 17:49:32    -5369.604492        0.021335
FIRE2:   77 17:49:32    -5369.612305        0.018454
FIRE2:   78 17:49:33    -5369.619141        0.017054
FIRE2:   79 17:49:33    -5369.625977        0.015769
FIRE2:   80 17:49:34    -5369.630859        0.020127
FIRE2:   81 17:49:34    -5369.635742        0.020614
FIRE2:   82 17:49:35    -5369.564453        0.132900
FIRE2:   83 17:49:36    -5369.626953        0.015538
FIRE2:   84 17:49:37    -5369.609375        0.075216
FIRE2:   85 17:49:38    -5369.622070        0.042417
FIRE2:   86 17:49:38    -5369.626953        0.021933
FIRE2:   87 17:49:39    -5369.627930        0.015327
FIRE2:   88 17:49:40    -5369.627930        0.015321
FIRE2:   89 17:49:40    -5369.627930        0.015317
FIRE2:   90 17:49:41    -5369.627930        0.015309
FIRE2:   91 17:49:41    -5369.627930        0.015298
FIRE2:   92 17:49:42    -5369.627930        0.015284
FIRE2:   93 17:49:42    -5369.627930        0.015269
FIRE2:   94 17:49:43    -5369.627930        0.015251
FIRE2:   95 17:49:43    -5369.627930        0.015228
FIRE2:   96 17:49:44    -5369.628906        0.015204
FIRE2:   97 17:49:44    -5369.628906        0.015176
FIRE2:   98 17:49:45    -5369.628906        0.015145
FIRE2:   99 17:49:45    -5369.628906        0.015112
FIRE2:  100 17:49:46    -5369.628906        0.015076
FIRE2:  101 17:49:47    -5369.628906        0.015038
FIRE2:  102 17:49:47    -5369.628906        0.014996
FIRE2:  103 17:49:48    -5369.628906        0.014955
FIRE2:  104 17:49:48    -5369.628906        0.014909
FIRE2:  105 17:49:49    -5369.628906        0.014860
FIRE2:  106 17:49:49    -5369.628906        0.014810
FIRE2:  107 17:49:50    -5369.628906        0.014757
FIRE2:  108 17:49:50    -5369.628906        0.014701
FIRE2:  109 17:49:51    -5369.628906        0.014637
FIRE2:  110 17:49:51    -5369.628906        0.014562
FIRE2:  111 17:49:52    -5369.629883        0.014477
FIRE2:  112 17:49:52    -5369.629883        0.014376
FIRE2:  113 17:49:53    -5369.629883        0.014260
FIRE2:  114 17:49:53    -5369.629883        0.014124
FIRE2:  115 17:49:54    -5369.629883        0.013967
FIRE2:  116 17:49:54    -5369.630859        0.013784
FIRE2:  117 17:49:55    -5369.630859        0.013570
FIRE2:  118 17:49:55    -5369.631348        0.013319
FIRE2:  119 17:49:56    -5369.631836        0.013091
FIRE2:  120 17:49:56    -5369.632812        0.013055
FIRE2:  121 17:49:57    -5369.632812        0.013006
FIRE2:  122 17:49:58    -5369.633789        0.012946
FIRE2:  123 17:49:58    -5369.634766        0.012866
FIRE2:  124 17:49:59    -5369.635742        0.012761
FIRE2:  125 17:49:59    -5369.636719        0.012624
FIRE2:  126 17:50:00    -5369.637695        0.012436
FIRE2:  127 17:50:00    -5369.638672        0.012216
FIRE2:  128 17:50:01    -5369.639648        0.011820
FIRE2:  129 17:50:02    -5369.640625        0.011948
FIRE2:  130 17:50:02    -5369.640625        0.011977
FIRE2:  131 17:50:03    -5369.640625        0.011966
FIRE2:  132 17:50:04    -5369.639648        0.011958
FIRE2:  133 17:50:04    -5369.640625        0.011951
FIRE2:  134 17:50:05    -5369.640625        0.011938
FIRE2:  135 17:50:06    -5369.640625        0.011927
FIRE2:  136 17:50:06    -5369.640625        0.011914
FIRE2:  137 17:50:07    -5369.640625        0.011903
FIRE2:  138 17:50:07    -5369.640625        0.011890
FIRE2:  139 17:50:08    -5369.640625        0.011876
FIRE2:  140 17:50:08    -5369.640625        0.011857
FIRE2:  141 17:50:09    -5369.640625        0.011837
FIRE2:  142 17:50:09    -5369.640625        0.011811
FIRE2:  143 17:50:10    -5369.640625        0.011788
FIRE2:  144 17:50:10    -5369.640625        0.011762
FIRE2:  145 17:50:11    -5369.640625        0.011732
FIRE2:  146 17:50:11    -5369.640625        0.011705
FIRE2:  147 17:50:12    -5369.640625        0.011673
FIRE2:  148 17:50:12    -5369.640625        0.011640
FIRE2:  149 17:50:13    -5369.641602        0.011603
FIRE2:  150 17:50:13    -5369.641602        0.011565
FIRE2:  151 17:50:14    -5369.641602        0.011526
FIRE2:  152 17:50:14    -5369.641602        0.011479
FIRE2:  153 17:50:15    -5369.641602        0.011425
FIRE2:  154 17:50:16    -5369.641602        0.011362
FIRE2:  155 17:50:16    -5369.641602        0.011288
FIRE2:  156 17:50:17    -5369.642578        0.011203
FIRE2:  157 17:50:17    -5369.642578        0.011100
FIRE2:  158 17:50:18    -5369.642578        0.010980
FIRE2:  159 17:50:18    -5369.642578        0.010838
FIRE2:  160 17:50:19    -5369.643555        0.010671
FIRE2:  161 17:50:19    -5369.643555        0.010469
FIRE2:  162 17:50:20    -5369.644531        0.010230
FIRE2:  163 17:50:20    -5369.644531        0.009949
FIRE2:  164 17:50:21    -5369.645508        0.009577
FIRE2:  165 17:50:21    -5369.645508        0.009345
FIRE2:  166 17:50:22    -5369.645508        0.009370
FIRE2:  167 17:50:23    -5369.645508        0.009314
FIRE2:  168 17:50:24    -5369.645508        0.009328
FIRE2:  169 17:50:24    -5369.645508        0.009327
FIRE2:  170 17:50:25    -5369.645508        0.009322
FIRE2:  171 17:50:25    -5369.645508        0.009318
FIRE2:  172 17:50:26    -5369.645508        0.009312
FIRE2:  173 17:50:26    -5369.645508        0.009301
FIRE2:  174 17:50:27    -5369.645508        0.009291
FIRE2:  175 17:50:27    -5369.645508        0.009277
FIRE2:  176 17:50:28    -5369.645508        0.009260
FIRE2:  177 17:50:28    -5369.645508        0.009243
FIRE2:  178 17:50:29    -5369.645508        0.009225
FIRE2:  179 17:50:29    -5369.645508        0.009205
FIRE2:  180 17:50:30    -5369.646484        0.009184
FIRE2:  181 17:50:30    -5369.645508        0.009163
FIRE2:  182 17:50:31    -5369.646484        0.009139
FIRE2:  183 17:50:32    -5369.645508        0.009111
FIRE2:  184 17:50:32    -5369.646484        0.009083
FIRE2:  185 17:50:33    -5369.646484        0.009053
FIRE2:  186 17:50:33    -5369.646484        0.009022
FIRE2:  187 17:50:34    -5369.646484        0.008990
FIRE2:  188 17:50:34    -5369.646484        0.008957
FIRE2:  189 17:50:35    -5369.646484        0.008917
FIRE2:  190 17:50:35    -5369.646484        0.008870
FIRE2:  191 17:50:36    -5369.646484        0.008816
FIRE2:  192 17:50:36    -5369.646484        0.008756
FIRE2:  193 17:50:37    -5369.646484        0.008681
FIRE2:  194 17:50:37    -5369.646484        0.008595
FIRE2:  195 17:50:38    -5369.646484        0.008497
FIRE2:  196 17:50:38    -5369.646484        0.008379
FIRE2:  197 17:50:39    -5369.647461        0.008240
FIRE2:  198 17:50:39    -5369.647461        0.008078
FIRE2:  199 17:50:40    -5369.647461        0.007886
FIRE2:  200 17:50:40    -5369.647461        0.007664
FIRE2:  201 17:50:41    -5369.648438        0.007387
FIRE2:  202 17:50:41    -5369.648438        0.007139
FIRE2:  203 17:50:42    -5369.648438        0.006758
FIRE2:  204 17:50:43    -5369.648438        0.006867
FIRE2:  205 17:50:43    -5369.648438        0.006882
FIRE2:  206 17:50:44    -5369.648438        0.006876
FIRE2:  207 17:50:45    -5369.648438        0.006871
FIRE2:  208 17:50:45    -5369.648438        0.006865
FIRE2:  209 17:50:46    -5369.648438        0.006856
FIRE2:  210 17:50:46    -5369.648438        0.006848
FIRE2:  211 17:50:47    -5369.648438        0.006839
FIRE2:  212 17:50:47    -5369.648438        0.006829
FIRE2:  213 17:50:48    -5369.648438        0.006817
FIRE2:  214 17:50:48    -5369.648438        0.006808
FIRE2:  215 17:50:49    -5369.648438        0.006792
FIRE2:  216 17:50:49    -5369.648438        0.006778
FIRE2:  217 17:50:50    -5369.648438        0.006759
FIRE2:  218 17:50:50    -5369.648438        0.006740
FIRE2:  219 17:50:51    -5369.648438        0.006720
FIRE2:  220 17:50:51    -5369.648438        0.006699
FIRE2:  221 17:50:52    -5369.648438        0.006677
FIRE2:  222 17:50:52    -5369.648438        0.006653
FIRE2:  223 17:50:53    -5369.649414        0.006628
FIRE2:  224 17:50:53    -5369.649414        0.006601
FIRE2:  225 17:50:54    -5369.648438        0.006571
FIRE2:  226 17:50:54    -5369.649414        0.006543
FIRE2:  227 17:50:55    -5369.648438        0.006509
FIRE2:  228 17:50:55    -5369.648438        0.006469
FIRE2:  229 17:50:56    -5369.649414        0.006422
FIRE2:  230 17:50:57    -5369.649414        0.006371
FIRE2:  231 17:50:57    -5369.649414        0.006307
FIRE2:  232 17:50:58    -5369.649414        0.006234
FIRE2:  233 17:50:58    -5369.649414        0.006150
FIRE2:  234 17:50:59    -5369.649414        0.006051
FIRE2:  235 17:50:59    -5369.649414        0.005933
FIRE2:  236 17:51:00    -5369.649414        0.005798
FIRE2:  237 17:51:00    -5369.649414        0.005637
FIRE2:  238 17:51:01    -5369.649414        0.005446
FIRE2:  239 17:51:01    -5369.649414        0.005238
FIRE2:  240 17:51:02    -5369.650391        0.004979
FIRE2:  241 17:51:03    -5369.650391        0.005049
FIRE2:  242 17:51:03    -5369.650391        0.005054
FIRE2:  243 17:51:04    -5369.650391        0.005051
FIRE2:  244 17:51:04    -5369.650391        0.005049
FIRE2:  245 17:51:05    -5369.650391        0.005044
FIRE2:  246 17:51:06    -5369.650391        0.005041
FIRE2:  247 17:51:06    -5369.650391        0.005035
FIRE2:  248 17:51:07    -5369.650391        0.005028
FIRE2:  249 17:51:07    -5369.650391        0.005023
FIRE2:  250 17:51:08    -5369.650391        0.005014
FIRE2:  251 17:51:08    -5369.650391        0.005006
FIRE2:  252 17:51:09    -5369.649414        0.004997
FIRE2:  253 17:51:09    -5369.650391        0.004986
FIRE2:  254 17:51:10    -5369.650391        0.004973
FIRE2:  255 17:51:10    -5369.650391        0.004962
FIRE2:  256 17:51:11    -5369.650391        0.004949
FIRE2:  257 17:51:11    -5369.650391        0.004934
FIRE2:  258 17:51:12    -5369.650391        0.004919
FIRE2:  259 17:51:12    -5369.650391        0.004904
FIRE2:  260 17:51:13    -5369.650391        0.004885
FIRE2:  261 17:51:13    -5369.650391        0.004867
FIRE2:  262 17:51:14    -5369.650391        0.004849
FIRE2:  263 17:51:14    -5369.650391        0.004828
FIRE2:  264 17:51:15    -5369.650391        0.004804
FIRE2:  265 17:51:16    -5369.650391        0.004778
FIRE2:  266 17:51:16    -5369.650391        0.004745
FIRE2:  267 17:51:17    -5369.650391        0.004710
FIRE2:  268 17:51:17    -5369.650391        0.004669
FIRE2:  269 17:51:18    -5369.650391        0.004618
FIRE2:  270 17:51:18    -5369.650391        0.004561
FIRE2:  271 17:51:19    -5369.650391        0.004494
FIRE2:  272 17:51:19    -5369.650391        0.004415
FIRE2:  273 17:51:20    -5369.650391        0.004322
FIRE2:  274 17:51:20    -5369.650391        0.004213
FIRE2:  275 17:51:21    -5369.650391        0.004087
FIRE2:  276 17:51:21    -5369.650391        0.003931
FIRE2:  277 17:51:22    -5369.651367        0.003791
FIRE2:  278 17:51:22    -5369.650391        0.003599
FIRE2:  279 17:51:23    -5369.650391        0.003651
FIRE2:  280 17:51:24    -5369.650391        0.003651
FIRE2:  281 17:51:25    -5369.650391        0.003649
FIRE2:  282 17:51:25    -5369.650391        0.003648
FIRE2:  283 17:51:26    -5369.650391        0.003645
FIRE2:  284 17:51:26    -5369.650391        0.003640
FIRE2:  285 17:51:27    -5369.650391        0.003636
FIRE2:  286 17:51:27    -5369.650391        0.003632
FIRE2:  287 17:51:28    -5369.650879        0.003628
FIRE2:  288 17:51:28    -5369.650879        0.003622
FIRE2:  289 17:51:29    -5369.650391        0.003615
FIRE2:  290 17:51:29    -5369.651367        0.003608
FIRE2:  291 17:51:30    -5369.651367        0.003599
FIRE2:  292 17:51:30    -5369.651367        0.003589
FIRE2:  293 17:51:31    -5369.651367        0.003578
FIRE2:  294 17:51:31    -5369.650391        0.003566
FIRE2:  295 17:51:32    -5369.650391        0.003556
FIRE2:  296 17:51:32    -5369.650879        0.003545
FIRE2:  297 17:51:33    -5369.650391        0.003531
FIRE2:  298 17:51:34    -5369.650391        0.003516
FIRE2:  299 17:51:34    -5369.651367        0.003502
FIRE2:  300 17:51:35    -5369.651367        0.003488
FIRE2:  301 17:51:35    -5369.651367        0.003473
FIRE2:  302 17:51:36    -5369.650879        0.003453
FIRE2:  303 17:51:36    -5369.651367        0.003432
FIRE2:  304 17:51:37    -5369.651367        0.003408
FIRE2:  305 17:51:37    -5369.650391        0.003377
FIRE2:  306 17:51:38    -5369.650391        0.003344
FIRE2:  307 17:51:39    -5369.651367        0.003305
FIRE2:  308 17:51:39    -5369.650391        0.003258
FIRE2:  309 17:51:40    -5369.651367        0.003206
FIRE2:  310 17:51:40    -5369.651367        0.003143
FIRE2:  311 17:51:41    -5369.651367        0.003070
FIRE2:  312 17:51:41    -5369.651367        0.002983
FIRE2:  313 17:51:42    -5369.651367        0.002885
FIRE2:  314 17:51:43    -5369.651367        0.002761
FIRE2:  315 17:51:43    -5369.651367        0.002673
FIRE2:  316 17:51:44    -5369.651367        0.002687
FIRE2:  317 17:51:45    -5369.651367        0.002672
FIRE2:  318 17:51:45    -5369.651367        0.002676
FIRE2:  319 17:51:46    -5369.651367        0.002675
FIRE2:  320 17:51:46    -5369.651367        0.002673
FIRE2:  321 17:51:47    -5369.651367        0.002671
FIRE2:  322 17:51:48    -5369.651367        0.002670
FIRE2:  323 17:51:48    -5369.651367        0.002667
FIRE2:  324 17:51:49    -5369.651367        0.002664
FIRE2:  325 17:51:49    -5369.651367        0.002660
FIRE2:  326 17:51:50    -5369.651367        0.002653
FIRE2:  327 17:51:50    -5369.651367        0.002651
FIRE2:  328 17:51:51    -5369.651367        0.002642
FIRE2:  329 17:51:51    -5369.651367        0.002637
FIRE2:  330 17:51:52    -5369.651367        0.002631
FIRE2:  331 17:51:52    -5369.651367        0.002624
FIRE2:  332 17:51:53    -5369.651367        0.002616
FIRE2:  333 17:51:53    -5369.651367        0.002607
FIRE2:  334 17:51:54    -5369.651367        0.002600
FIRE2:  335 17:51:54    -5369.651367        0.002591
FIRE2:  336 17:51:55    -5369.651367        0.002580
FIRE2:  337 17:51:55    -5369.651367        0.002570
FIRE2:  338 17:51:56    -5369.651367        0.002560
FIRE2:  339 17:51:56    -5369.651367        0.002547
FIRE2:  340 17:51:57    -5369.651367        0.002534
FIRE2:  341 17:51:57    -5369.651367        0.002516
FIRE2:  342 17:51:58    -5369.651367        0.002498
FIRE2:  343 17:51:58    -5369.651367        0.002476
FIRE2:  344 17:51:59    -5369.651367        0.002448
FIRE2:  345 17:51:59    -5369.651367        0.002417
FIRE2:  346 17:52:00    -5369.651367        0.002383
FIRE2:  347 17:52:00    -5369.651367        0.002340
FIRE2:  348 17:52:01    -5369.651367        0.002292
FIRE2:  349 17:52:01    -5369.651367        0.002235
FIRE2:  350 17:52:02    -5369.651367        0.002167
FIRE2:  351 17:52:03    -5369.651367        0.002088
FIRE2:  352 17:52:03    -5369.651367        0.002008
FIRE2:  353 17:52:04    -5369.651367        0.001903
FIRE2:  354 17:52:04    -5369.651367        0.001933
FIRE2:  355 17:52:05    -5369.651367        0.001937
FIRE2:  356 17:52:06    -5369.651367        0.001934
FIRE2:  357 17:52:06    -5369.651367        0.001933
FIRE2:  358 17:52:07    -5369.651367        0.001931
FIRE2:  359 17:52:08    -5369.651367        0.001931
FIRE2:  360 17:52:08    -5369.651367        0.001927
FIRE2:  361 17:52:09    -5369.651367        0.001924
FIRE2:  362 17:52:09    -5369.651367        0.001923
FIRE2:  363 17:52:10    -5369.651367        0.001919
FIRE2:  364 17:52:10    -5369.651367        0.001915
FIRE2:  365 17:52:11    -5369.651367        0.001910
FIRE2:  366 17:52:11    -5369.651367        0.001907
FIRE2:  367 17:52:12    -5369.651367        0.001901
FIRE2:  368 17:52:13    -5369.651367        0.001897
FIRE2:  369 17:52:13    -5369.651367        0.001890
FIRE2:  370 17:52:14    -5369.651367        0.001885
FIRE2:  371 17:52:14    -5369.651367        0.001877
FIRE2:  372 17:52:15    -5369.651367        0.001872
FIRE2:  373 17:52:15    -5369.651367        0.001864
FIRE2:  374 17:52:16    -5369.651367        0.001857
FIRE2:  375 17:52:16    -5369.651367        0.001848
FIRE2:  376 17:52:17    -5369.651367        0.001841
FIRE2:  377 17:52:18    -5369.651367        0.001830
FIRE2:  378 17:52:18    -5369.651367        0.001820
FIRE2:  379 17:52:19    -5369.651367        0.001808
FIRE2:  380 17:52:19    -5369.651367        0.001790
FIRE2:  381 17:52:20    -5369.651367        0.001775
FIRE2:  382 17:52:20    -5369.651367        0.001752
FIRE2:  383 17:52:21    -5369.651367        0.001729
FIRE2:  384 17:52:22    -5369.651367        0.001700
FIRE2:  385 17:52:22    -5369.651367        0.001668
FIRE2:  386 17:52:23    -5369.651367        0.001629
FIRE2:  387 17:52:23    -5369.651367        0.001586
FIRE2:  388 17:52:24    -5369.651367        0.001528
FIRE2:  389 17:52:24    -5369.651367        0.001484
FIRE2:  390 17:52:25    -5369.651367        0.001405
FIRE2:  391 17:52:26    -5369.651367        0.001428
FIRE2:  392 17:52:26    -5369.651367        0.001430
FIRE2:  393 17:52:27    -5369.651367        0.001428
FIRE2:  394 17:52:27    -5369.651367        0.001429
FIRE2:  395 17:52:28    -5369.651367        0.001427
FIRE2:  396 17:52:29    -5369.651367        0.001426
FIRE2:  397 17:52:29    -5369.651367        0.001425
FIRE2:  398 17:52:30    -5369.651367        0.001423
FIRE2:  399 17:52:30    -5369.651367        0.001422
FIRE2:  400 17:52:31    -5369.651367        0.001420
FIRE2:  401 17:52:31    -5369.651367        0.001417
FIRE2:  402 17:52:32    -5369.651367        0.001414
FIRE2:  403 17:52:32    -5369.651367        0.001411
FIRE2:  404 17:52:33    -5369.651367        0.001408
FIRE2:  405 17:52:33    -5369.651367        0.001405
FIRE2:  406 17:52:34    -5369.651367        0.001401
FIRE2:  407 17:52:34    -5369.651367        0.001396
FIRE2:  408 17:52:35    -5369.651367        0.001391
FIRE2:  409 17:52:35    -5369.651367        0.001387
FIRE2:  410 17:52:36    -5369.651367        0.001382
FIRE2:  411 17:52:36    -5369.651367        0.001379
FIRE2:  412 17:52:38    -5369.651367        0.001373
FIRE2:  413 17:52:39    -5369.651367        0.001366
FIRE2:  414 17:52:40    -5369.651367        0.001360
FIRE2:  415 17:52:40    -5369.651367        0.001353
FIRE2:  416 17:52:41    -5369.651367        0.001344
FIRE2:  417 17:52:41    -5369.651367        0.001335
FIRE2:  418 17:52:42    -5369.651367        0.001322
FIRE2:  419 17:52:42    -5369.651367        0.001310
FIRE2:  420 17:52:43    -5369.651367        0.001292
FIRE2:  421 17:52:43    -5369.651367        0.001274
FIRE2:  422 17:52:44    -5369.651367        0.001251
FIRE2:  423 17:52:44    -5369.651367        0.001227
FIRE2:  424 17:52:45    -5369.651367        0.001194
FIRE2:  425 17:52:46    -5369.651367        0.001161
FIRE2:  426 17:52:46    -5369.651367        0.001117
FIRE2:  427 17:52:47    -5369.651367        0.001085
FIRE2:  428 17:52:47    -5369.651367        0.001093
FIRE2:  429 17:52:48    -5369.651367        0.001086
FIRE2:  430 17:52:48    -5369.651367        0.001083
FIRE2:  431 17:52:49    -5369.651367        0.001080
FIRE2:  432 17:52:50    -5369.651367        0.001077
FIRE2:  433 17:52:50    -5369.651367        0.001076
FIRE2:  434 17:52:51    -5369.651367        0.001069
FIRE2:  435 17:52:51    -5369.651367        0.001065
FIRE2:  436 17:52:52    -5369.651367        0.001057
FIRE2:  437 17:52:52    -5369.651367        0.001051
FIRE2:  438 17:52:53    -5369.651367        0.001047
FIRE2:  439 17:52:53    -5369.651367        0.001036
FIRE2:  440 17:52:54    -5369.651367        0.001029
FIRE2:  441 17:52:54    -5369.651367        0.001020
FIRE2:  442 17:52:55    -5369.651367        0.001010
FIRE2:  443 17:52:55    -5369.651367        0.001001
FIRE2:  444 17:52:56    -5369.651367        0.000990
