       Step     Time          Energy          fmax
FIRE2:    0 17:53:05    -5352.068359        0.271719
FIRE2:    1 17:53:06    -5352.076172        0.271287
FIRE2:    2 17:53:07    -5352.091797        0.270441
FIRE2:    3 17:53:07    -5352.113281        0.269211
FIRE2:    4 17:53:08    -5352.139648        0.267648
FIRE2:    5 17:53:08    -5352.170898        0.265816
FIRE2:    6 17:53:09    -5352.205078        0.263794
FIRE2:    7 17:53:10    -5352.241211        0.261652
FIRE2:    8 17:53:11    -5352.280273        0.259455
FIRE2:    9 17:53:11    -5352.321289        0.257241
FIRE2:   10 17:53:12    -5352.365234        0.255025
FIRE2:   11 17:53:12    -5352.410156        0.252808
FIRE2:   12 17:53:13    -5352.458008        0.250572
FIRE2:   13 17:53:14    -5352.507812        0.248296
FIRE2:   14 17:53:14    -5352.558594        0.245957
FIRE2:   15 17:53:15    -5352.611328        0.243535
FIRE2:   16 17:53:15    -5352.665039        0.241008
FIRE2:   17 17:53:16    -5352.720703        0.238366
FIRE2:   18 17:53:16    -5352.776367        0.235611
FIRE2:   19 17:53:17    -5352.833984        0.232756
FIRE2:   20 17:53:18    -5352.891602        0.229823
FIRE2:   21 17:53:18    -5352.950195        0.226814
FIRE2:   22 17:53:19    -5353.015625        0.223414
FIRE2:   23 17:53:19    -5353.087891        0.219551
FIRE2:   24 17:53:20    -5353.167969        0.215154
FIRE2:   25 17:53:20    -5353.249023        0.210573
FIRE2:   26 17:53:21    -5353.328125        0.206034
FIRE2:   27 17:53:22    -5353.403320        0.201525
FIRE2:   28 17:53:22    -5353.476562        0.197045
FIRE2:   29 17:53:23    -5353.546875        0.192589
FIRE2:   30 17:53:23    -5353.614258        0.188147
FIRE2:   31 17:53:24    -5353.678711        0.183701
FIRE2:   32 17:53:24    -5353.740234        0.179246
FIRE2:   33 17:53:25    -5353.798828        0.174790
FIRE2:   34 17:53:26    -5353.854492        0.170331
FIRE2:   35 17:53:26    -5353.908203        0.165854
FIRE2:   36 17:53:27    -5353.958984        0.161334
FIRE2:   37 17:53:27    -5354.006836        0.156750
FIRE2:   38 17:53:28    -5354.051758        0.152101
FIRE2:   39 17:53:29    -5354.094727        0.147402
FIRE2:   40 17:53:29    -5354.135742        0.142668
FIRE2:   41 17:53:30    -5354.173828        0.137907
FIRE2:   42 17:53:30    -5354.208984        0.133116
FIRE2:   43 17:53:31    -5354.243164        0.128310
FIRE2:   44 17:53:31    -5354.274414        0.123494
FIRE2:   45 17:53:32    -5354.304688        0.118684
FIRE2:   46 17:53:33    -5354.332031        0.113886
FIRE2:   47 17:53:33    -5354.358398        0.109139
FIRE2:   48 17:53:34    -5354.382812        0.104391
FIRE2:   49 17:53:34    -5354.404297        0.099837
FIRE2:   50 17:53:35    -5354.426758        0.095147
FIRE2:   51 17:53:35    -5354.448242        0.090707
FIRE2:   52 17:53:36    -5354.467773        0.086194
FIRE2:   53 17:53:37    -5354.485352        0.081976
FIRE2:   54 17:53:37    -5354.503906        0.077662
FIRE2:   55 17:53:38    -5354.521484        0.073655
FIRE2:   56 17:53:38    -5354.538086        0.069623
FIRE2:   57 17:53:39    -5354.553711        0.065931
FIRE2:   58 17:53:39    -5354.569336        0.062187
FIRE2:   59 17:53:40    -5354.584961        0.058783
FIRE2:   60 17:53:41    -5354.598633        0.055372
FIRE2:   61 17:53:41    -5354.612305        0.052337
FIRE2:   62 17:53:42    -5354.625977        0.049210
FIRE2:   63 17:53:42    -5354.638672        0.046463
FIRE2:   64 17:53:43    -5354.650391        0.043607
FIRE2:   65 17:53:43    -5354.661133        0.041165
FIRE2:   66 17:53:44    -5354.559570        0.099552
FIRE2:   67 17:53:45    -5354.648438        0.044876
FIRE2:   68 17:53:46    -5354.621094        0.058932
FIRE2:   69 17:53:47    -5354.640625        0.044620
FIRE2:   70 17:53:48    -5354.647461        0.044691
FIRE2:   71 17:53:48    -5354.649414        0.044748
FIRE2:   72 17:53:49    -5354.649414        0.044734
FIRE2:   73 17:53:50    -5354.649414        0.044730
FIRE2:   74 17:53:50    -5354.650391        0.044726
FIRE2:   75 17:53:51    -5354.650391        0.044719
FIRE2:   76 17:53:51    -5354.650391        0.044710
FIRE2:   77 17:53:52    -5354.650391        0.044700
FIRE2:   78 17:53:53    -5354.650391        0.044689
FIRE2:   79 17:53:53    -5354.650391        0.044674
FIRE2:   80 17:53:54    -5354.650391        0.044660
FIRE2:   81 17:53:54    -5354.650391        0.044641
FIRE2:   82 17:53:55    -5354.651367        0.044624
FIRE2:   83 17:53:55    -5354.651367        0.044601
FIRE2:   84 17:53:56    -5354.651367        0.044578
FIRE2:   85 17:53:57    -5354.651367        0.044554
FIRE2:   86 17:53:57    -5354.652344        0.044528
FIRE2:   87 17:53:58    -5354.652344        0.044499
FIRE2:   88 17:53:58    -5354.652344        0.044468
FIRE2:   89 17:53:59    -5354.652344        0.044437
FIRE2:   90 17:54:00    -5354.652344        0.044402
FIRE2:   91 17:54:00    -5354.653320        0.044366
FIRE2:   92 17:54:01    -5354.653320        0.044327
FIRE2:   93 17:54:01    -5354.654297        0.044282
FIRE2:   94 17:54:02    -5354.654297        0.044231
FIRE2:   95 17:54:02    -5354.655273        0.044170
FIRE2:   96 17:54:03    -5354.655273        0.044097
FIRE2:   97 17:54:03    -5354.656250        0.044014
FIRE2:   98 17:54:04    -5354.657227        0.043914
FIRE2:   99 17:54:05    -5354.658203        0.043797
FIRE2:  100 17:54:05    -5354.659180        0.043655
FIRE2:  101 17:54:06    -5354.660156        0.043491
FIRE2:  102 17:54:07    -5354.662109        0.043291
FIRE2:  103 17:54:07    -5354.664062        0.043050
FIRE2:  104 17:54:08    -5354.666016        0.042763
FIRE2:  105 17:54:08    -5354.667969        0.042414
FIRE2:  106 17:54:09    -5354.670898        0.041989
FIRE2:  107 17:54:09    -5354.673828        0.041473
FIRE2:  108 17:54:10    -5354.677734        0.040841
FIRE2:  109 17:54:11    -5354.681641        0.040064
FIRE2:  110 17:54:11    -5354.686523        0.039108
FIRE2:  111 17:54:12    -5354.691406        0.037930
FIRE2:  112 17:54:12    -5354.696289        0.036496
FIRE2:  113 17:54:13    -5354.693359        0.041020
FIRE2:  114 17:54:14    -5354.701172        0.035432
FIRE2:  115 17:54:14    -5354.700195        0.035285
FIRE2:  116 17:54:15    -5354.701172        0.035322
FIRE2:  117 17:54:16    -5354.702148        0.035316
FIRE2:  118 17:54:17    -5354.702148        0.035301
FIRE2:  119 17:54:17    -5354.702148        0.035262
FIRE2:  120 17:54:18    -5354.702148        0.035270
FIRE2:  121 17:54:19    -5354.702148        0.035264
FIRE2:  122 17:54:19    -5354.702148        0.035256
FIRE2:  123 17:54:20    -5354.702148        0.035247
FIRE2:  124 17:54:20    -5354.702148        0.035236
FIRE2:  125 17:54:21    -5354.702148        0.035221
FIRE2:  126 17:54:22    -5354.702148        0.035203
FIRE2:  127 17:54:22    -5354.702148        0.035185
FIRE2:  128 17:54:23    -5354.702148        0.035165
FIRE2:  129 17:54:23    -5354.702148        0.035141
FIRE2:  130 17:54:24    -5354.702148        0.035119
FIRE2:  131 17:54:24    -5354.703125        0.035092
FIRE2:  132 17:54:25    -5354.703125        0.035064
FIRE2:  133 17:54:25    -5354.703125        0.035034
FIRE2:  134 17:54:26    -5354.703125        0.035001
FIRE2:  135 17:54:27    -5354.703125        0.034966
FIRE2:  136 17:54:27    -5354.703125        0.034931
FIRE2:  137 17:54:28    -5354.703125        0.034893
FIRE2:  138 17:54:28    -5354.703125        0.034852
FIRE2:  139 17:54:29    -5354.703125        0.034806
FIRE2:  140 17:54:29    -5354.704102        0.034763
FIRE2:  141 17:54:30    -5354.704102        0.034711
FIRE2:  142 17:54:31    -5354.704102        0.034650
FIRE2:  143 17:54:31    -5354.704102        0.034579
FIRE2:  144 17:54:32    -5354.704102        0.034497
FIRE2:  145 17:54:32    -5354.705078        0.034403
FIRE2:  146 17:54:33    -5354.705078        0.034291
FIRE2:  147 17:54:33    -5354.705078        0.034162
FIRE2:  148 17:54:34    -5354.706055        0.034010
FIRE2:  149 17:54:35    -5354.706055        0.033830
FIRE2:  150 17:54:35    -5354.707031        0.033619
FIRE2:  151 17:54:36    -5354.708008        0.033373
FIRE2:  152 17:54:36    -5354.708984        0.033080
FIRE2:  153 17:54:37    -5354.708984        0.032734
FIRE2:  154 17:54:37    -5354.710938        0.032326
FIRE2:  155 17:54:38    -5354.711914        0.031841
FIRE2:  156 17:54:39    -5354.712891        0.031268
FIRE2:  157 17:54:39    -5354.714844        0.030588
FIRE2:  158 17:54:40    -5354.716797        0.029780
FIRE2:  159 17:54:40    -5354.719727        0.028827
FIRE2:  160 17:54:41    -5354.721680        0.027728
FIRE2:  161 17:54:41    -5354.722656        0.026580
FIRE2:  162 17:54:42    -5354.724609        0.026857
FIRE2:  163 17:54:43    -5354.724609        0.026812
FIRE2:  164 17:54:44    -5354.724609        0.026818
FIRE2:  165 17:54:44    -5354.724609        0.026805
FIRE2:  166 17:54:45    -5354.724609        0.026785
FIRE2:  167 17:54:45    -5354.724609        0.026758
FIRE2:  168 17:54:46    -5354.724609        0.026726
FIRE2:  169 17:54:47    -5354.724609        0.026691
FIRE2:  170 17:54:48    -5354.724609        0.026650
FIRE2:  171 17:54:48    -5354.724609        0.026606
FIRE2:  172 17:54:49    -5354.724609        0.026555
FIRE2:  173 17:54:50    -5354.725586        0.026500
FIRE2:  174 17:54:50    -5354.725586        0.026438
FIRE2:  175 17:54:51    -5354.725586        0.026370
FIRE2:  176 17:54:51    -5354.725586        0.026298
FIRE2:  177 17:54:52    -5354.725586        0.026220
FIRE2:  178 17:54:53    -5354.725586        0.026138
FIRE2:  179 17:54:53    -5354.726562        0.026050
FIRE2:  180 17:54:54    -5354.726562        0.025957
FIRE2:  181 17:54:55    -5354.726562        0.025857
FIRE2:  182 17:54:55    -5354.726562        0.025753
FIRE2:  183 17:54:56    -5354.727539        0.025644
FIRE2:  184 17:54:57    -5354.727539        0.025528
FIRE2:  185 17:54:57    -5354.727539        0.025396
FIRE2:  186 17:54:58    -5354.727539        0.025241
FIRE2:  187 17:54:58    -5354.728516        0.025064
FIRE2:  188 17:54:59    -5354.728516        0.024856
FIRE2:  189 17:55:00    -5354.729492        0.024613
FIRE2:  190 17:55:00    -5354.729492        0.024331
FIRE2:  191 17:55:01    -5354.730469        0.024000
FIRE2:  192 17:55:01    -5354.731445        0.023615
FIRE2:  193 17:55:02    -5354.732422        0.023162
FIRE2:  194 17:55:02    -5354.733398        0.022634
FIRE2:  195 17:55:03    -5354.734375        0.022012
FIRE2:  196 17:55:04    -5354.735352        0.021347
FIRE2:  197 17:55:04    -5354.736328        0.020639
FIRE2:  198 17:55:05    -5354.736328        0.020810
FIRE2:  199 17:55:06    -5354.736328        0.020789
FIRE2:  200 17:55:06    -5354.736328        0.020749
FIRE2:  201 17:55:07    -5354.736328        0.020696
FIRE2:  202 17:55:08    -5354.736328        0.020634
FIRE2:  203 17:55:08    -5354.737305        0.020558
FIRE2:  204 17:55:09    -5354.737305        0.020479
FIRE2:  205 17:55:09    -5354.737305        0.020392
FIRE2:  206 17:55:10    -5354.737305        0.020291
FIRE2:  207 17:55:11    -5354.737305        0.020178
FIRE2:  208 17:55:11    -5354.738281        0.020052
FIRE2:  209 17:55:12    -5354.738281        0.019919
FIRE2:  210 17:55:12    -5354.738281        0.019776
FIRE2:  211 17:55:13    -5354.738281        0.019619
FIRE2:  212 17:55:14    -5354.739258        0.019450
FIRE2:  213 17:55:14    -5354.739258        0.019271
FIRE2:  214 17:55:15    -5354.739258        0.019081
FIRE2:  215 17:55:15    -5354.740234        0.018877
FIRE2:  216 17:55:16    -5354.740234        0.018665
FIRE2:  217 17:55:17    -5354.740234        0.018442
FIRE2:  218 17:55:17    -5354.741211        0.018205
FIRE2:  219 17:55:18    -5354.741211        0.017933
FIRE2:  220 17:55:18    -5354.741211        0.017616
FIRE2:  221 17:55:19    -5354.742188        0.017253
FIRE2:  222 17:55:19    -5354.743164        0.016826
FIRE2:  223 17:55:20    -5354.743164        0.016386
FIRE2:  224 17:55:21    -5354.744141        0.015910
FIRE2:  225 17:55:21    -5354.745117        0.015484
FIRE2:  226 17:55:22    -5354.745117        0.015001
FIRE2:  227 17:55:22    -5354.745117        0.014557
FIRE2:  228 17:55:24    -5354.746094        0.014648
FIRE2:  229 17:55:24    -5354.746094        0.014608
FIRE2:  230 17:55:25    -5354.746094        0.014615
FIRE2:  231 17:55:26    -5354.746094        0.014610
FIRE2:  232 17:55:26    -5354.746094        0.014602
FIRE2:  233 17:55:27    -5354.746094        0.014590
FIRE2:  234 17:55:28    -5354.746094        0.014573
FIRE2:  235 17:55:28    -5354.746094        0.014554
FIRE2:  236 17:55:29    -5354.746094        0.014530
FIRE2:  237 17:55:29    -5354.746094        0.014503
FIRE2:  238 17:55:30    -5354.746094        0.014473
FIRE2:  239 17:55:31    -5354.746094        0.014442
FIRE2:  240 17:55:31    -5354.746094        0.014407
FIRE2:  241 17:55:32    -5354.746094        0.014370
FIRE2:  242 17:55:32    -5354.746094        0.014329
FIRE2:  243 17:55:33    -5354.746094        0.014285
FIRE2:  244 17:55:34    -5354.746094        0.014237
FIRE2:  245 17:55:34    -5354.746094        0.014186
FIRE2:  246 17:55:35    -5354.746094        0.014133
FIRE2:  247 17:55:35    -5354.746094        0.014077
FIRE2:  248 17:55:36    -5354.746094        0.014017
FIRE2:  249 17:55:37    -5354.747070        0.013954
FIRE2:  250 17:55:37    -5354.747070        0.013889
FIRE2:  251 17:55:38    -5354.747070        0.013814
FIRE2:  252 17:55:38    -5354.747070        0.013725
FIRE2:  253 17:55:39    -5354.747070        0.013625
FIRE2:  254 17:55:39    -5354.747070        0.013506
FIRE2:  255 17:55:40    -5354.747070        0.013368
FIRE2:  256 17:55:41    -5354.747070        0.013208
FIRE2:  257 17:55:41    -5354.748047        0.013020
FIRE2:  258 17:55:42    -5354.748047        0.012799
FIRE2:  259 17:55:42    -5354.748047        0.012543
FIRE2:  260 17:55:43    -5354.748047        0.012242
FIRE2:  261 17:55:44    -5354.749023        0.011892
FIRE2:  262 17:55:44    -5354.749023        0.011483
FIRE2:  263 17:55:45    -5354.749512        0.011090
FIRE2:  264 17:55:46    -5354.750000        0.011180
FIRE2:  265 17:55:46    -5354.750000        0.011158
FIRE2:  266 17:55:47    -5354.750000        0.011162
FIRE2:  267 17:55:48    -5354.750000        0.011159
FIRE2:  268 17:55:49    -5354.750000        0.011153
FIRE2:  269 17:55:49    -5354.749512        0.011145
FIRE2:  270 17:55:50    -5354.750000        0.011138
FIRE2:  271 17:55:50    -5354.750000        0.011125
FIRE2:  272 17:55:51    -5354.750000        0.011112
FIRE2:  273 17:55:52    -5354.750000        0.011099
FIRE2:  274 17:55:52    -5354.750000        0.011082
FIRE2:  275 17:55:53    -5354.750000        0.011065
FIRE2:  276 17:55:53    -5354.750000        0.011044
FIRE2:  277 17:55:54    -5354.750000        0.011023
FIRE2:  278 17:55:55    -5354.750000        0.010999
FIRE2:  279 17:55:55    -5354.750000        0.010974
FIRE2:  280 17:55:56    -5354.750000        0.010947
FIRE2:  281 17:55:56    -5354.750000        0.010918
FIRE2:  282 17:55:57    -5354.750000        0.010888
FIRE2:  283 17:55:57    -5354.750000        0.010855
FIRE2:  284 17:55:58    -5354.750000        0.010821
FIRE2:  285 17:55:59    -5354.750000        0.010785
FIRE2:  286 17:55:59    -5354.750000        0.010747
FIRE2:  287 17:56:00    -5354.750000        0.010704
FIRE2:  288 17:56:00    -5354.750000        0.010653
FIRE2:  289 17:56:01    -5354.750000        0.010596
FIRE2:  290 17:56:02    -5354.750000        0.010526
FIRE2:  291 17:56:03    -5354.750000        0.010448
FIRE2:  292 17:56:03    -5354.750000        0.010355
FIRE2:  293 17:56:04    -5354.750977        0.010246
FIRE2:  294 17:56:05    -5354.750977        0.010121
FIRE2:  295 17:56:05    -5354.750977        0.009973
FIRE2:  296 17:56:06    -5354.750977        0.009799
FIRE2:  297 17:56:06    -5354.750977        0.009595
FIRE2:  298 17:56:07    -5354.750977        0.009354
FIRE2:  299 17:56:08    -5354.751953        0.009074
FIRE2:  300 17:56:08    -5354.751953        0.008742
FIRE2:  301 17:56:09    -5354.751953        0.008391
FIRE2:  302 17:56:10    -5354.751953        0.008474
FIRE2:  303 17:56:10    -5354.751953        0.008460
FIRE2:  304 17:56:11    -5354.751953        0.008463
FIRE2:  305 17:56:12    -5354.751953        0.008458
FIRE2:  306 17:56:12    -5354.751953        0.008455
FIRE2:  307 17:56:13    -5354.751953        0.008447
FIRE2:  308 17:56:14    -5354.751953        0.008440
FIRE2:  309 17:56:14    -5354.751953        0.008431
FIRE2:  310 17:56:15    -5354.751953        0.008421
FIRE2:  311 17:56:15    -5354.751953        0.008407
FIRE2:  312 17:56:16    -5354.751953        0.008395
FIRE2:  313 17:56:17    -5354.751953        0.008380
FIRE2:  314 17:56:17    -5354.751953        0.008363
FIRE2:  315 17:56:18    -5354.751953        0.008346
FIRE2:  316 17:56:18    -5354.751953        0.008326
FIRE2:  317 17:56:19    -5354.751953        0.008306
FIRE2:  318 17:56:20    -5354.751953        0.008282
FIRE2:  319 17:56:20    -5354.751953        0.008258
FIRE2:  320 17:56:21    -5354.751953        0.008233
FIRE2:  321 17:56:21    -5354.751953        0.008205
FIRE2:  322 17:56:22    -5354.751953        0.008178
FIRE2:  323 17:56:23    -5354.751953        0.008148
FIRE2:  324 17:56:23    -5354.751953        0.008116
FIRE2:  325 17:56:24    -5354.751953        0.008080
FIRE2:  326 17:56:24    -5354.751953        0.008040
FIRE2:  327 17:56:25    -5354.751953        0.007990
FIRE2:  328 17:56:26    -5354.751953        0.007935
FIRE2:  329 17:56:26    -5354.752930        0.007869
FIRE2:  330 17:56:27    -5354.751953        0.007793
FIRE2:  331 17:56:28    -5354.752930        0.007703
FIRE2:  332 17:56:28    -5354.752930        0.007598
FIRE2:  333 17:56:29    -5354.752930        0.007476
FIRE2:  334 17:56:30    -5354.752930        0.007333
FIRE2:  335 17:56:30    -5354.752930        0.007164
FIRE2:  336 17:56:31    -5354.752930        0.006966
FIRE2:  337 17:56:31    -5354.752930        0.006733
FIRE2:  338 17:56:32    -5354.752930        0.006477
FIRE2:  339 17:56:32    -5354.752930        0.006204
FIRE2:  340 17:56:34    -5354.752930        0.006270
FIRE2:  341 17:56:34    -5354.753906        0.006264
FIRE2:  342 17:56:35    -5354.753418        0.006265
FIRE2:  343 17:56:36    -5354.752930        0.006261
FIRE2:  344 17:56:36    -5354.753906        0.006257
FIRE2:  345 17:56:37    -5354.753906        0.006252
FIRE2:  346 17:56:38    -5354.753906        0.006247
FIRE2:  347 17:56:38    -5354.752930        0.006238
FIRE2:  348 17:56:39    -5354.753418        0.006229
FIRE2:  349 17:56:39    -5354.752930        0.006219
FIRE2:  350 17:56:40    -5354.753906        0.006209
FIRE2:  351 17:56:41    -5354.752930        0.006197
FIRE2:  352 17:56:41    -5354.753906        0.006183
FIRE2:  353 17:56:42    -5354.752930        0.006169
FIRE2:  354 17:56:42    -5354.753906        0.006151
FIRE2:  355 17:56:43    -5354.752930        0.006135
FIRE2:  356 17:56:44    -5354.753906        0.006117
FIRE2:  357 17:56:44    -5354.753906        0.006098
FIRE2:  358 17:56:45    -5354.752930        0.006077
FIRE2:  359 17:56:45    -5354.753906        0.006055
FIRE2:  360 17:56:46    -5354.753906        0.006032
FIRE2:  361 17:56:46    -5354.753418        0.006009
FIRE2:  362 17:56:47    -5354.753906        0.005984
FIRE2:  363 17:56:48    -5354.753906        0.005954
FIRE2:  364 17:56:48    -5354.753906        0.005922
FIRE2:  365 17:56:49    -5354.753906        0.005882
FIRE2:  366 17:56:49    -5354.753906        0.005836
FIRE2:  367 17:56:50    -5354.753906        0.005784
FIRE2:  368 17:56:51    -5354.753906        0.005721
FIRE2:  369 17:56:51    -5354.753906        0.005650
FIRE2:  370 17:56:52    -5354.753906        0.005565
FIRE2:  371 17:56:52    -5354.753906        0.005467
FIRE2:  372 17:56:53    -5354.753906        0.005351
FIRE2:  373 17:56:54    -5354.753906        0.005216
FIRE2:  374 17:56:54    -5354.753906        0.005056
FIRE2:  375 17:56:55    -5354.753906        0.004886
FIRE2:  376 17:56:55    -5354.753906        0.004700
FIRE2:  377 17:56:56    -5354.753906        0.004744
FIRE2:  378 17:56:57    -5354.753906        0.004739
FIRE2:  379 17:56:58    -5354.753906        0.004739
FIRE2:  380 17:56:59    -5354.753906        0.004738
FIRE2:  381 17:56:59    -5354.753906        0.004736
FIRE2:  382 17:57:00    -5354.753906        0.004731
FIRE2:  383 17:57:00    -5354.753906        0.004728
FIRE2:  384 17:57:01    -5354.753906        0.004723
FIRE2:  385 17:57:02    -5354.753906        0.004717
FIRE2:  386 17:57:02    -5354.753906        0.004710
FIRE2:  387 17:57:03    -5354.753906        0.004701
FIRE2:  388 17:57:03    -5354.753906        0.004694
FIRE2:  389 17:57:04    -5354.753906        0.004686
FIRE2:  390 17:57:05    -5354.753906        0.004675
FIRE2:  391 17:57:05    -5354.753906        0.004664
FIRE2:  392 17:57:06    -5354.753906        0.004653
FIRE2:  393 17:57:06    -5354.753906        0.004640
FIRE2:  394 17:57:07    -5354.753906        0.004627
FIRE2:  395 17:57:08    -5354.753906        0.004613
FIRE2:  396 17:57:08    -5354.753906        0.004598
FIRE2:  397 17:57:09    -5354.753906        0.004582
FIRE2:  398 17:57:09    -5354.753906        0.004566
FIRE2:  399 17:57:10    -5354.753906        0.004549
FIRE2:  400 17:57:11    -5354.753906        0.004528
FIRE2:  401 17:57:11    -5354.753906        0.004506
FIRE2:  402 17:57:12    -5354.753906        0.004480
FIRE2:  403 17:57:12    -5354.753906        0.004447
FIRE2:  404 17:57:13    -5354.753906        0.004412
FIRE2:  405 17:57:14    -5354.753906        0.004369
FIRE2:  406 17:57:14    -5354.753906        0.004319
FIRE2:  407 17:57:15    -5354.754883        0.004263
FIRE2:  408 17:57:15    -5354.753906        0.004195
FIRE2:  409 17:57:16    -5354.754883        0.004115
FIRE2:  410 17:57:17    -5354.753906        0.004021
FIRE2:  411 17:57:17    -5354.754883        0.003912
FIRE2:  412 17:57:18    -5354.754883        0.003784
FIRE2:  413 17:57:18    -5354.754883        0.003640
FIRE2:  414 17:57:19    -5354.754883        0.003477
FIRE2:  415 17:57:20    -5354.754883        0.003518
FIRE2:  416 17:57:20    -5354.754883        0.003518
FIRE2:  417 17:57:21    -5354.754883        0.003517
FIRE2:  418 17:57:22    -5354.754883        0.003515
FIRE2:  419 17:57:23    -5354.754883        0.003513
FIRE2:  420 17:57:23    -5354.754395        0.003509
FIRE2:  421 17:57:24    -5354.754883        0.003506
FIRE2:  422 17:57:24    -5354.754883        0.003502
FIRE2:  423 17:57:25    -5354.754883        0.003497
FIRE2:  424 17:57:26    -5354.754883        0.003491
FIRE2:  425 17:57:26    -5354.754883        0.003485
FIRE2:  426 17:57:27    -5354.754883        0.003479
FIRE2:  427 17:57:27    -5354.754883        0.003473
FIRE2:  428 17:57:28    -5354.754883        0.003463
FIRE2:  429 17:57:29    -5354.754883        0.003455
FIRE2:  430 17:57:29    -5354.754883        0.003446
FIRE2:  431 17:57:30    -5354.754883        0.003435
FIRE2:  432 17:57:30    -5354.754883        0.003425
FIRE2:  433 17:57:31    -5354.754883        0.003413
FIRE2:  434 17:57:32    -5354.754883        0.003401
FIRE2:  435 17:57:32    -5354.754883        0.003387
FIRE2:  436 17:57:33    -5354.754883        0.003375
FIRE2:  437 17:57:33    -5354.754883        0.003361
FIRE2:  438 17:57:34    -5354.754883        0.003344
FIRE2:  439 17:57:35    -5354.754883        0.003326
FIRE2:  440 17:57:35    -5354.754883        0.003305
FIRE2:  441 17:57:36    -5354.754883        0.003279
FIRE2:  442 17:57:36    -5354.754883        0.003249
FIRE2:  443 17:57:37    -5354.754883        0.003216
FIRE2:  444 17:57:38    -5354.754883        0.003175
FIRE2:  445 17:57:38    -5354.754883        0.003130
FIRE2:  446 17:57:39    -5354.754883        0.003074
FIRE2:  447 17:57:39    -5354.754883        0.003009
FIRE2:  448 17:57:40    -5354.754883        0.002934
FIRE2:  449 17:57:40    -5354.754883        0.002844
FIRE2:  450 17:57:41    -5354.754883        0.002763
FIRE2:  451 17:57:42    -5354.754883        0.002645
FIRE2:  452 17:57:43    -5354.754883        0.002676
FIRE2:  453 17:57:43    -5354.754883        0.002675
FIRE2:  454 17:57:44    -5354.754883        0.002676
FIRE2:  455 17:57:45    -5354.754883        0.002674
FIRE2:  456 17:57:45    -5354.754883        0.002674
FIRE2:  457 17:57:46    -5354.754883        0.002671
FIRE2:  458 17:57:47    -5354.754883        0.002669
FIRE2:  459 17:57:47    -5354.754883        0.002667
FIRE2:  460 17:57:49    -5354.754883        0.002663
FIRE2:  461 17:57:50    -5354.754883        0.002659
FIRE2:  462 17:57:50    -5354.754883        0.002655
FIRE2:  463 17:57:51    -5354.754883        0.002650
FIRE2:  464 17:57:51    -5354.754883        0.002645
FIRE2:  465 17:57:52    -5354.754883        0.002640
FIRE2:  466 17:57:53    -5354.754883        0.002634
FIRE2:  467 17:57:53    -5354.754883        0.002626
FIRE2:  468 17:57:54    -5354.754883        0.002620
FIRE2:  469 17:57:54    -5354.754883        0.002613
FIRE2:  470 17:57:57    -5354.754883        0.002605
FIRE2:  471 17:57:58    -5354.754883        0.002597
FIRE2:  472 17:57:58    -5354.754883        0.002588
FIRE2:  473 17:57:59    -5354.754883        0.002579
FIRE2:  474 17:57:59    -5354.754883        0.002570
FIRE2:  475 17:58:00    -5354.754883        0.002558
FIRE2:  476 17:58:00    -5354.754883        0.002545
FIRE2:  477 17:58:01    -5354.754883        0.002531
FIRE2:  478 17:58:02    -5354.754883        0.002513
FIRE2:  479 17:58:02    -5354.754883        0.002493
FIRE2:  480 17:58:03    -5354.754883        0.002469
FIRE2:  481 17:58:03    -5354.754883        0.002442
FIRE2:  482 17:58:04    -5354.754883        0.002409
FIRE2:  483 17:58:05    -5354.754883        0.002370
FIRE2:  484 17:58:05    -5354.754883        0.002328
FIRE2:  485 17:58:06    -5354.754883        0.002275
FIRE2:  486 17:58:06    -5354.754883        0.002215
FIRE2:  487 17:58:07    -5354.754883        0.002138
FIRE2:  488 17:58:08    -5354.754883        0.002080
FIRE2:  489 17:58:09    -5354.754883        0.002092
FIRE2:  490 17:58:09    -5354.754883        0.002084
FIRE2:  491 17:58:10    -5354.754883        0.002077
FIRE2:  492 17:58:10    -5354.754883        0.002072
FIRE2:  493 17:58:11    -5354.754883        0.002069
FIRE2:  494 17:58:11    -5354.754883        0.002064
FIRE2:  495 17:58:12    -5354.754883        0.002057
FIRE2:  496 17:58:12    -5354.754883        0.002045
FIRE2:  497 17:58:13    -5354.754883        0.002034
FIRE2:  498 17:58:14    -5354.754883        0.002024
FIRE2:  499 17:58:14    -5354.754883        0.002013
FIRE2:  500 17:58:15    -5354.754883        0.001999
FIRE2:  501 17:58:15    -5354.754883        0.001983
FIRE2:  502 17:58:16    -5354.754883        0.001968
FIRE2:  503 17:58:16    -5354.754883        0.001952
FIRE2:  504 17:58:17    -5354.754883        0.001935
FIRE2:  505 17:58:17    -5354.754883        0.001915
FIRE2:  506 17:58:18    -5354.754883        0.001896
FIRE2:  507 17:58:19    -5354.754883        0.001875
FIRE2:  508 17:58:19    -5354.754883        0.001853
FIRE2:  509 17:58:20    -5354.754883        0.001828
FIRE2:  510 17:58:20    -5354.754883        0.001802
FIRE2:  511 17:58:21    -5354.754883        0.001771
FIRE2:  512 17:58:21    -5354.754883        0.001734
FIRE2:  513 17:58:22    -5354.754883        0.001691
FIRE2:  514 17:58:22    -5354.754883        0.001648
FIRE2:  515 17:58:23    -5354.754883        0.001593
FIRE2:  516 17:58:24    -5354.754883        0.001553
FIRE2:  517 17:58:24    -5354.754883        0.001496
FIRE2:  518 17:58:25    -5354.754883        0.001458
FIRE2:  519 17:58:26    -5354.754883        0.001464
FIRE2:  520 17:58:26    -5354.754883        0.001456
FIRE2:  521 17:58:27    -5354.754883        0.001459
FIRE2:  522 17:58:28    -5354.754883        0.001457
FIRE2:  523 17:58:28    -5354.754883        0.001457
FIRE2:  524 17:58:29    -5354.754883        0.001456
FIRE2:  525 17:58:29    -5354.754883        0.001455
FIRE2:  526 17:58:30    -5354.754883        0.001454
FIRE2:  527 17:58:31    -5354.754883        0.001451
FIRE2:  528 17:58:31    -5354.754883        0.001447
FIRE2:  529 17:58:32    -5354.754883        0.001445
FIRE2:  530 17:58:32    -5354.754883        0.001441
FIRE2:  531 17:58:33    -5354.754883        0.001437
FIRE2:  532 17:58:33    -5354.754883        0.001434
FIRE2:  533 17:58:34    -5354.754883        0.001431
FIRE2:  534 17:58:35    -5354.754883        0.001425
FIRE2:  535 17:58:35    -5354.754883        0.001420
FIRE2:  536 17:58:36    -5354.754883        0.001415
FIRE2:  537 17:58:36    -5354.754883        0.001410
FIRE2:  538 17:58:37    -5354.754883        0.001405
FIRE2:  539 17:58:37    -5354.754883        0.001398
FIRE2:  540 17:58:38    -5354.754883        0.001392
FIRE2:  541 17:58:39    -5354.754883        0.001385
FIRE2:  542 17:58:39    -5354.754883        0.001378
FIRE2:  543 17:58:40    -5354.754883        0.001369
FIRE2:  544 17:58:40    -5354.754883        0.001359
FIRE2:  545 17:58:41    -5354.754883        0.001347
FIRE2:  546 17:58:41    -5354.754883        0.001334
FIRE2:  547 17:58:42    -5354.754883        0.001317
FIRE2:  548 17:58:42    -5354.754883        0.001297
FIRE2:  549 17:58:43    -5354.754883        0.001276
FIRE2:  550 17:58:44    -5354.754883        0.001249
FIRE2:  551 17:58:44    -5354.754883        0.001220
FIRE2:  552 17:58:45    -5354.754883        0.001183
FIRE2:  553 17:58:45    -5354.754883        0.001147
FIRE2:  554 17:58:46    -5354.754883        0.001104
FIRE2:  555 17:58:47    -5354.754883        0.001115
FIRE2:  556 17:58:47    -5354.754883        0.001114
FIRE2:  557 17:58:48    -5354.754883        0.001114
FIRE2:  558 17:58:49    -5354.754883        0.001114
FIRE2:  559 17:58:50    -5354.754883        0.001113
FIRE2:  560 17:58:53    -5354.754883        0.001112
FIRE2:  561 17:58:54    -5354.754883        0.001111
FIRE2:  562 17:58:55    -5354.754883        0.001110
FIRE2:  563 17:58:55    -5354.754883        0.001109
FIRE2:  564 17:58:56    -5354.754883        0.001108
FIRE2:  565 17:58:56    -5354.754883        0.001105
FIRE2:  566 17:58:57    -5354.754883        0.001104
FIRE2:  567 17:58:58    -5354.754883        0.001102
FIRE2:  568 17:58:59    -5354.754883        0.001099
FIRE2:  569 17:59:01    -5354.754883        0.001099
FIRE2:  570 17:59:02    -5354.754883        0.001095
FIRE2:  571 17:59:02    -5354.754883        0.001092
FIRE2:  572 17:59:03    -5354.754883        0.001089
FIRE2:  573 17:59:03    -5354.754883        0.001086
FIRE2:  574 17:59:04    -5354.754883        0.001082
FIRE2:  575 17:59:04    -5354.754883        0.001080
FIRE2:  576 17:59:05    -5354.754883        0.001075
FIRE2:  577 17:59:05    -5354.754883        0.001072
FIRE2:  578 17:59:06    -5354.754883        0.001067
FIRE2:  579 17:59:07    -5354.754883        0.001062
FIRE2:  580 17:59:07    -5354.754883        0.001057
FIRE2:  581 17:59:08    -5354.754883        0.001050
FIRE2:  582 17:59:08    -5354.754883        0.001041
FIRE2:  583 17:59:09    -5354.754883        0.001033
FIRE2:  584 17:59:09    -5354.754883        0.001021
FIRE2:  585 17:59:10    -5354.754883        0.001009
FIRE2:  586 17:59:10    -5354.754883        0.000994
