       Step     Time          Energy          fmax
FIRE2:    0 18:14:23    -5342.661133        0.292227
FIRE2:    1 18:14:24    -5342.709961        0.291758
FIRE2:    2 18:14:25    -5342.794922        0.290786
FIRE2:    3 18:14:26    -5342.896484        0.289197
FIRE2:    4 18:14:27    -5342.994629        0.286753
FIRE2:    5 18:14:28    -5343.081055        0.283124
FIRE2:    6 18:14:29    -5343.158203        0.278193
FIRE2:    7 18:14:30    -5343.231445        0.272342
FIRE2:    8 18:14:31    -5343.303711        0.266299
FIRE2:    9 18:14:32    -5343.375000        0.260858
FIRE2:   10 18:14:33    -5343.445312        0.256525
FIRE2:   11 18:14:34    -5343.514648        0.253218
FIRE2:   12 18:14:35    -5343.582031        0.250307
FIRE2:   13 18:14:36    -5343.648438        0.247018
FIRE2:   14 18:14:37    -5343.714844        0.242988
FIRE2:   15 18:14:38    -5343.781250        0.238440
FIRE2:   16 18:14:39    -5343.846680        0.233915
FIRE2:   17 18:14:40    -5343.912109        0.229767
FIRE2:   18 18:14:41    -5343.977539        0.225850
FIRE2:   19 18:14:42    -5344.041992        0.221762
FIRE2:   20 18:14:42    -5344.106445        0.217351
FIRE2:   21 18:14:43    -5344.170898        0.212856
FIRE2:   22 18:14:44    -5344.241211        0.208117
FIRE2:   23 18:14:45    -5344.317871        0.203007
FIRE2:   24 18:14:46    -5344.397461        0.197331
FIRE2:   25 18:14:47    -5344.473633        0.191534
FIRE2:   26 18:14:48    -5344.545898        0.186056
FIRE2:   27 18:14:49    -5344.616211        0.180800
FIRE2:   28 18:14:50    -5344.684570        0.175425
FIRE2:   29 18:14:51    -5344.750000        0.170080
FIRE2:   30 18:14:52    -5344.813477        0.164969
FIRE2:   31 18:14:53    -5344.874023        0.159887
FIRE2:   32 18:14:54    -5344.932617        0.154792
FIRE2:   33 18:14:55    -5344.989258        0.149866
FIRE2:   34 18:14:56    -5345.042969        0.145004
FIRE2:   35 18:14:57    -5345.094727        0.140104
FIRE2:   36 18:14:58    -5345.143555        0.135326
FIRE2:   37 18:14:59    -5345.190430        0.130598
FIRE2:   38 18:15:00    -5345.235352        0.125847
FIRE2:   39 18:15:01    -5345.278320        0.121194
FIRE2:   40 18:15:02    -5345.318359        0.116539
FIRE2:   41 18:15:03    -5345.356445        0.111921
FIRE2:   42 18:15:04    -5345.392578        0.107322
FIRE2:   43 18:15:05    -5345.426758        0.102649
FIRE2:   44 18:15:06    -5345.458984        0.098052
FIRE2:   45 18:15:07    -5345.488281        0.093356
FIRE2:   46 18:15:08    -5345.516602        0.088919
FIRE2:   47 18:15:09    -5345.542969        0.083983
FIRE2:   48 18:15:10    -5345.566406        0.080265
FIRE2:   49 18:15:11    -5345.588379        0.074024
FIRE2:   50 18:15:12    -5345.609375        0.071976
FIRE2:   51 18:15:13    -5345.628906        0.065643
FIRE2:   52 18:15:14    -5345.646484        0.062934
FIRE2:   53 18:15:15    -5345.662109        0.056493
FIRE2:   54 18:15:16    -5345.677734        0.054868
FIRE2:   55 18:15:17    -5345.691406        0.048670
FIRE2:   56 18:15:18    -5345.703125        0.046934
FIRE2:   57 18:15:18    -5345.714844        0.040389
FIRE2:   58 18:15:19    -5345.725586        0.039348
FIRE2:   59 18:15:20    -5345.735352        0.033310
FIRE2:   60 18:15:21    -5345.744141        0.032884
FIRE2:   61 18:15:22    -5345.751953        0.029298
FIRE2:   62 18:15:24    -5345.657227        0.185288
FIRE2:   63 18:15:26    -5345.739258        0.032597
FIRE2:   64 18:15:27    -5345.717773        0.100962
FIRE2:   65 18:15:29    -5345.733398        0.056562
FIRE2:   66 18:15:30    -5345.738281        0.035092
FIRE2:   67 18:15:31    -5345.740234        0.033308
FIRE2:   68 18:15:32    -5345.740234        0.033741
FIRE2:   69 18:15:33    -5345.740234        0.033716
FIRE2:   70 18:15:34    -5345.740234        0.033683
FIRE2:   71 18:15:35    -5345.740234        0.033643
FIRE2:   72 18:15:36    -5345.740723        0.033597
FIRE2:   73 18:15:37    -5345.740234        0.033553
FIRE2:   74 18:15:38    -5345.740234        0.033513
FIRE2:   75 18:15:39    -5345.741211        0.033478
FIRE2:   76 18:15:40    -5345.741211        0.033454
FIRE2:   77 18:15:41    -5345.741211        0.033441
FIRE2:   78 18:15:42    -5345.741211        0.033434
FIRE2:   79 18:15:43    -5345.741211        0.033432
FIRE2:   80 18:15:44    -5345.742188        0.033434
FIRE2:   81 18:15:45    -5345.742188        0.033432
FIRE2:   82 18:15:46    -5345.742188        0.033425
FIRE2:   83 18:15:47    -5345.742188        0.033412
FIRE2:   84 18:15:48    -5345.742188        0.033392
FIRE2:   85 18:15:49    -5345.743164        0.033366
FIRE2:   86 18:15:50    -5345.743164        0.033339
FIRE2:   87 18:15:51    -5345.743164        0.033309
FIRE2:   88 18:15:52    -5345.744141        0.033281
FIRE2:   89 18:15:53    -5345.744141        0.033253
FIRE2:   90 18:15:54    -5345.744141        0.033224
FIRE2:   91 18:15:55    -5345.745117        0.033192
FIRE2:   92 18:15:56    -5345.745117        0.033152
FIRE2:   93 18:15:57    -5345.746094        0.033101
FIRE2:   94 18:15:58    -5345.747070        0.033039
FIRE2:   95 18:15:59    -5345.747070        0.032965
FIRE2:   96 18:16:00    -5345.748535        0.032882
FIRE2:   97 18:16:01    -5345.750000        0.032787
FIRE2:   98 18:16:02    -5345.750977        0.032675
FIRE2:   99 18:16:03    -5345.752930        0.032534
FIRE2:  100 18:16:04    -5345.753906        0.032368
FIRE2:  101 18:16:05    -5345.756836        0.032177
FIRE2:  102 18:16:06    -5345.758789        0.031941
FIRE2:  103 18:16:07    -5345.761719        0.031658
FIRE2:  104 18:16:08    -5345.765625        0.031326
FIRE2:  105 18:16:09    -5345.769531        0.030907
FIRE2:  106 18:16:10    -5345.774414        0.030458
FIRE2:  107 18:16:10    -5345.779297        0.029671
FIRE2:  108 18:16:11    -5345.785156        0.030122
FIRE2:  109 18:16:12    -5345.785156        0.051923
FIRE2:  110 18:16:14    -5345.790039        0.028040
FIRE2:  111 18:16:15    -5345.790039        0.029752
FIRE2:  112 18:16:17    -5345.791016        0.029175
FIRE2:  113 18:16:18    -5345.791016        0.028908
FIRE2:  114 18:16:19    -5345.791016        0.028577
FIRE2:  115 18:16:20    -5345.791016        0.028291
FIRE2:  116 18:16:21    -5345.791016        0.028148
FIRE2:  117 18:16:22    -5345.791016        0.028152
FIRE2:  118 18:16:23    -5345.791992        0.028261
FIRE2:  119 18:16:24    -5345.791992        0.028405
FIRE2:  120 18:16:25    -5345.791992        0.028487
FIRE2:  121 18:16:26    -5345.791992        0.028455
FIRE2:  122 18:16:27    -5345.792969        0.028325
FIRE2:  123 18:16:28    -5345.792969        0.028169
FIRE2:  124 18:16:29    -5345.793945        0.028065
FIRE2:  125 18:16:30    -5345.793945        0.028039
FIRE2:  126 18:16:31    -5345.794922        0.028051
FIRE2:  127 18:16:32    -5345.794922        0.028033
FIRE2:  128 18:16:33    -5345.794922        0.027953
FIRE2:  129 18:16:34    -5345.795898        0.027832
FIRE2:  130 18:16:35    -5345.796875        0.027729
FIRE2:  131 18:16:36    -5345.796875        0.027666
FIRE2:  132 18:16:37    -5345.797852        0.027615
FIRE2:  133 18:16:38    -5345.798828        0.027529
FIRE2:  134 18:16:39    -5345.798828        0.027390
FIRE2:  135 18:16:40    -5345.799805        0.027240
FIRE2:  136 18:16:41    -5345.800781        0.027113
FIRE2:  137 18:16:42    -5345.802734        0.026946
FIRE2:  138 18:16:42    -5345.803711        0.026705
FIRE2:  139 18:16:43    -5345.805664        0.026486
FIRE2:  140 18:16:44    -5345.807617        0.026183
FIRE2:  141 18:16:45    -5345.809570        0.025853
FIRE2:  142 18:16:46    -5345.812500        0.025439
FIRE2:  143 18:16:47    -5345.815430        0.025010
FIRE2:  144 18:16:48    -5345.818359        0.024240
FIRE2:  145 18:16:49    -5345.821289        0.024816
FIRE2:  146 18:16:50    -5345.822266        0.039824
FIRE2:  147 18:16:52    -5345.825195        0.022813
FIRE2:  148 18:16:53    -5345.825195        0.024007
FIRE2:  149 18:16:55    -5345.825195        0.023633
FIRE2:  150 18:16:56    -5345.825195        0.023499
FIRE2:  151 18:16:57    -5345.825195        0.023327
FIRE2:  152 18:16:58    -5345.826172        0.023168
FIRE2:  153 18:16:59    -5345.826172        0.023069
FIRE2:  154 18:17:00    -5345.826172        0.023046
FIRE2:  155 18:17:01    -5345.826172        0.023081
FIRE2:  156 18:17:02    -5345.826172        0.023145
FIRE2:  157 18:17:03    -5345.826172        0.023187
FIRE2:  158 18:17:04    -5345.826172        0.023175
FIRE2:  159 18:17:05    -5345.826172        0.023112
FIRE2:  160 18:17:06    -5345.827148        0.023018
FIRE2:  161 18:17:07    -5345.827148        0.022937
FIRE2:  162 18:17:08    -5345.827148        0.022894
FIRE2:  163 18:17:09    -5345.827148        0.022875
FIRE2:  164 18:17:10    -5345.828125        0.022858
FIRE2:  165 18:17:11    -5345.828125        0.022810
FIRE2:  166 18:17:12    -5345.829102        0.022736
FIRE2:  167 18:17:13    -5345.829102        0.022654
FIRE2:  168 18:17:14    -5345.829102        0.022585
FIRE2:  169 18:17:15    -5345.830078        0.022533
FIRE2:  170 18:17:16    -5345.830078        0.022474
FIRE2:  171 18:17:17    -5345.830078        0.022379
FIRE2:  172 18:17:18    -5345.831055        0.022259
FIRE2:  173 18:17:19    -5345.832031        0.022140
FIRE2:  174 18:17:20    -5345.833008        0.022016
FIRE2:  175 18:17:21    -5345.833008        0.021845
FIRE2:  176 18:17:22    -5345.833984        0.021644
FIRE2:  177 18:17:23    -5345.835938        0.021440
FIRE2:  178 18:17:23    -5345.836914        0.021145
FIRE2:  179 18:17:24    -5345.837891        0.020901
FIRE2:  180 18:17:25    -5345.839844        0.020329
FIRE2:  181 18:17:26    -5345.841797        0.020673
FIRE2:  182 18:17:27    -5345.843750        0.018674
FIRE2:  183 18:17:29    -5345.843750        0.019457
FIRE2:  184 18:17:30    -5345.843750        0.019871
FIRE2:  185 18:17:32    -5345.843750        0.019761
FIRE2:  186 18:17:33    -5345.843750        0.019754
FIRE2:  187 18:17:34    -5345.843750        0.019742
FIRE2:  188 18:17:35    -5345.843750        0.019729
FIRE2:  189 18:17:36    -5345.843750        0.019714
FIRE2:  190 18:17:37    -5345.843750        0.019698
FIRE2:  191 18:17:38    -5345.843750        0.019685
FIRE2:  192 18:17:39    -5345.843750        0.019671
FIRE2:  193 18:17:40    -5345.843750        0.019655
FIRE2:  194 18:17:41    -5345.844727        0.019636
FIRE2:  195 18:17:42    -5345.844727        0.019614
FIRE2:  196 18:17:43    -5345.844727        0.019589
FIRE2:  197 18:17:44    -5345.844727        0.019562
FIRE2:  198 18:17:45    -5345.844727        0.019533
FIRE2:  199 18:17:46    -5345.844727        0.019500
FIRE2:  200 18:17:47    -5345.844727        0.019468
FIRE2:  201 18:17:48    -5345.844727        0.019434
FIRE2:  202 18:17:49    -5345.845703        0.019398
FIRE2:  203 18:17:50    -5345.845703        0.019360
FIRE2:  204 18:17:51    -5345.845703        0.019319
FIRE2:  205 18:17:52    -5345.845703        0.019276
FIRE2:  206 18:17:53    -5345.845703        0.019227
FIRE2:  207 18:17:54    -5345.846680        0.019168
FIRE2:  208 18:17:55    -5345.846680        0.019103
FIRE2:  209 18:17:56    -5345.846680        0.019024
FIRE2:  210 18:17:57    -5345.847656        0.018933
FIRE2:  211 18:17:58    -5345.847656        0.018829
FIRE2:  212 18:17:59    -5345.848633        0.018706
FIRE2:  213 18:18:00    -5345.849121        0.018559
FIRE2:  214 18:18:00    -5345.849609        0.018390
FIRE2:  215 18:18:01    -5345.850586        0.018191
FIRE2:  216 18:18:02    -5345.851562        0.017954
FIRE2:  217 18:18:03    -5345.852539        0.017679
FIRE2:  218 18:18:04    -5345.854492        0.017345
FIRE2:  219 18:18:05    -5345.855469        0.016988
FIRE2:  220 18:18:06    -5345.857422        0.016354
FIRE2:  221 18:18:07    -5345.858398        0.016856
FIRE2:  222 18:18:09    -5345.859375        0.016337
FIRE2:  223 18:18:10    -5345.859375        0.015818
FIRE2:  224 18:18:12    -5345.859375        0.015971
FIRE2:  225 18:18:13    -5345.859375        0.016015
FIRE2:  226 18:18:14    -5345.858887        0.016071
FIRE2:  227 18:18:15    -5345.859375        0.016118
FIRE2:  228 18:18:16    -5345.859375        0.016137
FIRE2:  229 18:18:17    -5345.859375        0.016126
FIRE2:  230 18:18:18    -5345.859375        0.016090
FIRE2:  231 18:18:19    -5345.859375        0.016036
FIRE2:  232 18:18:20    -5345.859375        0.015991
FIRE2:  233 18:18:21    -5345.859375        0.015957
FIRE2:  234 18:18:22    -5345.859375        0.015945
FIRE2:  235 18:18:23    -5345.859375        0.015939
FIRE2:  236 18:18:24    -5345.859375        0.015926
FIRE2:  237 18:18:25    -5345.860352        0.015896
FIRE2:  238 18:18:26    -5345.860352        0.015851
FIRE2:  239 18:18:27    -5345.860352        0.015803
FIRE2:  240 18:18:28    -5345.860352        0.015762
FIRE2:  241 18:18:29    -5345.860352        0.015729
FIRE2:  242 18:18:30    -5345.860352        0.015695
FIRE2:  243 18:18:31    -5345.860352        0.015654
FIRE2:  244 18:18:32    -5345.861328        0.015603
FIRE2:  245 18:18:33    -5345.861328        0.015542
FIRE2:  246 18:18:34    -5345.861328        0.015483
FIRE2:  247 18:18:35    -5345.861328        0.015417
FIRE2:  248 18:18:36    -5345.862305        0.015334
FIRE2:  249 18:18:36    -5345.862305        0.015230
FIRE2:  250 18:18:38    -5345.862305        0.015121
FIRE2:  251 18:18:38    -5345.863281        0.014992
FIRE2:  252 18:18:39    -5345.863281        0.014828
FIRE2:  253 18:18:40    -5345.864258        0.014656
FIRE2:  254 18:18:41    -5345.865234        0.014420
FIRE2:  255 18:18:42    -5345.866211        0.014240
FIRE2:  256 18:18:43    -5345.867188        0.013658
FIRE2:  257 18:18:44    -5345.867188        0.014271
FIRE2:  258 18:18:46    -5345.867188        0.013890
FIRE2:  259 18:18:47    -5345.867188        0.013551
FIRE2:  260 18:18:49    -5345.867188        0.013636
FIRE2:  261 18:18:50    -5345.867188        0.013635
FIRE2:  262 18:18:51    -5345.867188        0.013633
FIRE2:  263 18:18:52    -5345.867188        0.013632
FIRE2:  264 18:18:53    -5345.867676        0.013627
FIRE2:  265 18:18:54    -5345.868164        0.013620
FIRE2:  266 18:18:55    -5345.867188        0.013612
FIRE2:  267 18:18:56    -5345.868164        0.013598
FIRE2:  268 18:18:57    -5345.868164        0.013584
FIRE2:  269 18:18:58    -5345.868164        0.013569
FIRE2:  270 18:18:59    -5345.868164        0.013553
FIRE2:  271 18:19:00    -5345.868164        0.013537
FIRE2:  272 18:19:01    -5345.868164        0.013519
FIRE2:  273 18:19:02    -5345.868164        0.013501
FIRE2:  274 18:19:03    -5345.868164        0.013481
FIRE2:  275 18:19:04    -5345.868164        0.013458
FIRE2:  276 18:19:05    -5345.868164        0.013432
FIRE2:  277 18:19:06    -5345.868164        0.013408
FIRE2:  278 18:19:06    -5345.868164        0.013380
FIRE2:  279 18:19:07    -5345.868164        0.013354
FIRE2:  280 18:19:08    -5345.868164        0.013326
FIRE2:  281 18:19:09    -5345.869141        0.013291
FIRE2:  282 18:19:10    -5345.869141        0.013252
FIRE2:  283 18:19:11    -5345.869141        0.013205
FIRE2:  284 18:19:12    -5345.869141        0.013153
FIRE2:  285 18:19:13    -5345.869141        0.013092
FIRE2:  286 18:19:14    -5345.869141        0.013020
FIRE2:  287 18:19:15    -5345.870117        0.012936
FIRE2:  288 18:19:16    -5345.870117        0.012837
FIRE2:  289 18:19:17    -5345.870117        0.012721
FIRE2:  290 18:19:18    -5345.871094        0.012583
FIRE2:  291 18:19:19    -5345.871094        0.012425
FIRE2:  292 18:19:20    -5345.872070        0.012233
FIRE2:  293 18:19:21    -5345.872070        0.012019
FIRE2:  294 18:19:22    -5345.873047        0.011725
FIRE2:  295 18:19:23    -5345.874023        0.011599
FIRE2:  296 18:19:24    -5345.874023        0.012138
FIRE2:  297 18:19:26    -5345.875000        0.011028
FIRE2:  298 18:19:27    -5345.875000        0.011402
FIRE2:  299 18:19:29    -5345.875000        0.011287
FIRE2:  300 18:19:30    -5345.875000        0.011248
FIRE2:  301 18:19:31    -5345.875000        0.011197
FIRE2:  302 18:19:32    -5345.875000        0.011150
FIRE2:  303 18:19:33    -5345.875000        0.011116
FIRE2:  304 18:19:34    -5345.875000        0.011102
FIRE2:  305 18:19:35    -5345.875000        0.011108
FIRE2:  306 18:19:36    -5345.875000        0.011121
FIRE2:  307 18:19:37    -5345.875000        0.011129
FIRE2:  308 18:19:38    -5345.875000        0.011121
FIRE2:  309 18:19:39    -5345.875000        0.011096
FIRE2:  310 18:19:40    -5345.875000        0.011062
FIRE2:  311 18:19:40    -5345.875000        0.011033
FIRE2:  312 18:19:41    -5345.875000        0.011009
FIRE2:  313 18:19:42    -5345.875000        0.010994
FIRE2:  314 18:19:43    -5345.875000        0.010979
FIRE2:  315 18:19:44    -5345.875000        0.010957
FIRE2:  316 18:19:45    -5345.875000        0.010927
FIRE2:  317 18:19:46    -5345.875000        0.010891
FIRE2:  318 18:19:47    -5345.875977        0.010859
FIRE2:  319 18:19:48    -5345.875977        0.010830
FIRE2:  320 18:19:49    -5345.875977        0.010799
FIRE2:  321 18:19:50    -5345.875977        0.010758
FIRE2:  322 18:19:51    -5345.875977        0.010704
FIRE2:  323 18:19:52    -5345.875977        0.010647
FIRE2:  324 18:19:53    -5345.875977        0.010584
FIRE2:  325 18:19:54    -5345.875977        0.010506
FIRE2:  326 18:19:55    -5345.876953        0.010412
FIRE2:  327 18:19:56    -5345.876953        0.010312
FIRE2:  328 18:19:57    -5345.876953        0.010181
FIRE2:  329 18:19:58    -5345.876953        0.010047
FIRE2:  330 18:19:59    -5345.877930        0.009845
FIRE2:  331 18:20:00    -5345.877930        0.009772
FIRE2:  332 18:20:01    -5345.878906        0.009041
FIRE2:  333 18:20:02    -5345.878906        0.011400
FIRE2:  334 18:20:04    -5345.878906        0.009426
FIRE2:  335 18:20:05    -5345.878906        0.009141
FIRE2:  336 18:20:07    -5345.878906        0.009219
FIRE2:  337 18:20:08    -5345.878906        0.009231
FIRE2:  338 18:20:09    -5345.879883        0.009248
FIRE2:  339 18:20:10    -5345.878906        0.009264
FIRE2:  340 18:20:11    -5345.878906        0.009270
FIRE2:  341 18:20:11    -5345.878906        0.009268
FIRE2:  342 18:20:12    -5345.878906        0.009256
FIRE2:  343 18:20:13    -5345.878906        0.009236
FIRE2:  344 18:20:14    -5345.879883        0.009217
FIRE2:  345 18:20:15    -5345.879883        0.009198
FIRE2:  346 18:20:16    -5345.878906        0.009186
FIRE2:  347 18:20:17    -5345.879883        0.009178
FIRE2:  348 18:20:18    -5345.879883        0.009171
FIRE2:  349 18:20:19    -5345.879883        0.009158
FIRE2:  350 18:20:20    -5345.879883        0.009141
FIRE2:  351 18:20:21    -5345.879883        0.009117
FIRE2:  352 18:20:22    -5345.879883        0.009095
FIRE2:  353 18:20:23    -5345.879883        0.009076
FIRE2:  354 18:20:24    -5345.879883        0.009056
FIRE2:  355 18:20:25    -5345.879883        0.009036
FIRE2:  356 18:20:26    -5345.879883        0.009011
FIRE2:  357 18:20:27    -5345.879883        0.008983
FIRE2:  358 18:20:28    -5345.879883        0.008950
FIRE2:  359 18:20:29    -5345.879883        0.008915
FIRE2:  360 18:20:30    -5345.879883        0.008874
FIRE2:  361 18:20:31    -5345.879883        0.008824
FIRE2:  362 18:20:32    -5345.880859        0.008765
FIRE2:  363 18:20:33    -5345.879883        0.008698
FIRE2:  364 18:20:34    -5345.880859        0.008619
FIRE2:  365 18:20:35    -5345.880859        0.008526
FIRE2:  366 18:20:36    -5345.880859        0.008418
FIRE2:  367 18:20:37    -5345.880859        0.008281
FIRE2:  368 18:20:38    -5345.881836        0.008160
FIRE2:  369 18:20:39    -5345.881836        0.007843
FIRE2:  370 18:20:40    -5345.881836        0.008219
FIRE2:  371 18:20:42    -5345.881836        0.007954
FIRE2:  372 18:20:43    -5345.881836        0.007729
FIRE2:  373 18:20:44    -5345.881836        0.007787
FIRE2:  374 18:20:45    -5345.881836        0.007791
FIRE2:  375 18:20:46    -5345.881836        0.007796
FIRE2:  376 18:20:47    -5345.881836        0.007800
FIRE2:  377 18:20:48    -5345.881836        0.007802
FIRE2:  378 18:20:49    -5345.881836        0.007799
FIRE2:  379 18:20:50    -5345.881836        0.007791
FIRE2:  380 18:20:51    -5345.881836        0.007782
FIRE2:  381 18:20:52    -5345.881836        0.007773
FIRE2:  382 18:20:53    -5345.881836        0.007760
FIRE2:  383 18:20:54    -5345.881836        0.007749
FIRE2:  384 18:20:55    -5345.882812        0.007740
FIRE2:  385 18:20:56    -5345.882812        0.007730
FIRE2:  386 18:20:57    -5345.882812        0.007721
FIRE2:  387 18:20:58    -5345.882812        0.007709
FIRE2:  388 18:20:59    -5345.881836        0.007695
FIRE2:  389 18:21:00    -5345.882812        0.007678
FIRE2:  390 18:21:01    -5345.881836        0.007662
FIRE2:  391 18:21:02    -5345.882812        0.007647
FIRE2:  392 18:21:03    -5345.881836        0.007630
FIRE2:  393 18:21:04    -5345.882812        0.007612
FIRE2:  394 18:21:05    -5345.882812        0.007592
FIRE2:  395 18:21:06    -5345.882812        0.007568
FIRE2:  396 18:21:07    -5345.882812        0.007540
FIRE2:  397 18:21:08    -5345.882812        0.007508
FIRE2:  398 18:21:09    -5345.882812        0.007470
FIRE2:  399 18:21:10    -5345.882812        0.007427
FIRE2:  400 18:21:11    -5345.882812        0.007376
FIRE2:  401 18:21:12    -5345.882812        0.007314
FIRE2:  402 18:21:13    -5345.882812        0.007245
FIRE2:  403 18:21:14    -5345.883301        0.007160
FIRE2:  404 18:21:15    -5345.882812        0.007065
FIRE2:  405 18:21:16    -5345.883789        0.006943
FIRE2:  406 18:21:17    -5345.883789        0.006833
FIRE2:  407 18:21:18    -5345.883789        0.006552
FIRE2:  408 18:21:19    -5345.883789        0.007664
FIRE2:  409 18:21:21    -5345.884766        0.006642
FIRE2:  410 18:21:22    -5345.884766        0.006420
FIRE2:  411 18:21:23    -5345.883789        0.006480
FIRE2:  412 18:21:24    -5345.884766        0.006489
FIRE2:  413 18:21:25    -5345.883789        0.006503
FIRE2:  414 18:21:26    -5345.884766        0.006512
FIRE2:  415 18:21:27    -5345.884277        0.006520
FIRE2:  416 18:21:28    -5345.884766        0.006517
FIRE2:  417 18:21:29    -5345.884277        0.006508
FIRE2:  418 18:21:30    -5345.883789        0.006497
FIRE2:  419 18:21:31    -5345.884766        0.006482
FIRE2:  420 18:21:32    -5345.884766        0.006469
FIRE2:  421 18:21:33    -5345.884766        0.006460
FIRE2:  422 18:21:34    -5345.884766        0.006455
FIRE2:  423 18:21:35    -5345.884766        0.006447
FIRE2:  424 18:21:36    -5345.884766        0.006441
FIRE2:  425 18:21:37    -5345.884766        0.006429
FIRE2:  426 18:21:38    -5345.884766        0.006414
FIRE2:  427 18:21:39    -5345.884766        0.006398
FIRE2:  428 18:21:40    -5345.884766        0.006383
FIRE2:  429 18:21:41    -5345.884766        0.006370
FIRE2:  430 18:21:42    -5345.884766        0.006356
FIRE2:  431 18:21:43    -5345.884766        0.006341
FIRE2:  432 18:21:44    -5345.884766        0.006321
FIRE2:  433 18:21:45    -5345.884766        0.006297
FIRE2:  434 18:21:46    -5345.884766        0.006273
FIRE2:  435 18:21:47    -5345.884766        0.006245
FIRE2:  436 18:21:48    -5345.884766        0.006212
FIRE2:  437 18:21:49    -5345.884766        0.006170
FIRE2:  438 18:21:50    -5345.884766        0.006123
FIRE2:  439 18:21:51    -5345.884766        0.006070
FIRE2:  440 18:21:52    -5345.884766        0.006004
FIRE2:  441 18:21:53    -5345.884766        0.005934
FIRE2:  442 18:21:54    -5345.885742        0.005832
FIRE2:  443 18:21:55    -5345.885742        0.005763
FIRE2:  444 18:21:56    -5345.885742        0.005494
FIRE2:  445 18:21:57    -5345.885742        0.005925
FIRE2:  446 18:21:59    -5345.885742        0.005620
FIRE2:  447 18:22:00    -5345.885742        0.005466
FIRE2:  448 18:22:01    -5345.885742        0.005504
FIRE2:  449 18:22:02    -5345.885742        0.005506
FIRE2:  450 18:22:03    -5345.885742        0.005508
FIRE2:  451 18:22:04    -5345.885742        0.005510
FIRE2:  452 18:22:05    -5345.885742        0.005511
FIRE2:  453 18:22:06    -5345.885742        0.005508
FIRE2:  454 18:22:07    -5345.885742        0.005504
FIRE2:  455 18:22:08    -5345.885742        0.005496
FIRE2:  456 18:22:09    -5345.885742        0.005490
FIRE2:  457 18:22:10    -5345.885742        0.005483
FIRE2:  458 18:22:11    -5345.885742        0.005474
FIRE2:  459 18:22:12    -5345.885742        0.005469
FIRE2:  460 18:22:13    -5345.885742        0.005461
FIRE2:  461 18:22:14    -5345.885742        0.005455
FIRE2:  462 18:22:15    -5345.885742        0.005447
FIRE2:  463 18:22:16    -5345.885742        0.005436
FIRE2:  464 18:22:17    -5345.885742        0.005426
FIRE2:  465 18:22:18    -5345.885742        0.005414
FIRE2:  466 18:22:19    -5345.885742        0.005403
FIRE2:  467 18:22:20    -5345.885742        0.005392
FIRE2:  468 18:22:21    -5345.885742        0.005380
FIRE2:  469 18:22:22    -5345.885742        0.005366
FIRE2:  470 18:22:23    -5345.885742        0.005349
FIRE2:  471 18:22:24    -5345.885742        0.005329
FIRE2:  472 18:22:25    -5345.885742        0.005307
FIRE2:  473 18:22:26    -5345.885742        0.005281
FIRE2:  474 18:22:27    -5345.885742        0.005250
FIRE2:  475 18:22:28    -5345.885742        0.005214
FIRE2:  476 18:22:29    -5345.885742        0.005175
FIRE2:  477 18:22:30    -5345.886230        0.005124
FIRE2:  478 18:22:31    -5345.886719        0.005067
FIRE2:  479 18:22:32    -5345.886719        0.004999
FIRE2:  480 18:22:33    -5345.886719        0.004922
FIRE2:  481 18:22:34    -5345.886719        0.004818
FIRE2:  482 18:22:35    -5345.886719        0.004758
FIRE2:  483 18:22:36    -5345.886719        0.004386
FIRE2:  484 18:22:37    -5345.886719        0.007198
FIRE2:  485 18:22:39    -5345.886719        0.004576
FIRE2:  486 18:22:39    -5345.886719        0.004364
FIRE2:  487 18:22:41    -5345.886719        0.004431
FIRE2:  488 18:22:42    -5345.886719        0.004451
FIRE2:  489 18:22:43    -5345.886719        0.004479
FIRE2:  490 18:22:44    -5345.886719        0.004501
FIRE2:  491 18:22:45    -5345.886719        0.004510
FIRE2:  492 18:22:46    -5345.886719        0.004507
FIRE2:  493 18:22:47    -5345.886719        0.004490
FIRE2:  494 18:22:48    -5345.886719        0.004472
FIRE2:  495 18:22:49    -5345.886719        0.004451
FIRE2:  496 18:22:50    -5345.886719        0.004442
FIRE2:  497 18:22:51    -5345.886719        0.004442
FIRE2:  498 18:22:52    -5345.886719        0.004443
FIRE2:  499 18:22:53    -5345.886719        0.004444
FIRE2:  500 18:22:54    -5345.886719        0.004433
FIRE2:  501 18:22:55    -5345.886719        0.004417
FIRE2:  502 18:22:56    -5345.886719        0.004402
FIRE2:  503 18:22:57    -5345.886719        0.004390
FIRE2:  504 18:22:58    -5345.887695        0.004382
FIRE2:  505 18:22:59    -5345.886719        0.004377
FIRE2:  506 18:23:00    -5345.886719        0.004361
FIRE2:  507 18:23:01    -5345.886719        0.004347
FIRE2:  508 18:23:02    -5345.886719        0.004330
FIRE2:  509 18:23:03    -5345.886719        0.004312
FIRE2:  510 18:23:04    -5345.886719        0.004295
FIRE2:  511 18:23:05    -5345.886719        0.004272
FIRE2:  512 18:23:06    -5345.886719        0.004240
FIRE2:  513 18:23:07    -5345.887695        0.004211
FIRE2:  514 18:23:08    -5345.886719        0.004174
FIRE2:  515 18:23:09    -5345.887207        0.004126
FIRE2:  516 18:23:10    -5345.886719        0.004081
FIRE2:  517 18:23:11    -5345.887695        0.004004
FIRE2:  518 18:23:12    -5345.887695        0.003981
FIRE2:  519 18:23:13    -5345.887695        0.003737
FIRE2:  520 18:23:14    -5345.887695        0.003972
FIRE2:  521 18:23:15    -5345.887695        0.003857
FIRE2:  522 18:23:16    -5345.887695        0.003776
FIRE2:  523 18:23:18    -5345.887695        0.003797
FIRE2:  524 18:23:19    -5345.887695        0.003797
FIRE2:  525 18:23:20    -5345.887695        0.003796
FIRE2:  526 18:23:21    -5345.887695        0.003797
FIRE2:  527 18:23:22    -5345.887695        0.003796
FIRE2:  528 18:23:23    -5345.887695        0.003796
FIRE2:  529 18:23:24    -5345.887695        0.003791
FIRE2:  530 18:23:25    -5345.887695        0.003788
FIRE2:  531 18:23:26    -5345.887695        0.003784
FIRE2:  532 18:23:27    -5345.887695        0.003779
FIRE2:  533 18:23:28    -5345.887695        0.003774
FIRE2:  534 18:23:29    -5345.887695        0.003769
FIRE2:  535 18:23:30    -5345.887695        0.003764
FIRE2:  536 18:23:31    -5345.887695        0.003760
FIRE2:  537 18:23:32    -5345.887695        0.003754
FIRE2:  538 18:23:33    -5345.887695        0.003746
FIRE2:  539 18:23:34    -5345.887695        0.003741
FIRE2:  540 18:23:35    -5345.887695        0.003733
FIRE2:  541 18:23:36    -5345.887695        0.003726
FIRE2:  542 18:23:37    -5345.887695        0.003718
FIRE2:  543 18:23:38    -5345.887695        0.003708
FIRE2:  544 18:23:39    -5345.887695        0.003700
FIRE2:  545 18:23:40    -5345.887695        0.003688
FIRE2:  546 18:23:41    -5345.887695        0.003675
FIRE2:  547 18:23:42    -5345.887695        0.003660
FIRE2:  548 18:23:43    -5345.887695        0.003642
FIRE2:  549 18:23:44    -5345.887695        0.003622
FIRE2:  550 18:23:45    -5345.887695        0.003597
FIRE2:  551 18:23:46    -5345.887695        0.003570
FIRE2:  552 18:23:47    -5345.887695        0.003537
FIRE2:  553 18:23:48    -5345.887695        0.003497
FIRE2:  554 18:23:49    -5345.887695        0.003452
FIRE2:  555 18:23:49    -5345.887695        0.003398
FIRE2:  556 18:23:50    -5345.887695        0.003336
FIRE2:  557 18:23:51    -5345.887695        0.003255
FIRE2:  558 18:23:52    -5345.887695        0.003199
FIRE2:  559 18:23:53    -5345.887695        0.003031
FIRE2:  560 18:23:55    -5345.888672        0.003088
FIRE2:  561 18:23:56    -5345.887695        0.003113
FIRE2:  562 18:23:58    -5345.887695        0.003105
FIRE2:  563 18:23:59    -5345.887695        0.003103
FIRE2:  564 18:24:00    -5345.887695        0.003099
FIRE2:  565 18:24:01    -5345.888672        0.003096
FIRE2:  566 18:24:02    -5345.887695        0.003095
FIRE2:  567 18:24:03    -5345.887695        0.003092
FIRE2:  568 18:24:04    -5345.888672        0.003088
FIRE2:  569 18:24:05    -5345.887695        0.003087
FIRE2:  570 18:24:06    -5345.888184        0.003082
FIRE2:  571 18:24:07    -5345.888672        0.003078
FIRE2:  572 18:24:08    -5345.888672        0.003073
FIRE2:  573 18:24:09    -5345.887695        0.003068
FIRE2:  574 18:24:10    -5345.887695        0.003063
FIRE2:  575 18:24:11    -5345.887695        0.003056
FIRE2:  576 18:24:12    -5345.887695        0.003049
FIRE2:  577 18:24:13    -5345.887695        0.003043
FIRE2:  578 18:24:14    -5345.887695        0.003036
FIRE2:  579 18:24:15    -5345.887695        0.003030
FIRE2:  580 18:24:16    -5345.887695        0.003021
FIRE2:  581 18:24:17    -5345.887695        0.003011
FIRE2:  582 18:24:18    -5345.887695        0.003002
FIRE2:  583 18:24:19    -5345.887695        0.002992
FIRE2:  584 18:24:20    -5345.888672        0.002979
FIRE2:  585 18:24:21    -5345.887695        0.002965
FIRE2:  586 18:24:22    -5345.888672        0.002950
FIRE2:  587 18:24:23    -5345.888672        0.002931
FIRE2:  588 18:24:24    -5345.888672        0.002909
FIRE2:  589 18:24:25    -5345.888184        0.002883
FIRE2:  590 18:24:26    -5345.888184        0.002852
FIRE2:  591 18:24:27    -5345.887695        0.002816
FIRE2:  592 18:24:28    -5345.888184        0.002776
FIRE2:  593 18:24:29    -5345.888672        0.002727
FIRE2:  594 18:24:30    -5345.888672        0.002679
FIRE2:  595 18:24:31    -5345.888672        0.002554
FIRE2:  596 18:24:32    -5345.888672        0.002665
FIRE2:  597 18:24:33    -5345.888672        0.002587
FIRE2:  598 18:24:34    -5345.888672        0.002517
FIRE2:  599 18:24:36    -5345.888672        0.002536
FIRE2:  600 18:24:37    -5345.888672        0.002539
FIRE2:  601 18:24:38    -5345.888672        0.002546
FIRE2:  602 18:24:39    -5345.888672        0.002551
FIRE2:  603 18:24:40    -5345.888672        0.002553
FIRE2:  604 18:24:41    -5345.888672        0.002553
FIRE2:  605 18:24:42    -5345.888672        0.002548
FIRE2:  606 18:24:43    -5345.888672        0.002543
FIRE2:  607 18:24:44    -5345.888672        0.002535
FIRE2:  608 18:24:45    -5345.888672        0.002532
FIRE2:  609 18:24:46    -5345.888672        0.002527
FIRE2:  610 18:24:47    -5345.888672        0.002526
FIRE2:  611 18:24:48    -5345.888672        0.002524
FIRE2:  612 18:24:49    -5345.888672        0.002521
FIRE2:  613 18:24:50    -5345.888672        0.002515
FIRE2:  614 18:24:51    -5345.888672        0.002508
FIRE2:  615 18:24:52    -5345.888672        0.002503
FIRE2:  616 18:24:53    -5345.888672        0.002496
FIRE2:  617 18:24:54    -5345.888672        0.002490
FIRE2:  618 18:24:55    -5345.888672        0.002486
FIRE2:  619 18:24:56    -5345.888672        0.002479
FIRE2:  620 18:24:57    -5345.888672        0.002471
FIRE2:  621 18:24:58    -5345.888672        0.002461
FIRE2:  622 18:24:59    -5345.888672        0.002452
FIRE2:  623 18:25:00    -5345.888672        0.002439
FIRE2:  624 18:25:01    -5345.888672        0.002427
FIRE2:  625 18:25:02    -5345.888672        0.002408
FIRE2:  626 18:25:03    -5345.888672        0.002389
FIRE2:  627 18:25:04    -5345.888672        0.002369
FIRE2:  628 18:25:05    -5345.888672        0.002341
FIRE2:  629 18:25:06    -5345.888672        0.002310
FIRE2:  630 18:25:07    -5345.888672        0.002272
FIRE2:  631 18:25:07    -5345.888672        0.002236
FIRE2:  632 18:25:08    -5345.888672        0.002157
FIRE2:  633 18:25:09    -5345.888672        0.002226
FIRE2:  634 18:25:10    -5345.888672        0.002676
FIRE2:  635 18:25:12    -5345.888672        0.002052
FIRE2:  636 18:25:13    -5345.888672        0.002127
FIRE2:  637 18:25:15    -5345.888672        0.002105
FIRE2:  638 18:25:16    -5345.888672        0.002098
FIRE2:  639 18:25:17    -5345.888672        0.002087
FIRE2:  640 18:25:18    -5345.888672        0.002077
FIRE2:  641 18:25:19    -5345.888672        0.002071
FIRE2:  642 18:25:20    -5345.888672        0.002068
FIRE2:  643 18:25:21    -5345.888672        0.002068
FIRE2:  644 18:25:22    -5345.888672        0.002072
FIRE2:  645 18:25:23    -5345.888672        0.002073
FIRE2:  646 18:25:24    -5345.888672        0.002072
FIRE2:  647 18:25:25    -5345.888672        0.002068
FIRE2:  648 18:25:26    -5345.888672        0.002061
FIRE2:  649 18:25:27    -5345.888672        0.002055
FIRE2:  650 18:25:28    -5345.888672        0.002052
FIRE2:  651 18:25:29    -5345.888672        0.002049
FIRE2:  652 18:25:30    -5345.888672        0.002046
FIRE2:  653 18:25:31    -5345.888672        0.002042
FIRE2:  654 18:25:32    -5345.888672        0.002036
FIRE2:  655 18:25:33    -5345.888672        0.002028
FIRE2:  656 18:25:34    -5345.888672        0.002023
FIRE2:  657 18:25:35    -5345.888672        0.002018
FIRE2:  658 18:25:36    -5345.888672        0.002011
FIRE2:  659 18:25:37    -5345.888672        0.002003
FIRE2:  660 18:25:37    -5345.888672        0.001993
FIRE2:  661 18:25:38    -5345.888672        0.001983
FIRE2:  662 18:25:39    -5345.888672        0.001971
FIRE2:  663 18:25:40    -5345.888672        0.001957
FIRE2:  664 18:25:41    -5345.888672        0.001940
FIRE2:  665 18:25:42    -5345.888672        0.001920
FIRE2:  666 18:25:43    -5345.888672        0.001895
FIRE2:  667 18:25:44    -5345.888672        0.001870
FIRE2:  668 18:25:45    -5345.888672        0.001832
FIRE2:  669 18:25:46    -5345.888672        0.001817
FIRE2:  670 18:25:47    -5345.888672        0.001702
FIRE2:  671 18:25:48    -5345.888672        0.001794
FIRE2:  672 18:25:50    -5345.888672        0.001747
FIRE2:  673 18:25:51    -5345.888672        0.001710
FIRE2:  674 18:25:53    -5345.888672        0.001719
FIRE2:  675 18:25:54    -5345.888672        0.001721
FIRE2:  676 18:25:55    -5345.888672        0.001723
FIRE2:  677 18:25:56    -5345.888672        0.001724
FIRE2:  678 18:25:57    -5345.888672        0.001724
FIRE2:  679 18:25:58    -5345.888672        0.001724
FIRE2:  680 18:25:59    -5345.888672        0.001724
FIRE2:  681 18:26:00    -5345.888672        0.001720
FIRE2:  682 18:26:01    -5345.888672        0.001717
FIRE2:  683 18:26:02    -5345.888672        0.001713
FIRE2:  684 18:26:03    -5345.888672        0.001713
FIRE2:  685 18:26:04    -5345.888672        0.001709
FIRE2:  686 18:26:05    -5345.888672        0.001707
FIRE2:  687 18:26:06    -5345.888672        0.001705
FIRE2:  688 18:26:07    -5345.888672        0.001701
FIRE2:  689 18:26:08    -5345.888672        0.001697
FIRE2:  690 18:26:09    -5345.888672        0.001694
FIRE2:  691 18:26:10    -5345.888672        0.001689
FIRE2:  692 18:26:11    -5345.888672        0.001687
FIRE2:  693 18:26:12    -5345.888672        0.001682
FIRE2:  694 18:26:13    -5345.888672        0.001679
FIRE2:  695 18:26:13    -5345.888672        0.001673
FIRE2:  696 18:26:14    -5345.888672        0.001667
FIRE2:  697 18:26:15    -5345.888672        0.001659
FIRE2:  698 18:26:16    -5345.888672        0.001651
FIRE2:  699 18:26:17    -5345.888672        0.001643
FIRE2:  700 18:26:18    -5345.888672        0.001631
FIRE2:  701 18:26:19    -5345.888672        0.001619
FIRE2:  702 18:26:20    -5345.888672        0.001605
FIRE2:  703 18:26:21    -5345.888672        0.001585
FIRE2:  704 18:26:22    -5345.888672        0.001568
FIRE2:  705 18:26:23    -5345.888672        0.001538
FIRE2:  706 18:26:24    -5345.888672        0.001529
FIRE2:  707 18:26:25    -5345.888672        0.001438
FIRE2:  708 18:26:26    -5345.888672        0.001517
FIRE2:  709 18:26:28    -5345.888672        0.001476
FIRE2:  710 18:26:29    -5345.888672        0.001449
FIRE2:  711 18:26:31    -5345.888672        0.001456
FIRE2:  712 18:26:32    -5345.888672        0.001457
FIRE2:  713 18:26:33    -5345.889160        0.001458
FIRE2:  714 18:26:34    -5345.888672        0.001458
FIRE2:  715 18:26:35    -5345.888672        0.001457
FIRE2:  716 18:26:36    -5345.889648        0.001456
FIRE2:  717 18:26:37    -5345.888672        0.001455
FIRE2:  718 18:26:38    -5345.889648        0.001454
FIRE2:  719 18:26:39    -5345.888672        0.001450
FIRE2:  720 18:26:40    -5345.888672        0.001451
FIRE2:  721 18:26:41    -5345.888672        0.001447
FIRE2:  722 18:26:42    -5345.888672        0.001445
FIRE2:  723 18:26:43    -5345.888672        0.001443
FIRE2:  724 18:26:44    -5345.888672        0.001443
FIRE2:  725 18:26:44    -5345.888672        0.001440
FIRE2:  726 18:26:45    -5345.888672        0.001437
FIRE2:  727 18:26:46    -5345.888672        0.001435
FIRE2:  728 18:26:47    -5345.888672        0.001432
FIRE2:  729 18:26:48    -5345.888672        0.001427
FIRE2:  730 18:26:49    -5345.888672        0.001425
FIRE2:  731 18:26:50    -5345.888672        0.001421
FIRE2:  732 18:26:51    -5345.888672        0.001418
FIRE2:  733 18:26:52    -5345.888672        0.001412
FIRE2:  734 18:26:53    -5345.888672        0.001408
FIRE2:  735 18:26:54    -5345.888672        0.001401
FIRE2:  736 18:26:55    -5345.888672        0.001395
FIRE2:  737 18:26:56    -5345.888672        0.001387
FIRE2:  738 18:26:57    -5345.888672        0.001377
FIRE2:  739 18:26:58    -5345.888672        0.001367
FIRE2:  740 18:26:59    -5345.888672        0.001354
FIRE2:  741 18:27:00    -5345.888672        0.001336
FIRE2:  742 18:27:01    -5345.888672        0.001320
FIRE2:  743 18:27:02    -5345.888672        0.001291
FIRE2:  744 18:27:03    -5345.888672        0.001287
FIRE2:  745 18:27:04    -5345.888672        0.001193
FIRE2:  746 18:27:05    -5345.888672        0.001282
FIRE2:  747 18:27:07    -5345.889648        0.001238
FIRE2:  748 18:27:08    -5345.888672        0.001207
FIRE2:  749 18:27:10    -5345.888672        0.001215
FIRE2:  750 18:27:11    -5345.888672        0.001218
FIRE2:  751 18:27:12    -5345.888672        0.001219
FIRE2:  752 18:27:13    -5345.888672        0.001220
FIRE2:  753 18:27:14    -5345.888672        0.001222
FIRE2:  754 18:27:15    -5345.888672        0.001220
FIRE2:  755 18:27:15    -5345.888672        0.001220
FIRE2:  756 18:27:16    -5345.888672        0.001216
FIRE2:  757 18:27:17    -5345.889648        0.001215
FIRE2:  758 18:27:18    -5345.888672        0.001211
FIRE2:  759 18:27:19    -5345.888672        0.001210
FIRE2:  760 18:27:20    -5345.888672        0.001210
FIRE2:  761 18:27:21    -5345.888672        0.001207
FIRE2:  762 18:27:22    -5345.888672        0.001207
FIRE2:  763 18:27:23    -5345.888672        0.001204
FIRE2:  764 18:27:24    -5345.888672        0.001202
FIRE2:  765 18:27:25    -5345.888672        0.001198
FIRE2:  766 18:27:26    -5345.889160        0.001196
FIRE2:  767 18:27:27    -5345.888672        0.001194
FIRE2:  768 18:27:28    -5345.888672        0.001190
FIRE2:  769 18:27:29    -5345.888672        0.001187
FIRE2:  770 18:27:30    -5345.888672        0.001184
FIRE2:  771 18:27:31    -5345.888672        0.001180
FIRE2:  772 18:27:32    -5345.888672        0.001174
FIRE2:  773 18:27:33    -5345.889648        0.001170
FIRE2:  774 18:27:34    -5345.888672        0.001164
FIRE2:  775 18:27:35    -5345.888672        0.001155
FIRE2:  776 18:27:36    -5345.888672        0.001147
FIRE2:  777 18:27:37    -5345.888672        0.001137
FIRE2:  778 18:27:38    -5345.888672        0.001123
FIRE2:  779 18:27:39    -5345.888672        0.001110
FIRE2:  780 18:27:40    -5345.889648        0.001091
FIRE2:  781 18:27:41    -5345.888672        0.001079
FIRE2:  782 18:27:42    -5345.889648        0.001031
FIRE2:  783 18:27:43    -5345.888672        0.001066
FIRE2:  784 18:27:45    -5345.889648        0.001046
FIRE2:  785 18:27:46    -5345.888672        0.001028
FIRE2:  786 18:27:47    -5345.888672        0.001020
FIRE2:  787 18:27:48    -5345.888672        0.001024
FIRE2:  788 18:27:49    -5345.888672        0.001031
FIRE2:  789 18:27:50    -5345.888672        0.001033
FIRE2:  790 18:27:51    -5345.889648        0.001029
FIRE2:  791 18:27:52    -5345.888672        0.001018
FIRE2:  792 18:27:53    -5345.888672        0.001013
FIRE2:  793 18:27:54    -5345.888672        0.001015
FIRE2:  794 18:27:55    -5345.888672        0.001012
FIRE2:  795 18:27:55    -5345.888672        0.001003
FIRE2:  796 18:27:56    -5345.889648        0.000997
