       Step     Time          Energy          fmax
FIRE2:    0 18:28:07    -5331.919922        0.304428
FIRE2:    1 18:28:08    -5332.014648        0.293842
FIRE2:    2 18:28:09    -5332.137695        0.290081
FIRE2:    3 18:28:10    -5332.207031        0.285549
FIRE2:    4 18:28:11    -5332.217773        0.282013
FIRE2:    5 18:28:13    -5332.223633        0.282982
FIRE2:    6 18:28:14    -5332.228516        0.283159
FIRE2:    7 18:28:15    -5332.236328        0.283402
FIRE2:    8 18:28:16    -5332.244141        0.283682
FIRE2:    9 18:28:17    -5332.253906        0.283956
FIRE2:   10 18:28:18    -5332.262695        0.284171
FIRE2:   11 18:28:19    -5332.272461        0.284263
FIRE2:   12 18:28:20    -5332.283203        0.284181
FIRE2:   13 18:28:21    -5332.294922        0.283892
FIRE2:   14 18:28:22    -5332.306641        0.283390
FIRE2:   15 18:28:23    -5332.320312        0.282692
FIRE2:   16 18:28:24    -5332.334961        0.281828
FIRE2:   17 18:28:25    -5332.349609        0.280839
FIRE2:   18 18:28:26    -5332.365234        0.279766
FIRE2:   19 18:28:27    -5332.381836        0.278654
FIRE2:   20 18:28:28    -5332.399414        0.277525
FIRE2:   21 18:28:29    -5332.416992        0.276386
FIRE2:   22 18:28:30    -5332.435547        0.275221
FIRE2:   23 18:28:31    -5332.455078        0.274007
FIRE2:   24 18:28:32    -5332.474609        0.272722
FIRE2:   25 18:28:33    -5332.495117        0.271350
FIRE2:   26 18:28:34    -5332.518555        0.269742
FIRE2:   27 18:28:35    -5332.544922        0.267872
FIRE2:   28 18:28:36    -5332.574219        0.265731
FIRE2:   29 18:28:37    -5332.608398        0.263318
FIRE2:   30 18:28:38    -5332.646484        0.260616
FIRE2:   31 18:28:39    -5332.689453        0.257575
FIRE2:   32 18:28:40    -5332.738281        0.254092
FIRE2:   33 18:28:41    -5332.792969        0.250080
FIRE2:   34 18:28:42    -5332.854492        0.245488
FIRE2:   35 18:28:43    -5332.922852        0.240319
FIRE2:   36 18:28:43    -5333.000000        0.234482
FIRE2:   37 18:28:44    -5333.084961        0.227856
FIRE2:   38 18:28:45    -5333.166992        0.221405
FIRE2:   39 18:28:46    -5333.244141        0.215172
FIRE2:   40 18:28:47    -5333.317383        0.209035
FIRE2:   41 18:28:48    -5333.386719        0.203009
FIRE2:   42 18:28:49    -5333.453125        0.197046
FIRE2:   43 18:28:50    -5333.514648        0.191053
FIRE2:   44 18:28:51    -5333.573242        0.185092
FIRE2:   45 18:28:52    -5333.627930        0.179084
FIRE2:   46 18:28:53    -5333.679688        0.173093
FIRE2:   47 18:28:54    -5333.728516        0.167043
FIRE2:   48 18:28:55    -5333.773438        0.161052
FIRE2:   49 18:28:56    -5333.816406        0.154992
FIRE2:   50 18:28:57    -5333.856445        0.149228
FIRE2:   51 18:28:58    -5333.894531        0.143045
FIRE2:   52 18:28:59    -5333.928711        0.138330
FIRE2:   53 18:29:00    -5333.959961        0.131185
FIRE2:   54 18:29:01    -5333.993164        0.127575
FIRE2:   55 18:29:02    -5334.023438        0.120935
FIRE2:   56 18:29:03    -5334.049805        0.117589
FIRE2:   57 18:29:04    -5334.074219        0.110555
FIRE2:   58 18:29:05    -5334.101562        0.108275
FIRE2:   59 18:29:06    -5334.126953        0.101727
FIRE2:   60 18:29:07    -5334.148438        0.099654
FIRE2:   61 18:29:08    -5334.168945        0.092924
FIRE2:   62 18:29:10    -5333.961914        0.197164
FIRE2:   63 18:29:12    -5334.129883        0.102916
FIRE2:   64 18:29:13    -5334.131836        0.102181
FIRE2:   65 18:29:14    -5334.131836        0.102202
FIRE2:   66 18:29:15    -5334.132812        0.102188
FIRE2:   67 18:29:16    -5334.133789        0.102103
FIRE2:   68 18:29:17    -5334.134766        0.101936
FIRE2:   69 18:29:18    -5334.136719        0.101710
FIRE2:   70 18:29:19    -5334.138672        0.101470
FIRE2:   71 18:29:20    -5334.140625        0.101248
FIRE2:   72 18:29:21    -5334.142578        0.101028
FIRE2:   73 18:29:22    -5334.145508        0.100769
FIRE2:   74 18:29:23    -5334.148438        0.100444
FIRE2:   75 18:29:24    -5334.151367        0.100075
FIRE2:   76 18:29:25    -5334.155273        0.099702
FIRE2:   77 18:29:26    -5334.158203        0.099323
FIRE2:   78 18:29:27    -5334.162109        0.098909
FIRE2:   79 18:29:28    -5334.166016        0.098445
FIRE2:   80 18:29:29    -5334.170898        0.097950
FIRE2:   81 18:29:30    -5334.174805        0.097449
FIRE2:   82 18:29:31    -5334.179688        0.096919
FIRE2:   83 18:29:32    -5334.183594        0.096346
FIRE2:   84 18:29:33    -5334.189453        0.095744
FIRE2:   85 18:29:34    -5334.194336        0.095062
FIRE2:   86 18:29:35    -5334.201172        0.094266
FIRE2:   87 18:29:36    -5334.208008        0.093325
FIRE2:   88 18:29:37    -5334.216797        0.092256
FIRE2:   89 18:29:38    -5334.226562        0.090970
FIRE2:   90 18:29:39    -5334.237305        0.089551
FIRE2:   91 18:29:40    -5334.249023        0.087624
FIRE2:   92 18:29:41    -5334.261719        0.086501
FIRE2:   93 18:29:42    -5334.270508        0.082476
FIRE2:   94 18:29:44    -5334.272461        0.083809
FIRE2:   95 18:29:45    -5334.273438        0.084308
FIRE2:   96 18:29:46    -5334.273438        0.084542
FIRE2:   97 18:29:48    -5334.274414        0.084436
FIRE2:   98 18:29:49    -5334.274414        0.084349
FIRE2:   99 18:29:49    -5334.274414        0.084227
FIRE2:  100 18:29:50    -5334.275391        0.084090
FIRE2:  101 18:29:51    -5334.275391        0.083956
FIRE2:  102 18:29:52    -5334.275391        0.083850
FIRE2:  103 18:29:53    -5334.275391        0.083774
FIRE2:  104 18:29:54    -5334.276367        0.083726
FIRE2:  105 18:29:55    -5334.277344        0.083696
FIRE2:  106 18:29:56    -5334.277344        0.083660
FIRE2:  107 18:29:57    -5334.277344        0.083602
FIRE2:  108 18:29:58    -5334.278320        0.083508
FIRE2:  109 18:29:59    -5334.279297        0.083384
FIRE2:  110 18:30:00    -5334.280273        0.083240
FIRE2:  111 18:30:01    -5334.280273        0.083091
FIRE2:  112 18:30:02    -5334.281250        0.082949
FIRE2:  113 18:30:03    -5334.282227        0.082817
FIRE2:  114 18:30:04    -5334.283203        0.082685
FIRE2:  115 18:30:05    -5334.284180        0.082542
FIRE2:  116 18:30:06    -5334.285156        0.082380
FIRE2:  117 18:30:07    -5334.286133        0.082198
FIRE2:  118 18:30:08    -5334.288086        0.081986
FIRE2:  119 18:30:09    -5334.289062        0.081750
FIRE2:  120 18:30:10    -5334.290039        0.081489
FIRE2:  121 18:30:11    -5334.292969        0.081187
FIRE2:  122 18:30:12    -5334.294922        0.080822
FIRE2:  123 18:30:13    -5334.296875        0.080389
FIRE2:  124 18:30:14    -5334.300781        0.079890
FIRE2:  125 18:30:15    -5334.303711        0.079320
FIRE2:  126 18:30:16    -5334.307617        0.078630
FIRE2:  127 18:30:17    -5334.312500        0.077827
FIRE2:  128 18:30:18    -5334.317383        0.076895
FIRE2:  129 18:30:19    -5334.324219        0.075761
FIRE2:  130 18:30:20    -5334.331055        0.074529
FIRE2:  131 18:30:21    -5334.338867        0.072726
FIRE2:  132 18:30:22    -5334.345703        0.072112
FIRE2:  133 18:30:23    -5334.351562        0.068296
FIRE2:  134 18:30:25    -5334.354492        0.069631
FIRE2:  135 18:30:26    -5334.354492        0.070149
FIRE2:  136 18:30:28    -5334.354492        0.069993
FIRE2:  137 18:30:29    -5334.354492        0.069943
FIRE2:  138 18:30:29    -5334.354492        0.069879
FIRE2:  139 18:30:30    -5334.355469        0.069806
FIRE2:  140 18:30:31    -5334.355469        0.069734
FIRE2:  141 18:30:32    -5334.355469        0.069674
FIRE2:  142 18:30:33    -5334.355469        0.069623
FIRE2:  143 18:30:34    -5334.356445        0.069573
FIRE2:  144 18:30:35    -5334.356445        0.069516
FIRE2:  145 18:30:36    -5334.356445        0.069444
FIRE2:  146 18:30:37    -5334.357422        0.069353
FIRE2:  147 18:30:38    -5334.358398        0.069241
FIRE2:  148 18:30:39    -5334.358398        0.069116
FIRE2:  149 18:30:40    -5334.359375        0.068994
FIRE2:  150 18:30:41    -5334.359375        0.068867
FIRE2:  151 18:30:42    -5334.360352        0.068739
FIRE2:  152 18:30:43    -5334.361328        0.068605
FIRE2:  153 18:30:44    -5334.362305        0.068456
FIRE2:  154 18:30:45    -5334.362305        0.068292
FIRE2:  155 18:30:46    -5334.363281        0.068119
FIRE2:  156 18:30:47    -5334.364258        0.067942
FIRE2:  157 18:30:48    -5334.365234        0.067742
FIRE2:  158 18:30:49    -5334.366211        0.067512
FIRE2:  159 18:30:50    -5334.367188        0.067240
FIRE2:  160 18:30:51    -5334.369141        0.066917
FIRE2:  161 18:30:52    -5334.371094        0.066549
FIRE2:  162 18:30:53    -5334.373047        0.066122
FIRE2:  163 18:30:54    -5334.375000        0.065618
FIRE2:  164 18:30:55    -5334.377930        0.065028
FIRE2:  165 18:30:56    -5334.380859        0.064344
FIRE2:  166 18:30:57    -5334.384766        0.063530
FIRE2:  167 18:30:58    -5334.388672        0.062602
FIRE2:  168 18:30:59    -5334.393555        0.061430
FIRE2:  169 18:31:00    -5334.399414        0.060436
FIRE2:  170 18:31:01    -5334.402344        0.057935
FIRE2:  171 18:31:03    -5334.403320        0.058839
FIRE2:  172 18:31:04    -5334.404297        0.059235
FIRE2:  173 18:31:05    -5334.404297        0.059126
FIRE2:  174 18:31:06    -5334.403809        0.059102
FIRE2:  175 18:31:07    -5334.403809        0.059072
FIRE2:  176 18:31:08    -5334.404297        0.059035
FIRE2:  177 18:31:09    -5334.404297        0.058995
FIRE2:  178 18:31:10    -5334.404297        0.058955
FIRE2:  179 18:31:11    -5334.404297        0.058912
FIRE2:  180 18:31:12    -5334.404297        0.058869
FIRE2:  181 18:31:13    -5334.405273        0.058822
FIRE2:  182 18:31:14    -5334.405273        0.058767
FIRE2:  183 18:31:15    -5334.405273        0.058705
FIRE2:  184 18:31:16    -5334.405762        0.058634
FIRE2:  185 18:31:17    -5334.406250        0.058553
FIRE2:  186 18:31:18    -5334.406250        0.058465
FIRE2:  187 18:31:19    -5334.407227        0.058376
FIRE2:  188 18:31:20    -5334.407227        0.058283
FIRE2:  189 18:31:21    -5334.407227        0.058184
FIRE2:  190 18:31:22    -5334.408203        0.058079
FIRE2:  191 18:31:23    -5334.408691        0.057970
FIRE2:  192 18:31:24    -5334.409180        0.057849
FIRE2:  193 18:31:25    -5334.409180        0.057724
FIRE2:  194 18:31:26    -5334.410156        0.057581
FIRE2:  195 18:31:27    -5334.411133        0.057416
FIRE2:  196 18:31:28    -5334.411133        0.057226
FIRE2:  197 18:31:29    -5334.412109        0.057004
FIRE2:  198 18:31:30    -5334.413086        0.056741
FIRE2:  199 18:31:31    -5334.415039        0.056440
FIRE2:  200 18:31:32    -5334.416016        0.056089
FIRE2:  201 18:31:33    -5334.417969        0.055672
FIRE2:  202 18:31:34    -5334.419922        0.055187
FIRE2:  203 18:31:35    -5334.421875        0.054619
FIRE2:  204 18:31:36    -5334.424805        0.053953
FIRE2:  205 18:31:37    -5334.427734        0.053174
FIRE2:  206 18:31:38    -5334.430664        0.052247
FIRE2:  207 18:31:39    -5334.434570        0.051226
FIRE2:  208 18:31:40    -5334.438477        0.049650
FIRE2:  209 18:31:41    -5334.439453        0.049569
FIRE2:  210 18:31:43    -5334.442383        0.049177
FIRE2:  211 18:31:44    -5334.442383        0.048646
FIRE2:  212 18:31:46    -5334.442383        0.048803
FIRE2:  213 18:31:47    -5334.443359        0.048850
FIRE2:  214 18:31:48    -5334.443359        0.048904
FIRE2:  215 18:31:49    -5334.443359        0.048938
FIRE2:  216 18:31:50    -5334.443359        0.048939
FIRE2:  217 18:31:51    -5334.443359        0.048899
FIRE2:  218 18:31:52    -5334.443359        0.048829
FIRE2:  219 18:31:52    -5334.443359        0.048742
FIRE2:  220 18:31:53    -5334.443359        0.048659
FIRE2:  221 18:31:54    -5334.444336        0.048594
FIRE2:  222 18:31:55    -5334.444336        0.048545
FIRE2:  223 18:31:56    -5334.444336        0.048501
FIRE2:  224 18:31:57    -5334.444824        0.048440
FIRE2:  225 18:31:58    -5334.445312        0.048356
FIRE2:  226 18:31:59    -5334.445312        0.048252
FIRE2:  227 18:32:00    -5334.445312        0.048148
FIRE2:  228 18:32:01    -5334.446289        0.048051
FIRE2:  229 18:32:02    -5334.446289        0.047958
FIRE2:  230 18:32:03    -5334.447266        0.047859
FIRE2:  231 18:32:04    -5334.447266        0.047744
FIRE2:  232 18:32:05    -5334.448242        0.047617
FIRE2:  233 18:32:06    -5334.448242        0.047473
FIRE2:  234 18:32:07    -5334.449219        0.047317
FIRE2:  235 18:32:08    -5334.449219        0.047138
FIRE2:  236 18:32:09    -5334.450195        0.046920
FIRE2:  237 18:32:10    -5334.451172        0.046662
FIRE2:  238 18:32:11    -5334.452148        0.046376
FIRE2:  239 18:32:12    -5334.453125        0.046035
FIRE2:  240 18:32:13    -5334.455078        0.045629
FIRE2:  241 18:32:14    -5334.456055        0.045176
FIRE2:  242 18:32:15    -5334.458008        0.044597
FIRE2:  243 18:32:16    -5334.460938        0.044061
FIRE2:  244 18:32:17    -5334.462891        0.042950
FIRE2:  245 18:32:18    -5334.464844        0.043113
FIRE2:  246 18:32:20    -5334.464844        0.042876
FIRE2:  247 18:32:21    -5334.464844        0.042582
FIRE2:  248 18:32:23    -5334.464844        0.042655
FIRE2:  249 18:32:24    -5334.464844        0.042652
FIRE2:  250 18:32:25    -5334.464844        0.042645
FIRE2:  251 18:32:25    -5334.464844        0.042637
FIRE2:  252 18:32:26    -5334.464844        0.042626
FIRE2:  253 18:32:27    -5334.464844        0.042606
FIRE2:  254 18:32:28    -5334.464844        0.042581
FIRE2:  255 18:32:29    -5334.464844        0.042552
FIRE2:  256 18:32:30    -5334.464844        0.042517
FIRE2:  257 18:32:31    -5334.465820        0.042481
FIRE2:  258 18:32:32    -5334.465820        0.042440
FIRE2:  259 18:32:33    -5334.465820        0.042400
FIRE2:  260 18:32:34    -5334.465820        0.042355
FIRE2:  261 18:32:35    -5334.465820        0.042307
FIRE2:  262 18:32:36    -5334.465820        0.042257
FIRE2:  263 18:32:37    -5334.466797        0.042202
FIRE2:  264 18:32:38    -5334.466797        0.042141
FIRE2:  265 18:32:39    -5334.466797        0.042076
FIRE2:  266 18:32:40    -5334.467773        0.042011
FIRE2:  267 18:32:41    -5334.467773        0.041942
FIRE2:  268 18:32:42    -5334.467773        0.041868
FIRE2:  269 18:32:43    -5334.467773        0.041787
FIRE2:  270 18:32:44    -5334.467773        0.041690
FIRE2:  271 18:32:45    -5334.468750        0.041576
FIRE2:  272 18:32:46    -5334.468750        0.041444
FIRE2:  273 18:32:47    -5334.469727        0.041293
FIRE2:  274 18:32:48    -5334.470703        0.041114
FIRE2:  275 18:32:49    -5334.470703        0.040905
FIRE2:  276 18:32:50    -5334.471680        0.040664
FIRE2:  277 18:32:51    -5334.472656        0.040380
FIRE2:  278 18:32:52    -5334.473633        0.040042
FIRE2:  279 18:32:53    -5334.475586        0.039652
FIRE2:  280 18:32:54    -5334.476562        0.039191
FIRE2:  281 18:32:55    -5334.478516        0.038653
FIRE2:  282 18:32:56    -5334.480469        0.037997
FIRE2:  283 18:32:57    -5334.482910        0.037393
FIRE2:  284 18:32:58    -5334.484375        0.035813
FIRE2:  285 18:33:00    -5334.485352        0.036492
FIRE2:  286 18:33:01    -5334.485352        0.036853
FIRE2:  287 18:33:02    -5334.485352        0.036734
FIRE2:  288 18:33:03    -5334.485352        0.036687
FIRE2:  289 18:33:04    -5334.485352        0.036626
FIRE2:  290 18:33:05    -5334.485352        0.036565
FIRE2:  291 18:33:06    -5334.485352        0.036519
FIRE2:  292 18:33:07    -5334.485352        0.036495
FIRE2:  293 18:33:08    -5334.485352        0.036487
FIRE2:  294 18:33:09    -5334.485352        0.036486
FIRE2:  295 18:33:10    -5334.485352        0.036476
FIRE2:  296 18:33:11    -5334.485352        0.036445
FIRE2:  297 18:33:12    -5334.485352        0.036397
FIRE2:  298 18:33:13    -5334.485352        0.036337
FIRE2:  299 18:33:14    -5334.486328        0.036276
FIRE2:  300 18:33:15    -5334.486328        0.036226
FIRE2:  301 18:33:16    -5334.486328        0.036183
FIRE2:  302 18:33:17    -5334.486328        0.036136
FIRE2:  303 18:33:18    -5334.486328        0.036077
FIRE2:  304 18:33:19    -5334.487305        0.036006
FIRE2:  305 18:33:20    -5334.487305        0.035935
FIRE2:  306 18:33:21    -5334.487305        0.035860
FIRE2:  307 18:33:22    -5334.488281        0.035791
FIRE2:  308 18:33:23    -5334.488281        0.035710
FIRE2:  309 18:33:24    -5334.488281        0.035610
FIRE2:  310 18:33:25    -5334.488281        0.035491
FIRE2:  311 18:33:26    -5334.489258        0.035357
FIRE2:  312 18:33:27    -5334.489258        0.035204
FIRE2:  313 18:33:28    -5334.490234        0.035021
FIRE2:  314 18:33:29    -5334.491211        0.034805
FIRE2:  315 18:33:30    -5334.492188        0.034563
FIRE2:  316 18:33:31    -5334.492188        0.034266
FIRE2:  317 18:33:32    -5334.494141        0.033943
FIRE2:  318 18:33:33    -5334.495117        0.033489
FIRE2:  319 18:33:34    -5334.496094        0.033250
FIRE2:  320 18:33:35    -5334.497070        0.032161
FIRE2:  321 18:33:37    -5334.497070        0.032563
FIRE2:  322 18:33:38    -5334.498047        0.032751
FIRE2:  323 18:33:39    -5334.498047        0.032699
FIRE2:  324 18:33:40    -5334.498047        0.032694
FIRE2:  325 18:33:41    -5334.498047        0.032683
FIRE2:  326 18:33:42    -5334.498047        0.032669
FIRE2:  327 18:33:43    -5334.498047        0.032657
FIRE2:  328 18:33:44    -5334.498047        0.032643
FIRE2:  329 18:33:45    -5334.498047        0.032627
FIRE2:  330 18:33:46    -5334.498047        0.032611
FIRE2:  331 18:33:47    -5334.498047        0.032592
FIRE2:  332 18:33:48    -5334.498047        0.032573
FIRE2:  333 18:33:49    -5334.498047        0.032548
FIRE2:  334 18:33:50    -5334.498047        0.032521
FIRE2:  335 18:33:51    -5334.498047        0.032489
FIRE2:  336 18:33:52    -5334.499023        0.032458
FIRE2:  337 18:33:53    -5334.499023        0.032425
FIRE2:  338 18:33:54    -5334.499023        0.032390
FIRE2:  339 18:33:55    -5334.499023        0.032353
FIRE2:  340 18:33:56    -5334.499023        0.032312
FIRE2:  341 18:33:57    -5334.499023        0.032269
FIRE2:  342 18:33:58    -5334.499023        0.032225
FIRE2:  343 18:33:59    -5334.499023        0.032179
FIRE2:  344 18:34:00    -5334.500000        0.032125
FIRE2:  345 18:34:01    -5334.500000        0.032064
FIRE2:  346 18:34:02    -5334.500000        0.031991
FIRE2:  347 18:34:03    -5334.500000        0.031907
FIRE2:  348 18:34:04    -5334.500000        0.031808
FIRE2:  349 18:34:05    -5334.500977        0.031695
FIRE2:  350 18:34:06    -5334.500977        0.031560
FIRE2:  351 18:34:07    -5334.501953        0.031404
FIRE2:  352 18:34:08    -5334.501953        0.031219
FIRE2:  353 18:34:09    -5334.502930        0.031006
FIRE2:  354 18:34:10    -5334.503906        0.030752
FIRE2:  355 18:34:11    -5334.504883        0.030457
FIRE2:  356 18:34:12    -5334.505859        0.030102
FIRE2:  357 18:34:13    -5334.506836        0.029718
FIRE2:  358 18:34:14    -5334.508789        0.029080
FIRE2:  359 18:34:15    -5334.509766        0.029285
FIRE2:  360 18:34:16    -5334.509766        0.028962
FIRE2:  361 18:34:17    -5334.509766        0.028599
FIRE2:  362 18:34:19    -5334.509766        0.028704
FIRE2:  363 18:34:20    -5334.509766        0.028733
FIRE2:  364 18:34:21    -5334.509766        0.028765
FIRE2:  365 18:34:22    -5334.509766        0.028788
FIRE2:  366 18:34:23    -5334.509766        0.028799
FIRE2:  367 18:34:24    -5334.509766        0.028789
FIRE2:  368 18:34:25    -5334.509766        0.028755
FIRE2:  369 18:34:26    -5334.509766        0.028714
FIRE2:  370 18:34:27    -5334.509766        0.028670
FIRE2:  371 18:34:28    -5334.510254        0.028641
FIRE2:  372 18:34:29    -5334.510742        0.028621
FIRE2:  373 18:34:30    -5334.510742        0.028607
FIRE2:  374 18:34:31    -5334.510742        0.028586
FIRE2:  375 18:34:32    -5334.510742        0.028552
FIRE2:  376 18:34:33    -5334.510742        0.028508
FIRE2:  377 18:34:34    -5334.510742        0.028464
FIRE2:  378 18:34:35    -5334.510742        0.028419
FIRE2:  379 18:34:36    -5334.511719        0.028379
FIRE2:  380 18:34:37    -5334.511719        0.028340
FIRE2:  381 18:34:38    -5334.511719        0.028295
FIRE2:  382 18:34:39    -5334.511719        0.028241
FIRE2:  383 18:34:40    -5334.511719        0.028179
FIRE2:  384 18:34:41    -5334.511719        0.028113
FIRE2:  385 18:34:42    -5334.512695        0.028038
FIRE2:  386 18:34:43    -5334.512695        0.027949
FIRE2:  387 18:34:44    -5334.512695        0.027840
FIRE2:  388 18:34:45    -5334.513672        0.027720
FIRE2:  389 18:34:46    -5334.513672        0.027579
FIRE2:  390 18:34:47    -5334.514648        0.027404
FIRE2:  391 18:34:48    -5334.514648        0.027214
FIRE2:  392 18:34:49    -5334.515625        0.026972
FIRE2:  393 18:34:50    -5334.516602        0.026735
FIRE2:  394 18:34:51    -5334.517578        0.026287
FIRE2:  395 18:34:52    -5334.518555        0.026395
FIRE2:  396 18:34:52    -5334.518555        0.025302
FIRE2:  397 18:34:54    -5334.519531        0.025701
FIRE2:  398 18:34:55    -5334.519531        0.025871
FIRE2:  399 18:34:57    -5334.519531        0.025820
FIRE2:  400 18:34:58    -5334.519531        0.025806
FIRE2:  401 18:34:59    -5334.519531        0.025785
FIRE2:  402 18:35:00    -5334.519531        0.025764
FIRE2:  403 18:35:01    -5334.519531        0.025745
FIRE2:  404 18:35:02    -5334.519531        0.025731
FIRE2:  405 18:35:03    -5334.519531        0.025721
FIRE2:  406 18:35:04    -5334.519531        0.025714
FIRE2:  407 18:35:05    -5334.519531        0.025704
FIRE2:  408 18:35:06    -5334.519531        0.025690
FIRE2:  409 18:35:07    -5334.519531        0.025669
FIRE2:  410 18:35:08    -5334.519531        0.025643
FIRE2:  411 18:35:09    -5334.519531        0.025613
FIRE2:  412 18:35:10    -5334.520020        0.025585
FIRE2:  413 18:35:11    -5334.519531        0.025560
FIRE2:  414 18:35:12    -5334.520508        0.025534
FIRE2:  415 18:35:13    -5334.520508        0.025504
FIRE2:  416 18:35:14    -5334.520508        0.025472
FIRE2:  417 18:35:15    -5334.520508        0.025437
FIRE2:  418 18:35:16    -5334.520508        0.025397
FIRE2:  419 18:35:17    -5334.520508        0.025357
FIRE2:  420 18:35:18    -5334.520508        0.025316
FIRE2:  421 18:35:19    -5334.520508        0.025265
FIRE2:  422 18:35:20    -5334.521484        0.025204
FIRE2:  423 18:35:21    -5334.521484        0.025133
FIRE2:  424 18:35:22    -5334.521484        0.025051
FIRE2:  425 18:35:23    -5334.521484        0.024960
FIRE2:  426 18:35:24    -5334.522461        0.024848
FIRE2:  427 18:35:24    -5334.522461        0.024718
FIRE2:  428 18:35:25    -5334.523438        0.024568
FIRE2:  429 18:35:26    -5334.523438        0.024388
FIRE2:  430 18:35:27    -5334.524414        0.024183
FIRE2:  431 18:35:28    -5334.525391        0.023922
FIRE2:  432 18:35:29    -5334.525391        0.023700
FIRE2:  433 18:35:30    -5334.526367        0.023057
FIRE2:  434 18:35:31    -5334.527344        0.023491
FIRE2:  435 18:35:33    -5334.527344        0.023182
FIRE2:  436 18:35:34    -5334.527344        0.022909
FIRE2:  437 18:35:36    -5334.527344        0.022988
FIRE2:  438 18:35:37    -5334.527344        0.023009
FIRE2:  439 18:35:38    -5334.527344        0.023035
FIRE2:  440 18:35:39    -5334.527344        0.023054
FIRE2:  441 18:35:40    -5334.527344        0.023062
FIRE2:  442 18:35:41    -5334.527344        0.023052
FIRE2:  443 18:35:42    -5334.527344        0.023031
FIRE2:  444 18:35:43    -5334.528320        0.022999
FIRE2:  445 18:35:44    -5334.527344        0.022970
FIRE2:  446 18:35:45    -5334.528320        0.022946
FIRE2:  447 18:35:46    -5334.528320        0.022934
FIRE2:  448 18:35:47    -5334.528320        0.022922
FIRE2:  449 18:35:48    -5334.528320        0.022909
FIRE2:  450 18:35:49    -5334.528320        0.022884
FIRE2:  451 18:35:50    -5334.528320        0.022854
FIRE2:  452 18:35:51    -5334.528320        0.022821
FIRE2:  453 18:35:52    -5334.528320        0.022788
FIRE2:  454 18:35:53    -5334.528320        0.022762
FIRE2:  455 18:35:54    -5334.528320        0.022734
FIRE2:  456 18:35:55    -5334.528809        0.022701
FIRE2:  457 18:35:56    -5334.528320        0.022665
FIRE2:  458 18:35:57    -5334.529297        0.022618
FIRE2:  459 18:35:58    -5334.529297        0.022572
FIRE2:  460 18:35:59    -5334.529297        0.022518
FIRE2:  461 18:35:59    -5334.529297        0.022456
FIRE2:  462 18:36:00    -5334.529297        0.022378
FIRE2:  463 18:36:01    -5334.529297        0.022290
FIRE2:  464 18:36:02    -5334.530273        0.022190
FIRE2:  465 18:36:03    -5334.530273        0.022067
FIRE2:  466 18:36:04    -5334.530273        0.021930
FIRE2:  467 18:36:05    -5334.531250        0.021756
FIRE2:  468 18:36:06    -5334.532227        0.021581
FIRE2:  469 18:36:07    -5334.532227        0.021288
FIRE2:  470 18:36:08    -5334.533203        0.021308
FIRE2:  471 18:36:09    -5334.533203        0.020449
FIRE2:  472 18:36:11    -5334.534180        0.020789
FIRE2:  473 18:36:12    -5334.534180        0.020961
FIRE2:  474 18:36:14    -5334.534180        0.020909
FIRE2:  475 18:36:15    -5334.534180        0.020896
FIRE2:  476 18:36:16    -5334.534180        0.020879
FIRE2:  477 18:36:17    -5334.534180        0.020862
FIRE2:  478 18:36:18    -5334.534180        0.020846
FIRE2:  479 18:36:19    -5334.534180        0.020835
FIRE2:  480 18:36:20    -5334.534180        0.020827
FIRE2:  481 18:36:21    -5334.534180        0.020822
FIRE2:  482 18:36:22    -5334.534180        0.020817
FIRE2:  483 18:36:23    -5334.534180        0.020808
FIRE2:  484 18:36:24    -5334.534180        0.020793
FIRE2:  485 18:36:25    -5334.534180        0.020772
FIRE2:  486 18:36:26    -5334.534180        0.020753
FIRE2:  487 18:36:27    -5334.534180        0.020730
FIRE2:  488 18:36:28    -5334.534180        0.020712
FIRE2:  489 18:36:29    -5334.534180        0.020692
FIRE2:  490 18:36:30    -5334.534180        0.020672
FIRE2:  491 18:36:31    -5334.534180        0.020647
FIRE2:  492 18:36:32    -5334.534180        0.020619
FIRE2:  493 18:36:33    -5334.535156        0.020593
FIRE2:  494 18:36:34    -5334.535156        0.020563
FIRE2:  495 18:36:34    -5334.535156        0.020533
FIRE2:  496 18:36:35    -5334.535156        0.020496
FIRE2:  497 18:36:36    -5334.535156        0.020451
FIRE2:  498 18:36:37    -5334.535156        0.020401
FIRE2:  499 18:36:38    -5334.535156        0.020339
FIRE2:  500 18:36:39    -5334.535156        0.020272
FIRE2:  501 18:36:40    -5334.536133        0.020190
FIRE2:  502 18:36:41    -5334.536133        0.020096
FIRE2:  503 18:36:42    -5334.536133        0.019984
FIRE2:  504 18:36:43    -5334.537109        0.019850
FIRE2:  505 18:36:44    -5334.537109        0.019702
FIRE2:  506 18:36:45    -5334.538086        0.019496
FIRE2:  507 18:36:46    -5334.538086        0.019383
FIRE2:  508 18:36:47    -5334.539062        0.018795
FIRE2:  509 18:36:48    -5334.539062        0.019226
FIRE2:  510 18:36:50    -5334.539062        0.018976
FIRE2:  511 18:36:51    -5334.539062        0.018784
FIRE2:  512 18:36:53    -5334.539062        0.018839
FIRE2:  513 18:36:54    -5334.539062        0.018852
FIRE2:  514 18:36:55    -5334.539062        0.018867
FIRE2:  515 18:36:56    -5334.539062        0.018879
FIRE2:  516 18:36:57    -5334.540039        0.018884
FIRE2:  517 18:36:58    -5334.539062        0.018879
FIRE2:  518 18:36:59    -5334.539062        0.018864
FIRE2:  519 18:37:00    -5334.539062        0.018842
FIRE2:  520 18:37:01    -5334.539062        0.018821
FIRE2:  521 18:37:02    -5334.539062        0.018803
FIRE2:  522 18:37:03    -5334.539062        0.018792
FIRE2:  523 18:37:04    -5334.540039        0.018783
FIRE2:  524 18:37:05    -5334.540039        0.018770
FIRE2:  525 18:37:06    -5334.540039        0.018754
FIRE2:  526 18:37:06    -5334.540039        0.018732
FIRE2:  527 18:37:07    -5334.540039        0.018706
FIRE2:  528 18:37:08    -5334.540039        0.018684
FIRE2:  529 18:37:09    -5334.540039        0.018661
FIRE2:  530 18:37:10    -5334.540039        0.018640
FIRE2:  531 18:37:11    -5334.540039        0.018615
FIRE2:  532 18:37:12    -5334.540039        0.018585
FIRE2:  533 18:37:13    -5334.540039        0.018555
FIRE2:  534 18:37:14    -5334.540039        0.018517
FIRE2:  535 18:37:15    -5334.541016        0.018479
FIRE2:  536 18:37:16    -5334.541016        0.018431
FIRE2:  537 18:37:17    -5334.541016        0.018371
FIRE2:  538 18:37:18    -5334.541016        0.018304
FIRE2:  539 18:37:19    -5334.541016        0.018229
FIRE2:  540 18:37:20    -5334.541504        0.018135
FIRE2:  541 18:37:21    -5334.541016        0.018028
FIRE2:  542 18:37:22    -5334.541992        0.017902
FIRE2:  543 18:37:23    -5334.542969        0.017754
FIRE2:  544 18:37:24    -5334.542969        0.017579
FIRE2:  545 18:37:25    -5334.542969        0.017377
FIRE2:  546 18:37:26    -5334.543945        0.017115
FIRE2:  547 18:37:27    -5334.543945        0.017000
FIRE2:  548 18:37:29    -5334.544922        0.016963
FIRE2:  549 18:37:30    -5334.544922        0.016884
FIRE2:  550 18:37:32    -5334.544922        0.016910
FIRE2:  551 18:37:33    -5334.544922        0.016917
FIRE2:  552 18:37:34    -5334.544922        0.016927
FIRE2:  553 18:37:35    -5334.543945        0.016931
FIRE2:  554 18:37:36    -5334.544922        0.016932
FIRE2:  555 18:37:37    -5334.544922        0.016922
FIRE2:  556 18:37:38    -5334.544922        0.016907
FIRE2:  557 18:37:39    -5334.544922        0.016888
FIRE2:  558 18:37:40    -5334.544922        0.016873
FIRE2:  559 18:37:41    -5334.544922        0.016860
FIRE2:  560 18:37:42    -5334.544922        0.016852
FIRE2:  561 18:37:42    -5334.544922        0.016842
FIRE2:  562 18:37:43    -5334.544922        0.016827
FIRE2:  563 18:37:44    -5334.544922        0.016808
FIRE2:  564 18:37:45    -5334.544922        0.016788
FIRE2:  565 18:37:46    -5334.544922        0.016766
FIRE2:  566 18:37:47    -5334.544922        0.016746
FIRE2:  567 18:37:48    -5334.544922        0.016726
FIRE2:  568 18:37:49    -5334.544922        0.016704
FIRE2:  569 18:37:50    -5334.544922        0.016680
FIRE2:  570 18:37:51    -5334.544922        0.016650
FIRE2:  571 18:37:52    -5334.544922        0.016621
FIRE2:  572 18:37:53    -5334.544922        0.016589
FIRE2:  573 18:37:54    -5334.545898        0.016549
FIRE2:  574 18:37:55    -5334.545898        0.016501
FIRE2:  575 18:37:56    -5334.545898        0.016447
FIRE2:  576 18:37:57    -5334.545898        0.016385
FIRE2:  577 18:37:58    -5334.545898        0.016310
FIRE2:  578 18:37:59    -5334.546387        0.016224
FIRE2:  579 18:38:00    -5334.546875        0.016124
FIRE2:  580 18:38:01    -5334.546875        0.015997
FIRE2:  581 18:38:02    -5334.546875        0.015879
FIRE2:  582 18:38:03    -5334.547852        0.015610
FIRE2:  583 18:38:04    -5334.547852        0.015760
FIRE2:  584 18:38:06    -5334.547852        0.015641
FIRE2:  585 18:38:07    -5334.547852        0.015519
FIRE2:  586 18:38:09    -5334.547852        0.015550
FIRE2:  587 18:38:10    -5334.547852        0.015550
FIRE2:  588 18:38:11    -5334.547852        0.015552
FIRE2:  589 18:38:12    -5334.547852        0.015551
FIRE2:  590 18:38:13    -5334.547852        0.015549
FIRE2:  591 18:38:13    -5334.547852        0.015547
FIRE2:  592 18:38:14    -5334.547852        0.015537
FIRE2:  593 18:38:15    -5334.547852        0.015532
FIRE2:  594 18:38:16    -5334.547852        0.015522
FIRE2:  595 18:38:17    -5334.547852        0.015514
FIRE2:  596 18:38:18    -5334.547852        0.015505
FIRE2:  597 18:38:19    -5334.548828        0.015494
FIRE2:  598 18:38:20    -5334.548828        0.015484
FIRE2:  599 18:38:21    -5334.547852        0.015476
FIRE2:  600 18:38:22    -5334.547852        0.015462
FIRE2:  601 18:38:23    -5334.547852        0.015447
FIRE2:  602 18:38:24    -5334.548828        0.015432
FIRE2:  603 18:38:25    -5334.548828        0.015418
FIRE2:  604 18:38:26    -5334.548340        0.015401
FIRE2:  605 18:38:27    -5334.548340        0.015386
FIRE2:  606 18:38:28    -5334.548828        0.015369
FIRE2:  607 18:38:29    -5334.548828        0.015348
FIRE2:  608 18:38:30    -5334.548828        0.015325
FIRE2:  609 18:38:31    -5334.548828        0.015299
FIRE2:  610 18:38:32    -5334.548828        0.015267
FIRE2:  611 18:38:33    -5334.548828        0.015231
FIRE2:  612 18:38:34    -5334.548828        0.015186
FIRE2:  613 18:38:35    -5334.548828        0.015135
FIRE2:  614 18:38:36    -5334.548828        0.015077
FIRE2:  615 18:38:37    -5334.548828        0.015008
FIRE2:  616 18:38:38    -5334.549805        0.014925
FIRE2:  617 18:38:39    -5334.549805        0.014829
FIRE2:  618 18:38:40    -5334.549805        0.014717
FIRE2:  619 18:38:41    -5334.549805        0.014579
FIRE2:  620 18:38:42    -5334.550781        0.014435
FIRE2:  621 18:38:43    -5334.550781        0.014178
FIRE2:  622 18:38:44    -5334.550781        0.014235
FIRE2:  623 18:38:46    -5334.550781        0.014135
FIRE2:  624 18:38:47    -5334.550781        0.014019
FIRE2:  625 18:38:49    -5334.550781        0.014054
FIRE2:  626 18:38:50    -5334.551270        0.014063
FIRE2:  627 18:38:51    -5334.551758        0.014073
FIRE2:  628 18:38:52    -5334.551758        0.014081
FIRE2:  629 18:38:53    -5334.551758        0.014083
FIRE2:  630 18:38:54    -5334.551758        0.014078
FIRE2:  631 18:38:54    -5334.551758        0.014064
FIRE2:  632 18:38:55    -5334.551758        0.014049
FIRE2:  633 18:38:56    -5334.551758        0.014033
FIRE2:  634 18:38:57    -5334.551758        0.014022
FIRE2:  635 18:38:58    -5334.551758        0.014016
FIRE2:  636 18:38:59    -5334.551758        0.014009
FIRE2:  637 18:39:00    -5334.551758        0.014000
FIRE2:  638 18:39:01    -5334.551758        0.013985
FIRE2:  639 18:39:02    -5334.551758        0.013966
FIRE2:  640 18:39:03    -5334.551758        0.013949
FIRE2:  641 18:39:04    -5334.551758        0.013933
FIRE2:  642 18:39:05    -5334.551758        0.013916
FIRE2:  643 18:39:06    -5334.551758        0.013899
FIRE2:  644 18:39:07    -5334.551758        0.013880
FIRE2:  645 18:39:08    -5334.551758        0.013857
FIRE2:  646 18:39:09    -5334.551758        0.013833
FIRE2:  647 18:39:10    -5334.551758        0.013807
FIRE2:  648 18:39:11    -5334.551758        0.013776
FIRE2:  649 18:39:12    -5334.551758        0.013739
FIRE2:  650 18:39:13    -5334.552734        0.013695
FIRE2:  651 18:39:14    -5334.552246        0.013644
FIRE2:  652 18:39:15    -5334.552734        0.013585
FIRE2:  653 18:39:16    -5334.552734        0.013515
FIRE2:  654 18:39:17    -5334.552734        0.013437
FIRE2:  655 18:39:18    -5334.552734        0.013335
FIRE2:  656 18:39:19    -5334.553711        0.013237
FIRE2:  657 18:39:20    -5334.553711        0.013045
FIRE2:  658 18:39:21    -5334.553711        0.013124
FIRE2:  659 18:39:22    -5334.553711        0.012586
FIRE2:  660 18:39:24    -5334.553711        0.012795
FIRE2:  661 18:39:25    -5334.553711        0.012893
FIRE2:  662 18:39:26    -5334.553711        0.012863
FIRE2:  663 18:39:27    -5334.553711        0.012854
FIRE2:  664 18:39:28    -5334.553711        0.012842
FIRE2:  665 18:39:29    -5334.553711        0.012829
FIRE2:  666 18:39:30    -5334.553711        0.012819
FIRE2:  667 18:39:31    -5334.553711        0.012812
FIRE2:  668 18:39:32    -5334.554688        0.012808
FIRE2:  669 18:39:33    -5334.553711        0.012807
FIRE2:  670 18:39:34    -5334.553711        0.012805
FIRE2:  671 18:39:35    -5334.554688        0.012799
FIRE2:  672 18:39:36    -5334.553711        0.012791
FIRE2:  673 18:39:37    -5334.553711        0.012777
FIRE2:  674 18:39:38    -5334.553711        0.012763
FIRE2:  675 18:39:39    -5334.553711        0.012752
FIRE2:  676 18:39:40    -5334.554688        0.012742
FIRE2:  677 18:39:41    -5334.554688        0.012731
FIRE2:  678 18:39:42    -5334.554688        0.012719
FIRE2:  679 18:39:43    -5334.554688        0.012703
FIRE2:  680 18:39:44    -5334.554688        0.012686
FIRE2:  681 18:39:45    -5334.554688        0.012670
FIRE2:  682 18:39:46    -5334.554688        0.012653
FIRE2:  683 18:39:47    -5334.554688        0.012636
FIRE2:  684 18:39:48    -5334.554688        0.012615
FIRE2:  685 18:39:49    -5334.554688        0.012587
FIRE2:  686 18:39:50    -5334.554688        0.012556
FIRE2:  687 18:39:51    -5334.554688        0.012522
FIRE2:  688 18:39:52    -5334.554688        0.012480
FIRE2:  689 18:39:53    -5334.554688        0.012428
FIRE2:  690 18:39:54    -5334.554688        0.012376
FIRE2:  691 18:39:55    -5334.554688        0.012310
FIRE2:  692 18:39:56    -5334.555664        0.012229
FIRE2:  693 18:39:57    -5334.555664        0.012139
FIRE2:  694 18:39:58    -5334.555664        0.012020
FIRE2:  695 18:39:59    -5334.555664        0.011944
FIRE2:  696 18:40:00    -5334.556152        0.011595
FIRE2:  697 18:40:02    -5334.555664        0.011742
FIRE2:  698 18:40:03    -5334.555664        0.011827
FIRE2:  699 18:40:04    -5334.555664        0.011801
FIRE2:  700 18:40:05    -5334.556641        0.011796
FIRE2:  701 18:40:06    -5334.556641        0.011789
FIRE2:  702 18:40:07    -5334.555664        0.011784
FIRE2:  703 18:40:08    -5334.555664        0.011778
FIRE2:  704 18:40:09    -5334.556641        0.011771
FIRE2:  705 18:40:10    -5334.555664        0.011768
FIRE2:  706 18:40:11    -5334.555664        0.011764
FIRE2:  707 18:40:12    -5334.555664        0.011761
FIRE2:  708 18:40:13    -5334.556641        0.011758
FIRE2:  709 18:40:14    -5334.556641        0.011749
FIRE2:  710 18:40:15    -5334.556641        0.011741
FIRE2:  711 18:40:16    -5334.556641        0.011731
FIRE2:  712 18:40:17    -5334.556641        0.011721
FIRE2:  713 18:40:18    -5334.556641        0.011709
FIRE2:  714 18:40:19    -5334.555664        0.011700
FIRE2:  715 18:40:20    -5334.556641        0.011688
FIRE2:  716 18:40:21    -5334.556641        0.011679
FIRE2:  717 18:40:22    -5334.556641        0.011666
FIRE2:  718 18:40:23    -5334.556641        0.011652
FIRE2:  719 18:40:24    -5334.556641        0.011637
FIRE2:  720 18:40:25    -5334.556641        0.011624
FIRE2:  721 18:40:26    -5334.556641        0.011604
FIRE2:  722 18:40:27    -5334.556641        0.011583
FIRE2:  723 18:40:28    -5334.556641        0.011560
FIRE2:  724 18:40:29    -5334.556641        0.011529
FIRE2:  725 18:40:30    -5334.556641        0.011493
FIRE2:  726 18:40:31    -5334.556641        0.011454
FIRE2:  727 18:40:32    -5334.556641        0.011408
FIRE2:  728 18:40:33    -5334.556641        0.011354
FIRE2:  729 18:40:34    -5334.557129        0.011289
FIRE2:  730 18:40:35    -5334.557617        0.011212
FIRE2:  731 18:40:36    -5334.556641        0.011125
FIRE2:  732 18:40:37    -5334.557617        0.011014
FIRE2:  733 18:40:38    -5334.557617        0.010912
FIRE2:  734 18:40:39    -5334.557617        0.010667
FIRE2:  735 18:40:40    -5334.558594        0.010782
FIRE2:  736 18:40:41    -5334.558594        0.010677
FIRE2:  737 18:40:42    -5334.558594        0.010583
FIRE2:  738 18:40:44    -5334.557617        0.010613
FIRE2:  739 18:40:45    -5334.558594        0.010622
FIRE2:  740 18:40:46    -5334.557617        0.010635
FIRE2:  741 18:40:47    -5334.558594        0.010643
FIRE2:  742 18:40:48    -5334.558105        0.010646
FIRE2:  743 18:40:49    -5334.558594        0.010640
FIRE2:  744 18:40:50    -5334.557617        0.010626
FIRE2:  745 18:40:51    -5334.558594        0.010613
FIRE2:  746 18:40:52    -5334.557617        0.010601
FIRE2:  747 18:40:53    -5334.557617        0.010592
FIRE2:  748 18:40:54    -5334.558594        0.010587
FIRE2:  749 18:40:55    -5334.558594        0.010583
FIRE2:  750 18:40:56    -5334.558594        0.010575
FIRE2:  751 18:40:57    -5334.558594        0.010562
FIRE2:  752 18:40:58    -5334.558594        0.010547
FIRE2:  753 18:40:59    -5334.558594        0.010536
FIRE2:  754 18:41:00    -5334.558594        0.010523
FIRE2:  755 18:41:01    -5334.558594        0.010511
FIRE2:  756 18:41:02    -5334.558594        0.010497
FIRE2:  757 18:41:03    -5334.558594        0.010480
FIRE2:  758 18:41:04    -5334.558594        0.010466
FIRE2:  759 18:41:05    -5334.558594        0.010444
FIRE2:  760 18:41:06    -5334.558594        0.010424
FIRE2:  761 18:41:07    -5334.558594        0.010399
FIRE2:  762 18:41:08    -5334.558594        0.010368
FIRE2:  763 18:41:09    -5334.558594        0.010337
FIRE2:  764 18:41:10    -5334.558594        0.010296
FIRE2:  765 18:41:11    -5334.558594        0.010249
FIRE2:  766 18:41:12    -5334.558594        0.010193
FIRE2:  767 18:41:13    -5334.558594        0.010131
FIRE2:  768 18:41:14    -5334.559570        0.010055
FIRE2:  769 18:41:15    -5334.559570        0.009964
FIRE2:  770 18:41:16    -5334.559570        0.009866
FIRE2:  771 18:41:16    -5334.559570        0.009743
FIRE2:  772 18:41:18    -5334.559570        0.009777
FIRE2:  773 18:41:19    -5334.559570        0.009777
FIRE2:  774 18:41:21    -5334.559570        0.009775
FIRE2:  775 18:41:22    -5334.559570        0.009776
FIRE2:  776 18:41:23    -5334.559570        0.009773
FIRE2:  777 18:41:24    -5334.559570        0.009771
FIRE2:  778 18:41:25    -5334.559570        0.009767
FIRE2:  779 18:41:26    -5334.559570        0.009765
FIRE2:  780 18:41:27    -5334.559570        0.009760
FIRE2:  781 18:41:28    -5334.559570        0.009756
FIRE2:  782 18:41:29    -5334.559570        0.009750
FIRE2:  783 18:41:30    -5334.559570        0.009747
FIRE2:  784 18:41:31    -5334.559570        0.009740
FIRE2:  785 18:41:32    -5334.559570        0.009734
FIRE2:  786 18:41:33    -5334.559570        0.009727
FIRE2:  787 18:41:34    -5334.559570        0.009720
FIRE2:  788 18:41:35    -5334.559570        0.009713
FIRE2:  789 18:41:36    -5334.559570        0.009704
FIRE2:  790 18:41:37    -5334.559570        0.009694
FIRE2:  791 18:41:38    -5334.559570        0.009685
FIRE2:  792 18:41:39    -5334.559570        0.009674
FIRE2:  793 18:41:40    -5334.559570        0.009665
FIRE2:  794 18:41:41    -5334.559570        0.009655
FIRE2:  795 18:41:42    -5334.559570        0.009639
FIRE2:  796 18:41:43    -5334.559570        0.009624
FIRE2:  797 18:41:44    -5334.559570        0.009609
FIRE2:  798 18:41:45    -5334.559570        0.009589
FIRE2:  799 18:41:46    -5334.559570        0.009563
FIRE2:  800 18:41:47    -5334.559570        0.009538
FIRE2:  801 18:41:48    -5334.560547        0.009506
FIRE2:  802 18:41:49    -5334.560547        0.009467
FIRE2:  803 18:41:50    -5334.560547        0.009423
FIRE2:  804 18:41:51    -5334.560547        0.009371
FIRE2:  805 18:41:52    -5334.560547        0.009308
FIRE2:  806 18:41:52    -5334.560547        0.009241
FIRE2:  807 18:41:53    -5334.560547        0.009131
FIRE2:  808 18:41:54    -5334.560547        0.009143
FIRE2:  809 18:41:55    -5334.560547        0.008780
FIRE2:  810 18:41:57    -5334.560547        0.008932
FIRE2:  811 18:41:58    -5334.560547        0.009014
FIRE2:  812 18:42:00    -5334.560547        0.008991
FIRE2:  813 18:42:01    -5334.560547        0.008983
FIRE2:  814 18:42:02    -5334.560547        0.008975
FIRE2:  815 18:42:03    -5334.560547        0.008965
FIRE2:  816 18:42:04    -5334.560547        0.008958
FIRE2:  817 18:42:05    -5334.561523        0.008956
FIRE2:  818 18:42:06    -5334.560547        0.008950
FIRE2:  819 18:42:07    -5334.560547        0.008951
FIRE2:  820 18:42:08    -5334.560547        0.008951
FIRE2:  821 18:42:09    -5334.560547        0.008947
FIRE2:  822 18:42:10    -5334.560547        0.008941
FIRE2:  823 18:42:11    -5334.560547        0.008932
FIRE2:  824 18:42:12    -5334.560547        0.008922
FIRE2:  825 18:42:13    -5334.560547        0.008914
FIRE2:  826 18:42:14    -5334.560547        0.008907
FIRE2:  827 18:42:15    -5334.560547        0.008901
FIRE2:  828 18:42:16    -5334.561523        0.008893
FIRE2:  829 18:42:17    -5334.560547        0.008882
FIRE2:  830 18:42:18    -5334.561523        0.008871
FIRE2:  831 18:42:19    -5334.561523        0.008860
FIRE2:  832 18:42:20    -5334.560547        0.008850
FIRE2:  833 18:42:21    -5334.561523        0.008838
FIRE2:  834 18:42:22    -5334.561523        0.008825
FIRE2:  835 18:42:22    -5334.561523        0.008807
FIRE2:  836 18:42:23    -5334.561523        0.008785
FIRE2:  837 18:42:24    -5334.561523        0.008762
FIRE2:  838 18:42:25    -5334.561523        0.008733
FIRE2:  839 18:42:26    -5334.561523        0.008701
FIRE2:  840 18:42:27    -5334.561523        0.008666
FIRE2:  841 18:42:28    -5334.561523        0.008620
FIRE2:  842 18:42:29    -5334.561523        0.008566
FIRE2:  843 18:42:30    -5334.561523        0.008508
FIRE2:  844 18:42:31    -5334.561523        0.008427
FIRE2:  845 18:42:32    -5334.561523        0.008384
FIRE2:  846 18:42:33    -5334.561523        0.008132
FIRE2:  847 18:42:34    -5334.561523        0.008342
FIRE2:  848 18:42:36    -5334.561523        0.008222
FIRE2:  849 18:42:37    -5334.561523        0.008132
FIRE2:  850 18:42:39    -5334.562500        0.008159
FIRE2:  851 18:42:40    -5334.562500        0.008166
FIRE2:  852 18:42:41    -5334.561523        0.008174
FIRE2:  853 18:42:42    -5334.562500        0.008180
FIRE2:  854 18:42:43    -5334.562500        0.008182
FIRE2:  855 18:42:44    -5334.561523        0.008180
FIRE2:  856 18:42:45    -5334.562500        0.008171
FIRE2:  857 18:42:46    -5334.562500        0.008164
FIRE2:  858 18:42:47    -5334.562012        0.008155
FIRE2:  859 18:42:48    -5334.562012        0.008151
FIRE2:  860 18:42:49    -5334.561523        0.008145
FIRE2:  861 18:42:50    -5334.562500        0.008140
FIRE2:  862 18:42:51    -5334.562500        0.008136
FIRE2:  863 18:42:52    -5334.562500        0.008129
FIRE2:  864 18:42:53    -5334.562500        0.008119
FIRE2:  865 18:42:53    -5334.562500        0.008108
FIRE2:  866 18:42:54    -5334.562500        0.008099
FIRE2:  867 18:42:55    -5334.562500        0.008092
FIRE2:  868 18:42:56    -5334.562500        0.008083
FIRE2:  869 18:42:57    -5334.562500        0.008072
FIRE2:  870 18:42:58    -5334.562500        0.008060
FIRE2:  871 18:42:59    -5334.562500        0.008045
FIRE2:  872 18:43:00    -5334.562500        0.008033
FIRE2:  873 18:43:01    -5334.562500        0.008015
FIRE2:  874 18:43:02    -5334.562500        0.007996
FIRE2:  875 18:43:03    -5334.562500        0.007974
FIRE2:  876 18:43:04    -5334.562500        0.007945
FIRE2:  877 18:43:05    -5334.562500        0.007916
FIRE2:  878 18:43:06    -5334.562500        0.007874
FIRE2:  879 18:43:07    -5334.562500        0.007833
FIRE2:  880 18:43:08    -5334.562500        0.007781
FIRE2:  881 18:43:09    -5334.562500        0.007723
FIRE2:  882 18:43:10    -5334.562500        0.007629
FIRE2:  883 18:43:11    -5334.562500        0.007644
FIRE2:  884 18:43:12    -5334.562500        0.007341
FIRE2:  885 18:43:14    -5334.562500        0.007464
FIRE2:  886 18:43:15    -5334.563477        0.007532
FIRE2:  887 18:43:17    -5334.562500        0.007512
FIRE2:  888 18:43:18    -5334.563477        0.007507
FIRE2:  889 18:43:19    -5334.562500        0.007501
FIRE2:  890 18:43:20    -5334.562500        0.007495
FIRE2:  891 18:43:21    -5334.562500        0.007489
FIRE2:  892 18:43:21    -5334.562500        0.007485
FIRE2:  893 18:43:22    -5334.562500        0.007483
FIRE2:  894 18:43:23    -5334.562988        0.007484
FIRE2:  895 18:43:24    -5334.563477        0.007480
FIRE2:  896 18:43:25    -5334.562500        0.007479
FIRE2:  897 18:43:26    -5334.562500        0.007475
FIRE2:  898 18:43:27    -5334.562500        0.007468
FIRE2:  899 18:43:28    -5334.562500        0.007459
FIRE2:  900 18:43:29    -5334.562500        0.007453
FIRE2:  901 18:43:30    -5334.562500        0.007447
FIRE2:  902 18:43:31    -5334.562500        0.007440
FIRE2:  903 18:43:32    -5334.562500        0.007434
FIRE2:  904 18:43:33    -5334.562500        0.007426
FIRE2:  905 18:43:34    -5334.562500        0.007417
FIRE2:  906 18:43:35    -5334.562500        0.007408
FIRE2:  907 18:43:36    -5334.563477        0.007398
FIRE2:  908 18:43:37    -5334.562988        0.007389
FIRE2:  909 18:43:38    -5334.563477        0.007378
FIRE2:  910 18:43:39    -5334.562988        0.007363
FIRE2:  911 18:43:40    -5334.563477        0.007346
FIRE2:  912 18:43:41    -5334.563477        0.007326
FIRE2:  913 18:43:42    -5334.563477        0.007307
FIRE2:  914 18:43:43    -5334.563477        0.007276
FIRE2:  915 18:43:44    -5334.563477        0.007247
FIRE2:  916 18:43:45    -5334.563477        0.007212
FIRE2:  917 18:43:46    -5334.563477        0.007167
FIRE2:  918 18:43:47    -5334.563477        0.007120
FIRE2:  919 18:43:48    -5334.563477        0.007051
FIRE2:  920 18:43:49    -5334.563477        0.007011
FIRE2:  921 18:43:50    -5334.563477        0.006838
FIRE2:  922 18:43:51    -5334.563477        0.006947
FIRE2:  923 18:43:53    -5334.563477        0.006879
FIRE2:  924 18:43:54    -5334.563477        0.006825
FIRE2:  925 18:43:55    -5334.563477        0.006840
FIRE2:  926 18:43:56    -5334.563477        0.006844
FIRE2:  927 18:43:57    -5334.563477        0.006847
FIRE2:  928 18:43:58    -5334.563477        0.006850
FIRE2:  929 18:43:59    -5334.563477        0.006851
FIRE2:  930 18:44:00    -5334.563477        0.006849
FIRE2:  931 18:44:01    -5334.563477        0.006845
FIRE2:  932 18:44:02    -5334.563477        0.006840
FIRE2:  933 18:44:03    -5334.563477        0.006831
FIRE2:  934 18:44:04    -5334.563477        0.006827
FIRE2:  935 18:44:05    -5334.563477        0.006824
FIRE2:  936 18:44:06    -5334.563477        0.006820
FIRE2:  937 18:44:07    -5334.563477        0.006814
FIRE2:  938 18:44:08    -5334.563477        0.006809
FIRE2:  939 18:44:09    -5334.563477        0.006801
FIRE2:  940 18:44:10    -5334.563477        0.006793
FIRE2:  941 18:44:11    -5334.563477        0.006786
FIRE2:  942 18:44:12    -5334.563477        0.006778
FIRE2:  943 18:44:13    -5334.563477        0.006770
FIRE2:  944 18:44:14    -5334.563477        0.006762
FIRE2:  945 18:44:15    -5334.563477        0.006753
FIRE2:  946 18:44:16    -5334.563477        0.006742
FIRE2:  947 18:44:17    -5334.563477        0.006730
FIRE2:  948 18:44:18    -5334.563477        0.006717
FIRE2:  949 18:44:19    -5334.563477        0.006700
FIRE2:  950 18:44:20    -5334.563477        0.006681
FIRE2:  951 18:44:21    -5334.563477        0.006658
FIRE2:  952 18:44:22    -5334.563477        0.006632
FIRE2:  953 18:44:23    -5334.563477        0.006603
FIRE2:  954 18:44:24    -5334.563965        0.006563
FIRE2:  955 18:44:25    -5334.563477        0.006522
FIRE2:  956 18:44:26    -5334.564453        0.006471
FIRE2:  957 18:44:27    -5334.564453        0.006420
FIRE2:  958 18:44:28    -5334.564453        0.006322
FIRE2:  959 18:44:29    -5334.564453        0.006353
FIRE2:  960 18:44:31    -5334.564453        0.006313
FIRE2:  961 18:44:32    -5334.564453        0.006268
FIRE2:  962 18:44:33    -5334.564453        0.006280
FIRE2:  963 18:44:34    -5334.564453        0.006281
FIRE2:  964 18:44:35    -5334.564453        0.006282
FIRE2:  965 18:44:36    -5334.564453        0.006284
FIRE2:  966 18:44:37    -5334.564453        0.006282
FIRE2:  967 18:44:38    -5334.564453        0.006283
FIRE2:  968 18:44:39    -5334.564453        0.006278
FIRE2:  969 18:44:40    -5334.564453        0.006274
FIRE2:  970 18:44:41    -5334.564453        0.006269
FIRE2:  971 18:44:42    -5334.564453        0.006265
FIRE2:  972 18:44:43    -5334.564453        0.006261
FIRE2:  973 18:44:44    -5334.564453        0.006259
FIRE2:  974 18:44:45    -5334.564453        0.006255
FIRE2:  975 18:44:46    -5334.564453        0.006250
FIRE2:  976 18:44:47    -5334.564453        0.006244
FIRE2:  977 18:44:48    -5334.564453        0.006238
FIRE2:  978 18:44:49    -5334.564453        0.006231
FIRE2:  979 18:44:50    -5334.564453        0.006225
FIRE2:  980 18:44:51    -5334.564453        0.006219
FIRE2:  981 18:44:52    -5334.564453        0.006211
FIRE2:  982 18:44:53    -5334.564453        0.006205
FIRE2:  983 18:44:54    -5334.564453        0.006195
FIRE2:  984 18:44:55    -5334.564453        0.006185
FIRE2:  985 18:44:56    -5334.564453        0.006174
FIRE2:  986 18:44:57    -5334.564453        0.006162
FIRE2:  987 18:44:58    -5334.564453        0.006144
FIRE2:  988 18:44:59    -5334.564453        0.006126
FIRE2:  989 18:45:00    -5334.564453        0.006102
FIRE2:  990 18:45:01    -5334.564453        0.006079
FIRE2:  991 18:45:02    -5334.564453        0.006047
FIRE2:  992 18:45:03    -5334.564453        0.006012
FIRE2:  993 18:45:04    -5334.564453        0.005972
FIRE2:  994 18:45:05    -5334.564453        0.005925
FIRE2:  995 18:45:06    -5334.564453        0.005857
FIRE2:  996 18:45:07    -5334.564453        0.005843
FIRE2:  997 18:45:08    -5334.564453        0.005615
FIRE2:  998 18:45:09    -5334.565430        0.005715
FIRE2:  999 18:45:10    -5334.565430        0.005778
FIRE2:  1000 18:45:12    -5334.564453        0.005760
FIRE2:  1001 18:45:13    -5334.564453        0.005753
FIRE2:  1002 18:45:14    -5334.564453        0.005745
FIRE2:  1003 18:45:15    -5334.564453        0.005737
FIRE2:  1004 18:45:16    -5334.564453        0.005731
FIRE2:  1005 18:45:17    -5334.564453        0.005731
FIRE2:  1006 18:45:18    -5334.564453        0.005728
FIRE2:  1007 18:45:19    -5334.564453        0.005730
FIRE2:  1008 18:45:20    -5334.564453        0.005730
FIRE2:  1009 18:45:21    -5334.564453        0.005727
FIRE2:  1010 18:45:22    -5334.564453        0.005722
FIRE2:  1011 18:45:23    -5334.564453        0.005715
FIRE2:  1012 18:45:24    -5334.564453        0.005709
FIRE2:  1013 18:45:25    -5334.564453        0.005703
FIRE2:  1014 18:45:26    -5334.564453        0.005699
FIRE2:  1015 18:45:27    -5334.564453        0.005693
FIRE2:  1016 18:45:28    -5334.564453        0.005689
FIRE2:  1017 18:45:29    -5334.564453        0.005683
FIRE2:  1018 18:45:30    -5334.564453        0.005676
FIRE2:  1019 18:45:31    -5334.564453        0.005667
FIRE2:  1020 18:45:32    -5334.564453        0.005661
FIRE2:  1021 18:45:33    -5334.564453        0.005652
FIRE2:  1022 18:45:34    -5334.564453        0.005642
FIRE2:  1023 18:45:35    -5334.565430        0.005630
FIRE2:  1024 18:45:36    -5334.565430        0.005616
FIRE2:  1025 18:45:37    -5334.564453        0.005602
FIRE2:  1026 18:45:38    -5334.565430        0.005584
FIRE2:  1027 18:45:39    -5334.564453        0.005561
FIRE2:  1028 18:45:40    -5334.565430        0.005535
FIRE2:  1029 18:45:41    -5334.565430        0.005506
FIRE2:  1030 18:45:42    -5334.564941        0.005471
FIRE2:  1031 18:45:43    -5334.565430        0.005430
FIRE2:  1032 18:45:44    -5334.564453        0.005380
FIRE2:  1033 18:45:44    -5334.565430        0.005337
FIRE2:  1034 18:45:45    -5334.565430        0.005230
FIRE2:  1035 18:45:47    -5334.565430        0.005270
FIRE2:  1036 18:45:48    -5334.565430        0.005287
FIRE2:  1037 18:45:50    -5334.565430        0.005282
FIRE2:  1038 18:45:51    -5334.565430        0.005280
FIRE2:  1039 18:45:52    -5334.565430        0.005276
FIRE2:  1040 18:45:53    -5334.565430        0.005274
FIRE2:  1041 18:45:54    -5334.565430        0.005271
FIRE2:  1042 18:45:55    -5334.565430        0.005269
FIRE2:  1043 18:45:56    -5334.565430        0.005270
FIRE2:  1044 18:45:57    -5334.565430        0.005267
FIRE2:  1045 18:45:58    -5334.565430        0.005267
FIRE2:  1046 18:45:59    -5334.565430        0.005264
FIRE2:  1047 18:46:00    -5334.565430        0.005259
FIRE2:  1048 18:46:01    -5334.565430        0.005255
FIRE2:  1049 18:46:02    -5334.565430        0.005251
FIRE2:  1050 18:46:03    -5334.565430        0.005247
FIRE2:  1051 18:46:04    -5334.565430        0.005244
FIRE2:  1052 18:46:05    -5334.565430        0.005238
FIRE2:  1053 18:46:06    -5334.565430        0.005234
FIRE2:  1054 18:46:07    -5334.565430        0.005228
FIRE2:  1055 18:46:08    -5334.565430        0.005224
FIRE2:  1056 18:46:09    -5334.565430        0.005216
FIRE2:  1057 18:46:10    -5334.565430        0.005211
FIRE2:  1058 18:46:11    -5334.565430        0.005203
FIRE2:  1059 18:46:12    -5334.565430        0.005196
FIRE2:  1060 18:46:13    -5334.565430        0.005186
FIRE2:  1061 18:46:14    -5334.565430        0.005173
FIRE2:  1062 18:46:15    -5334.565430        0.005159
FIRE2:  1063 18:46:16    -5334.565430        0.005146
FIRE2:  1064 18:46:16    -5334.565430        0.005127
FIRE2:  1065 18:46:17    -5334.565430        0.005105
FIRE2:  1066 18:46:18    -5334.565430        0.005083
FIRE2:  1067 18:46:19    -5334.565430        0.005054
FIRE2:  1068 18:46:20    -5334.565430        0.005018
FIRE2:  1069 18:46:21    -5334.565430        0.004977
FIRE2:  1070 18:46:22    -5334.565430        0.004927
FIRE2:  1071 18:46:23    -5334.565430        0.004893
FIRE2:  1072 18:46:24    -5334.565430        0.004757
FIRE2:  1073 18:46:26    -5334.565430        0.004812
FIRE2:  1074 18:46:27    -5334.565430        0.004845
FIRE2:  1075 18:46:29    -5334.565430        0.004835
FIRE2:  1076 18:46:30    -5334.565430        0.004833
FIRE2:  1077 18:46:31    -5334.565430        0.004830
FIRE2:  1078 18:46:32    -5334.565430        0.004825
FIRE2:  1079 18:46:33    -5334.565430        0.004821
FIRE2:  1080 18:46:34    -5334.565430        0.004818
FIRE2:  1081 18:46:35    -5334.565430        0.004818
FIRE2:  1082 18:46:36    -5334.565430        0.004816
FIRE2:  1083 18:46:37    -5334.565430        0.004814
FIRE2:  1084 18:46:38    -5334.565430        0.004812
FIRE2:  1085 18:46:39    -5334.565430        0.004809
FIRE2:  1086 18:46:40    -5334.565430        0.004806
FIRE2:  1087 18:46:41    -5334.565430        0.004801
FIRE2:  1088 18:46:42    -5334.565430        0.004796
FIRE2:  1089 18:46:43    -5334.565430        0.004792
FIRE2:  1090 18:46:44    -5334.565430        0.004787
FIRE2:  1091 18:46:45    -5334.565430        0.004783
FIRE2:  1092 18:46:46    -5334.565430        0.004778
FIRE2:  1093 18:46:47    -5334.565430        0.004772
FIRE2:  1094 18:46:48    -5334.565430        0.004765
FIRE2:  1095 18:46:49    -5334.565430        0.004760
FIRE2:  1096 18:46:50    -5334.565430        0.004754
FIRE2:  1097 18:46:50    -5334.565430        0.004746
FIRE2:  1098 18:46:51    -5334.565430        0.004734
FIRE2:  1099 18:46:52    -5334.565430        0.004724
FIRE2:  1100 18:46:53    -5334.565430        0.004710
FIRE2:  1101 18:46:54    -5334.565430        0.004696
FIRE2:  1102 18:46:55    -5334.565430        0.004675
FIRE2:  1103 18:46:56    -5334.565430        0.004656
FIRE2:  1104 18:46:57    -5334.565430        0.004632
FIRE2:  1105 18:46:58    -5334.565430        0.004604
FIRE2:  1106 18:46:59    -5334.565430        0.004568
FIRE2:  1107 18:47:00    -5334.565430        0.004529
FIRE2:  1108 18:47:01    -5334.565430        0.004479
FIRE2:  1109 18:47:02    -5334.565430        0.004439
FIRE2:  1110 18:47:03    -5334.565430        0.004355
FIRE2:  1111 18:47:05    -5334.565918        0.004386
FIRE2:  1112 18:47:06    -5334.566406        0.004392
FIRE2:  1113 18:47:08    -5334.565430        0.004389
FIRE2:  1114 18:47:09    -5334.565430        0.004388
FIRE2:  1115 18:47:10    -5334.566406        0.004386
FIRE2:  1116 18:47:11    -5334.565430        0.004383
FIRE2:  1117 18:47:12    -5334.565430        0.004381
FIRE2:  1118 18:47:13    -5334.565918        0.004377
FIRE2:  1119 18:47:14    -5334.566406        0.004377
FIRE2:  1120 18:47:15    -5334.566406        0.004376
FIRE2:  1121 18:47:16    -5334.565430        0.004373
FIRE2:  1122 18:47:17    -5334.565430        0.004370
FIRE2:  1123 18:47:18    -5334.566406        0.004367
FIRE2:  1124 18:47:19    -5334.566406        0.004364
FIRE2:  1125 18:47:20    -5334.565430        0.004357
FIRE2:  1126 18:47:21    -5334.565430        0.004355
FIRE2:  1127 18:47:22    -5334.565430        0.004350
FIRE2:  1128 18:47:23    -5334.565430        0.004346
FIRE2:  1129 18:47:23    -5334.566406        0.004341
FIRE2:  1130 18:47:24    -5334.566406        0.004337
FIRE2:  1131 18:47:25    -5334.566406        0.004330
FIRE2:  1132 18:47:26    -5334.566406        0.004326
FIRE2:  1133 18:47:27    -5334.565430        0.004319
FIRE2:  1134 18:47:28    -5334.566406        0.004312
FIRE2:  1135 18:47:29    -5334.566406        0.004304
FIRE2:  1136 18:47:30    -5334.566406        0.004294
FIRE2:  1137 18:47:31    -5334.565430        0.004281
FIRE2:  1138 18:47:32    -5334.565918        0.004270
FIRE2:  1139 18:47:33    -5334.565918        0.004256
FIRE2:  1140 18:47:34    -5334.566406        0.004237
FIRE2:  1141 18:47:35    -5334.566406        0.004216
FIRE2:  1142 18:47:36    -5334.566406        0.004192
FIRE2:  1143 18:47:37    -5334.566406        0.004165
FIRE2:  1144 18:47:38    -5334.566406        0.004128
FIRE2:  1145 18:47:39    -5334.566406        0.004101
FIRE2:  1146 18:47:40    -5334.566406        0.004010
FIRE2:  1147 18:47:41    -5334.566406        0.004061
FIRE2:  1148 18:47:43    -5334.566406        0.004029
FIRE2:  1149 18:47:44    -5334.566406        0.004003
FIRE2:  1150 18:47:46    -5334.566406        0.004007
FIRE2:  1151 18:47:47    -5334.566406        0.004011
FIRE2:  1152 18:47:48    -5334.566406        0.004010
FIRE2:  1153 18:47:49    -5334.566406        0.004009
FIRE2:  1154 18:47:50    -5334.566406        0.004009
FIRE2:  1155 18:47:51    -5334.566406        0.004011
FIRE2:  1156 18:47:52    -5334.566406        0.004007
FIRE2:  1157 18:47:53    -5334.566406        0.004006
FIRE2:  1158 18:47:54    -5334.566406        0.004003
FIRE2:  1159 18:47:55    -5334.566406        0.003999
FIRE2:  1160 18:47:55    -5334.566406        0.003999
FIRE2:  1161 18:47:56    -5334.566406        0.003994
FIRE2:  1162 18:47:57    -5334.566406        0.003993
FIRE2:  1163 18:47:58    -5334.566406        0.003990
FIRE2:  1164 18:47:59    -5334.566406        0.003986
FIRE2:  1165 18:48:00    -5334.566406        0.003980
FIRE2:  1166 18:48:01    -5334.566406        0.003977
FIRE2:  1167 18:48:02    -5334.566406        0.003971
FIRE2:  1168 18:48:03    -5334.566406        0.003967
FIRE2:  1169 18:48:04    -5334.566406        0.003963
FIRE2:  1170 18:48:05    -5334.566406        0.003959
FIRE2:  1171 18:48:06    -5334.566406        0.003952
FIRE2:  1172 18:48:07    -5334.566406        0.003946
FIRE2:  1173 18:48:08    -5334.566406        0.003938
FIRE2:  1174 18:48:09    -5334.566406        0.003929
FIRE2:  1175 18:48:10    -5334.566406        0.003919
FIRE2:  1176 18:48:11    -5334.566406        0.003904
FIRE2:  1177 18:48:12    -5334.566406        0.003890
FIRE2:  1178 18:48:13    -5334.566406        0.003873
FIRE2:  1179 18:48:14    -5334.566406        0.003854
FIRE2:  1180 18:48:15    -5334.566406        0.003832
FIRE2:  1181 18:48:16    -5334.566406        0.003798
FIRE2:  1182 18:48:17    -5334.566406        0.003776
FIRE2:  1183 18:48:18    -5334.566406        0.003707
FIRE2:  1184 18:48:19    -5334.566406        0.003753
FIRE2:  1185 18:48:21    -5334.566406        0.003720
FIRE2:  1186 18:48:22    -5334.566406        0.003685
FIRE2:  1187 18:48:24    -5334.566406        0.003694
FIRE2:  1188 18:48:25    -5334.566406        0.003694
FIRE2:  1189 18:48:26    -5334.566406        0.003695
FIRE2:  1190 18:48:27    -5334.566406        0.003696
FIRE2:  1191 18:48:28    -5334.566406        0.003697
FIRE2:  1192 18:48:29    -5334.566406        0.003696
FIRE2:  1193 18:48:30    -5334.566406        0.003695
FIRE2:  1194 18:48:30    -5334.566406        0.003690
FIRE2:  1195 18:48:31    -5334.566406        0.003693
FIRE2:  1196 18:48:32    -5334.566406        0.003689
FIRE2:  1197 18:48:33    -5334.566406        0.003686
FIRE2:  1198 18:48:34    -5334.566406        0.003683
FIRE2:  1199 18:48:35    -5334.566406        0.003679
FIRE2:  1200 18:48:36    -5334.566406        0.003679
FIRE2:  1201 18:48:37    -5334.566406        0.003675
FIRE2:  1202 18:48:38    -5334.566406        0.003672
FIRE2:  1203 18:48:39    -5334.566406        0.003669
FIRE2:  1204 18:48:40    -5334.566406        0.003664
FIRE2:  1205 18:48:41    -5334.566406        0.003661
FIRE2:  1206 18:48:42    -5334.566406        0.003655
FIRE2:  1207 18:48:43    -5334.566406        0.003652
FIRE2:  1208 18:48:44    -5334.566406        0.003650
FIRE2:  1209 18:48:45    -5334.566406        0.003644
FIRE2:  1210 18:48:46    -5334.566406        0.003636
FIRE2:  1211 18:48:47    -5334.566406        0.003629
FIRE2:  1212 18:48:48    -5334.566406        0.003620
FIRE2:  1213 18:48:49    -5334.566406        0.003610
FIRE2:  1214 18:48:50    -5334.566406        0.003597
FIRE2:  1215 18:48:51    -5334.566406        0.003582
FIRE2:  1216 18:48:52    -5334.566406        0.003568
FIRE2:  1217 18:48:53    -5334.566406        0.003548
FIRE2:  1218 18:48:54    -5334.566406        0.003524
FIRE2:  1219 18:48:55    -5334.566406        0.003492
FIRE2:  1220 18:48:56    -5334.566406        0.003477
FIRE2:  1221 18:48:57    -5334.566406        0.003385
FIRE2:  1222 18:48:58    -5334.566406        0.003452
FIRE2:  1223 18:48:59    -5334.566406        0.003415
FIRE2:  1224 18:49:00    -5334.566406        0.003388
FIRE2:  1225 18:49:02    -5334.566406        0.003395
FIRE2:  1226 18:49:03    -5334.566406        0.003397
FIRE2:  1227 18:49:04    -5334.566406        0.003399
FIRE2:  1228 18:49:05    -5334.566406        0.003400
FIRE2:  1229 18:49:06    -5334.566406        0.003399
FIRE2:  1230 18:49:07    -5334.566406        0.003397
FIRE2:  1231 18:49:08    -5334.566406        0.003397
FIRE2:  1232 18:49:09    -5334.566406        0.003394
FIRE2:  1233 18:49:10    -5334.566406        0.003390
FIRE2:  1234 18:49:11    -5334.566406        0.003388
FIRE2:  1235 18:49:12    -5334.566406        0.003386
FIRE2:  1236 18:49:13    -5334.566406        0.003383
FIRE2:  1237 18:49:14    -5334.566406        0.003382
FIRE2:  1238 18:49:14    -5334.566406        0.003379
FIRE2:  1239 18:49:15    -5334.566406        0.003376
FIRE2:  1240 18:49:16    -5334.566406        0.003373
FIRE2:  1241 18:49:17    -5334.566406        0.003370
FIRE2:  1242 18:49:18    -5334.566406        0.003365
FIRE2:  1243 18:49:19    -5334.566406        0.003362
FIRE2:  1244 18:49:20    -5334.566406        0.003359
FIRE2:  1245 18:49:21    -5334.566406        0.003355
FIRE2:  1246 18:49:22    -5334.566406        0.003347
FIRE2:  1247 18:49:23    -5334.566406        0.003342
FIRE2:  1248 18:49:24    -5334.566406        0.003336
FIRE2:  1249 18:49:25    -5334.566406        0.003330
FIRE2:  1250 18:49:26    -5334.566406        0.003321
FIRE2:  1251 18:49:27    -5334.566406        0.003310
FIRE2:  1252 18:49:28    -5334.566406        0.003299
FIRE2:  1253 18:49:29    -5334.566406        0.003283
FIRE2:  1254 18:49:30    -5334.566406        0.003265
FIRE2:  1255 18:49:31    -5334.566406        0.003246
FIRE2:  1256 18:49:32    -5334.566406        0.003223
FIRE2:  1257 18:49:33    -5334.566406        0.003198
FIRE2:  1258 18:49:34    -5334.566406        0.003159
FIRE2:  1259 18:49:34    -5334.566406        0.003149
FIRE2:  1260 18:49:36    -5334.566406        0.003143
FIRE2:  1261 18:49:37    -5334.566406        0.003135
FIRE2:  1262 18:49:39    -5334.566895        0.003136
FIRE2:  1263 18:49:40    -5334.566406        0.003137
FIRE2:  1264 18:49:41    -5334.566406        0.003136
FIRE2:  1265 18:49:42    -5334.566406        0.003136
FIRE2:  1266 18:49:43    -5334.566406        0.003136
FIRE2:  1267 18:49:44    -5334.566406        0.003135
FIRE2:  1268 18:49:45    -5334.566406        0.003133
FIRE2:  1269 18:49:46    -5334.566406        0.003132
FIRE2:  1270 18:49:47    -5334.566406        0.003130
FIRE2:  1271 18:49:47    -5334.566406        0.003129
FIRE2:  1272 18:49:48    -5334.566406        0.003126
FIRE2:  1273 18:49:49    -5334.566406        0.003124
FIRE2:  1274 18:49:50    -5334.566406        0.003123
FIRE2:  1275 18:49:51    -5334.566406        0.003121
FIRE2:  1276 18:49:52    -5334.566406        0.003117
FIRE2:  1277 18:49:53    -5334.566406        0.003115
FIRE2:  1278 18:49:54    -5334.566406        0.003111
FIRE2:  1279 18:49:55    -5334.566406        0.003109
FIRE2:  1280 18:49:56    -5334.566406        0.003107
FIRE2:  1281 18:49:57    -5334.566406        0.003104
FIRE2:  1282 18:49:58    -5334.566406        0.003099
FIRE2:  1283 18:49:59    -5334.566406        0.003095
FIRE2:  1284 18:50:00    -5334.566406        0.003093
FIRE2:  1285 18:50:01    -5334.566406        0.003087
FIRE2:  1286 18:50:02    -5334.566406        0.003082
FIRE2:  1287 18:50:03    -5334.566406        0.003072
FIRE2:  1288 18:50:04    -5334.566406        0.003064
FIRE2:  1289 18:50:05    -5334.566406        0.003054
FIRE2:  1290 18:50:06    -5334.566406        0.003043
FIRE2:  1291 18:50:07    -5334.566406        0.003026
FIRE2:  1292 18:50:07    -5334.566406        0.003011
FIRE2:  1293 18:50:08    -5334.566406        0.002991
FIRE2:  1294 18:50:09    -5334.567383        0.002971
FIRE2:  1295 18:50:10    -5334.566406        0.002934
FIRE2:  1296 18:50:11    -5334.567383        0.002939
FIRE2:  1297 18:50:12    -5334.566406        0.002851
FIRE2:  1298 18:50:14    -5334.566406        0.002883
FIRE2:  1299 18:50:15    -5334.566406        0.002898
FIRE2:  1300 18:50:17    -5334.566406        0.002893
FIRE2:  1301 18:50:18    -5334.566406        0.002893
FIRE2:  1302 18:50:19    -5334.566895        0.002890
FIRE2:  1303 18:50:20    -5334.566406        0.002890
FIRE2:  1304 18:50:21    -5334.566406        0.002887
FIRE2:  1305 18:50:21    -5334.566406        0.002886
FIRE2:  1306 18:50:22    -5334.566406        0.002886
FIRE2:  1307 18:50:23    -5334.566406        0.002884
FIRE2:  1308 18:50:24    -5334.566406        0.002883
FIRE2:  1309 18:50:25    -5334.566406        0.002884
FIRE2:  1310 18:50:26    -5334.566895        0.002880
FIRE2:  1311 18:50:27    -5334.566895        0.002879
FIRE2:  1312 18:50:28    -5334.567383        0.002876
FIRE2:  1313 18:50:29    -5334.566406        0.002874
FIRE2:  1314 18:50:30    -5334.567383        0.002871
FIRE2:  1315 18:50:31    -5334.566895        0.002869
FIRE2:  1316 18:50:32    -5334.566406        0.002866
FIRE2:  1317 18:50:33    -5334.566406        0.002864
FIRE2:  1318 18:50:34    -5334.566406        0.002859
FIRE2:  1319 18:50:35    -5334.566406        0.002854
FIRE2:  1320 18:50:36    -5334.566895        0.002852
FIRE2:  1321 18:50:37    -5334.567383        0.002849
FIRE2:  1322 18:50:38    -5334.566895        0.002844
FIRE2:  1323 18:50:39    -5334.566406        0.002837
FIRE2:  1324 18:50:39    -5334.567383        0.002832
FIRE2:  1325 18:50:40    -5334.566406        0.002823
FIRE2:  1326 18:50:41    -5334.567383        0.002814
FIRE2:  1327 18:50:42    -5334.567383        0.002806
FIRE2:  1328 18:50:43    -5334.566406        0.002793
FIRE2:  1329 18:50:44    -5334.567383        0.002779
FIRE2:  1330 18:50:45    -5334.566406        0.002764
FIRE2:  1331 18:50:46    -5334.567383        0.002744
FIRE2:  1332 18:50:47    -5334.566406        0.002721
FIRE2:  1333 18:50:48    -5334.567383        0.002696
FIRE2:  1334 18:50:49    -5334.566895        0.002661
FIRE2:  1335 18:50:50    -5334.567383        0.002650
FIRE2:  1336 18:50:52    -5334.567383        0.002643
FIRE2:  1337 18:50:53    -5334.567383        0.002635
FIRE2:  1338 18:50:54    -5334.567383        0.002638
FIRE2:  1339 18:50:55    -5334.566406        0.002639
FIRE2:  1340 18:50:56    -5334.567383        0.002637
FIRE2:  1341 18:50:57    -5334.567383        0.002639
FIRE2:  1342 18:50:58    -5334.567383        0.002639
FIRE2:  1343 18:50:59    -5334.567383        0.002636
FIRE2:  1344 18:51:00    -5334.566895        0.002635
FIRE2:  1345 18:51:01    -5334.566406        0.002634
FIRE2:  1346 18:51:02    -5334.566406        0.002633
FIRE2:  1347 18:51:03    -5334.567383        0.002631
FIRE2:  1348 18:51:04    -5334.567383        0.002629
FIRE2:  1349 18:51:05    -5334.566406        0.002627
FIRE2:  1350 18:51:06    -5334.566406        0.002625
FIRE2:  1351 18:51:07    -5334.567383        0.002622
FIRE2:  1352 18:51:08    -5334.566895        0.002619
FIRE2:  1353 18:51:09    -5334.566406        0.002616
FIRE2:  1354 18:51:10    -5334.566895        0.002613
FIRE2:  1355 18:51:11    -5334.566895        0.002611
FIRE2:  1356 18:51:12    -5334.567383        0.002607
FIRE2:  1357 18:51:12    -5334.566406        0.002605
FIRE2:  1358 18:51:13    -5334.566406        0.002601
FIRE2:  1359 18:51:14    -5334.566406        0.002596
FIRE2:  1360 18:51:15    -5334.566406        0.002592
FIRE2:  1361 18:51:16    -5334.567383        0.002587
FIRE2:  1362 18:51:17    -5334.567383        0.002580
FIRE2:  1363 18:51:18    -5334.567383        0.002573
FIRE2:  1364 18:51:19    -5334.566406        0.002565
FIRE2:  1365 18:51:20    -5334.567383        0.002554
FIRE2:  1366 18:51:21    -5334.567383        0.002543
FIRE2:  1367 18:51:22    -5334.567383        0.002528
FIRE2:  1368 18:51:23    -5334.567383        0.002512
FIRE2:  1369 18:51:24    -5334.566406        0.002491
FIRE2:  1370 18:51:25    -5334.567383        0.002475
FIRE2:  1371 18:51:26    -5334.567383        0.002432
FIRE2:  1372 18:51:27    -5334.567383        0.002444
FIRE2:  1373 18:51:28    -5334.567383        0.002432
FIRE2:  1374 18:51:29    -5334.566406        0.002419
FIRE2:  1375 18:51:31    -5334.566895        0.002424
FIRE2:  1376 18:51:32    -5334.567383        0.002423
FIRE2:  1377 18:51:33    -5334.567383        0.002425
FIRE2:  1378 18:51:34    -5334.567383        0.002426
FIRE2:  1379 18:51:35    -5334.567383        0.002426
FIRE2:  1380 18:51:36    -5334.567383        0.002423
FIRE2:  1381 18:51:37    -5334.567383        0.002422
FIRE2:  1382 18:51:38    -5334.567383        0.002419
FIRE2:  1383 18:51:39    -5334.567383        0.002418
FIRE2:  1384 18:51:40    -5334.566406        0.002419
FIRE2:  1385 18:51:41    -5334.567383        0.002416
FIRE2:  1386 18:51:42    -5334.567383        0.002413
FIRE2:  1387 18:51:43    -5334.567383        0.002413
FIRE2:  1388 18:51:44    -5334.567383        0.002412
FIRE2:  1389 18:51:44    -5334.567383        0.002409
FIRE2:  1390 18:51:45    -5334.566895        0.002405
FIRE2:  1391 18:51:46    -5334.567383        0.002405
FIRE2:  1392 18:51:47    -5334.567383        0.002400
FIRE2:  1393 18:51:48    -5334.567383        0.002398
FIRE2:  1394 18:51:49    -5334.567383        0.002397
FIRE2:  1395 18:51:50    -5334.566406        0.002393
FIRE2:  1396 18:51:51    -5334.567383        0.002391
FIRE2:  1397 18:51:52    -5334.567383        0.002386
FIRE2:  1398 18:51:53    -5334.567383        0.002381
FIRE2:  1399 18:51:54    -5334.567383        0.002376
FIRE2:  1400 18:51:55    -5334.567383        0.002370
FIRE2:  1401 18:51:56    -5334.567383        0.002364
FIRE2:  1402 18:51:57    -5334.567383        0.002355
FIRE2:  1403 18:51:58    -5334.567383        0.002344
FIRE2:  1404 18:51:59    -5334.567383        0.002335
FIRE2:  1405 18:52:00    -5334.567383        0.002321
FIRE2:  1406 18:52:01    -5334.567383        0.002303
FIRE2:  1407 18:52:02    -5334.567383        0.002286
FIRE2:  1408 18:52:03    -5334.567383        0.002259
FIRE2:  1409 18:52:04    -5334.567383        0.002249
FIRE2:  1410 18:52:04    -5334.567383        0.002202
FIRE2:  1411 18:52:06    -5334.567383        0.002219
FIRE2:  1412 18:52:07    -5334.567383        0.002223
FIRE2:  1413 18:52:09    -5334.567383        0.002223
FIRE2:  1414 18:52:10    -5334.567383        0.002221
FIRE2:  1415 18:52:11    -5334.567383        0.002218
FIRE2:  1416 18:52:12    -5334.567383        0.002219
FIRE2:  1417 18:52:13    -5334.567383        0.002217
FIRE2:  1418 18:52:14    -5334.567383        0.002216
FIRE2:  1419 18:52:15    -5334.567383        0.002215
FIRE2:  1420 18:52:16    -5334.567383        0.002216
FIRE2:  1421 18:52:17    -5334.567383        0.002214
FIRE2:  1422 18:52:17    -5334.567383        0.002214
FIRE2:  1423 18:52:18    -5334.567383        0.002212
FIRE2:  1424 18:52:19    -5334.567383        0.002209
FIRE2:  1425 18:52:20    -5334.567383        0.002209
FIRE2:  1426 18:52:21    -5334.567383        0.002205
FIRE2:  1427 18:52:22    -5334.567383        0.002203
FIRE2:  1428 18:52:23    -5334.567383        0.002203
FIRE2:  1429 18:52:24    -5334.567383        0.002200
FIRE2:  1430 18:52:25    -5334.567383        0.002195
FIRE2:  1431 18:52:26    -5334.567383        0.002195
FIRE2:  1432 18:52:27    -5334.567383        0.002191
FIRE2:  1433 18:52:28    -5334.567383        0.002189
FIRE2:  1434 18:52:29    -5334.567383        0.002186
FIRE2:  1435 18:52:30    -5334.567383        0.002183
FIRE2:  1436 18:52:31    -5334.567383        0.002177
FIRE2:  1437 18:52:32    -5334.567383        0.002170
FIRE2:  1438 18:52:33    -5334.567383        0.002167
FIRE2:  1439 18:52:34    -5334.567383        0.002158
FIRE2:  1440 18:52:35    -5334.567383        0.002149
FIRE2:  1441 18:52:36    -5334.567383        0.002142
FIRE2:  1442 18:52:37    -5334.567383        0.002128
FIRE2:  1443 18:52:37    -5334.567383        0.002116
FIRE2:  1444 18:52:38    -5334.567383        0.002096
FIRE2:  1445 18:52:39    -5334.567383        0.002089
FIRE2:  1446 18:52:40    -5334.567383        0.002037
FIRE2:  1447 18:52:41    -5334.567383        0.002068
FIRE2:  1448 18:52:43    -5334.567383        0.002053
FIRE2:  1449 18:52:44    -5334.567383        0.002039
FIRE2:  1450 18:52:45    -5334.567383        0.002032
FIRE2:  1451 18:52:46    -5334.567383        0.002034
FIRE2:  1452 18:52:47    -5334.567383        0.002041
FIRE2:  1453 18:52:48    -5334.567383        0.002041
FIRE2:  1454 18:52:49    -5334.567383        0.002034
FIRE2:  1455 18:52:50    -5334.567383        0.002027
FIRE2:  1456 18:52:51    -5334.567383        0.002023
FIRE2:  1457 18:52:52    -5334.567383        0.002027
FIRE2:  1458 18:52:53    -5334.567383        0.002018
FIRE2:  1459 18:52:54    -5334.567383        0.002013
FIRE2:  1460 18:52:54    -5334.567383        0.002007
FIRE2:  1461 18:52:55    -5334.567383        0.002005
FIRE2:  1462 18:52:56    -5334.567383        0.001997
FIRE2:  1463 18:52:57    -5334.567383        0.001990
FIRE2:  1464 18:52:58    -5334.567383        0.001985
FIRE2:  1465 18:52:59    -5334.567383        0.001977
FIRE2:  1466 18:53:00    -5334.567383        0.001967
FIRE2:  1467 18:53:01    -5334.567383        0.001961
FIRE2:  1468 18:53:02    -5334.567383        0.001952
FIRE2:  1469 18:53:03    -5334.567383        0.001943
FIRE2:  1470 18:53:04    -5334.567383        0.001928
FIRE2:  1471 18:53:05    -5334.567383        0.001919
FIRE2:  1472 18:53:06    -5334.567383        0.001894
FIRE2:  1473 18:53:07    -5334.567383        0.001901
FIRE2:  1474 18:53:08    -5334.567383        0.001852
FIRE2:  1475 18:53:09    -5334.567383        0.001866
FIRE2:  1476 18:53:10    -5334.567383        0.001813
FIRE2:  1477 18:53:11    -5334.567383        0.001856
FIRE2:  1478 18:53:12    -5334.567383        0.001829
FIRE2:  1479 18:53:13    -5334.567383        0.001807
FIRE2:  1480 18:53:15    -5334.567383        0.001813
FIRE2:  1481 18:53:16    -5334.567383        0.001817
FIRE2:  1482 18:53:17    -5334.567383        0.001819
FIRE2:  1483 18:53:18    -5334.567383        0.001822
FIRE2:  1484 18:53:19    -5334.567383        0.001822
FIRE2:  1485 18:53:20    -5334.567383        0.001820
FIRE2:  1486 18:53:21    -5334.567383        0.001819
FIRE2:  1487 18:53:22    -5334.567383        0.001816
FIRE2:  1488 18:53:23    -5334.567383        0.001813
FIRE2:  1489 18:53:24    -5334.567383        0.001812
FIRE2:  1490 18:53:25    -5334.567383        0.001812
FIRE2:  1491 18:53:26    -5334.567383        0.001811
FIRE2:  1492 18:53:27    -5334.567383        0.001810
FIRE2:  1493 18:53:28    -5334.567383        0.001805
FIRE2:  1494 18:53:29    -5334.567383        0.001805
FIRE2:  1495 18:53:30    -5334.567383        0.001802
FIRE2:  1496 18:53:31    -5334.567383        0.001798
FIRE2:  1497 18:53:32    -5334.567383        0.001797
FIRE2:  1498 18:53:33    -5334.567383        0.001796
FIRE2:  1499 18:53:34    -5334.567383        0.001792
FIRE2:  1500 18:53:35    -5334.567383        0.001788
FIRE2:  1501 18:53:36    -5334.567383        0.001786
FIRE2:  1502 18:53:37    -5334.567383        0.001781
FIRE2:  1503 18:53:38    -5334.567383        0.001777
FIRE2:  1504 18:53:39    -5334.567383        0.001770
FIRE2:  1505 18:53:40    -5334.567383        0.001765
FIRE2:  1506 18:53:41    -5334.567383        0.001757
FIRE2:  1507 18:53:42    -5334.567383        0.001750
FIRE2:  1508 18:53:43    -5334.567383        0.001740
FIRE2:  1509 18:53:43    -5334.567383        0.001726
FIRE2:  1510 18:53:45    -5334.567383        0.001720
FIRE2:  1511 18:53:46    -5334.567383        0.001687
FIRE2:  1512 18:53:46    -5334.567383        0.001705
FIRE2:  1513 18:53:48    -5334.567383        0.001694
FIRE2:  1514 18:53:49    -5334.567383        0.001686
FIRE2:  1515 18:53:50    -5334.567383        0.001681
FIRE2:  1516 18:53:51    -5334.567383        0.001682
FIRE2:  1517 18:53:52    -5334.567383        0.001684
FIRE2:  1518 18:53:53    -5334.567383        0.001686
FIRE2:  1519 18:53:54    -5334.567383        0.001682
FIRE2:  1520 18:53:55    -5334.567383        0.001676
FIRE2:  1521 18:53:56    -5334.567383        0.001673
FIRE2:  1522 18:53:57    -5334.567383        0.001672
FIRE2:  1523 18:53:58    -5334.567383        0.001670
FIRE2:  1524 18:53:59    -5334.567383        0.001666
FIRE2:  1525 18:54:00    -5334.567383        0.001659
FIRE2:  1526 18:54:01    -5334.567383        0.001655
FIRE2:  1527 18:54:02    -5334.567383        0.001654
FIRE2:  1528 18:54:03    -5334.567383        0.001648
FIRE2:  1529 18:54:04    -5334.567383        0.001641
FIRE2:  1530 18:54:05    -5334.567383        0.001637
FIRE2:  1531 18:54:06    -5334.567383        0.001630
FIRE2:  1532 18:54:07    -5334.567383        0.001626
FIRE2:  1533 18:54:08    -5334.567383        0.001619
FIRE2:  1534 18:54:09    -5334.567383        0.001613
FIRE2:  1535 18:54:10    -5334.567383        0.001602
FIRE2:  1536 18:54:11    -5334.567383        0.001595
FIRE2:  1537 18:54:12    -5334.567383        0.001581
FIRE2:  1538 18:54:13    -5334.567383        0.001578
FIRE2:  1539 18:54:14    -5334.567383        0.001540
FIRE2:  1540 18:54:15    -5334.567383        0.001557
FIRE2:  1541 18:54:16    -5334.567383        0.001519
FIRE2:  1542 18:54:17    -5334.567383        0.001533
FIRE2:  1543 18:54:19    -5334.567383        0.001523
FIRE2:  1544 18:54:20    -5334.567383        0.001514
FIRE2:  1545 18:54:21    -5334.567383        0.001515
FIRE2:  1546 18:54:22    -5334.567383        0.001516
FIRE2:  1547 18:54:23    -5334.567383        0.001517
FIRE2:  1548 18:54:24    -5334.567383        0.001518
FIRE2:  1549 18:54:25    -5334.567383        0.001520
FIRE2:  1550 18:54:26    -5334.567383        0.001518
FIRE2:  1551 18:54:27    -5334.567383        0.001516
FIRE2:  1552 18:54:28    -5334.567383        0.001516
FIRE2:  1553 18:54:29    -5334.567383        0.001515
FIRE2:  1554 18:54:30    -5334.567383        0.001513
FIRE2:  1555 18:54:31    -5334.567383        0.001511
FIRE2:  1556 18:54:32    -5334.567383        0.001510
FIRE2:  1557 18:54:33    -5334.567383        0.001510
FIRE2:  1558 18:54:34    -5334.567383        0.001510
FIRE2:  1559 18:54:35    -5334.567383        0.001506
FIRE2:  1560 18:54:36    -5334.567383        0.001505
FIRE2:  1561 18:54:37    -5334.567383        0.001502
FIRE2:  1562 18:54:38    -5334.567383        0.001502
FIRE2:  1563 18:54:39    -5334.567383        0.001500
FIRE2:  1564 18:54:40    -5334.567383        0.001497
FIRE2:  1565 18:54:41    -5334.567383        0.001495
FIRE2:  1566 18:54:42    -5334.567383        0.001492
FIRE2:  1567 18:54:43    -5334.567383        0.001490
FIRE2:  1568 18:54:44    -5334.567383        0.001489
FIRE2:  1569 18:54:45    -5334.567383        0.001482
FIRE2:  1570 18:54:46    -5334.567383        0.001477
FIRE2:  1571 18:54:47    -5334.567383        0.001473
FIRE2:  1572 18:54:48    -5334.567383        0.001467
FIRE2:  1573 18:54:49    -5334.567383        0.001460
FIRE2:  1574 18:54:50    -5334.567383        0.001451
FIRE2:  1575 18:54:51    -5334.567383        0.001443
FIRE2:  1576 18:54:52    -5334.567383        0.001428
FIRE2:  1577 18:54:53    -5334.567383        0.001423
FIRE2:  1578 18:54:54    -5334.567383        0.001396
FIRE2:  1579 18:54:55    -5334.567383        0.001398
FIRE2:  1580 18:54:56    -5334.567383        0.001366
FIRE2:  1581 18:54:57    -5334.567383        0.001378
FIRE2:  1582 18:54:58    -5334.567383        0.001383
FIRE2:  1583 18:55:00    -5334.567383        0.001381
FIRE2:  1584 18:55:01    -5334.567383        0.001382
FIRE2:  1585 18:55:02    -5334.567383        0.001379
FIRE2:  1586 18:55:03    -5334.567383        0.001378
FIRE2:  1587 18:55:04    -5334.567383        0.001378
FIRE2:  1588 18:55:05    -5334.567383        0.001377
FIRE2:  1589 18:55:06    -5334.567383        0.001377
FIRE2:  1590 18:55:07    -5334.567383        0.001376
FIRE2:  1591 18:55:08    -5334.567383        0.001376
FIRE2:  1592 18:55:09    -5334.567383        0.001374
FIRE2:  1593 18:55:10    -5334.567383        0.001373
FIRE2:  1594 18:55:11    -5334.567383        0.001370
FIRE2:  1595 18:55:12    -5334.567383        0.001368
FIRE2:  1596 18:55:13    -5334.567383        0.001367
FIRE2:  1597 18:55:14    -5334.567383        0.001367
FIRE2:  1598 18:55:15    -5334.567383        0.001366
FIRE2:  1599 18:55:16    -5334.567383        0.001364
FIRE2:  1600 18:55:17    -5334.567383        0.001361
FIRE2:  1601 18:55:18    -5334.567383        0.001358
FIRE2:  1602 18:55:19    -5334.567383        0.001356
FIRE2:  1603 18:55:20    -5334.567383        0.001357
FIRE2:  1604 18:55:21    -5334.567383        0.001352
FIRE2:  1605 18:55:22    -5334.567383        0.001350
FIRE2:  1606 18:55:23    -5334.567383        0.001347
FIRE2:  1607 18:55:24    -5334.567383        0.001343
FIRE2:  1608 18:55:25    -5334.567383        0.001339
FIRE2:  1609 18:55:26    -5334.567383        0.001334
FIRE2:  1610 18:55:27    -5334.567383        0.001327
FIRE2:  1611 18:55:28    -5334.567383        0.001321
FIRE2:  1612 18:55:29    -5334.567383        0.001312
FIRE2:  1613 18:55:30    -5334.567383        0.001303
FIRE2:  1614 18:55:31    -5334.567383        0.001292
FIRE2:  1615 18:55:32    -5334.567383        0.001277
FIRE2:  1616 18:55:33    -5334.567383        0.001267
FIRE2:  1617 18:55:34    -5334.567383        0.001269
FIRE2:  1618 18:55:35    -5334.567383        0.001266
FIRE2:  1619 18:55:36    -5334.567383        0.001266
FIRE2:  1620 18:55:37    -5334.567383        0.001266
FIRE2:  1621 18:55:38    -5334.567383        0.001265
FIRE2:  1622 18:55:39    -5334.567383        0.001265
FIRE2:  1623 18:55:40    -5334.567383        0.001262
FIRE2:  1624 18:55:41    -5334.567383        0.001259
FIRE2:  1625 18:55:42    -5334.567383        0.001258
FIRE2:  1626 18:55:43    -5334.567383        0.001255
FIRE2:  1627 18:55:44    -5334.567383        0.001251
FIRE2:  1628 18:55:45    -5334.567383        0.001249
FIRE2:  1629 18:55:46    -5334.567383        0.001247
FIRE2:  1630 18:55:47    -5334.567383        0.001244
FIRE2:  1631 18:55:48    -5334.567383        0.001239
FIRE2:  1632 18:55:49    -5334.567383        0.001236
FIRE2:  1633 18:55:50    -5334.567383        0.001231
FIRE2:  1634 18:55:51    -5334.567383        0.001228
FIRE2:  1635 18:55:52    -5334.567383        0.001223
FIRE2:  1636 18:55:53    -5334.567383        0.001219
FIRE2:  1637 18:55:54    -5334.567383        0.001212
FIRE2:  1638 18:55:55    -5334.567383        0.001207
FIRE2:  1639 18:55:56    -5334.567383        0.001197
FIRE2:  1640 18:55:57    -5334.567383        0.001190
FIRE2:  1641 18:55:58    -5334.567383        0.001180
FIRE2:  1642 18:55:59    -5334.567383        0.001175
FIRE2:  1643 18:56:00    -5334.567383        0.001155
FIRE2:  1644 18:56:01    -5334.567383        0.001156
FIRE2:  1645 18:56:02    -5334.567383        0.001127
FIRE2:  1646 18:56:03    -5334.567383        0.001149
FIRE2:  1647 18:56:05    -5334.567383        0.001134
FIRE2:  1648 18:56:05    -5334.567383        0.001122
FIRE2:  1649 18:56:07    -5334.567383        0.001126
FIRE2:  1650 18:56:08    -5334.567383        0.001127
FIRE2:  1651 18:56:09    -5334.567383        0.001129
FIRE2:  1652 18:56:10    -5334.567383        0.001132
FIRE2:  1653 18:56:11    -5334.567383        0.001131
FIRE2:  1654 18:56:12    -5334.567383        0.001132
FIRE2:  1655 18:56:13    -5334.567383        0.001129
FIRE2:  1656 18:56:14    -5334.567383        0.001129
FIRE2:  1657 18:56:15    -5334.567383        0.001125
FIRE2:  1658 18:56:16    -5334.567383        0.001126
FIRE2:  1659 18:56:17    -5334.567383        0.001126
FIRE2:  1660 18:56:18    -5334.567383        0.001124
FIRE2:  1661 18:56:19    -5334.567383        0.001125
FIRE2:  1662 18:56:20    -5334.567383        0.001123
FIRE2:  1663 18:56:21    -5334.567383        0.001120
FIRE2:  1664 18:56:22    -5334.567383        0.001118
FIRE2:  1665 18:56:23    -5334.567383        0.001117
FIRE2:  1666 18:56:24    -5334.567383        0.001118
FIRE2:  1667 18:56:25    -5334.567383        0.001115
FIRE2:  1668 18:56:26    -5334.567383        0.001114
FIRE2:  1669 18:56:27    -5334.567383        0.001111
FIRE2:  1670 18:56:28    -5334.567383        0.001110
FIRE2:  1671 18:56:29    -5334.567383        0.001107
FIRE2:  1672 18:56:30    -5334.567383        0.001104
FIRE2:  1673 18:56:31    -5334.567383        0.001102
FIRE2:  1674 18:56:32    -5334.567383        0.001096
FIRE2:  1675 18:56:33    -5334.567383        0.001093
FIRE2:  1676 18:56:34    -5334.567383        0.001089
FIRE2:  1677 18:56:35    -5334.567383        0.001083
FIRE2:  1678 18:56:36    -5334.567383        0.001075
FIRE2:  1679 18:56:37    -5334.567383        0.001069
FIRE2:  1680 18:56:38    -5334.567383        0.001055
FIRE2:  1681 18:56:39    -5334.567383        0.001057
FIRE2:  1682 18:56:39    -5334.567383        0.001022
FIRE2:  1683 18:56:41    -5334.567383        0.001034
FIRE2:  1684 18:56:42    -5334.567383        0.001040
FIRE2:  1685 18:56:44    -5334.567383        0.001038
FIRE2:  1686 18:56:45    -5334.567383        0.001038
FIRE2:  1687 18:56:46    -5334.567383        0.001038
FIRE2:  1688 18:56:47    -5334.567383        0.001037
FIRE2:  1689 18:56:48    -5334.567383        0.001037
FIRE2:  1690 18:56:49    -5334.567383        0.001037
FIRE2:  1691 18:56:50    -5334.567383        0.001036
FIRE2:  1692 18:56:51    -5334.567383        0.001035
FIRE2:  1693 18:56:52    -5334.567383        0.001035
FIRE2:  1694 18:56:53    -5334.567383        0.001035
FIRE2:  1695 18:56:54    -5334.567383        0.001033
FIRE2:  1696 18:56:55    -5334.567383        0.001034
FIRE2:  1697 18:56:56    -5334.567383        0.001032
FIRE2:  1698 18:56:57    -5334.567383        0.001031
FIRE2:  1699 18:56:58    -5334.567383        0.001031
FIRE2:  1700 18:56:59    -5334.567383        0.001028
FIRE2:  1701 18:57:00    -5334.567383        0.001029
FIRE2:  1702 18:57:01    -5334.567383        0.001028
FIRE2:  1703 18:57:02    -5334.567383        0.001028
FIRE2:  1704 18:57:03    -5334.567383        0.001027
FIRE2:  1705 18:57:04    -5334.567383        0.001024
FIRE2:  1706 18:57:04    -5334.567383        0.001022
FIRE2:  1707 18:57:05    -5334.567383        0.001021
FIRE2:  1708 18:57:06    -5334.567383        0.001021
FIRE2:  1709 18:57:07    -5334.567383        0.001018
FIRE2:  1710 18:57:08    -5334.567383        0.001016
FIRE2:  1711 18:57:09    -5334.567383        0.001011
FIRE2:  1712 18:57:10    -5334.567383        0.001009
FIRE2:  1713 18:57:11    -5334.567383        0.001003
FIRE2:  1714 18:57:12    -5334.567383        0.000999
