       Step     Time          Energy          fmax
FIRE2:    0 17:18:46    -5323.311523        0.314259
FIRE2:    1 17:18:47    -5323.403320        0.299557
FIRE2:    2 17:18:48    -5323.554688        0.293245
FIRE2:    3 17:18:49    -5323.710938        0.284185
FIRE2:    4 17:18:50    -5323.821289        0.273040
FIRE2:    5 17:18:51    -5323.871094        0.261507
FIRE2:    6 17:18:52    -5323.896484        0.252942
FIRE2:    7 17:18:53    -5323.928711        0.248210
FIRE2:    8 17:18:54    -5323.967773        0.246608
FIRE2:    9 17:18:55    -5324.005859        0.246951
FIRE2:   10 17:18:56    -5324.040039        0.247754
FIRE2:   11 17:18:57    -5324.072266        0.247758
FIRE2:   12 17:18:58    -5324.104492        0.246443
FIRE2:   13 17:18:59    -5324.134766        0.243908
FIRE2:   14 17:19:00    -5324.165039        0.240768
FIRE2:   15 17:19:01    -5324.196289        0.237727
FIRE2:   16 17:19:02    -5324.228516        0.235086
FIRE2:   17 17:19:02    -5324.259766        0.232725
FIRE2:   18 17:19:03    -5324.291016        0.230320
FIRE2:   19 17:19:04    -5324.324219        0.227709
FIRE2:   20 17:19:05    -5324.357422        0.224977
FIRE2:   21 17:19:06    -5324.390625        0.222314
FIRE2:   22 17:19:07    -5324.428711        0.219525
FIRE2:   23 17:19:08    -5324.470215        0.216332
FIRE2:   24 17:19:09    -5324.516602        0.212276
FIRE2:   25 17:19:10    -5324.569336        0.207309
FIRE2:   26 17:19:11    -5324.626953        0.202087
FIRE2:   27 17:19:12    -5324.688477        0.196830
FIRE2:   28 17:19:13    -5324.748047        0.191106
FIRE2:   29 17:19:14    -5324.802734        0.185223
FIRE2:   30 17:19:15    -5324.855469        0.179767
FIRE2:   31 17:19:16    -5324.905273        0.174177
FIRE2:   32 17:19:17    -5324.952148        0.168725
FIRE2:   33 17:19:18    -5324.997070        0.163344
FIRE2:   34 17:19:18    -5325.039062        0.157629
FIRE2:   35 17:19:19    -5325.079102        0.152522
FIRE2:   36 17:19:20    -5325.116211        0.147190
FIRE2:   37 17:19:21    -5325.152344        0.142047
FIRE2:   38 17:19:22    -5325.186523        0.137187
FIRE2:   39 17:19:23    -5325.218750        0.132531
FIRE2:   40 17:19:24    -5325.250000        0.127824
FIRE2:   41 17:19:25    -5325.280273        0.123486
FIRE2:   42 17:19:26    -5325.308594        0.119160
FIRE2:   43 17:19:27    -5325.336914        0.115480
FIRE2:   44 17:19:28    -5325.363281        0.110767
FIRE2:   45 17:19:29    -5325.387695        0.108845
FIRE2:   46 17:19:30    -5325.412109        0.102997
FIRE2:   47 17:19:31    -5325.436523        0.101461
FIRE2:   48 17:19:32    -5325.458984        0.096701
FIRE2:   49 17:19:33    -5325.480469        0.095209
FIRE2:   50 17:19:34    -5325.500977        0.089986
FIRE2:   51 17:19:35    -5325.521484        0.089162
FIRE2:   52 17:19:36    -5325.541016        0.084406
FIRE2:   53 17:19:37    -5325.559082        0.083695
FIRE2:   54 17:19:37    -5325.576172        0.078579
FIRE2:   55 17:19:38    -5325.592773        0.078323
FIRE2:   56 17:19:39    -5325.609375        0.073466
FIRE2:   57 17:19:40    -5325.623047        0.073382
FIRE2:   58 17:19:41    -5325.637695        0.068104
FIRE2:   59 17:19:42    -5325.651367        0.068480
FIRE2:   60 17:19:43    -5325.664062        0.063162
FIRE2:   61 17:19:44    -5325.675781        0.063946
FIRE2:   62 17:19:45    -5325.685547        0.057908
FIRE2:   63 17:19:47    -5325.641602        0.081402
FIRE2:   64 17:19:48    -5325.676758        0.061930
FIRE2:   65 17:19:49    -5325.668945        0.065250
FIRE2:   66 17:19:51    -5325.674805        0.064021
FIRE2:   67 17:19:52    -5325.676758        0.063314
FIRE2:   68 17:19:53    -5325.677734        0.062442
FIRE2:   69 17:19:54    -5325.677734        0.061756
FIRE2:   70 17:19:56    -5325.677734        0.061948
FIRE2:   71 17:19:57    -5325.677734        0.061990
FIRE2:   72 17:19:58    -5325.677734        0.062047
FIRE2:   73 17:19:59    -5325.677734        0.062117
FIRE2:   74 17:20:00    -5325.677734        0.062192
FIRE2:   75 17:20:00    -5325.678223        0.062263
FIRE2:   76 17:20:01    -5325.678711        0.062318
FIRE2:   77 17:20:02    -5325.678711        0.062352
FIRE2:   78 17:20:03    -5325.678711        0.062359
FIRE2:   79 17:20:04    -5325.678711        0.062339
FIRE2:   80 17:20:05    -5325.678711        0.062293
FIRE2:   81 17:20:06    -5325.678711        0.062233
FIRE2:   82 17:20:07    -5325.679688        0.062162
FIRE2:   83 17:20:08    -5325.679688        0.062091
FIRE2:   84 17:20:09    -5325.679688        0.062025
FIRE2:   85 17:20:10    -5325.679688        0.061967
FIRE2:   86 17:20:11    -5325.680664        0.061922
FIRE2:   87 17:20:12    -5325.680664        0.061883
FIRE2:   88 17:20:13    -5325.680664        0.061845
FIRE2:   89 17:20:14    -5325.681641        0.061804
FIRE2:   90 17:20:15    -5325.681641        0.061755
FIRE2:   91 17:20:16    -5325.681641        0.061690
FIRE2:   92 17:20:17    -5325.682617        0.061608
FIRE2:   93 17:20:18    -5325.682617        0.061509
FIRE2:   94 17:20:19    -5325.683594        0.061395
FIRE2:   95 17:20:19    -5325.684570        0.061269
FIRE2:   96 17:20:20    -5325.685547        0.061135
FIRE2:   97 17:20:21    -5325.686523        0.060977
FIRE2:   98 17:20:22    -5325.687500        0.060789
FIRE2:   99 17:20:23    -5325.688477        0.060555
FIRE2:  100 17:20:24    -5325.690430        0.060284
FIRE2:  101 17:20:25    -5325.692383        0.059976
FIRE2:  102 17:20:26    -5325.694336        0.059617
FIRE2:  103 17:20:27    -5325.696289        0.059180
FIRE2:  104 17:20:28    -5325.699219        0.058671
FIRE2:  105 17:20:29    -5325.703125        0.058086
FIRE2:  106 17:20:30    -5325.707031        0.057366
FIRE2:  107 17:20:31    -5325.711914        0.056582
FIRE2:  108 17:20:32    -5325.716797        0.055500
FIRE2:  109 17:20:33    -5325.723633        0.054872
FIRE2:  110 17:20:34    -5325.728027        0.051710
FIRE2:  111 17:20:35    -5325.730469        0.054540
FIRE2:  112 17:20:36    -5325.735352        0.052777
FIRE2:  113 17:20:37    -5325.735352        0.051426
FIRE2:  114 17:20:39    -5325.735352        0.051842
FIRE2:  115 17:20:40    -5325.736328        0.051984
FIRE2:  116 17:20:41    -5325.736328        0.052155
FIRE2:  117 17:20:42    -5325.736328        0.052294
FIRE2:  118 17:20:43    -5325.736328        0.052346
FIRE2:  119 17:20:44    -5325.736328        0.052300
FIRE2:  120 17:20:45    -5325.737305        0.052176
FIRE2:  121 17:20:46    -5325.737305        0.052015
FIRE2:  122 17:20:47    -5325.738281        0.051878
FIRE2:  123 17:20:48    -5325.738281        0.051801
FIRE2:  124 17:20:49    -5325.738281        0.051776
FIRE2:  125 17:20:50    -5325.739258        0.051767
FIRE2:  126 17:20:51    -5325.739258        0.051723
FIRE2:  127 17:20:51    -5325.740234        0.051623
FIRE2:  128 17:20:52    -5325.741211        0.051487
FIRE2:  129 17:20:53    -5325.741211        0.051353
FIRE2:  130 17:20:54    -5325.742188        0.051250
FIRE2:  131 17:20:55    -5325.743164        0.051165
FIRE2:  132 17:20:56    -5325.743164        0.051070
FIRE2:  133 17:20:57    -5325.744141        0.050943
FIRE2:  134 17:20:58    -5325.745117        0.050792
FIRE2:  135 17:20:59    -5325.746094        0.050630
FIRE2:  136 17:21:00    -5325.747070        0.050469
FIRE2:  137 17:21:01    -5325.748047        0.050285
FIRE2:  138 17:21:02    -5325.749023        0.050046
FIRE2:  139 17:21:03    -5325.750977        0.049760
FIRE2:  140 17:21:04    -5325.752930        0.049464
FIRE2:  141 17:21:05    -5325.754883        0.049099
FIRE2:  142 17:21:06    -5325.757812        0.048659
FIRE2:  143 17:21:07    -5325.760742        0.048197
FIRE2:  144 17:21:08    -5325.764648        0.047541
FIRE2:  145 17:21:08    -5325.768555        0.047140
FIRE2:  146 17:21:09    -5325.772461        0.045390
FIRE2:  147 17:21:10    -5325.775391        0.046827
FIRE2:  148 17:21:12    -5325.776367        0.046018
FIRE2:  149 17:21:13    -5325.776855        0.045361
FIRE2:  150 17:21:15    -5325.776367        0.045528
FIRE2:  151 17:21:16    -5325.776367        0.045534
FIRE2:  152 17:21:17    -5325.777344        0.045540
FIRE2:  153 17:21:18    -5325.777344        0.045542
FIRE2:  154 17:21:19    -5325.777344        0.045538
FIRE2:  155 17:21:20    -5325.777344        0.045522
FIRE2:  156 17:21:20    -5325.777344        0.045496
FIRE2:  157 17:21:21    -5325.777344        0.045460
FIRE2:  158 17:21:22    -5325.777344        0.045419
FIRE2:  159 17:21:23    -5325.778320        0.045377
FIRE2:  160 17:21:24    -5325.778320        0.045333
FIRE2:  161 17:21:25    -5325.778320        0.045293
FIRE2:  162 17:21:26    -5325.779297        0.045252
FIRE2:  163 17:21:27    -5325.779297        0.045206
FIRE2:  164 17:21:28    -5325.779297        0.045155
FIRE2:  165 17:21:29    -5325.780273        0.045096
FIRE2:  166 17:21:30    -5325.780273        0.045031
FIRE2:  167 17:21:31    -5325.780273        0.044965
FIRE2:  168 17:21:32    -5325.781250        0.044898
FIRE2:  169 17:21:33    -5325.781250        0.044830
FIRE2:  170 17:21:34    -5325.782227        0.044756
FIRE2:  171 17:21:35    -5325.782227        0.044672
FIRE2:  172 17:21:36    -5325.783203        0.044573
FIRE2:  173 17:21:37    -5325.784180        0.044456
FIRE2:  174 17:21:37    -5325.785156        0.044322
FIRE2:  175 17:21:38    -5325.786133        0.044170
FIRE2:  176 17:21:39    -5325.787109        0.043989
FIRE2:  177 17:21:40    -5325.788086        0.043775
FIRE2:  178 17:21:41    -5325.790039        0.043530
FIRE2:  179 17:21:42    -5325.791992        0.043242
FIRE2:  180 17:21:43    -5325.793945        0.042903
FIRE2:  181 17:21:44    -5325.796875        0.042513
FIRE2:  182 17:21:45    -5325.799805        0.042038
FIRE2:  183 17:21:46    -5325.802734        0.041540
FIRE2:  184 17:21:47    -5325.806641        0.040706
FIRE2:  185 17:21:48    -5325.810547        0.041077
FIRE2:  186 17:21:49    -5325.811523        0.037326
FIRE2:  187 17:21:51    -5325.815430        0.039162
FIRE2:  188 17:21:51    -5325.815430        0.040318
FIRE2:  189 17:21:53    -5325.815430        0.039950
FIRE2:  190 17:21:54    -5325.815430        0.039806
FIRE2:  191 17:21:55    -5325.815430        0.039626
FIRE2:  192 17:21:56    -5325.815430        0.039459
FIRE2:  193 17:21:57    -5325.815430        0.039358
FIRE2:  194 17:21:58    -5325.816406        0.039335
FIRE2:  195 17:21:59    -5325.816406        0.039374
FIRE2:  196 17:22:00    -5325.816406        0.039440
FIRE2:  197 17:22:01    -5325.816406        0.039480
FIRE2:  198 17:22:02    -5325.817383        0.039463
FIRE2:  199 17:22:03    -5325.817383        0.039387
FIRE2:  200 17:22:04    -5325.817383        0.039286
FIRE2:  201 17:22:05    -5325.817383        0.039202
FIRE2:  202 17:22:06    -5325.818359        0.039156
FIRE2:  203 17:22:06    -5325.818359        0.039139
FIRE2:  204 17:22:07    -5325.818359        0.039114
FIRE2:  205 17:22:08    -5325.819336        0.039058
FIRE2:  206 17:22:09    -5325.819336        0.038974
FIRE2:  207 17:22:10    -5325.820312        0.038887
FIRE2:  208 17:22:11    -5325.820312        0.038815
FIRE2:  209 17:22:12    -5325.821289        0.038757
FIRE2:  210 17:22:13    -5325.821289        0.038688
FIRE2:  211 17:22:14    -5325.822266        0.038584
FIRE2:  212 17:22:15    -5325.823242        0.038454
FIRE2:  213 17:22:16    -5325.824219        0.038326
FIRE2:  214 17:22:17    -5325.825195        0.038189
FIRE2:  215 17:22:18    -5325.826172        0.037999
FIRE2:  216 17:22:19    -5325.827148        0.037783
FIRE2:  217 17:22:20    -5325.829102        0.037561
FIRE2:  218 17:22:21    -5325.831055        0.037242
FIRE2:  219 17:22:22    -5325.833008        0.036980
FIRE2:  220 17:22:23    -5325.835938        0.036373
FIRE2:  221 17:22:23    -5325.838867        0.036714
FIRE2:  222 17:22:24    -5325.840820        0.034595
FIRE2:  223 17:22:26    -5325.840820        0.035439
FIRE2:  224 17:22:27    -5325.841797        0.035892
FIRE2:  225 17:22:29    -5325.841797        0.035772
FIRE2:  226 17:22:30    -5325.841797        0.035760
FIRE2:  227 17:22:31    -5325.841797        0.035743
FIRE2:  228 17:22:32    -5325.841797        0.035725
FIRE2:  229 17:22:33    -5325.841797        0.035705
FIRE2:  230 17:22:34    -5325.841797        0.035688
FIRE2:  231 17:22:35    -5325.841797        0.035673
FIRE2:  232 17:22:36    -5325.841797        0.035659
FIRE2:  233 17:22:37    -5325.841797        0.035644
FIRE2:  234 17:22:38    -5325.841797        0.035626
FIRE2:  235 17:22:39    -5325.842773        0.035604
FIRE2:  236 17:22:40    -5325.842773        0.035576
FIRE2:  237 17:22:40    -5325.842773        0.035545
FIRE2:  238 17:22:41    -5325.842773        0.035511
FIRE2:  239 17:22:42    -5325.843262        0.035476
FIRE2:  240 17:22:43    -5325.843750        0.035442
FIRE2:  241 17:22:44    -5325.843750        0.035407
FIRE2:  242 17:22:45    -5325.843750        0.035368
FIRE2:  243 17:22:46    -5325.844727        0.035326
FIRE2:  244 17:22:47    -5325.844727        0.035280
FIRE2:  245 17:22:48    -5325.844727        0.035234
FIRE2:  246 17:22:49    -5325.845703        0.035181
FIRE2:  247 17:22:50    -5325.845703        0.035118
FIRE2:  248 17:22:51    -5325.846680        0.035048
FIRE2:  249 17:22:52    -5325.846680        0.034964
FIRE2:  250 17:22:53    -5325.847656        0.034866
FIRE2:  251 17:22:54    -5325.848633        0.034753
FIRE2:  252 17:22:55    -5325.849609        0.034621
FIRE2:  253 17:22:56    -5325.850586        0.034466
FIRE2:  254 17:22:57    -5325.851562        0.034282
FIRE2:  255 17:22:58    -5325.852539        0.034071
FIRE2:  256 17:22:59    -5325.854492        0.033817
FIRE2:  257 17:23:00    -5325.856445        0.033528
FIRE2:  258 17:23:01    -5325.858398        0.033153
FIRE2:  259 17:23:02    -5325.861328        0.032876
FIRE2:  260 17:23:03    -5325.864258        0.031686
FIRE2:  261 17:23:04    -5325.865234        0.033470
FIRE2:  262 17:23:06    -5325.867188        0.032296
FIRE2:  263 17:23:07    -5325.867188        0.031343
FIRE2:  264 17:23:08    -5325.867188        0.031632
FIRE2:  265 17:23:09    -5325.867188        0.031727
FIRE2:  266 17:23:10    -5325.867188        0.031844
FIRE2:  267 17:23:11    -5325.867188        0.031943
FIRE2:  268 17:23:12    -5325.868164        0.031992
FIRE2:  269 17:23:13    -5325.868164        0.031977
FIRE2:  270 17:23:14    -5325.868164        0.031915
FIRE2:  271 17:23:15    -5325.868164        0.031825
FIRE2:  272 17:23:16    -5325.868164        0.031748
FIRE2:  273 17:23:17    -5325.868164        0.031708
FIRE2:  274 17:23:18    -5325.868164        0.031705
FIRE2:  275 17:23:19    -5325.869141        0.031718
FIRE2:  276 17:23:20    -5325.869141        0.031717
FIRE2:  277 17:23:21    -5325.869141        0.031681
FIRE2:  278 17:23:22    -5325.869141        0.031622
FIRE2:  279 17:23:23    -5325.870117        0.031557
FIRE2:  280 17:23:24    -5325.870117        0.031512
FIRE2:  281 17:23:25    -5325.870117        0.031485
FIRE2:  282 17:23:26    -5325.870117        0.031455
FIRE2:  283 17:23:27    -5325.871094        0.031410
FIRE2:  284 17:23:28    -5325.871094        0.031348
FIRE2:  285 17:23:28    -5325.871094        0.031278
FIRE2:  286 17:23:29    -5325.872070        0.031214
FIRE2:  287 17:23:30    -5325.872070        0.031148
FIRE2:  288 17:23:31    -5325.873047        0.031056
FIRE2:  289 17:23:32    -5325.874023        0.030937
FIRE2:  290 17:23:33    -5325.875000        0.030819
FIRE2:  291 17:23:34    -5325.875000        0.030682
FIRE2:  292 17:23:35    -5325.876953        0.030495
FIRE2:  293 17:23:36    -5325.877930        0.030320
FIRE2:  294 17:23:37    -5325.879883        0.030037
FIRE2:  295 17:23:38    -5325.881348        0.029907
FIRE2:  296 17:23:39    -5325.882812        0.029059
FIRE2:  297 17:23:40    -5325.884766        0.030048
FIRE2:  298 17:23:42    -5325.884766        0.029517
FIRE2:  299 17:23:42    -5325.884766        0.029097
FIRE2:  300 17:23:44    -5325.884766        0.029202
FIRE2:  301 17:23:45    -5325.884766        0.029204
FIRE2:  302 17:23:46    -5325.884766        0.029205
FIRE2:  303 17:23:47    -5325.884766        0.029204
FIRE2:  304 17:23:48    -5325.885742        0.029201
FIRE2:  305 17:23:49    -5325.885742        0.029194
FIRE2:  306 17:23:50    -5325.885742        0.029182
FIRE2:  307 17:23:51    -5325.885742        0.029167
FIRE2:  308 17:23:52    -5325.885742        0.029150
FIRE2:  309 17:23:53    -5325.885742        0.029131
FIRE2:  310 17:23:54    -5325.885742        0.029111
FIRE2:  311 17:23:55    -5325.885742        0.029093
FIRE2:  312 17:23:56    -5325.885742        0.029073
FIRE2:  313 17:23:56    -5325.885742        0.029053
FIRE2:  314 17:23:57    -5325.886230        0.029030
FIRE2:  315 17:23:58    -5325.886719        0.029005
FIRE2:  316 17:23:59    -5325.886719        0.028976
FIRE2:  317 17:24:00    -5325.886719        0.028945
FIRE2:  318 17:24:01    -5325.886719        0.028914
FIRE2:  319 17:24:02    -5325.886719        0.028885
FIRE2:  320 17:24:03    -5325.887695        0.028851
FIRE2:  321 17:24:04    -5325.887695        0.028812
FIRE2:  322 17:24:05    -5325.887695        0.028768
FIRE2:  323 17:24:06    -5325.888672        0.028714
FIRE2:  324 17:24:07    -5325.888672        0.028654
FIRE2:  325 17:24:08    -5325.888672        0.028582
FIRE2:  326 17:24:09    -5325.889648        0.028500
FIRE2:  327 17:24:10    -5325.890625        0.028402
FIRE2:  328 17:24:11    -5325.890625        0.028289
FIRE2:  329 17:24:12    -5325.891602        0.028156
FIRE2:  330 17:24:13    -5325.892578        0.027998
FIRE2:  331 17:24:14    -5325.893555        0.027815
FIRE2:  332 17:24:14    -5325.895508        0.027591
FIRE2:  333 17:24:15    -5325.896484        0.027351
FIRE2:  334 17:24:16    -5325.898438        0.026972
FIRE2:  335 17:24:17    -5325.901367        0.027038
FIRE2:  336 17:24:18    -5325.901367        0.025031
FIRE2:  337 17:24:20    -5325.902344        0.026087
FIRE2:  338 17:24:21    -5325.902344        0.026815
FIRE2:  339 17:24:23    -5325.902344        0.026589
FIRE2:  340 17:24:24    -5325.903320        0.026511
FIRE2:  341 17:24:25    -5325.903320        0.026413
FIRE2:  342 17:24:26    -5325.903320        0.026320
FIRE2:  343 17:24:26    -5325.903320        0.026260
FIRE2:  344 17:24:27    -5325.903320        0.026245
FIRE2:  345 17:24:28    -5325.903320        0.026264
FIRE2:  346 17:24:29    -5325.903320        0.026300
FIRE2:  347 17:24:30    -5325.903320        0.026326
FIRE2:  348 17:24:31    -5325.903320        0.026322
FIRE2:  349 17:24:32    -5325.903320        0.026282
FIRE2:  350 17:24:33    -5325.903320        0.026230
FIRE2:  351 17:24:34    -5325.903809        0.026182
FIRE2:  352 17:24:35    -5325.904297        0.026155
FIRE2:  353 17:24:36    -5325.904297        0.026143
FIRE2:  354 17:24:37    -5325.904297        0.026133
FIRE2:  355 17:24:38    -5325.904297        0.026107
FIRE2:  356 17:24:39    -5325.904297        0.026063
FIRE2:  357 17:24:40    -5325.905273        0.026015
FIRE2:  358 17:24:41    -5325.905273        0.025974
FIRE2:  359 17:24:42    -5325.905273        0.025944
FIRE2:  360 17:24:43    -5325.906250        0.025909
FIRE2:  361 17:24:44    -5325.906250        0.025857
FIRE2:  362 17:24:45    -5325.906250        0.025787
FIRE2:  363 17:24:45    -5325.907227        0.025714
FIRE2:  364 17:24:46    -5325.907227        0.025642
FIRE2:  365 17:24:47    -5325.908203        0.025544
FIRE2:  366 17:24:48    -5325.908203        0.025425
FIRE2:  367 17:24:49    -5325.909180        0.025304
FIRE2:  368 17:24:50    -5325.910156        0.025137
FIRE2:  369 17:24:51    -5325.911133        0.024982
FIRE2:  370 17:24:52    -5325.912109        0.024689
FIRE2:  371 17:24:53    -5325.914062        0.024748
FIRE2:  372 17:24:54    -5325.915039        0.023529
FIRE2:  373 17:24:55    -5325.916016        0.024828
FIRE2:  374 17:24:57    -5325.916992        0.024227
FIRE2:  375 17:24:58    -5325.916992        0.023846
FIRE2:  376 17:24:59    -5325.916992        0.023953
FIRE2:  377 17:25:00    -5325.916992        0.023973
FIRE2:  378 17:25:01    -5325.916992        0.023995
FIRE2:  379 17:25:02    -5325.916992        0.024015
FIRE2:  380 17:25:03    -5325.916992        0.024025
FIRE2:  381 17:25:04    -5325.916992        0.024024
FIRE2:  382 17:25:05    -5325.916992        0.024006
FIRE2:  383 17:25:06    -5325.916992        0.023979
FIRE2:  384 17:25:07    -5325.916992        0.023952
FIRE2:  385 17:25:08    -5325.916992        0.023928
FIRE2:  386 17:25:09    -5325.916992        0.023911
FIRE2:  387 17:25:10    -5325.916992        0.023901
FIRE2:  388 17:25:11    -5325.916992        0.023889
FIRE2:  389 17:25:12    -5325.917969        0.023875
FIRE2:  390 17:25:13    -5325.917969        0.023849
FIRE2:  391 17:25:14    -5325.917969        0.023819
FIRE2:  392 17:25:15    -5325.917969        0.023790
FIRE2:  393 17:25:16    -5325.917969        0.023762
FIRE2:  394 17:25:16    -5325.917969        0.023737
FIRE2:  395 17:25:17    -5325.918945        0.023711
FIRE2:  396 17:25:18    -5325.918945        0.023680
FIRE2:  397 17:25:19    -5325.918945        0.023641
FIRE2:  398 17:25:20    -5325.918945        0.023595
FIRE2:  399 17:25:21    -5325.918945        0.023547
FIRE2:  400 17:25:22    -5325.919922        0.023493
FIRE2:  401 17:25:23    -5325.919922        0.023426
FIRE2:  402 17:25:24    -5325.919922        0.023345
FIRE2:  403 17:25:25    -5325.920898        0.023255
FIRE2:  404 17:25:26    -5325.921875        0.023150
FIRE2:  405 17:25:27    -5325.921875        0.023021
FIRE2:  406 17:25:28    -5325.922852        0.022880
FIRE2:  407 17:25:29    -5325.923828        0.022691
FIRE2:  408 17:25:30    -5325.924805        0.022534
FIRE2:  409 17:25:31    -5325.925781        0.022077
FIRE2:  410 17:25:32    -5325.927734        0.022680
FIRE2:  411 17:25:33    -5325.927734        0.020730
FIRE2:  412 17:25:34    -5325.928711        0.021585
FIRE2:  413 17:25:35    -5325.928711        0.022063
FIRE2:  414 17:25:37    -5325.928711        0.021916
FIRE2:  415 17:25:38    -5325.928711        0.021866
FIRE2:  416 17:25:39    -5325.928711        0.021805
FIRE2:  417 17:25:40    -5325.928711        0.021746
FIRE2:  418 17:25:41    -5325.928711        0.021706
FIRE2:  419 17:25:42    -5325.928711        0.021692
FIRE2:  420 17:25:43    -5325.928711        0.021702
FIRE2:  421 17:25:44    -5325.928711        0.021723
FIRE2:  422 17:25:45    -5325.928711        0.021734
FIRE2:  423 17:25:46    -5325.928711        0.021730
FIRE2:  424 17:25:46    -5325.929688        0.021704
FIRE2:  425 17:25:47    -5325.929688        0.021667
FIRE2:  426 17:25:48    -5325.929688        0.021632
FIRE2:  427 17:25:49    -5325.929688        0.021610
FIRE2:  428 17:25:50    -5325.929688        0.021598
FIRE2:  429 17:25:51    -5325.929688        0.021586
FIRE2:  430 17:25:52    -5325.929688        0.021566
FIRE2:  431 17:25:53    -5325.929688        0.021533
FIRE2:  432 17:25:54    -5325.929688        0.021496
FIRE2:  433 17:25:55    -5325.930664        0.021466
FIRE2:  434 17:25:56    -5325.930664        0.021437
FIRE2:  435 17:25:57    -5325.930664        0.021410
FIRE2:  436 17:25:58    -5325.930664        0.021368
FIRE2:  437 17:25:59    -5325.931641        0.021313
FIRE2:  438 17:26:00    -5325.931641        0.021257
FIRE2:  439 17:26:01    -5325.931641        0.021196
FIRE2:  440 17:26:02    -5325.932129        0.021120
FIRE2:  441 17:26:03    -5325.932617        0.021027
FIRE2:  442 17:26:03    -5325.933594        0.020927
FIRE2:  443 17:26:04    -5325.933594        0.020798
FIRE2:  444 17:26:05    -5325.934570        0.020664
FIRE2:  445 17:26:06    -5325.935547        0.020465
FIRE2:  446 17:26:07    -5325.936523        0.020374
FIRE2:  447 17:26:08    -5325.937500        0.019657
FIRE2:  448 17:26:09    -5325.937500        0.020653
FIRE2:  449 17:26:11    -5325.938477        0.020099
FIRE2:  450 17:26:12    -5325.938477        0.019674
FIRE2:  451 17:26:14    -5325.938477        0.019793
FIRE2:  452 17:26:15    -5325.938477        0.019815
FIRE2:  453 17:26:16    -5325.938477        0.019840
FIRE2:  454 17:26:16    -5325.938477        0.019865
FIRE2:  455 17:26:17    -5325.938477        0.019877
FIRE2:  456 17:26:18    -5325.938477        0.019879
FIRE2:  457 17:26:19    -5325.938477        0.019863
FIRE2:  458 17:26:20    -5325.938477        0.019838
FIRE2:  459 17:26:21    -5325.938477        0.019811
FIRE2:  460 17:26:22    -5325.938477        0.019789
FIRE2:  461 17:26:23    -5325.938477        0.019777
FIRE2:  462 17:26:24    -5325.938477        0.019770
FIRE2:  463 17:26:25    -5325.939453        0.019764
FIRE2:  464 17:26:26    -5325.938477        0.019753
FIRE2:  465 17:26:27    -5325.938477        0.019732
FIRE2:  466 17:26:28    -5325.939453        0.019708
FIRE2:  467 17:26:29    -5325.939453        0.019681
FIRE2:  468 17:26:30    -5325.939453        0.019659
FIRE2:  469 17:26:31    -5325.939453        0.019641
FIRE2:  470 17:26:32    -5325.939453        0.019620
FIRE2:  471 17:26:33    -5325.939453        0.019595
FIRE2:  472 17:26:34    -5325.939453        0.019563
FIRE2:  473 17:26:34    -5325.939453        0.019527
FIRE2:  474 17:26:35    -5325.940430        0.019488
FIRE2:  475 17:26:36    -5325.940430        0.019446
FIRE2:  476 17:26:37    -5325.940430        0.019390
FIRE2:  477 17:26:38    -5325.940430        0.019326
FIRE2:  478 17:26:39    -5325.941406        0.019254
FIRE2:  479 17:26:40    -5325.941406        0.019169
FIRE2:  480 17:26:41    -5325.942383        0.019065
FIRE2:  481 17:26:42    -5325.942383        0.018952
FIRE2:  482 17:26:43    -5325.943359        0.018801
FIRE2:  483 17:26:44    -5325.943359        0.018672
FIRE2:  484 17:26:45    -5325.944336        0.018316
FIRE2:  485 17:26:46    -5325.945312        0.018771
FIRE2:  486 17:26:47    -5325.946289        0.017197
FIRE2:  487 17:26:49    -5325.946289        0.017891
FIRE2:  488 17:26:50    -5325.946289        0.018288
FIRE2:  489 17:26:51    -5325.946289        0.018168
FIRE2:  490 17:26:52    -5325.946289        0.018130
FIRE2:  491 17:26:53    -5325.946289        0.018082
FIRE2:  492 17:26:54    -5325.946289        0.018036
FIRE2:  493 17:26:55    -5325.946289        0.018003
FIRE2:  494 17:26:56    -5325.946289        0.017993
FIRE2:  495 17:26:57    -5325.946289        0.017996
FIRE2:  496 17:26:58    -5325.946289        0.018013
FIRE2:  497 17:26:59    -5325.946289        0.018022
FIRE2:  498 17:27:00    -5325.946289        0.018019
FIRE2:  499 17:27:01    -5325.946777        0.017998
FIRE2:  500 17:27:02    -5325.946289        0.017970
FIRE2:  501 17:27:03    -5325.947266        0.017943
FIRE2:  502 17:27:04    -5325.947266        0.017923
FIRE2:  503 17:27:05    -5325.947266        0.017911
FIRE2:  504 17:27:06    -5325.947266        0.017902
FIRE2:  505 17:27:06    -5325.947266        0.017888
FIRE2:  506 17:27:07    -5325.947266        0.017861
FIRE2:  507 17:27:08    -5325.947266        0.017832
FIRE2:  508 17:27:09    -5325.947266        0.017806
FIRE2:  509 17:27:10    -5325.947266        0.017783
FIRE2:  510 17:27:11    -5325.948242        0.017759
FIRE2:  511 17:27:12    -5325.948242        0.017727
FIRE2:  512 17:27:13    -5325.948242        0.017684
FIRE2:  513 17:27:14    -5325.948242        0.017637
FIRE2:  514 17:27:15    -5325.948242        0.017588
FIRE2:  515 17:27:16    -5325.948242        0.017527
FIRE2:  516 17:27:17    -5325.949219        0.017449
FIRE2:  517 17:27:18    -5325.949219        0.017369
FIRE2:  518 17:27:19    -5325.949219        0.017268
FIRE2:  519 17:27:20    -5325.950195        0.017150
FIRE2:  520 17:27:21    -5325.951172        0.017013
FIRE2:  521 17:27:22    -5325.951172        0.016846
FIRE2:  522 17:27:23    -5325.952148        0.016682
FIRE2:  523 17:27:24    -5325.953125        0.016282
FIRE2:  524 17:27:25    -5325.953125        0.016769
FIRE2:  525 17:27:26    -5325.954102        0.016381
FIRE2:  526 17:27:27    -5325.954102        0.016039
FIRE2:  527 17:27:29    -5325.954102        0.016143
FIRE2:  528 17:27:30    -5325.954102        0.016178
FIRE2:  529 17:27:31    -5325.954102        0.016219
FIRE2:  530 17:27:32    -5325.954102        0.016253
FIRE2:  531 17:27:33    -5325.954102        0.016268
FIRE2:  532 17:27:34    -5325.954102        0.016262
FIRE2:  533 17:27:35    -5325.954102        0.016234
FIRE2:  534 17:27:36    -5325.954102        0.016200
FIRE2:  535 17:27:37    -5325.954102        0.016171
FIRE2:  536 17:27:38    -5325.954102        0.016155
FIRE2:  537 17:27:39    -5325.954102        0.016152
FIRE2:  538 17:27:40    -5325.954102        0.016153
FIRE2:  539 17:27:41    -5325.954102        0.016147
FIRE2:  540 17:27:41    -5325.954102        0.016130
FIRE2:  541 17:27:42    -5325.954102        0.016103
FIRE2:  542 17:27:43    -5325.954102        0.016077
FIRE2:  543 17:27:44    -5325.955078        0.016057
FIRE2:  544 17:27:45    -5325.955078        0.016042
FIRE2:  545 17:27:46    -5325.955078        0.016025
FIRE2:  546 17:27:47    -5325.955078        0.016000
FIRE2:  547 17:27:48    -5325.955078        0.015973
FIRE2:  548 17:27:49    -5325.955078        0.015942
FIRE2:  549 17:27:50    -5325.955078        0.015911
FIRE2:  550 17:27:51    -5325.955078        0.015876
FIRE2:  551 17:27:52    -5325.956055        0.015831
FIRE2:  552 17:27:53    -5325.956055        0.015777
FIRE2:  553 17:27:54    -5325.956055        0.015719
FIRE2:  554 17:27:55    -5325.956055        0.015648
FIRE2:  555 17:27:56    -5325.956055        0.015564
FIRE2:  556 17:27:57    -5325.957031        0.015473
FIRE2:  557 17:27:58    -5325.957031        0.015345
FIRE2:  558 17:27:59    -5325.958008        0.015250
FIRE2:  559 17:27:59    -5325.958008        0.014922
FIRE2:  560 17:28:00    -5325.958984        0.015369
FIRE2:  561 17:28:02    -5325.958984        0.015089
FIRE2:  562 17:28:03    -5325.958984        0.014842
FIRE2:  563 17:28:05    -5325.958984        0.014907
FIRE2:  564 17:28:06    -5325.958984        0.014909
FIRE2:  565 17:28:07    -5325.958984        0.014913
FIRE2:  566 17:28:08    -5325.958984        0.014917
FIRE2:  567 17:28:09    -5325.958984        0.014917
FIRE2:  568 17:28:10    -5325.958984        0.014915
FIRE2:  569 17:28:11    -5325.958984        0.014911
FIRE2:  570 17:28:12    -5325.958984        0.014900
FIRE2:  571 17:28:12    -5325.958984        0.014890
FIRE2:  572 17:28:13    -5325.958984        0.014878
FIRE2:  573 17:28:14    -5325.958984        0.014869
FIRE2:  574 17:28:15    -5325.958984        0.014860
FIRE2:  575 17:28:16    -5325.958984        0.014851
FIRE2:  576 17:28:17    -5325.958984        0.014841
FIRE2:  577 17:28:18    -5325.958984        0.014832
FIRE2:  578 17:28:19    -5325.958984        0.014817
FIRE2:  579 17:28:20    -5325.958984        0.014802
FIRE2:  580 17:28:21    -5325.958984        0.014787
FIRE2:  581 17:28:22    -5325.958984        0.014773
FIRE2:  582 17:28:23    -5325.958984        0.014757
FIRE2:  583 17:28:24    -5325.959961        0.014741
FIRE2:  584 17:28:25    -5325.959961        0.014722
FIRE2:  585 17:28:26    -5325.959961        0.014699
FIRE2:  586 17:28:27    -5325.959961        0.014672
FIRE2:  587 17:28:28    -5325.959961        0.014642
FIRE2:  588 17:28:29    -5325.959961        0.014608
FIRE2:  589 17:28:29    -5325.959961        0.014566
FIRE2:  590 17:28:30    -5325.959961        0.014517
FIRE2:  591 17:28:31    -5325.959961        0.014460
FIRE2:  592 17:28:32    -5325.960938        0.014394
FIRE2:  593 17:28:33    -5325.960938        0.014315
FIRE2:  594 17:28:34    -5325.960938        0.014221
FIRE2:  595 17:28:35    -5325.961914        0.014109
FIRE2:  596 17:28:36    -5325.961914        0.013991
FIRE2:  597 17:28:37    -5325.962891        0.013782
FIRE2:  598 17:28:38    -5325.962891        0.013913
FIRE2:  599 17:28:39    -5325.962891        0.012743
FIRE2:  600 17:28:41    -5325.963867        0.013354
FIRE2:  601 17:28:42    -5325.963867        0.013763
FIRE2:  602 17:28:43    -5325.963867        0.013632
FIRE2:  603 17:28:44    -5325.963867        0.013584
FIRE2:  604 17:28:45    -5325.963867        0.013520
FIRE2:  605 17:28:46    -5325.963867        0.013464
FIRE2:  606 17:28:47    -5325.963867        0.013429
FIRE2:  607 17:28:48    -5325.963867        0.013423
FIRE2:  608 17:28:49    -5325.963867        0.013440
FIRE2:  609 17:28:50    -5325.963867        0.013466
FIRE2:  610 17:28:51    -5325.963867        0.013483
FIRE2:  611 17:28:52    -5325.963867        0.013478
FIRE2:  612 17:28:53    -5325.963867        0.013455
FIRE2:  613 17:28:54    -5325.963867        0.013424
FIRE2:  614 17:28:55    -5325.963867        0.013399
FIRE2:  615 17:28:56    -5325.963867        0.013387
FIRE2:  616 17:28:57    -5325.963867        0.013385
FIRE2:  617 17:28:58    -5325.963867        0.013381
FIRE2:  618 17:28:59    -5325.963867        0.013366
FIRE2:  619 17:29:00    -5325.963867        0.013342
FIRE2:  620 17:29:00    -5325.963867        0.013317
FIRE2:  621 17:29:01    -5325.963867        0.013297
FIRE2:  622 17:29:02    -5325.964844        0.013283
FIRE2:  623 17:29:03    -5325.963867        0.013265
FIRE2:  624 17:29:04    -5325.964844        0.013237
FIRE2:  625 17:29:05    -5325.964844        0.013199
FIRE2:  626 17:29:06    -5325.964844        0.013165
FIRE2:  627 17:29:07    -5325.964844        0.013127
FIRE2:  628 17:29:08    -5325.964844        0.013076
FIRE2:  629 17:29:09    -5325.964844        0.013016
FIRE2:  630 17:29:10    -5325.965820        0.012955
FIRE2:  631 17:29:11    -5325.965820        0.012865
FIRE2:  632 17:29:12    -5325.965820        0.012796
FIRE2:  633 17:29:13    -5325.965820        0.012618
FIRE2:  634 17:29:14    -5325.966797        0.012745
FIRE2:  635 17:29:15    -5325.966797        0.012031
FIRE2:  636 17:29:16    -5325.966797        0.012326
FIRE2:  637 17:29:17    -5325.966797        0.012497
FIRE2:  638 17:29:19    -5325.966797        0.012453
FIRE2:  639 17:29:20    -5325.966797        0.012449
FIRE2:  640 17:29:21    -5325.966797        0.012443
FIRE2:  641 17:29:22    -5325.966797        0.012436
FIRE2:  642 17:29:23    -5325.966797        0.012430
FIRE2:  643 17:29:24    -5325.966797        0.012424
FIRE2:  644 17:29:25    -5325.966797        0.012418
FIRE2:  645 17:29:26    -5325.966797        0.012417
FIRE2:  646 17:29:27    -5325.966797        0.012412
FIRE2:  647 17:29:28    -5325.966797        0.012407
FIRE2:  648 17:29:29    -5325.966797        0.012399
FIRE2:  649 17:29:30    -5325.967773        0.012391
FIRE2:  650 17:29:30    -5325.966797        0.012383
FIRE2:  651 17:29:31    -5325.966797        0.012373
FIRE2:  652 17:29:32    -5325.966797        0.012362
FIRE2:  653 17:29:33    -5325.966797        0.012353
FIRE2:  654 17:29:34    -5325.966797        0.012342
FIRE2:  655 17:29:35    -5325.967773        0.012332
FIRE2:  656 17:29:36    -5325.967773        0.012318
FIRE2:  657 17:29:37    -5325.967773        0.012304
FIRE2:  658 17:29:38    -5325.967773        0.012292
FIRE2:  659 17:29:39    -5325.967773        0.012274
FIRE2:  660 17:29:40    -5325.967773        0.012256
FIRE2:  661 17:29:41    -5325.967773        0.012235
FIRE2:  662 17:29:42    -5325.967773        0.012211
FIRE2:  663 17:29:43    -5325.967773        0.012181
FIRE2:  664 17:29:44    -5325.967773        0.012146
FIRE2:  665 17:29:45    -5325.967773        0.012107
FIRE2:  666 17:29:46    -5325.967773        0.012060
FIRE2:  667 17:29:47    -5325.967773        0.012005
FIRE2:  668 17:29:48    -5325.968750        0.011941
FIRE2:  669 17:29:48    -5325.968750        0.011864
FIRE2:  670 17:29:49    -5325.968750        0.011776
FIRE2:  671 17:29:50    -5325.968750        0.011667
FIRE2:  672 17:29:51    -5325.969727        0.011552
FIRE2:  673 17:29:52    -5325.969727        0.011337
FIRE2:  674 17:29:53    -5325.970703        0.011568
FIRE2:  675 17:29:54    -5325.970703        0.011586
FIRE2:  676 17:29:56    -5325.970703        0.010949
FIRE2:  677 17:29:57    -5325.970703        0.011483
FIRE2:  678 17:29:59    -5325.970703        0.011297
FIRE2:  679 17:30:00    -5325.970703        0.011201
FIRE2:  680 17:30:00    -5325.970703        0.011085
FIRE2:  681 17:30:01    -5325.970703        0.010990
FIRE2:  682 17:30:02    -5325.970703        0.010953
FIRE2:  683 17:30:03    -5325.970703        0.010962
FIRE2:  684 17:30:04    -5325.970703        0.011005
FIRE2:  685 17:30:05    -5325.970703        0.011059
FIRE2:  686 17:30:06    -5325.970703        0.011089
FIRE2:  687 17:30:07    -5325.970703        0.011080
FIRE2:  688 17:30:08    -5325.970703        0.011040
FIRE2:  689 17:30:09    -5325.970703        0.010993
FIRE2:  690 17:30:10    -5325.970703        0.010967
FIRE2:  691 17:30:11    -5325.970703        0.010967
FIRE2:  692 17:30:12    -5325.970703        0.010977
FIRE2:  693 17:30:13    -5325.970703        0.010976
FIRE2:  694 17:30:14    -5325.970703        0.010955
FIRE2:  695 17:30:15    -5325.970703        0.010924
FIRE2:  696 17:30:16    -5325.971680        0.010902
FIRE2:  697 17:30:17    -5325.971680        0.010892
FIRE2:  698 17:30:18    -5325.971680        0.010883
FIRE2:  699 17:30:19    -5325.971680        0.010860
FIRE2:  700 17:30:20    -5325.971680        0.010829
FIRE2:  701 17:30:20    -5325.971680        0.010798
FIRE2:  702 17:30:21    -5325.971680        0.010772
FIRE2:  703 17:30:22    -5325.971680        0.010730
FIRE2:  704 17:30:23    -5325.971680        0.010682
FIRE2:  705 17:30:24    -5325.971680        0.010636
FIRE2:  706 17:30:25    -5325.972656        0.010558
FIRE2:  707 17:30:26    -5325.972656        0.010515
FIRE2:  708 17:30:27    -5325.972656        0.010338
FIRE2:  709 17:30:28    -5325.972656        0.010511
FIRE2:  710 17:30:29    -5325.972656        0.009937
FIRE2:  711 17:30:31    -5325.972656        0.010155
FIRE2:  712 17:30:32    -5325.972656        0.010261
FIRE2:  713 17:30:33    -5325.972656        0.010310
FIRE2:  714 17:30:34    -5325.973633        0.010281
FIRE2:  715 17:30:34    -5325.972656        0.010201
FIRE2:  716 17:30:35    -5325.972656        0.010138
FIRE2:  717 17:30:36    -5325.972656        0.010141
FIRE2:  718 17:30:37    -5325.973145        0.010182
FIRE2:  719 17:30:38    -5325.972656        0.010180
FIRE2:  720 17:30:39    -5325.973633        0.010125
FIRE2:  721 17:30:40    -5325.973633        0.010079
FIRE2:  722 17:30:41    -5325.973633        0.010082
FIRE2:  723 17:30:42    -5325.973633        0.010080
FIRE2:  724 17:30:43    -5325.973633        0.010031
FIRE2:  725 17:30:44    -5325.973633        0.009990
FIRE2:  726 17:30:45    -5325.973633        0.009979
FIRE2:  727 17:30:46    -5325.973633        0.009948
FIRE2:  728 17:30:47    -5325.973633        0.009895
FIRE2:  729 17:30:48    -5325.973633        0.009873
FIRE2:  730 17:30:49    -5325.973633        0.009836
FIRE2:  731 17:30:50    -5325.973633        0.009783
FIRE2:  732 17:30:51    -5325.974609        0.009749
FIRE2:  733 17:30:52    -5325.974609        0.009683
FIRE2:  734 17:30:52    -5325.974609        0.009638
FIRE2:  735 17:30:53    -5325.974609        0.009518
FIRE2:  736 17:30:54    -5325.974609        0.009581
FIRE2:  737 17:30:55    -5325.974609        0.009154
FIRE2:  738 17:30:56    -5325.975586        0.009486
FIRE2:  739 17:30:57    -5325.975586        0.009051
FIRE2:  740 17:30:58    -5325.975586        0.009366
FIRE2:  741 17:31:00    -5325.975586        0.009184
FIRE2:  742 17:31:01    -5325.975586        0.009054
FIRE2:  743 17:31:03    -5325.975586        0.009094
FIRE2:  744 17:31:04    -5325.975586        0.009108
FIRE2:  745 17:31:04    -5325.975586        0.009123
FIRE2:  746 17:31:05    -5325.975586        0.009134
FIRE2:  747 17:31:06    -5325.975586        0.009139
FIRE2:  748 17:31:07    -5325.975586        0.009135
FIRE2:  749 17:31:08    -5325.975586        0.009124
FIRE2:  750 17:31:09    -5325.975586        0.009109
FIRE2:  751 17:31:10    -5325.975586        0.009095
FIRE2:  752 17:31:11    -5325.975586        0.009088
FIRE2:  753 17:31:12    -5325.975586        0.009083
FIRE2:  754 17:31:13    -5325.975586        0.009083
FIRE2:  755 17:31:14    -5325.975586        0.009079
FIRE2:  756 17:31:15    -5325.975586        0.009068
FIRE2:  757 17:31:16    -5325.975586        0.009054
FIRE2:  758 17:31:17    -5325.975586        0.009040
FIRE2:  759 17:31:18    -5325.975586        0.009029
FIRE2:  760 17:31:19    -5325.975586        0.009020
FIRE2:  761 17:31:20    -5325.975586        0.009010
FIRE2:  762 17:31:21    -5325.975586        0.008996
FIRE2:  763 17:31:21    -5325.975586        0.008980
FIRE2:  764 17:31:22    -5325.975586        0.008963
FIRE2:  765 17:31:23    -5325.975586        0.008946
FIRE2:  766 17:31:24    -5325.975586        0.008928
FIRE2:  767 17:31:25    -5325.975586        0.008901
FIRE2:  768 17:31:26    -5325.976074        0.008870
FIRE2:  769 17:31:27    -5325.975586        0.008838
FIRE2:  770 17:31:28    -5325.976562        0.008797
FIRE2:  771 17:31:29    -5325.976562        0.008749
FIRE2:  772 17:31:30    -5325.976562        0.008696
FIRE2:  773 17:31:31    -5325.976562        0.008626
FIRE2:  774 17:31:32    -5325.976562        0.008569
FIRE2:  775 17:31:33    -5325.976562        0.008393
FIRE2:  776 17:31:34    -5325.976562        0.008629
FIRE2:  777 17:31:36    -5325.976562        0.008476
FIRE2:  778 17:31:37    -5325.976562        0.008343
FIRE2:  779 17:31:38    -5325.977539        0.008376
FIRE2:  780 17:31:39    -5325.977539        0.008378
FIRE2:  781 17:31:40    -5325.976562        0.008382
FIRE2:  782 17:31:41    -5325.977539        0.008382
FIRE2:  783 17:31:42    -5325.977539        0.008384
FIRE2:  784 17:31:43    -5325.976562        0.008385
FIRE2:  785 17:31:44    -5325.976562        0.008381
FIRE2:  786 17:31:45    -5325.977539        0.008374
FIRE2:  787 17:31:46    -5325.976562        0.008369
FIRE2:  788 17:31:47    -5325.976562        0.008363
FIRE2:  789 17:31:48    -5325.977051        0.008357
FIRE2:  790 17:31:49    -5325.977539        0.008350
FIRE2:  791 17:31:50    -5325.977539        0.008348
FIRE2:  792 17:31:51    -5325.977539        0.008342
FIRE2:  793 17:31:52    -5325.976562        0.008335
FIRE2:  794 17:31:53    -5325.977051        0.008328
FIRE2:  795 17:31:54    -5325.977539        0.008321
FIRE2:  796 17:31:55    -5325.977539        0.008311
FIRE2:  797 17:31:55    -5325.977539        0.008303
FIRE2:  798 17:31:56    -5325.977539        0.008294
FIRE2:  799 17:31:57    -5325.977539        0.008284
FIRE2:  800 17:31:58    -5325.977539        0.008275
FIRE2:  801 17:31:59    -5325.977539        0.008261
FIRE2:  802 17:32:00    -5325.977539        0.008246
FIRE2:  803 17:32:01    -5325.977539        0.008230
FIRE2:  804 17:32:02    -5325.977539        0.008211
FIRE2:  805 17:32:03    -5325.977539        0.008186
FIRE2:  806 17:32:04    -5325.977539        0.008159
FIRE2:  807 17:32:05    -5325.977539        0.008128
FIRE2:  808 17:32:06    -5325.977539        0.008090
FIRE2:  809 17:32:07    -5325.977539        0.008043
FIRE2:  810 17:32:08    -5325.977539        0.007993
FIRE2:  811 17:32:09    -5325.977539        0.007927
FIRE2:  812 17:32:10    -5325.978027        0.007865
FIRE2:  813 17:32:11    -5325.978516        0.007728
FIRE2:  814 17:32:12    -5325.978516        0.007889
FIRE2:  815 17:32:12    -5325.978516        0.007181
FIRE2:  816 17:32:14    -5325.978516        0.007520
FIRE2:  817 17:32:15    -5325.978516        0.007728
FIRE2:  818 17:32:17    -5325.978516        0.007662
FIRE2:  819 17:32:18    -5325.978516        0.007636
FIRE2:  820 17:32:19    -5325.978516        0.007604
FIRE2:  821 17:32:20    -5325.978516        0.007575
FIRE2:  822 17:32:21    -5325.978516        0.007558
FIRE2:  823 17:32:22    -5325.978516        0.007553
FIRE2:  824 17:32:23    -5325.978516        0.007563
FIRE2:  825 17:32:24    -5325.978516        0.007575
FIRE2:  826 17:32:25    -5325.978516        0.007583
FIRE2:  827 17:32:25    -5325.978516        0.007580
FIRE2:  828 17:32:26    -5325.978516        0.007569
FIRE2:  829 17:32:27    -5325.978516        0.007551
FIRE2:  830 17:32:28    -5325.978516        0.007536
FIRE2:  831 17:32:29    -5325.978516        0.007531
FIRE2:  832 17:32:30    -5325.978516        0.007529
FIRE2:  833 17:32:31    -5325.978516        0.007527
FIRE2:  834 17:32:32    -5325.978516        0.007518
FIRE2:  835 17:32:33    -5325.978516        0.007505
FIRE2:  836 17:32:34    -5325.978516        0.007490
FIRE2:  837 17:32:35    -5325.978516        0.007479
FIRE2:  838 17:32:36    -5325.978516        0.007470
FIRE2:  839 17:32:37    -5325.978516        0.007460
FIRE2:  840 17:32:38    -5325.978516        0.007445
FIRE2:  841 17:32:39    -5325.978516        0.007424
FIRE2:  842 17:32:40    -5325.978516        0.007405
FIRE2:  843 17:32:41    -5325.978516        0.007384
FIRE2:  844 17:32:42    -5325.978516        0.007354
FIRE2:  845 17:32:43    -5325.978516        0.007320
FIRE2:  846 17:32:44    -5325.978516        0.007287
FIRE2:  847 17:32:45    -5325.979492        0.007236
FIRE2:  848 17:32:45    -5325.979492        0.007195
FIRE2:  849 17:32:46    -5325.979492        0.007095
FIRE2:  850 17:32:47    -5325.979492        0.007167
FIRE2:  851 17:32:48    -5325.979492        0.006768
FIRE2:  852 17:32:50    -5325.979492        0.006934
FIRE2:  853 17:32:51    -5325.979492        0.007025
FIRE2:  854 17:32:53    -5325.979492        0.007001
FIRE2:  855 17:32:54    -5325.979492        0.006999
FIRE2:  856 17:32:55    -5325.979492        0.006996
FIRE2:  857 17:32:56    -5325.979492        0.006992
FIRE2:  858 17:32:56    -5325.979492        0.006990
FIRE2:  859 17:32:58    -5325.979492        0.006986
FIRE2:  860 17:32:58    -5325.979492        0.006984
FIRE2:  861 17:32:59    -5325.979492        0.006980
FIRE2:  862 17:33:00    -5325.979492        0.006979
FIRE2:  863 17:33:01    -5325.979492        0.006977
FIRE2:  864 17:33:02    -5325.979492        0.006974
FIRE2:  865 17:33:03    -5325.979492        0.006968
FIRE2:  866 17:33:04    -5325.979492        0.006964
FIRE2:  867 17:33:05    -5325.979492        0.006956
FIRE2:  868 17:33:06    -5325.979492        0.006952
FIRE2:  869 17:33:07    -5325.979492        0.006946
FIRE2:  870 17:33:08    -5325.979492        0.006940
FIRE2:  871 17:33:09    -5325.979492        0.006933
FIRE2:  872 17:33:10    -5325.979492        0.006926
FIRE2:  873 17:33:11    -5325.979492        0.006919
FIRE2:  874 17:33:12    -5325.979492        0.006912
FIRE2:  875 17:33:13    -5325.979492        0.006902
FIRE2:  876 17:33:14    -5325.979492        0.006891
FIRE2:  877 17:33:15    -5325.979492        0.006879
FIRE2:  878 17:33:16    -5325.979492        0.006866
FIRE2:  879 17:33:16    -5325.979492        0.006849
FIRE2:  880 17:33:17    -5325.979492        0.006829
FIRE2:  881 17:33:18    -5325.979492        0.006807
FIRE2:  882 17:33:19    -5325.979492        0.006781
FIRE2:  883 17:33:20    -5325.979492        0.006752
FIRE2:  884 17:33:21    -5325.980469        0.006712
FIRE2:  885 17:33:22    -5325.980469        0.006671
FIRE2:  886 17:33:23    -5325.980469        0.006617
FIRE2:  887 17:33:24    -5325.980469        0.006569
FIRE2:  888 17:33:25    -5325.980469        0.006448
FIRE2:  889 17:33:26    -5325.980469        0.006594
FIRE2:  890 17:33:27    -5325.980469        0.006006
FIRE2:  891 17:33:29    -5325.980469        0.006281
FIRE2:  892 17:33:30    -5325.980469        0.006449
FIRE2:  893 17:33:31    -5325.980469        0.006396
FIRE2:  894 17:33:32    -5325.980469        0.006376
FIRE2:  895 17:33:33    -5325.980469        0.006354
FIRE2:  896 17:33:34    -5325.980469        0.006330
FIRE2:  897 17:33:35    -5325.980469        0.006317
FIRE2:  898 17:33:36    -5325.980469        0.006313
FIRE2:  899 17:33:37    -5325.980469        0.006318
FIRE2:  900 17:33:38    -5325.980469        0.006328
FIRE2:  901 17:33:39    -5325.980469        0.006334
FIRE2:  902 17:33:40    -5325.980469        0.006332
FIRE2:  903 17:33:41    -5325.980469        0.006323
FIRE2:  904 17:33:42    -5325.980469        0.006310
FIRE2:  905 17:33:43    -5325.980469        0.006299
FIRE2:  906 17:33:44    -5325.980469        0.006292
FIRE2:  907 17:33:45    -5325.980469        0.006292
FIRE2:  908 17:33:46    -5325.980469        0.006286
FIRE2:  909 17:33:47    -5325.980469        0.006281
FIRE2:  910 17:33:48    -5325.980469        0.006271
FIRE2:  911 17:33:49    -5325.980469        0.006259
FIRE2:  912 17:33:49    -5325.980469        0.006250
FIRE2:  913 17:33:50    -5325.980469        0.006243
FIRE2:  914 17:33:51    -5325.980469        0.006234
FIRE2:  915 17:33:52    -5325.980469        0.006221
FIRE2:  916 17:33:53    -5325.980469        0.006205
FIRE2:  917 17:33:54    -5325.980469        0.006188
FIRE2:  918 17:33:55    -5325.980469        0.006169
FIRE2:  919 17:33:56    -5325.980469        0.006148
FIRE2:  920 17:33:57    -5325.980469        0.006120
FIRE2:  921 17:33:58    -5325.980957        0.006091
FIRE2:  922 17:33:59    -5325.980957        0.006048
FIRE2:  923 17:34:00    -5325.981445        0.006015
FIRE2:  924 17:34:01    -5325.981445        0.005933
FIRE2:  925 17:34:02    -5325.981445        0.005986
FIRE2:  926 17:34:03    -5325.981445        0.005660
FIRE2:  927 17:34:04    -5325.981445        0.005795
FIRE2:  928 17:34:05    -5325.981445        0.005873
FIRE2:  929 17:34:07    -5325.981445        0.005853
FIRE2:  930 17:34:08    -5325.981445        0.005852
FIRE2:  931 17:34:09    -5325.981445        0.005850
FIRE2:  932 17:34:10    -5325.981445        0.005847
FIRE2:  933 17:34:11    -5325.981445        0.005844
FIRE2:  934 17:34:12    -5325.981445        0.005842
FIRE2:  935 17:34:13    -5325.981445        0.005840
FIRE2:  936 17:34:14    -5325.981445        0.005839
FIRE2:  937 17:34:15    -5325.981445        0.005836
FIRE2:  938 17:34:16    -5325.981445        0.005833
FIRE2:  939 17:34:17    -5325.981445        0.005830
FIRE2:  940 17:34:18    -5325.981445        0.005826
FIRE2:  941 17:34:19    -5325.981445        0.005822
FIRE2:  942 17:34:20    -5325.981445        0.005816
FIRE2:  943 17:34:21    -5325.981445        0.005814
FIRE2:  944 17:34:21    -5325.981445        0.005810
FIRE2:  945 17:34:22    -5325.981445        0.005804
FIRE2:  946 17:34:23    -5325.981445        0.005799
FIRE2:  947 17:34:24    -5325.981445        0.005793
FIRE2:  948 17:34:25    -5325.981445        0.005785
FIRE2:  949 17:34:26    -5325.981445        0.005780
FIRE2:  950 17:34:27    -5325.981445        0.005773
FIRE2:  951 17:34:28    -5325.981445        0.005765
FIRE2:  952 17:34:29    -5325.981445        0.005755
FIRE2:  953 17:34:30    -5325.981445        0.005743
FIRE2:  954 17:34:31    -5325.981445        0.005729
FIRE2:  955 17:34:32    -5325.981445        0.005714
FIRE2:  956 17:34:33    -5325.981445        0.005696
FIRE2:  957 17:34:34    -5325.981445        0.005674
FIRE2:  958 17:34:35    -5325.981445        0.005648
FIRE2:  959 17:34:36    -5325.981445        0.005618
FIRE2:  960 17:34:37    -5325.981445        0.005584
FIRE2:  961 17:34:38    -5325.981445        0.005538
FIRE2:  962 17:34:38    -5325.981445        0.005499
FIRE2:  963 17:34:39    -5325.981445        0.005398
FIRE2:  964 17:34:40    -5325.982422        0.005525
FIRE2:  965 17:34:41    -5325.981445        0.005042
FIRE2:  966 17:34:43    -5325.982422        0.005263
FIRE2:  967 17:34:44    -5325.981445        0.005393
FIRE2:  968 17:34:46    -5325.981445        0.005354
FIRE2:  969 17:34:47    -5325.982422        0.005339
FIRE2:  970 17:34:48    -5325.981445        0.005322
FIRE2:  971 17:34:49    -5325.982422        0.005305
FIRE2:  972 17:34:50    -5325.982422        0.005294
FIRE2:  973 17:34:51    -5325.982422        0.005291
FIRE2:  974 17:34:51    -5325.981445        0.005294
FIRE2:  975 17:34:52    -5325.982422        0.005301
FIRE2:  976 17:34:53    -5325.981445        0.005306
FIRE2:  977 17:34:54    -5325.981934        0.005303
FIRE2:  978 17:34:55    -5325.982422        0.005296
FIRE2:  979 17:34:56    -5325.982422        0.005288
FIRE2:  980 17:34:57    -5325.981445        0.005278
FIRE2:  981 17:34:58    -5325.982422        0.005273
FIRE2:  982 17:34:59    -5325.982422        0.005269
FIRE2:  983 17:35:00    -5325.982422        0.005268
FIRE2:  984 17:35:01    -5325.982422        0.005263
FIRE2:  985 17:35:02    -5325.982422        0.005253
FIRE2:  986 17:35:03    -5325.982422        0.005245
FIRE2:  987 17:35:04    -5325.982422        0.005238
FIRE2:  988 17:35:05    -5325.982422        0.005231
FIRE2:  989 17:35:06    -5325.982422        0.005224
FIRE2:  990 17:35:07    -5325.982422        0.005214
FIRE2:  991 17:35:08    -5325.982422        0.005201
FIRE2:  992 17:35:09    -5325.982422        0.005186
FIRE2:  993 17:35:09    -5325.982422        0.005172
FIRE2:  994 17:35:10    -5325.982422        0.005151
FIRE2:  995 17:35:11    -5325.982422        0.005130
FIRE2:  996 17:35:12    -5325.982422        0.005106
FIRE2:  997 17:35:13    -5325.982422        0.005073
FIRE2:  998 17:35:14    -5325.982422        0.005039
FIRE2:  999 17:35:15    -5325.982422        0.004992
FIRE2:  1000 17:35:16    -5325.982422        0.004963
FIRE2:  1001 17:35:17    -5325.982422        0.004809
FIRE2:  1002 17:35:18    -5325.982422        0.004999
FIRE2:  1003 17:35:20    -5325.982422        0.004890
FIRE2:  1004 17:35:21    -5325.982422        0.004800
FIRE2:  1005 17:35:22    -5325.982422        0.004826
FIRE2:  1006 17:35:23    -5325.982422        0.004831
FIRE2:  1007 17:35:24    -5325.982422        0.004837
FIRE2:  1008 17:35:25    -5325.982422        0.004841
FIRE2:  1009 17:35:26    -5325.982422        0.004844
FIRE2:  1010 17:35:27    -5325.982422        0.004843
FIRE2:  1011 17:35:28    -5325.982422        0.004841
FIRE2:  1012 17:35:29    -5325.982422        0.004833
FIRE2:  1013 17:35:30    -5325.982422        0.004828
FIRE2:  1014 17:35:31    -5325.982422        0.004823
FIRE2:  1015 17:35:32    -5325.982422        0.004820
FIRE2:  1016 17:35:33    -5325.982422        0.004818
FIRE2:  1017 17:35:34    -5325.982422        0.004816
FIRE2:  1018 17:35:35    -5325.982422        0.004814
FIRE2:  1019 17:35:36    -5325.982422        0.004809
FIRE2:  1020 17:35:37    -5325.982422        0.004802
FIRE2:  1021 17:35:38    -5325.982422        0.004796
FIRE2:  1022 17:35:39    -5325.982422        0.004791
FIRE2:  1023 17:35:39    -5325.982422        0.004784
FIRE2:  1024 17:35:40    -5325.982422        0.004781
FIRE2:  1025 17:35:41    -5325.982422        0.004774
FIRE2:  1026 17:35:42    -5325.982422        0.004766
FIRE2:  1027 17:35:43    -5325.982422        0.004759
FIRE2:  1028 17:35:44    -5325.982422        0.004750
FIRE2:  1029 17:35:45    -5325.982422        0.004737
FIRE2:  1030 17:35:46    -5325.982422        0.004725
FIRE2:  1031 17:35:47    -5325.982422        0.004708
FIRE2:  1032 17:35:48    -5325.982422        0.004690
FIRE2:  1033 17:35:49    -5325.982422        0.004668
FIRE2:  1034 17:35:50    -5325.982422        0.004645
FIRE2:  1035 17:35:51    -5325.982422        0.004616
FIRE2:  1036 17:35:52    -5325.982422        0.004580
FIRE2:  1037 17:35:53    -5325.982422        0.004541
FIRE2:  1038 17:35:54    -5325.983398        0.004474
FIRE2:  1039 17:35:55    -5325.983398        0.004522
FIRE2:  1040 17:35:56    -5325.983398        0.004188
FIRE2:  1041 17:35:57    -5325.983398        0.004349
FIRE2:  1042 17:35:58    -5325.983398        0.004452
FIRE2:  1043 17:36:00    -5325.983398        0.004420
FIRE2:  1044 17:36:01    -5325.983398        0.004410
FIRE2:  1045 17:36:02    -5325.983398        0.004394
FIRE2:  1046 17:36:03    -5325.983398        0.004383
FIRE2:  1047 17:36:04    -5325.983398        0.004374
FIRE2:  1048 17:36:05    -5325.983398        0.004372
FIRE2:  1049 17:36:06    -5325.983398        0.004372
FIRE2:  1050 17:36:07    -5325.983398        0.004377
FIRE2:  1051 17:36:08    -5325.983398        0.004382
FIRE2:  1052 17:36:09    -5325.983398        0.004381
FIRE2:  1053 17:36:10    -5325.983398        0.004376
FIRE2:  1054 17:36:10    -5325.983398        0.004367
FIRE2:  1055 17:36:11    -5325.983398        0.004360
FIRE2:  1056 17:36:12    -5325.983398        0.004356
FIRE2:  1057 17:36:13    -5325.983398        0.004354
FIRE2:  1058 17:36:14    -5325.983398        0.004351
FIRE2:  1059 17:36:15    -5325.983398        0.004348
FIRE2:  1060 17:36:16    -5325.983398        0.004340
FIRE2:  1061 17:36:17    -5325.983398        0.004333
FIRE2:  1062 17:36:18    -5325.983398        0.004326
FIRE2:  1063 17:36:19    -5325.983398        0.004321
FIRE2:  1064 17:36:20    -5325.983398        0.004314
FIRE2:  1065 17:36:21    -5325.983398        0.004307
FIRE2:  1066 17:36:22    -5325.983398        0.004296
FIRE2:  1067 17:36:23    -5325.983398        0.004285
FIRE2:  1068 17:36:24    -5325.983398        0.004274
FIRE2:  1069 17:36:25    -5325.983398        0.004259
FIRE2:  1070 17:36:26    -5325.983398        0.004239
FIRE2:  1071 17:36:27    -5325.983398        0.004218
FIRE2:  1072 17:36:28    -5325.983398        0.004193
FIRE2:  1073 17:36:28    -5325.983398        0.004167
FIRE2:  1074 17:36:29    -5325.983398        0.004123
FIRE2:  1075 17:36:30    -5325.983398        0.004119
FIRE2:  1076 17:36:31    -5325.983398        0.003941
FIRE2:  1077 17:36:32    -5325.983398        0.004151
FIRE2:  1078 17:36:34    -5325.983398        0.004047
FIRE2:  1079 17:36:35    -5325.983398        0.003976
FIRE2:  1080 17:36:37    -5325.983398        0.003996
FIRE2:  1081 17:36:38    -5325.983398        0.003999
FIRE2:  1082 17:36:39    -5325.983398        0.004004
FIRE2:  1083 17:36:40    -5325.983398        0.004007
FIRE2:  1084 17:36:41    -5325.983398        0.004010
FIRE2:  1085 17:36:41    -5325.983398        0.004009
FIRE2:  1086 17:36:42    -5325.983398        0.004008
FIRE2:  1087 17:36:43    -5325.983398        0.004001
FIRE2:  1088 17:36:44    -5325.983398        0.003996
FIRE2:  1089 17:36:45    -5325.983398        0.003993
FIRE2:  1090 17:36:46    -5325.983398        0.003990
FIRE2:  1091 17:36:47    -5325.983398        0.003989
FIRE2:  1092 17:36:48    -5325.983398        0.003987
FIRE2:  1093 17:36:49    -5325.983398        0.003986
FIRE2:  1094 17:36:50    -5325.983398        0.003982
FIRE2:  1095 17:36:51    -5325.983398        0.003976
FIRE2:  1096 17:36:52    -5325.983398        0.003971
FIRE2:  1097 17:36:53    -5325.983398        0.003966
FIRE2:  1098 17:36:54    -5325.983398        0.003962
FIRE2:  1099 17:36:55    -5325.983398        0.003958
FIRE2:  1100 17:36:56    -5325.983398        0.003953
FIRE2:  1101 17:36:57    -5325.983398        0.003947
FIRE2:  1102 17:36:58    -5325.983398        0.003940
FIRE2:  1103 17:36:59    -5325.983398        0.003931
FIRE2:  1104 17:37:00    -5325.983398        0.003924
FIRE2:  1105 17:37:00    -5325.983398        0.003913
FIRE2:  1106 17:37:01    -5325.983398        0.003899
FIRE2:  1107 17:37:02    -5325.983398        0.003884
FIRE2:  1108 17:37:03    -5325.983398        0.003868
FIRE2:  1109 17:37:04    -5325.983398        0.003845
FIRE2:  1110 17:37:05    -5325.983398        0.003827
FIRE2:  1111 17:37:06    -5325.983398        0.003789
FIRE2:  1112 17:37:07    -5325.983398        0.003783
FIRE2:  1113 17:37:08    -5325.983398        0.003652
FIRE2:  1114 17:37:09    -5325.983398        0.003801
FIRE2:  1115 17:37:11    -5325.984375        0.003727
FIRE2:  1116 17:37:12    -5325.983398        0.003676
FIRE2:  1117 17:37:13    -5325.983398        0.003690
FIRE2:  1118 17:37:14    -5325.983398        0.003689
FIRE2:  1119 17:37:15    -5325.983398        0.003691
FIRE2:  1120 17:37:16    -5325.983398        0.003691
FIRE2:  1121 17:37:17    -5325.983398        0.003692
FIRE2:  1122 17:37:18    -5325.983398        0.003693
FIRE2:  1123 17:37:19    -5325.983398        0.003691
FIRE2:  1124 17:37:20    -5325.983398        0.003687
FIRE2:  1125 17:37:21    -5325.983398        0.003686
FIRE2:  1126 17:37:22    -5325.983398        0.003682
FIRE2:  1127 17:37:23    -5325.983398        0.003679
FIRE2:  1128 17:37:24    -5325.983398        0.003677
FIRE2:  1129 17:37:25    -5325.983398        0.003676
FIRE2:  1130 17:37:26    -5325.983398        0.003672
FIRE2:  1131 17:37:27    -5325.983398        0.003670
FIRE2:  1132 17:37:28    -5325.983398        0.003667
FIRE2:  1133 17:37:29    -5325.983398        0.003662
FIRE2:  1134 17:37:30    -5325.983887        0.003659
FIRE2:  1135 17:37:31    -5325.983398        0.003655
FIRE2:  1136 17:37:31    -5325.983398        0.003652
FIRE2:  1137 17:37:32    -5325.983398        0.003648
FIRE2:  1138 17:37:33    -5325.983398        0.003642
FIRE2:  1139 17:37:34    -5325.983398        0.003636
FIRE2:  1140 17:37:35    -5325.983398        0.003629
FIRE2:  1141 17:37:36    -5325.983398        0.003622
FIRE2:  1142 17:37:37    -5325.983398        0.003614
FIRE2:  1143 17:37:38    -5325.983398        0.003603
FIRE2:  1144 17:37:39    -5325.984375        0.003590
FIRE2:  1145 17:37:40    -5325.983398        0.003576
FIRE2:  1146 17:37:41    -5325.983398        0.003559
FIRE2:  1147 17:37:42    -5325.983398        0.003539
FIRE2:  1148 17:37:43    -5325.983398        0.003516
FIRE2:  1149 17:37:44    -5325.983398        0.003487
FIRE2:  1150 17:37:45    -5325.984375        0.003453
FIRE2:  1151 17:37:46    -5325.984375        0.003418
FIRE2:  1152 17:37:47    -5325.984375        0.003375
FIRE2:  1153 17:37:48    -5325.983887        0.003271
FIRE2:  1154 17:37:49    -5325.984375        0.003327
FIRE2:  1155 17:37:50    -5325.983398        0.003359
FIRE2:  1156 17:37:52    -5325.984375        0.003347
FIRE2:  1157 17:37:53    -5325.984375        0.003340
FIRE2:  1158 17:37:54    -5325.984375        0.003332
FIRE2:  1159 17:37:55    -5325.983887        0.003324
FIRE2:  1160 17:37:56    -5325.983398        0.003320
FIRE2:  1161 17:37:57    -5325.984375        0.003319
FIRE2:  1162 17:37:58    -5325.984375        0.003321
FIRE2:  1163 17:37:59    -5325.984375        0.003323
FIRE2:  1164 17:38:00    -5325.984375        0.003324
FIRE2:  1165 17:38:01    -5325.984375        0.003321
FIRE2:  1166 17:38:01    -5325.984375        0.003315
FIRE2:  1167 17:38:02    -5325.984375        0.003311
FIRE2:  1168 17:38:03    -5325.984375        0.003306
FIRE2:  1169 17:38:04    -5325.984375        0.003305
FIRE2:  1170 17:38:05    -5325.984375        0.003302
FIRE2:  1171 17:38:06    -5325.984375        0.003300
FIRE2:  1172 17:38:07    -5325.984375        0.003296
FIRE2:  1173 17:38:08    -5325.984375        0.003290
FIRE2:  1174 17:38:09    -5325.984375        0.003284
FIRE2:  1175 17:38:10    -5325.984375        0.003280
FIRE2:  1176 17:38:11    -5325.984375        0.003276
FIRE2:  1177 17:38:12    -5325.984375        0.003269
FIRE2:  1178 17:38:13    -5325.984375        0.003264
FIRE2:  1179 17:38:14    -5325.984375        0.003254
FIRE2:  1180 17:38:15    -5325.984375        0.003245
FIRE2:  1181 17:38:16    -5325.984375        0.003236
FIRE2:  1182 17:38:17    -5325.984375        0.003225
FIRE2:  1183 17:38:18    -5325.984375        0.003208
FIRE2:  1184 17:38:19    -5325.984375        0.003193
FIRE2:  1185 17:38:20    -5325.984375        0.003170
FIRE2:  1186 17:38:21    -5325.984375        0.003154
FIRE2:  1187 17:38:22    -5325.984375        0.003107
FIRE2:  1188 17:38:23    -5325.984375        0.003139
FIRE2:  1189 17:38:24    -5325.984375        0.002954
FIRE2:  1190 17:38:26    -5325.984375        0.003033
FIRE2:  1191 17:38:27    -5325.984375        0.003077
FIRE2:  1192 17:38:29    -5325.984375        0.003064
FIRE2:  1193 17:38:30    -5325.984375        0.003064
FIRE2:  1194 17:38:31    -5325.984375        0.003062
FIRE2:  1195 17:38:32    -5325.984375        0.003060
FIRE2:  1196 17:38:33    -5325.984375        0.003059
FIRE2:  1197 17:38:34    -5325.984375        0.003058
FIRE2:  1198 17:38:35    -5325.984375        0.003057
FIRE2:  1199 17:38:36    -5325.984375        0.003054
FIRE2:  1200 17:38:37    -5325.984375        0.003054
FIRE2:  1201 17:38:39    -5325.984375        0.003053
FIRE2:  1202 17:38:40    -5325.984375        0.003052
FIRE2:  1203 17:38:41    -5325.984375        0.003051
FIRE2:  1204 17:38:42    -5325.984375        0.003045
FIRE2:  1205 17:38:43    -5325.984375        0.003045
FIRE2:  1206 17:38:44    -5325.984375        0.003043
FIRE2:  1207 17:38:45    -5325.984375        0.003038
FIRE2:  1208 17:38:46    -5325.984375        0.003039
FIRE2:  1209 17:38:47    -5325.984375        0.003033
FIRE2:  1210 17:38:48    -5325.984375        0.003030
FIRE2:  1211 17:38:49    -5325.984375        0.003028
FIRE2:  1212 17:38:50    -5325.984375        0.003023
FIRE2:  1213 17:38:51    -5325.984375        0.003020
FIRE2:  1214 17:38:52    -5325.984375        0.003015
FIRE2:  1215 17:38:53    -5325.984375        0.003010
FIRE2:  1216 17:38:54    -5325.984375        0.003004
FIRE2:  1217 17:38:55    -5325.984375        0.002996
FIRE2:  1218 17:38:55    -5325.984375        0.002988
FIRE2:  1219 17:38:56    -5325.984375        0.002976
FIRE2:  1220 17:38:57    -5325.984375        0.002966
FIRE2:  1221 17:38:58    -5325.984375        0.002952
FIRE2:  1222 17:38:59    -5325.984375        0.002934
FIRE2:  1223 17:39:00    -5325.984375        0.002917
FIRE2:  1224 17:39:01    -5325.984375        0.002895
FIRE2:  1225 17:39:02    -5325.984375        0.002864
FIRE2:  1226 17:39:03    -5325.984375        0.002854
FIRE2:  1227 17:39:04    -5325.984375        0.002720
FIRE2:  1228 17:39:05    -5325.984375        0.002900
FIRE2:  1229 17:39:07    -5325.984375        0.002800
FIRE2:  1230 17:39:08    -5325.984375        0.002728
FIRE2:  1231 17:39:10    -5325.984375        0.002750
FIRE2:  1232 17:39:11    -5325.984375        0.002758
FIRE2:  1233 17:39:12    -5325.984375        0.002768
FIRE2:  1234 17:39:13    -5325.984375        0.002775
FIRE2:  1235 17:39:14    -5325.984375        0.002778
FIRE2:  1236 17:39:15    -5325.984375        0.002779
FIRE2:  1237 17:39:15    -5325.984375        0.002772
FIRE2:  1238 17:39:16    -5325.984375        0.002764
FIRE2:  1239 17:39:17    -5325.984375        0.002758
FIRE2:  1240 17:39:18    -5325.984375        0.002756
FIRE2:  1241 17:39:19    -5325.984375        0.002756
FIRE2:  1242 17:39:20    -5325.984375        0.002757
FIRE2:  1243 17:39:21    -5325.984375        0.002756
FIRE2:  1244 17:39:22    -5325.984375        0.002754
FIRE2:  1245 17:39:23    -5325.984375        0.002748
FIRE2:  1246 17:39:24    -5325.984375        0.002743
FIRE2:  1247 17:39:25    -5325.984375        0.002739
FIRE2:  1248 17:39:26    -5325.984375        0.002738
FIRE2:  1249 17:39:27    -5325.984375        0.002737
FIRE2:  1250 17:39:28    -5325.984375        0.002732
FIRE2:  1251 17:39:29    -5325.984375        0.002727
FIRE2:  1252 17:39:30    -5325.984375        0.002721
FIRE2:  1253 17:39:31    -5325.984375        0.002716
FIRE2:  1254 17:39:32    -5325.984375        0.002711
FIRE2:  1255 17:39:33    -5325.984375        0.002703
FIRE2:  1256 17:39:33    -5325.984375        0.002694
FIRE2:  1257 17:39:34    -5325.984375        0.002685
FIRE2:  1258 17:39:35    -5325.984375        0.002671
FIRE2:  1259 17:39:36    -5325.984375        0.002657
FIRE2:  1260 17:39:37    -5325.984375        0.002643
FIRE2:  1261 17:39:38    -5325.984375        0.002620
FIRE2:  1262 17:39:39    -5325.984375        0.002609
FIRE2:  1263 17:39:40    -5325.984375        0.002538
FIRE2:  1264 17:39:41    -5325.984375        0.002624
FIRE2:  1265 17:39:43    -5325.984375        0.002577
FIRE2:  1266 17:39:44    -5325.984375        0.002539
FIRE2:  1267 17:39:45    -5325.984375        0.002549
FIRE2:  1268 17:39:46    -5325.984375        0.002548
FIRE2:  1269 17:39:47    -5325.984375        0.002550
FIRE2:  1270 17:39:48    -5325.984375        0.002552
FIRE2:  1271 17:39:49    -5325.984375        0.002550
FIRE2:  1272 17:39:50    -5325.984375        0.002549
FIRE2:  1273 17:39:51    -5325.984375        0.002549
FIRE2:  1274 17:39:52    -5325.984375        0.002548
FIRE2:  1275 17:39:53    -5325.984375        0.002547
FIRE2:  1276 17:39:54    -5325.984375        0.002545
FIRE2:  1277 17:39:55    -5325.984375        0.002543
FIRE2:  1278 17:39:56    -5325.984375        0.002541
FIRE2:  1279 17:39:57    -5325.984375        0.002540
FIRE2:  1280 17:39:58    -5325.984375        0.002537
FIRE2:  1281 17:39:59    -5325.984375        0.002536
FIRE2:  1282 17:40:00    -5325.984375        0.002533
FIRE2:  1283 17:40:01    -5325.984375        0.002531
FIRE2:  1284 17:40:02    -5325.984375        0.002528
FIRE2:  1285 17:40:03    -5325.984375        0.002525
FIRE2:  1286 17:40:03    -5325.984375        0.002522
FIRE2:  1287 17:40:04    -5325.984375        0.002521
FIRE2:  1288 17:40:05    -5325.984375        0.002518
FIRE2:  1289 17:40:06    -5325.984375        0.002514
FIRE2:  1290 17:40:07    -5325.984375        0.002509
FIRE2:  1291 17:40:08    -5325.984375        0.002504
FIRE2:  1292 17:40:09    -5325.984375        0.002498
FIRE2:  1293 17:40:10    -5325.984375        0.002490
FIRE2:  1294 17:40:11    -5325.984375        0.002483
FIRE2:  1295 17:40:12    -5325.984375        0.002473
FIRE2:  1296 17:40:13    -5325.984375        0.002460
FIRE2:  1297 17:40:14    -5325.984375        0.002449
FIRE2:  1298 17:40:15    -5325.984375        0.002430
FIRE2:  1299 17:40:16    -5325.984375        0.002416
FIRE2:  1300 17:40:17    -5325.984375        0.002386
FIRE2:  1301 17:40:18    -5325.984375        0.002392
FIRE2:  1302 17:40:19    -5325.984375        0.002255
FIRE2:  1303 17:40:20    -5325.984375        0.002320
FIRE2:  1304 17:40:21    -5325.984375        0.002360
FIRE2:  1305 17:40:23    -5325.984375        0.002350
FIRE2:  1306 17:40:24    -5325.984375        0.002347
FIRE2:  1307 17:40:25    -5325.984375        0.002345
FIRE2:  1308 17:40:26    -5325.984375        0.002341
FIRE2:  1309 17:40:27    -5325.984375        0.002341
FIRE2:  1310 17:40:28    -5325.984375        0.002340
FIRE2:  1311 17:40:29    -5325.984375        0.002338
FIRE2:  1312 17:40:30    -5325.984375        0.002339
FIRE2:  1313 17:40:31    -5325.984375        0.002338
FIRE2:  1314 17:40:32    -5325.984375        0.002339
FIRE2:  1315 17:40:33    -5325.984375        0.002336
FIRE2:  1316 17:40:34    -5325.984375        0.002333
FIRE2:  1317 17:40:34    -5325.984375        0.002332
FIRE2:  1318 17:40:35    -5325.984375        0.002329
FIRE2:  1319 17:40:36    -5325.984375        0.002328
FIRE2:  1320 17:40:37    -5325.984375        0.002326
FIRE2:  1321 17:40:38    -5325.984375        0.002324
FIRE2:  1322 17:40:39    -5325.984375        0.002322
FIRE2:  1323 17:40:40    -5325.984375        0.002319
FIRE2:  1324 17:40:41    -5325.984375        0.002314
FIRE2:  1325 17:40:42    -5325.984375        0.002313
FIRE2:  1326 17:40:43    -5325.984375        0.002312
FIRE2:  1327 17:40:44    -5325.984375        0.002306
FIRE2:  1328 17:40:45    -5325.984375        0.002302
FIRE2:  1329 17:40:46    -5325.984375        0.002297
FIRE2:  1330 17:40:47    -5325.984375        0.002290
FIRE2:  1331 17:40:48    -5325.984375        0.002284
FIRE2:  1332 17:40:49    -5325.984375        0.002275
FIRE2:  1333 17:40:50    -5325.984375        0.002266
FIRE2:  1334 17:40:51    -5325.984375        0.002255
FIRE2:  1335 17:40:52    -5325.984375        0.002242
FIRE2:  1336 17:40:53    -5325.984375        0.002226
FIRE2:  1337 17:40:54    -5325.984375        0.002205
FIRE2:  1338 17:40:55    -5325.985352        0.002188
FIRE2:  1339 17:40:55    -5325.984375        0.002144
FIRE2:  1340 17:40:56    -5325.984375        0.002204
FIRE2:  1341 17:40:58    -5325.984375        0.002158
FIRE2:  1342 17:40:59    -5325.984375        0.002113
FIRE2:  1343 17:41:01    -5325.984375        0.002126
FIRE2:  1344 17:41:02    -5325.984375        0.002129
FIRE2:  1345 17:41:03    -5325.985352        0.002132
FIRE2:  1346 17:41:04    -5325.984375        0.002135
FIRE2:  1347 17:41:05    -5325.985352        0.002138
FIRE2:  1348 17:41:06    -5325.984863        0.002137
FIRE2:  1349 17:41:07    -5325.985352        0.002135
FIRE2:  1350 17:41:07    -5325.985352        0.002132
FIRE2:  1351 17:41:08    -5325.984375        0.002130
FIRE2:  1352 17:41:09    -5325.984375        0.002127
FIRE2:  1353 17:41:10    -5325.984375        0.002125
FIRE2:  1354 17:41:11    -5325.984863        0.002125
FIRE2:  1355 17:41:12    -5325.985352        0.002124
FIRE2:  1356 17:41:13    -5325.985352        0.002123
FIRE2:  1357 17:41:14    -5325.985352        0.002120
FIRE2:  1358 17:41:15    -5325.984375        0.002117
FIRE2:  1359 17:41:16    -5325.984375        0.002115
FIRE2:  1360 17:41:17    -5325.984375        0.002112
FIRE2:  1361 17:41:18    -5325.984375        0.002110
FIRE2:  1362 17:41:19    -5325.984375        0.002107
FIRE2:  1363 17:41:20    -5325.984375        0.002104
FIRE2:  1364 17:41:21    -5325.984375        0.002101
FIRE2:  1365 17:41:22    -5325.984375        0.002097
FIRE2:  1366 17:41:23    -5325.984375        0.002094
FIRE2:  1367 17:41:24    -5325.984375        0.002089
FIRE2:  1368 17:41:25    -5325.984375        0.002082
FIRE2:  1369 17:41:26    -5325.984375        0.002074
FIRE2:  1370 17:41:26    -5325.984375        0.002066
FIRE2:  1371 17:41:27    -5325.984375        0.002057
FIRE2:  1372 17:41:28    -5325.984375        0.002046
FIRE2:  1373 17:41:29    -5325.984375        0.002033
FIRE2:  1374 17:41:30    -5325.984375        0.002013
FIRE2:  1375 17:41:31    -5325.985352        0.002007
FIRE2:  1376 17:41:32    -5325.985352        0.001942
FIRE2:  1377 17:41:33    -5325.984863        0.002020
FIRE2:  1378 17:41:35    -5325.985352        0.001979
FIRE2:  1379 17:41:36    -5325.984863        0.001950
FIRE2:  1380 17:41:37    -5325.984863        0.001957
FIRE2:  1381 17:41:38    -5325.985352        0.001958
FIRE2:  1382 17:41:39    -5325.985352        0.001959
FIRE2:  1383 17:41:40    -5325.984375        0.001960
FIRE2:  1384 17:41:41    -5325.984375        0.001959
FIRE2:  1385 17:41:42    -5325.985352        0.001959
FIRE2:  1386 17:41:43    -5325.985352        0.001958
FIRE2:  1387 17:41:44    -5325.984375        0.001958
FIRE2:  1388 17:41:45    -5325.985352        0.001955
FIRE2:  1389 17:41:46    -5325.984375        0.001953
FIRE2:  1390 17:41:47    -5325.984375        0.001953
FIRE2:  1391 17:41:48    -5325.984375        0.001951
FIRE2:  1392 17:41:49    -5325.985352        0.001950
FIRE2:  1393 17:41:50    -5325.985352        0.001950
FIRE2:  1394 17:41:51    -5325.985352        0.001949
FIRE2:  1395 17:41:52    -5325.985352        0.001947
FIRE2:  1396 17:41:53    -5325.984375        0.001943
FIRE2:  1397 17:41:54    -5325.984375        0.001940
FIRE2:  1398 17:41:55    -5325.984375        0.001939
FIRE2:  1399 17:41:56    -5325.985352        0.001937
FIRE2:  1400 17:41:57    -5325.985352        0.001936
FIRE2:  1401 17:41:57    -5325.985352        0.001933
FIRE2:  1402 17:41:58    -5325.985352        0.001930
FIRE2:  1403 17:41:59    -5325.985352        0.001926
FIRE2:  1404 17:42:00    -5325.985352        0.001921
FIRE2:  1405 17:42:01    -5325.985352        0.001916
FIRE2:  1406 17:42:02    -5325.985352        0.001910
FIRE2:  1407 17:42:03    -5325.985352        0.001904
FIRE2:  1408 17:42:04    -5325.984863        0.001896
FIRE2:  1409 17:42:05    -5325.985352        0.001887
FIRE2:  1410 17:42:06    -5325.985352        0.001874
FIRE2:  1411 17:42:07    -5325.985352        0.001863
FIRE2:  1412 17:42:08    -5325.985352        0.001847
FIRE2:  1413 17:42:09    -5325.985352        0.001823
FIRE2:  1414 17:42:10    -5325.985352        0.001840
FIRE2:  1415 17:42:11    -5325.985352        0.001731
FIRE2:  1416 17:42:12    -5325.985352        0.001778
FIRE2:  1417 17:42:13    -5325.985352        0.001807
FIRE2:  1418 17:42:15    -5325.985352        0.001798
FIRE2:  1419 17:42:16    -5325.985352        0.001795
FIRE2:  1420 17:42:17    -5325.984863        0.001794
FIRE2:  1421 17:42:18    -5325.985352        0.001791
FIRE2:  1422 17:42:19    -5325.985352        0.001790
FIRE2:  1423 17:42:20    -5325.985352        0.001788
FIRE2:  1424 17:42:21    -5325.985352        0.001788
FIRE2:  1425 17:42:22    -5325.985352        0.001787
FIRE2:  1426 17:42:23    -5325.985352        0.001787
FIRE2:  1427 17:42:24    -5325.985352        0.001788
FIRE2:  1428 17:42:25    -5325.984863        0.001787
FIRE2:  1429 17:42:26    -5325.985352        0.001785
FIRE2:  1430 17:42:26    -5325.985352        0.001782
FIRE2:  1431 17:42:27    -5325.985352        0.001780
FIRE2:  1432 17:42:28    -5325.985352        0.001780
FIRE2:  1433 17:42:29    -5325.985352        0.001778
FIRE2:  1434 17:42:30    -5325.985352        0.001777
FIRE2:  1435 17:42:31    -5325.985352        0.001773
FIRE2:  1436 17:42:32    -5325.985352        0.001773
FIRE2:  1437 17:42:33    -5325.985352        0.001770
FIRE2:  1438 17:42:34    -5325.985352        0.001766
FIRE2:  1439 17:42:35    -5325.985352        0.001765
FIRE2:  1440 17:42:36    -5325.985352        0.001761
FIRE2:  1441 17:42:37    -5325.985352        0.001759
FIRE2:  1442 17:42:38    -5325.985352        0.001753
FIRE2:  1443 17:42:39    -5325.985352        0.001749
FIRE2:  1444 17:42:40    -5325.985352        0.001743
FIRE2:  1445 17:42:41    -5325.985352        0.001736
FIRE2:  1446 17:42:42    -5325.985352        0.001728
FIRE2:  1447 17:42:43    -5325.985352        0.001719
FIRE2:  1448 17:42:44    -5325.985352        0.001709
FIRE2:  1449 17:42:44    -5325.985352        0.001695
FIRE2:  1450 17:42:45    -5325.985352        0.001680
FIRE2:  1451 17:42:46    -5325.985352        0.001664
FIRE2:  1452 17:42:47    -5325.985352        0.001626
FIRE2:  1453 17:42:48    -5325.985352        0.001662
FIRE2:  1454 17:42:50    -5325.985352        0.001636
FIRE2:  1455 17:42:51    -5325.985352        0.001613
FIRE2:  1456 17:42:53    -5325.985352        0.001620
FIRE2:  1457 17:42:54    -5325.985352        0.001621
FIRE2:  1458 17:42:55    -5325.985352        0.001624
FIRE2:  1459 17:42:56    -5325.985352        0.001626
FIRE2:  1460 17:42:57    -5325.985352        0.001628
FIRE2:  1461 17:42:57    -5325.985352        0.001627
FIRE2:  1462 17:42:58    -5325.985352        0.001625
FIRE2:  1463 17:42:59    -5325.985352        0.001623
FIRE2:  1464 17:43:00    -5325.985352        0.001620
FIRE2:  1465 17:43:01    -5325.985352        0.001618
FIRE2:  1466 17:43:02    -5325.985352        0.001619
FIRE2:  1467 17:43:03    -5325.985352        0.001619
FIRE2:  1468 17:43:04    -5325.985352        0.001617
FIRE2:  1469 17:43:05    -5325.985352        0.001616
FIRE2:  1470 17:43:06    -5325.985352        0.001613
FIRE2:  1471 17:43:07    -5325.985352        0.001610
FIRE2:  1472 17:43:08    -5325.985352        0.001609
FIRE2:  1473 17:43:09    -5325.985352        0.001607
FIRE2:  1474 17:43:10    -5325.985352        0.001606
FIRE2:  1475 17:43:11    -5325.985352        0.001603
FIRE2:  1476 17:43:12    -5325.985352        0.001601
FIRE2:  1477 17:43:13    -5325.985352        0.001598
FIRE2:  1478 17:43:14    -5325.985352        0.001595
FIRE2:  1479 17:43:14    -5325.985352        0.001592
FIRE2:  1480 17:43:15    -5325.985352        0.001588
FIRE2:  1481 17:43:16    -5325.985352        0.001583
FIRE2:  1482 17:43:17    -5325.985352        0.001577
FIRE2:  1483 17:43:18    -5325.985352        0.001570
FIRE2:  1484 17:43:19    -5325.985352        0.001562
FIRE2:  1485 17:43:20    -5325.985352        0.001552
FIRE2:  1486 17:43:21    -5325.985352        0.001541
FIRE2:  1487 17:43:22    -5325.985352        0.001531
FIRE2:  1488 17:43:23    -5325.985352        0.001510
FIRE2:  1489 17:43:24    -5325.985352        0.001516
FIRE2:  1490 17:43:25    -5325.985352        0.001434
FIRE2:  1491 17:43:27    -5325.985352        0.001471
FIRE2:  1492 17:43:28    -5325.985352        0.001492
FIRE2:  1493 17:43:29    -5325.985352        0.001486
FIRE2:  1494 17:43:30    -5325.985352        0.001485
FIRE2:  1495 17:43:31    -5325.985352        0.001483
FIRE2:  1496 17:43:32    -5325.985352        0.001482
FIRE2:  1497 17:43:33    -5325.985352        0.001481
FIRE2:  1498 17:43:34    -5325.985352        0.001480
FIRE2:  1499 17:43:35    -5325.985352        0.001478
FIRE2:  1500 17:43:36    -5325.985352        0.001478
FIRE2:  1501 17:43:37    -5325.985352        0.001478
FIRE2:  1502 17:43:38    -5325.985352        0.001477
FIRE2:  1503 17:43:39    -5325.985352        0.001478
FIRE2:  1504 17:43:40    -5325.985352        0.001476
FIRE2:  1505 17:43:41    -5325.985352        0.001473
FIRE2:  1506 17:43:42    -5325.985352        0.001472
FIRE2:  1507 17:43:43    -5325.985352        0.001471
FIRE2:  1508 17:43:44    -5325.985352        0.001469
FIRE2:  1509 17:43:45    -5325.985352        0.001468
FIRE2:  1510 17:43:46    -5325.985352        0.001467
FIRE2:  1511 17:43:47    -5325.985352        0.001465
FIRE2:  1512 17:43:48    -5325.985352        0.001463
FIRE2:  1513 17:43:49    -5325.985352        0.001462
FIRE2:  1514 17:43:50    -5325.985352        0.001459
FIRE2:  1515 17:43:51    -5325.985352        0.001457
FIRE2:  1516 17:43:52    -5325.985352        0.001454
FIRE2:  1517 17:43:53    -5325.985352        0.001450
FIRE2:  1518 17:43:54    -5325.985352        0.001446
FIRE2:  1519 17:43:55    -5325.985352        0.001442
FIRE2:  1520 17:43:56    -5325.985352        0.001436
FIRE2:  1521 17:43:57    -5325.985352        0.001430
FIRE2:  1522 17:43:58    -5325.985352        0.001421
FIRE2:  1523 17:43:59    -5325.985352        0.001414
FIRE2:  1524 17:44:00    -5325.985352        0.001404
FIRE2:  1525 17:44:01    -5325.985352        0.001385
FIRE2:  1526 17:44:02    -5325.985352        0.001399
FIRE2:  1527 17:44:03    -5325.985352        0.001321
FIRE2:  1528 17:44:04    -5325.985352        0.001353
FIRE2:  1529 17:44:05    -5325.985352        0.001373
FIRE2:  1530 17:44:07    -5325.985352        0.001368
FIRE2:  1531 17:44:08    -5325.985352        0.001368
FIRE2:  1532 17:44:09    -5325.985352        0.001366
FIRE2:  1533 17:44:10    -5325.985352        0.001365
FIRE2:  1534 17:44:11    -5325.985352        0.001364
FIRE2:  1535 17:44:12    -5325.985352        0.001363
FIRE2:  1536 17:44:13    -5325.985352        0.001363
FIRE2:  1537 17:44:14    -5325.985352        0.001362
FIRE2:  1538 17:44:15    -5325.985352        0.001362
FIRE2:  1539 17:44:16    -5325.985352        0.001362
FIRE2:  1540 17:44:17    -5325.985352        0.001360
FIRE2:  1541 17:44:18    -5325.985352        0.001360
FIRE2:  1542 17:44:19    -5325.985352        0.001358
FIRE2:  1543 17:44:20    -5325.985352        0.001357
FIRE2:  1544 17:44:21    -5325.985352        0.001355
FIRE2:  1545 17:44:22    -5325.985352        0.001355
FIRE2:  1546 17:44:23    -5325.985352        0.001352
FIRE2:  1547 17:44:24    -5325.985352        0.001353
FIRE2:  1548 17:44:25    -5325.985352        0.001352
FIRE2:  1549 17:44:26    -5325.985352        0.001349
FIRE2:  1550 17:44:27    -5325.985352        0.001348
FIRE2:  1551 17:44:28    -5325.985352        0.001347
FIRE2:  1552 17:44:29    -5325.985352        0.001344
FIRE2:  1553 17:44:30    -5325.985352        0.001341
FIRE2:  1554 17:44:30    -5325.985352        0.001338
FIRE2:  1555 17:44:31    -5325.985352        0.001335
FIRE2:  1556 17:44:32    -5325.985352        0.001331
FIRE2:  1557 17:44:33    -5325.985352        0.001327
FIRE2:  1558 17:44:34    -5325.985352        0.001321
FIRE2:  1559 17:44:35    -5325.985352        0.001315
FIRE2:  1560 17:44:36    -5325.985352        0.001307
FIRE2:  1561 17:44:37    -5325.985352        0.001300
FIRE2:  1562 17:44:38    -5325.985352        0.001288
FIRE2:  1563 17:44:39    -5325.985352        0.001283
FIRE2:  1564 17:44:40    -5325.985352        0.001239
FIRE2:  1565 17:44:41    -5325.985352        0.001292
FIRE2:  1566 17:44:43    -5325.985352        0.001263
FIRE2:  1567 17:44:44    -5325.985352        0.001242
FIRE2:  1568 17:44:46    -5325.985352        0.001249
FIRE2:  1569 17:44:47    -5325.985352        0.001249
FIRE2:  1570 17:44:48    -5325.985352        0.001251
FIRE2:  1571 17:44:49    -5325.985352        0.001251
FIRE2:  1572 17:44:50    -5325.985352        0.001251
FIRE2:  1573 17:44:51    -5325.985352        0.001251
FIRE2:  1574 17:44:52    -5325.985352        0.001251
FIRE2:  1575 17:44:53    -5325.985352        0.001250
FIRE2:  1576 17:44:54    -5325.985352        0.001249
FIRE2:  1577 17:44:55    -5325.985352        0.001247
FIRE2:  1578 17:44:56    -5325.985352        0.001247
FIRE2:  1579 17:44:57    -5325.985352        0.001245
FIRE2:  1580 17:44:58    -5325.985352        0.001244
FIRE2:  1581 17:44:58    -5325.985352        0.001244
FIRE2:  1582 17:44:59    -5325.985352        0.001242
FIRE2:  1583 17:45:00    -5325.985352        0.001240
FIRE2:  1584 17:45:01    -5325.985352        0.001240
FIRE2:  1585 17:45:02    -5325.985352        0.001240
FIRE2:  1586 17:45:03    -5325.985352        0.001237
FIRE2:  1587 17:45:04    -5325.985352        0.001236
FIRE2:  1588 17:45:05    -5325.985352        0.001236
FIRE2:  1589 17:45:06    -5325.985352        0.001233
FIRE2:  1590 17:45:07    -5325.985352        0.001231
FIRE2:  1591 17:45:08    -5325.985352        0.001229
FIRE2:  1592 17:45:09    -5325.985352        0.001227
FIRE2:  1593 17:45:10    -5325.985352        0.001222
FIRE2:  1594 17:45:11    -5325.985352        0.001218
FIRE2:  1595 17:45:12    -5325.985352        0.001214
FIRE2:  1596 17:45:13    -5325.985352        0.001208
FIRE2:  1597 17:45:14    -5325.985352        0.001201
FIRE2:  1598 17:45:15    -5325.985352        0.001194
FIRE2:  1599 17:45:16    -5325.985352        0.001184
FIRE2:  1600 17:45:17    -5325.985352        0.001177
FIRE2:  1601 17:45:18    -5325.985352        0.001160
FIRE2:  1602 17:45:19    -5325.985352        0.001174
FIRE2:  1603 17:45:20    -5325.985352        0.001092
FIRE2:  1604 17:45:22    -5325.985352        0.001128
FIRE2:  1605 17:45:23    -5325.985352        0.001150
FIRE2:  1606 17:45:24    -5325.985352        0.001145
FIRE2:  1607 17:45:25    -5325.985352        0.001142
FIRE2:  1608 17:45:26    -5325.985352        0.001139
FIRE2:  1609 17:45:27    -5325.985352        0.001138
FIRE2:  1610 17:45:28    -5325.985352        0.001136
FIRE2:  1611 17:45:29    -5325.985352        0.001135
FIRE2:  1612 17:45:30    -5325.985352        0.001135
FIRE2:  1613 17:45:31    -5325.985352        0.001136
FIRE2:  1614 17:45:32    -5325.985352        0.001137
FIRE2:  1615 17:45:33    -5325.985352        0.001137
FIRE2:  1616 17:45:34    -5325.985352        0.001134
FIRE2:  1617 17:45:35    -5325.985352        0.001134
FIRE2:  1618 17:45:36    -5325.985352        0.001131
FIRE2:  1619 17:45:37    -5325.985352        0.001130
FIRE2:  1620 17:45:38    -5325.985352        0.001130
FIRE2:  1621 17:45:39    -5325.985352        0.001128
FIRE2:  1622 17:45:40    -5325.985352        0.001129
FIRE2:  1623 17:45:41    -5325.985352        0.001127
FIRE2:  1624 17:45:42    -5325.985352        0.001124
FIRE2:  1625 17:45:43    -5325.985352        0.001124
FIRE2:  1626 17:45:44    -5325.985352        0.001122
FIRE2:  1627 17:45:45    -5325.985352        0.001120
FIRE2:  1628 17:45:46    -5325.985352        0.001117
FIRE2:  1629 17:45:47    -5325.985352        0.001116
FIRE2:  1630 17:45:48    -5325.985352        0.001114
FIRE2:  1631 17:45:49    -5325.985352        0.001110
FIRE2:  1632 17:45:50    -5325.985352        0.001105
FIRE2:  1633 17:45:51    -5325.985352        0.001101
FIRE2:  1634 17:45:52    -5325.985352        0.001095
FIRE2:  1635 17:45:53    -5325.985352        0.001090
FIRE2:  1636 17:45:54    -5325.985352        0.001083
FIRE2:  1637 17:45:55    -5325.985352        0.001073
FIRE2:  1638 17:45:56    -5325.985352        0.001065
FIRE2:  1639 17:45:57    -5325.985352        0.001047
FIRE2:  1640 17:45:58    -5325.985352        0.001052
FIRE2:  1641 17:45:59    -5325.985352        0.001046
FIRE2:  1642 17:46:00    -5325.985352        0.001039
FIRE2:  1643 17:46:02    -5325.985352        0.001041
FIRE2:  1644 17:46:03    -5325.985352        0.001041
FIRE2:  1645 17:46:04    -5325.985352        0.001040
FIRE2:  1646 17:46:05    -5325.985352        0.001041
FIRE2:  1647 17:46:06    -5325.985352        0.001041
FIRE2:  1648 17:46:07    -5325.985352        0.001041
FIRE2:  1649 17:46:08    -5325.985352        0.001040
FIRE2:  1650 17:46:09    -5325.985352        0.001040
FIRE2:  1651 17:46:10    -5325.985352        0.001039
FIRE2:  1652 17:46:11    -5325.985352        0.001038
FIRE2:  1653 17:46:12    -5325.985352        0.001037
FIRE2:  1654 17:46:13    -5325.985352        0.001037
FIRE2:  1655 17:46:14    -5325.985352        0.001036
FIRE2:  1656 17:46:15    -5325.985352        0.001036
FIRE2:  1657 17:46:16    -5325.985352        0.001035
FIRE2:  1658 17:46:17    -5325.985352        0.001033
FIRE2:  1659 17:46:18    -5325.985352        0.001032
FIRE2:  1660 17:46:19    -5325.985352        0.001032
FIRE2:  1661 17:46:20    -5325.985352        0.001033
FIRE2:  1662 17:46:21    -5325.985352        0.001029
FIRE2:  1663 17:46:22    -5325.985352        0.001028
FIRE2:  1664 17:46:23    -5325.985352        0.001026
FIRE2:  1665 17:46:24    -5325.985352        0.001024
FIRE2:  1666 17:46:25    -5325.985352        0.001022
FIRE2:  1667 17:46:26    -5325.985352        0.001020
FIRE2:  1668 17:46:27    -5325.985352        0.001018
FIRE2:  1669 17:46:28    -5325.985352        0.001014
FIRE2:  1670 17:46:28    -5325.985352        0.001010
FIRE2:  1671 17:46:29    -5325.985352        0.001006
FIRE2:  1672 17:46:30    -5325.985352        0.001001
FIRE2:  1673 17:46:31    -5325.985352        0.000994
