       Step     Time          Energy          fmax
FIRE2:    0 16:54:20    -5321.979492        0.260211
FIRE2:    1 16:54:21    -5322.009766        0.259049
FIRE2:    2 16:54:22    -5322.058594        0.256811
FIRE2:    3 16:54:23    -5322.112305        0.253687
FIRE2:    4 16:54:24    -5322.158203        0.250019
FIRE2:    5 16:54:25    -5322.195312        0.246378
FIRE2:    6 16:54:26    -5322.229492        0.243322
FIRE2:    7 16:54:27    -5322.263672        0.240956
FIRE2:    8 16:54:28    -5322.295898        0.238983
FIRE2:    9 16:54:29    -5322.325195        0.236936
FIRE2:   10 16:54:30    -5322.356445        0.234563
FIRE2:   11 16:54:31    -5322.389648        0.231913
FIRE2:   12 16:54:32    -5322.423828        0.229213
FIRE2:   13 16:54:33    -5322.456055        0.226784
FIRE2:   14 16:54:34    -5322.491211        0.224753
FIRE2:   15 16:54:34    -5322.526367        0.222892
FIRE2:   16 16:54:35    -5322.562500        0.220766
FIRE2:   17 16:54:36    -5322.598633        0.218110
FIRE2:   18 16:54:37    -5322.636719        0.215030
FIRE2:   19 16:54:38    -5322.674805        0.211896
FIRE2:   20 16:54:39    -5322.713867        0.209019
FIRE2:   21 16:54:40    -5322.752930        0.206359
FIRE2:   22 16:54:41    -5322.796875        0.203332
FIRE2:   23 16:54:42    -5322.845703        0.199619
FIRE2:   24 16:54:43    -5322.900391        0.195278
FIRE2:   25 16:54:44    -5322.961914        0.190628
FIRE2:   26 16:54:45    -5323.028320        0.185532
FIRE2:   27 16:54:46    -5323.092773        0.180245
FIRE2:   28 16:54:47    -5323.154297        0.175193
FIRE2:   29 16:54:47    -5323.213867        0.170335
FIRE2:   30 16:54:48    -5323.271484        0.165325
FIRE2:   31 16:54:49    -5323.327148        0.160493
FIRE2:   32 16:54:50    -5323.380859        0.155838
FIRE2:   33 16:54:51    -5323.432617        0.151085
FIRE2:   34 16:54:52    -5323.482422        0.146518
FIRE2:   35 16:54:53    -5323.530273        0.142016
FIRE2:   36 16:54:54    -5323.576172        0.137468
FIRE2:   37 16:54:55    -5323.620117        0.133107
FIRE2:   38 16:54:56    -5323.662109        0.128691
FIRE2:   39 16:54:57    -5323.702148        0.124411
FIRE2:   40 16:54:58    -5323.740234        0.120096
FIRE2:   41 16:54:59    -5323.777344        0.115882
FIRE2:   42 16:55:00    -5323.812500        0.111671
FIRE2:   43 16:55:01    -5323.845703        0.107560
FIRE2:   44 16:55:01    -5323.876953        0.103374
FIRE2:   45 16:55:02    -5323.907227        0.099472
FIRE2:   46 16:55:03    -5323.936523        0.095077
FIRE2:   47 16:55:04    -5323.962891        0.091984
FIRE2:   48 16:55:05    -5323.987305        0.086513
FIRE2:   49 16:55:06    -5324.011719        0.084353
FIRE2:   50 16:55:07    -5324.035156        0.079297
FIRE2:   51 16:55:08    -5324.056641        0.076751
FIRE2:   52 16:55:09    -5324.076172        0.071442
FIRE2:   53 16:55:10    -5324.096680        0.069667
FIRE2:   54 16:55:11    -5324.115234        0.064641
FIRE2:   55 16:55:12    -5324.131836        0.062811
FIRE2:   56 16:55:13    -5324.148438        0.057607
FIRE2:   57 16:55:14    -5324.164062        0.056393
FIRE2:   58 16:55:14    -5324.179688        0.051514
FIRE2:   59 16:55:15    -5324.193359        0.050573
FIRE2:   60 16:55:16    -5324.206055        0.045469
FIRE2:   61 16:55:17    -5324.219727        0.045212
FIRE2:   62 16:55:18    -5324.232422        0.040304
FIRE2:   63 16:55:19    -5324.244141        0.046131
FIRE2:   64 16:55:21    -5324.153320        0.204907
FIRE2:   65 16:55:23    -5324.229492        0.043035
FIRE2:   66 16:55:23    -5324.207031        0.113237
FIRE2:   67 16:55:25    -5324.223633        0.061807
FIRE2:   68 16:55:26    -5324.229492        0.041535
FIRE2:   69 16:55:27    -5324.231445        0.042850
FIRE2:   70 16:55:29    -5324.231445        0.042521
FIRE2:   71 16:55:30    -5324.231445        0.042520
FIRE2:   72 16:55:31    -5324.231445        0.042517
FIRE2:   73 16:55:32    -5324.231445        0.042513
FIRE2:   74 16:55:33    -5324.231445        0.042508
FIRE2:   75 16:55:33    -5324.231445        0.042501
FIRE2:   76 16:55:34    -5324.232422        0.042493
FIRE2:   77 16:55:35    -5324.232422        0.042483
FIRE2:   78 16:55:36    -5324.232422        0.042473
FIRE2:   79 16:55:37    -5324.232422        0.042461
FIRE2:   80 16:55:38    -5324.233398        0.042447
FIRE2:   81 16:55:39    -5324.233398        0.042430
FIRE2:   82 16:55:40    -5324.233398        0.042413
FIRE2:   83 16:55:41    -5324.233398        0.042396
FIRE2:   84 16:55:42    -5324.234375        0.042375
FIRE2:   85 16:55:43    -5324.234375        0.042354
FIRE2:   86 16:55:44    -5324.234375        0.042331
FIRE2:   87 16:55:45    -5324.235352        0.042308
FIRE2:   88 16:55:46    -5324.235352        0.042281
FIRE2:   89 16:55:47    -5324.236328        0.042256
FIRE2:   90 16:55:48    -5324.236328        0.042227
FIRE2:   91 16:55:49    -5324.236328        0.042196
FIRE2:   92 16:55:49    -5324.237305        0.042159
FIRE2:   93 16:55:50    -5324.238281        0.042115
FIRE2:   94 16:55:51    -5324.239258        0.042066
FIRE2:   95 16:55:52    -5324.239258        0.042007
FIRE2:   96 16:55:53    -5324.241211        0.041937
FIRE2:   97 16:55:54    -5324.242188        0.041858
FIRE2:   98 16:55:55    -5324.243164        0.041762
FIRE2:   99 16:55:56    -5324.245117        0.041651
FIRE2:  100 16:55:57    -5324.247070        0.041518
FIRE2:  101 16:55:58    -5324.249023        0.041364
FIRE2:  102 16:55:59    -5324.251953        0.041181
FIRE2:  103 16:56:00    -5324.255859        0.040963
FIRE2:  104 16:56:01    -5324.258789        0.040707
FIRE2:  105 16:56:02    -5324.263672        0.040402
FIRE2:  106 16:56:03    -5324.269531        0.040042
FIRE2:  107 16:56:04    -5324.275391        0.039612
FIRE2:  108 16:56:04    -5324.283203        0.039109
FIRE2:  109 16:56:05    -5324.291016        0.038476
FIRE2:  110 16:56:06    -5324.301758        0.037974
FIRE2:  111 16:56:07    -5324.309570        0.040908
FIRE2:  112 16:56:08    -5324.292969        0.131420
FIRE2:  113 16:56:10    -5324.321289        0.036499
FIRE2:  114 16:56:11    -5324.312988        0.070377
FIRE2:  115 16:56:13    -5324.319336        0.038411
FIRE2:  116 16:56:14    -5324.322266        0.035666
FIRE2:  117 16:56:14    -5324.322266        0.036516
FIRE2:  118 16:56:16    -5324.322266        0.036301
FIRE2:  119 16:56:17    -5324.323242        0.036292
FIRE2:  120 16:56:18    -5324.322266        0.036283
FIRE2:  121 16:56:19    -5324.323242        0.036270
FIRE2:  122 16:56:20    -5324.323242        0.036255
FIRE2:  123 16:56:21    -5324.323242        0.036240
FIRE2:  124 16:56:22    -5324.323242        0.036226
FIRE2:  125 16:56:23    -5324.323242        0.036212
FIRE2:  126 16:56:24    -5324.323242        0.036200
FIRE2:  127 16:56:25    -5324.323242        0.036188
FIRE2:  128 16:56:26    -5324.324219        0.036179
FIRE2:  129 16:56:27    -5324.324219        0.036168
FIRE2:  130 16:56:27    -5324.324219        0.036157
FIRE2:  131 16:56:28    -5324.324219        0.036143
FIRE2:  132 16:56:29    -5324.324219        0.036127
FIRE2:  133 16:56:30    -5324.325195        0.036109
FIRE2:  134 16:56:31    -5324.325195        0.036090
FIRE2:  135 16:56:32    -5324.325195        0.036067
FIRE2:  136 16:56:33    -5324.325195        0.036044
FIRE2:  137 16:56:34    -5324.326172        0.036020
FIRE2:  138 16:56:35    -5324.326172        0.035996
FIRE2:  139 16:56:36    -5324.327148        0.035969
FIRE2:  140 16:56:37    -5324.327148        0.035937
FIRE2:  141 16:56:38    -5324.327148        0.035901
FIRE2:  142 16:56:39    -5324.328125        0.035858
FIRE2:  143 16:56:40    -5324.329102        0.035807
FIRE2:  144 16:56:41    -5324.329102        0.035748
FIRE2:  145 16:56:42    -5324.331055        0.035677
FIRE2:  146 16:56:43    -5324.332031        0.035597
FIRE2:  147 16:56:43    -5324.333008        0.035503
FIRE2:  148 16:56:44    -5324.334961        0.035390
FIRE2:  149 16:56:45    -5324.335938        0.035257
FIRE2:  150 16:56:46    -5324.337891        0.035100
FIRE2:  151 16:56:47    -5324.340820        0.034916
FIRE2:  152 16:56:48    -5324.343750        0.034697
FIRE2:  153 16:56:49    -5324.346680        0.034439
FIRE2:  154 16:56:50    -5324.350586        0.034130
FIRE2:  155 16:56:51    -5324.355469        0.033774
FIRE2:  156 16:56:52    -5324.361328        0.033310
FIRE2:  157 16:56:53    -5324.367188        0.032994
FIRE2:  158 16:56:54    -5324.373047        0.031201
FIRE2:  159 16:56:55    -5324.370117        0.082677
FIRE2:  160 16:56:56    -5324.380859        0.032125
FIRE2:  161 16:56:57    -5324.377930        0.037898
FIRE2:  162 16:56:59    -5324.379883        0.031035
FIRE2:  163 16:57:00    -5324.380859        0.031362
FIRE2:  164 16:57:01    -5324.380859        0.031753
FIRE2:  165 16:57:02    -5324.380859        0.032028
FIRE2:  166 16:57:04    -5324.381348        0.031946
FIRE2:  167 16:57:05    -5324.380859        0.031922
FIRE2:  168 16:57:06    -5324.381836        0.031885
FIRE2:  169 16:57:06    -5324.381836        0.031844
FIRE2:  170 16:57:07    -5324.381836        0.031796
FIRE2:  171 16:57:08    -5324.381836        0.031748
FIRE2:  172 16:57:09    -5324.381836        0.031704
FIRE2:  173 16:57:10    -5324.381836        0.031669
FIRE2:  174 16:57:11    -5324.381836        0.031644
FIRE2:  175 16:57:12    -5324.381836        0.031631
FIRE2:  176 16:57:13    -5324.381836        0.031627
FIRE2:  177 16:57:14    -5324.381836        0.031629
FIRE2:  178 16:57:15    -5324.382324        0.031634
FIRE2:  179 16:57:16    -5324.382812        0.031638
FIRE2:  180 16:57:17    -5324.382812        0.031634
FIRE2:  181 16:57:18    -5324.382812        0.031627
FIRE2:  182 16:57:19    -5324.382812        0.031612
FIRE2:  183 16:57:20    -5324.382812        0.031591
FIRE2:  184 16:57:21    -5324.383789        0.031569
FIRE2:  185 16:57:22    -5324.383789        0.031545
FIRE2:  186 16:57:23    -5324.383789        0.031522
FIRE2:  187 16:57:24    -5324.383789        0.031501
FIRE2:  188 16:57:25    -5324.383789        0.031478
FIRE2:  189 16:57:25    -5324.384766        0.031456
FIRE2:  190 16:57:26    -5324.384766        0.031427
FIRE2:  191 16:57:27    -5324.385742        0.031391
FIRE2:  192 16:57:28    -5324.385742        0.031346
FIRE2:  193 16:57:29    -5324.386719        0.031288
FIRE2:  194 16:57:30    -5324.387695        0.031228
FIRE2:  195 16:57:31    -5324.388672        0.031160
FIRE2:  196 16:57:32    -5324.389648        0.031080
FIRE2:  197 16:57:33    -5324.390625        0.030980
FIRE2:  198 16:57:34    -5324.391602        0.030861
FIRE2:  199 16:57:35    -5324.393555        0.030727
FIRE2:  200 16:57:36    -5324.395508        0.030565
FIRE2:  201 16:57:37    -5324.397461        0.030370
FIRE2:  202 16:57:38    -5324.400391        0.030150
FIRE2:  203 16:57:39    -5324.403320        0.029865
FIRE2:  204 16:57:40    -5324.407227        0.029597
FIRE2:  205 16:57:40    -5324.411133        0.028991
FIRE2:  206 16:57:41    -5324.415039        0.029611
FIRE2:  207 16:57:42    -5324.416016        0.049687
FIRE2:  208 16:57:44    -5324.419922        0.028094
FIRE2:  209 16:57:45    -5324.419922        0.029008
FIRE2:  210 16:57:47    -5324.419922        0.028711
FIRE2:  211 16:57:48    -5324.419922        0.028584
FIRE2:  212 16:57:49    -5324.420898        0.028429
FIRE2:  213 16:57:50    -5324.419922        0.028286
FIRE2:  214 16:57:50    -5324.420898        0.028208
FIRE2:  215 16:57:51    -5324.420898        0.028200
FIRE2:  216 16:57:52    -5324.420898        0.028245
FIRE2:  217 16:57:53    -5324.420898        0.028309
FIRE2:  218 16:57:54    -5324.421875        0.028345
FIRE2:  219 16:57:55    -5324.421875        0.028329
FIRE2:  220 16:57:56    -5324.421875        0.028264
FIRE2:  221 16:57:57    -5324.421875        0.028181
FIRE2:  222 16:57:58    -5324.422852        0.028121
FIRE2:  223 16:57:59    -5324.422852        0.028098
FIRE2:  224 16:58:00    -5324.423828        0.028095
FIRE2:  225 16:58:01    -5324.423828        0.028080
FIRE2:  226 16:58:02    -5324.423828        0.028035
FIRE2:  227 16:58:03    -5324.424805        0.027969
FIRE2:  228 16:58:04    -5324.425293        0.027906
FIRE2:  229 16:58:05    -5324.425781        0.027862
FIRE2:  230 16:58:06    -5324.426758        0.027828
FIRE2:  231 16:58:06    -5324.426758        0.027776
FIRE2:  232 16:58:07    -5324.427734        0.027696
FIRE2:  233 16:58:08    -5324.428711        0.027605
FIRE2:  234 16:58:09    -5324.429688        0.027520
FIRE2:  235 16:58:10    -5324.430664        0.027421
FIRE2:  236 16:58:11    -5324.432617        0.027280
FIRE2:  237 16:58:12    -5324.433594        0.027136
FIRE2:  238 16:58:13    -5324.435547        0.026968
FIRE2:  239 16:58:14    -5324.437500        0.026744
FIRE2:  240 16:58:15    -5324.440430        0.026555
FIRE2:  241 16:58:16    -5324.443359        0.026097
FIRE2:  242 16:58:17    -5324.446289        0.026460
FIRE2:  243 16:58:18    -5324.448242        0.027927
FIRE2:  244 16:58:20    -5324.449219        0.025380
FIRE2:  245 16:58:20    -5324.449219        0.025817
FIRE2:  246 16:58:22    -5324.449219        0.025699
FIRE2:  247 16:58:23    -5324.449219        0.025684
FIRE2:  248 16:58:24    -5324.449219        0.025663
FIRE2:  249 16:58:25    -5324.449219        0.025640
FIRE2:  250 16:58:26    -5324.449219        0.025620
FIRE2:  251 16:58:27    -5324.449219        0.025604
FIRE2:  252 16:58:28    -5324.450195        0.025594
FIRE2:  253 16:58:29    -5324.450195        0.025587
FIRE2:  254 16:58:30    -5324.450195        0.025581
FIRE2:  255 16:58:31    -5324.450195        0.025571
FIRE2:  256 16:58:32    -5324.450195        0.025555
FIRE2:  257 16:58:33    -5324.450195        0.025532
FIRE2:  258 16:58:34    -5324.451172        0.025505
FIRE2:  259 16:58:34    -5324.451172        0.025478
FIRE2:  260 16:58:35    -5324.451172        0.025452
FIRE2:  261 16:58:36    -5324.451172        0.025427
FIRE2:  262 16:58:37    -5324.451172        0.025402
FIRE2:  263 16:58:38    -5324.452148        0.025373
FIRE2:  264 16:58:39    -5324.452148        0.025343
FIRE2:  265 16:58:40    -5324.453125        0.025307
FIRE2:  266 16:58:41    -5324.453125        0.025271
FIRE2:  267 16:58:42    -5324.453125        0.025231
FIRE2:  268 16:58:43    -5324.454102        0.025185
FIRE2:  269 16:58:44    -5324.454102        0.025132
FIRE2:  270 16:58:45    -5324.455078        0.025069
FIRE2:  271 16:58:46    -5324.456055        0.024994
FIRE2:  272 16:58:47    -5324.457031        0.024909
FIRE2:  273 16:58:48    -5324.458008        0.024809
FIRE2:  274 16:58:49    -5324.458984        0.024690
FIRE2:  275 16:58:49    -5324.459961        0.024552
FIRE2:  276 16:58:50    -5324.461914        0.024391
FIRE2:  277 16:58:51    -5324.463867        0.024196
FIRE2:  278 16:58:52    -5324.465820        0.023976
FIRE2:  279 16:58:53    -5324.467773        0.023690
FIRE2:  280 16:58:54    -5324.470703        0.023474
FIRE2:  281 16:58:55    -5324.473633        0.022517
FIRE2:  282 16:58:56    -5324.474609        0.044510
FIRE2:  283 16:58:58    -5324.476562        0.023046
FIRE2:  284 16:58:59    -5324.476562        0.022165
FIRE2:  285 16:59:00    -5324.476562        0.022443
FIRE2:  286 16:59:01    -5324.476562        0.022547
FIRE2:  287 16:59:02    -5324.477539        0.022672
FIRE2:  288 16:59:03    -5324.477539        0.022779
FIRE2:  289 16:59:04    -5324.477539        0.022828
FIRE2:  290 16:59:05    -5324.477539        0.022810
FIRE2:  291 16:59:06    -5324.477539        0.022743
FIRE2:  292 16:59:07    -5324.477539        0.022655
FIRE2:  293 16:59:08    -5324.477539        0.022581
FIRE2:  294 16:59:09    -5324.478516        0.022552
FIRE2:  295 16:59:10    -5324.478516        0.022560
FIRE2:  296 16:59:11    -5324.478516        0.022583
FIRE2:  297 16:59:12    -5324.478516        0.022586
FIRE2:  298 16:59:13    -5324.479004        0.022554
FIRE2:  299 16:59:14    -5324.479492        0.022497
FIRE2:  300 16:59:15    -5324.479492        0.022444
FIRE2:  301 16:59:16    -5324.479492        0.022413
FIRE2:  302 16:59:16    -5324.480469        0.022396
FIRE2:  303 16:59:17    -5324.480469        0.022377
FIRE2:  304 16:59:18    -5324.480469        0.022338
FIRE2:  305 16:59:19    -5324.480957        0.022284
FIRE2:  306 16:59:20    -5324.481445        0.022229
FIRE2:  307 16:59:21    -5324.482422        0.022183
FIRE2:  308 16:59:22    -5324.482422        0.022135
FIRE2:  309 16:59:23    -5324.483398        0.022057
FIRE2:  310 16:59:24    -5324.483398        0.021963
FIRE2:  311 16:59:25    -5324.484375        0.021878
FIRE2:  312 16:59:26    -5324.485352        0.021762
FIRE2:  313 16:59:27    -5324.487305        0.021618
FIRE2:  314 16:59:28    -5324.488281        0.021484
FIRE2:  315 16:59:29    -5324.490234        0.021241
FIRE2:  316 16:59:30    -5324.491211        0.021209
FIRE2:  317 16:59:31    -5324.493164        0.020339
FIRE2:  318 16:59:31    -5324.494629        0.021997
FIRE2:  319 16:59:33    -5324.495117        0.020839
FIRE2:  320 16:59:34    -5324.495117        0.020520
FIRE2:  321 16:59:36    -5324.495117        0.020602
FIRE2:  322 16:59:37    -5324.495117        0.020608
FIRE2:  323 16:59:38    -5324.495117        0.020613
FIRE2:  324 16:59:39    -5324.495117        0.020616
FIRE2:  325 16:59:40    -5324.495117        0.020615
FIRE2:  326 16:59:41    -5324.495117        0.020612
FIRE2:  327 16:59:42    -5324.495117        0.020602
FIRE2:  328 16:59:42    -5324.495117        0.020588
FIRE2:  329 16:59:43    -5324.496094        0.020572
FIRE2:  330 16:59:44    -5324.496094        0.020555
FIRE2:  331 16:59:45    -5324.496094        0.020540
FIRE2:  332 16:59:46    -5324.496094        0.020525
FIRE2:  333 16:59:47    -5324.496094        0.020511
FIRE2:  334 16:59:48    -5324.496094        0.020495
FIRE2:  335 16:59:49    -5324.496094        0.020476
FIRE2:  336 16:59:50    -5324.496094        0.020454
FIRE2:  337 16:59:51    -5324.497070        0.020432
FIRE2:  338 16:59:52    -5324.497070        0.020408
FIRE2:  339 16:59:53    -5324.497070        0.020383
FIRE2:  340 16:59:54    -5324.497070        0.020358
FIRE2:  341 16:59:55    -5324.497070        0.020333
FIRE2:  342 16:59:56    -5324.498047        0.020301
FIRE2:  343 16:59:57    -5324.498047        0.020264
FIRE2:  344 16:59:58    -5324.498047        0.020221
FIRE2:  345 16:59:58    -5324.499023        0.020173
FIRE2:  346 16:59:59    -5324.499023        0.020117
FIRE2:  347 17:00:00    -5324.500000        0.020051
FIRE2:  348 17:00:01    -5324.500000        0.019972
FIRE2:  349 17:00:02    -5324.500977        0.019880
FIRE2:  350 17:00:03    -5324.501953        0.019774
FIRE2:  351 17:00:04    -5324.502930        0.019645
FIRE2:  352 17:00:05    -5324.503906        0.019500
FIRE2:  353 17:00:06    -5324.505859        0.019317
FIRE2:  354 17:00:07    -5324.506836        0.019138
FIRE2:  355 17:00:08    -5324.508789        0.018756
FIRE2:  356 17:00:09    -5324.510254        0.019183
FIRE2:  357 17:00:10    -5324.510742        0.033729
FIRE2:  358 17:00:11    -5324.512695        0.018148
FIRE2:  359 17:00:12    -5324.512695        0.018774
FIRE2:  360 17:00:14    -5324.512695        0.018574
FIRE2:  361 17:00:15    -5324.512695        0.018496
FIRE2:  362 17:00:16    -5324.512695        0.018397
FIRE2:  363 17:00:17    -5324.512695        0.018307
FIRE2:  364 17:00:18    -5324.512695        0.018255
FIRE2:  365 17:00:19    -5324.512695        0.018248
FIRE2:  366 17:00:20    -5324.512695        0.018274
FIRE2:  367 17:00:21    -5324.512695        0.018314
FIRE2:  368 17:00:22    -5324.512695        0.018341
FIRE2:  369 17:00:23    -5324.513184        0.018334
FIRE2:  370 17:00:24    -5324.513184        0.018296
FIRE2:  371 17:00:25    -5324.513672        0.018245
FIRE2:  372 17:00:26    -5324.513672        0.018205
FIRE2:  373 17:00:26    -5324.513672        0.018189
FIRE2:  374 17:00:27    -5324.513672        0.018186
FIRE2:  375 17:00:28    -5324.513672        0.018180
FIRE2:  376 17:00:29    -5324.514648        0.018155
FIRE2:  377 17:00:30    -5324.514648        0.018116
FIRE2:  378 17:00:31    -5324.514648        0.018076
FIRE2:  379 17:00:32    -5324.514648        0.018047
FIRE2:  380 17:00:33    -5324.514648        0.018027
FIRE2:  381 17:00:34    -5324.515625        0.017998
FIRE2:  382 17:00:35    -5324.515625        0.017952
FIRE2:  383 17:00:36    -5324.515625        0.017894
FIRE2:  384 17:00:37    -5324.516602        0.017840
FIRE2:  385 17:00:38    -5324.516602        0.017783
FIRE2:  386 17:00:39    -5324.517578        0.017700
FIRE2:  387 17:00:40    -5324.518555        0.017608
FIRE2:  388 17:00:41    -5324.518555        0.017511
FIRE2:  389 17:00:42    -5324.519531        0.017370
FIRE2:  390 17:00:42    -5324.520508        0.017267
FIRE2:  391 17:00:43    -5324.521484        0.016965
FIRE2:  392 17:00:44    -5324.522461        0.017233
FIRE2:  393 17:00:45    -5324.523438        0.016258
FIRE2:  394 17:00:47    -5324.524414        0.016555
FIRE2:  395 17:00:48    -5324.524414        0.016800
FIRE2:  396 17:00:50    -5324.524414        0.016735
FIRE2:  397 17:00:51    -5324.524414        0.016728
FIRE2:  398 17:00:52    -5324.524414        0.016719
FIRE2:  399 17:00:53    -5324.524414        0.016708
FIRE2:  400 17:00:53    -5324.524414        0.016699
FIRE2:  401 17:00:54    -5324.524414        0.016690
FIRE2:  402 17:00:55    -5324.524414        0.016684
FIRE2:  403 17:00:56    -5324.524414        0.016679
FIRE2:  404 17:00:57    -5324.524414        0.016671
FIRE2:  405 17:00:58    -5324.524414        0.016666
FIRE2:  406 17:00:59    -5324.524414        0.016655
FIRE2:  407 17:01:00    -5324.524414        0.016642
FIRE2:  408 17:01:01    -5324.524414        0.016627
FIRE2:  409 17:01:02    -5324.524414        0.016611
FIRE2:  410 17:01:03    -5324.524414        0.016595
FIRE2:  411 17:01:04    -5324.525391        0.016579
FIRE2:  412 17:01:05    -5324.525391        0.016563
FIRE2:  413 17:01:06    -5324.525391        0.016546
FIRE2:  414 17:01:07    -5324.525391        0.016527
FIRE2:  415 17:01:08    -5324.525391        0.016506
FIRE2:  416 17:01:09    -5324.525391        0.016484
FIRE2:  417 17:01:09    -5324.525391        0.016459
FIRE2:  418 17:01:10    -5324.526367        0.016431
FIRE2:  419 17:01:11    -5324.526367        0.016399
FIRE2:  420 17:01:12    -5324.526367        0.016361
FIRE2:  421 17:01:13    -5324.526367        0.016316
FIRE2:  422 17:01:14    -5324.527344        0.016262
FIRE2:  423 17:01:15    -5324.527344        0.016202
FIRE2:  424 17:01:16    -5324.528320        0.016131
FIRE2:  425 17:01:17    -5324.528320        0.016045
FIRE2:  426 17:01:18    -5324.529297        0.015947
FIRE2:  427 17:01:19    -5324.530273        0.015828
FIRE2:  428 17:01:20    -5324.530273        0.015697
FIRE2:  429 17:01:21    -5324.532227        0.015504
FIRE2:  430 17:01:22    -5324.533203        0.015454
FIRE2:  431 17:01:23    -5324.534180        0.014778
FIRE2:  432 17:01:24    -5324.534180        0.027228
FIRE2:  433 17:01:25    -5324.535156        0.015141
FIRE2:  434 17:01:26    -5324.535156        0.014656
FIRE2:  435 17:01:28    -5324.535156        0.014805
FIRE2:  436 17:01:29    -5324.535156        0.014855
FIRE2:  437 17:01:30    -5324.535156        0.014917
FIRE2:  438 17:01:31    -5324.535156        0.014970
FIRE2:  439 17:01:32    -5324.535156        0.014996
FIRE2:  440 17:01:33    -5324.535156        0.014990
FIRE2:  441 17:01:34    -5324.535156        0.014956
FIRE2:  442 17:01:35    -5324.535156        0.014909
FIRE2:  443 17:01:36    -5324.535156        0.014870
FIRE2:  444 17:01:37    -5324.536133        0.014850
FIRE2:  445 17:01:38    -5324.536133        0.014851
FIRE2:  446 17:01:38    -5324.536133        0.014861
FIRE2:  447 17:01:39    -5324.536133        0.014860
FIRE2:  448 17:01:40    -5324.536133        0.014841
FIRE2:  449 17:01:41    -5324.536133        0.014810
FIRE2:  450 17:01:42    -5324.536133        0.014780
FIRE2:  451 17:01:43    -5324.536133        0.014757
FIRE2:  452 17:01:44    -5324.536133        0.014746
FIRE2:  453 17:01:45    -5324.536133        0.014731
FIRE2:  454 17:01:46    -5324.537109        0.014709
FIRE2:  455 17:01:47    -5324.537109        0.014677
FIRE2:  456 17:01:48    -5324.537109        0.014642
FIRE2:  457 17:01:49    -5324.537109        0.014612
FIRE2:  458 17:01:50    -5324.537598        0.014581
FIRE2:  459 17:01:51    -5324.538086        0.014535
FIRE2:  460 17:01:52    -5324.538086        0.014477
FIRE2:  461 17:01:53    -5324.538086        0.014420
FIRE2:  462 17:01:54    -5324.539062        0.014352
FIRE2:  463 17:01:55    -5324.539062        0.014260
FIRE2:  464 17:01:55    -5324.540039        0.014176
FIRE2:  465 17:01:56    -5324.541016        0.014032
FIRE2:  466 17:01:57    -5324.541016        0.013986
FIRE2:  467 17:01:58    -5324.541992        0.013506
FIRE2:  468 17:01:59    -5324.541992        0.014495
FIRE2:  469 17:02:01    -5324.542969        0.013788
FIRE2:  470 17:02:02    -5324.542969        0.013568
FIRE2:  471 17:02:04    -5324.542969        0.013623
FIRE2:  472 17:02:05    -5324.542969        0.013625
FIRE2:  473 17:02:06    -5324.542969        0.013628
FIRE2:  474 17:02:06    -5324.542969        0.013628
FIRE2:  475 17:02:07    -5324.542969        0.013627
FIRE2:  476 17:02:08    -5324.542969        0.013624
FIRE2:  477 17:02:09    -5324.542969        0.013617
FIRE2:  478 17:02:10    -5324.542969        0.013610
FIRE2:  479 17:02:11    -5324.542969        0.013601
FIRE2:  480 17:02:12    -5324.542969        0.013590
FIRE2:  481 17:02:13    -5324.542969        0.013582
FIRE2:  482 17:02:14    -5324.542969        0.013572
FIRE2:  483 17:02:15    -5324.542969        0.013564
FIRE2:  484 17:02:16    -5324.542969        0.013554
FIRE2:  485 17:02:17    -5324.542969        0.013542
FIRE2:  486 17:02:18    -5324.542969        0.013529
FIRE2:  487 17:02:19    -5324.543457        0.013514
FIRE2:  488 17:02:20    -5324.543945        0.013500
FIRE2:  489 17:02:21    -5324.542969        0.013484
FIRE2:  490 17:02:22    -5324.543945        0.013469
FIRE2:  491 17:02:23    -5324.543945        0.013452
FIRE2:  492 17:02:23    -5324.543945        0.013432
FIRE2:  493 17:02:24    -5324.543945        0.013411
FIRE2:  494 17:02:25    -5324.543945        0.013384
FIRE2:  495 17:02:26    -5324.543945        0.013353
FIRE2:  496 17:02:27    -5324.544922        0.013318
FIRE2:  497 17:02:28    -5324.544922        0.013276
FIRE2:  498 17:02:29    -5324.544922        0.013228
FIRE2:  499 17:02:30    -5324.544922        0.013171
FIRE2:  500 17:02:31    -5324.545898        0.013104
FIRE2:  501 17:02:32    -5324.545898        0.013024
FIRE2:  502 17:02:33    -5324.546875        0.012933
FIRE2:  503 17:02:34    -5324.546875        0.012822
FIRE2:  504 17:02:35    -5324.547852        0.012695
FIRE2:  505 17:02:36    -5324.548828        0.012528
FIRE2:  506 17:02:37    -5324.549805        0.012439
FIRE2:  507 17:02:38    -5324.549805        0.013803
FIRE2:  508 17:02:39    -5324.549805        0.032849
FIRE2:  509 17:02:40    -5324.551758        0.012145
FIRE2:  510 17:02:41    -5324.550781        0.014432
FIRE2:  511 17:02:43    -5324.550781        0.011714
FIRE2:  512 17:02:44    -5324.550781        0.011836
FIRE2:  513 17:02:45    -5324.550781        0.011985
FIRE2:  514 17:02:46    -5324.551758        0.012094
FIRE2:  515 17:02:48    -5324.551758        0.012062
FIRE2:  516 17:02:48    -5324.551758        0.012053
FIRE2:  517 17:02:49    -5324.551758        0.012041
FIRE2:  518 17:02:50    -5324.551270        0.012025
FIRE2:  519 17:02:51    -5324.551758        0.012008
FIRE2:  520 17:02:52    -5324.551758        0.011990
FIRE2:  521 17:02:53    -5324.551758        0.011974
FIRE2:  522 17:02:54    -5324.551758        0.011962
FIRE2:  523 17:02:55    -5324.551758        0.011952
FIRE2:  524 17:02:56    -5324.551758        0.011947
FIRE2:  525 17:02:57    -5324.551758        0.011945
FIRE2:  526 17:02:58    -5324.551758        0.011947
FIRE2:  527 17:02:59    -5324.551758        0.011949
FIRE2:  528 17:03:00    -5324.551758        0.011951
FIRE2:  529 17:03:01    -5324.551758        0.011950
FIRE2:  530 17:03:02    -5324.551758        0.011947
FIRE2:  531 17:03:03    -5324.551758        0.011943
FIRE2:  532 17:03:04    -5324.551758        0.011936
FIRE2:  533 17:03:04    -5324.551758        0.011927
FIRE2:  534 17:03:05    -5324.551758        0.011920
FIRE2:  535 17:03:06    -5324.551758        0.011912
FIRE2:  536 17:03:07    -5324.551758        0.011905
FIRE2:  537 17:03:08    -5324.551758        0.011897
FIRE2:  538 17:03:09    -5324.551758        0.011889
FIRE2:  539 17:03:10    -5324.551758        0.011880
FIRE2:  540 17:03:11    -5324.551758        0.011868
FIRE2:  541 17:03:12    -5324.551758        0.011852
FIRE2:  542 17:03:13    -5324.551758        0.011833
FIRE2:  543 17:03:14    -5324.551758        0.011812
FIRE2:  544 17:03:15    -5324.551758        0.011789
FIRE2:  545 17:03:16    -5324.552734        0.011762
FIRE2:  546 17:03:17    -5324.552734        0.011729
FIRE2:  547 17:03:18    -5324.552734        0.011687
FIRE2:  548 17:03:19    -5324.552734        0.011643
FIRE2:  549 17:03:20    -5324.552734        0.011589
FIRE2:  550 17:03:20    -5324.553711        0.011522
FIRE2:  551 17:03:21    -5324.553711        0.011447
FIRE2:  552 17:03:22    -5324.554688        0.011351
FIRE2:  553 17:03:23    -5324.554688        0.011257
FIRE2:  554 17:03:24    -5324.555664        0.011068
FIRE2:  555 17:03:25    -5324.555664        0.011209
FIRE2:  556 17:03:26    -5324.555664        0.017249
FIRE2:  557 17:03:28    -5324.556641        0.010722
FIRE2:  558 17:03:29    -5324.556641        0.011058
FIRE2:  559 17:03:30    -5324.556641        0.010951
FIRE2:  560 17:03:31    -5324.556641        0.010907
FIRE2:  561 17:03:32    -5324.556641        0.010855
FIRE2:  562 17:03:33    -5324.556641        0.010804
FIRE2:  563 17:03:34    -5324.556641        0.010777
FIRE2:  564 17:03:35    -5324.556641        0.010772
FIRE2:  565 17:03:36    -5324.556641        0.010786
FIRE2:  566 17:03:37    -5324.556641        0.010807
FIRE2:  567 17:03:38    -5324.556641        0.010822
FIRE2:  568 17:03:39    -5324.556641        0.010817
FIRE2:  569 17:03:40    -5324.556641        0.010796
FIRE2:  570 17:03:41    -5324.556641        0.010767
FIRE2:  571 17:03:42    -5324.556641        0.010746
FIRE2:  572 17:03:43    -5324.556641        0.010737
FIRE2:  573 17:03:44    -5324.556641        0.010736
FIRE2:  574 17:03:45    -5324.556641        0.010730
FIRE2:  575 17:03:46    -5324.556641        0.010717
FIRE2:  576 17:03:47    -5324.557617        0.010693
FIRE2:  577 17:03:47    -5324.557617        0.010671
FIRE2:  578 17:03:48    -5324.557617        0.010655
FIRE2:  579 17:03:49    -5324.557617        0.010641
FIRE2:  580 17:03:50    -5324.557617        0.010625
FIRE2:  581 17:03:51    -5324.557617        0.010598
FIRE2:  582 17:03:52    -5324.557617        0.010566
FIRE2:  583 17:03:53    -5324.557617        0.010536
FIRE2:  584 17:03:54    -5324.557617        0.010503
FIRE2:  585 17:03:55    -5324.558594        0.010455
FIRE2:  586 17:03:56    -5324.558594        0.010402
FIRE2:  587 17:03:57    -5324.558594        0.010348
FIRE2:  588 17:03:58    -5324.558594        0.010265
FIRE2:  589 17:03:59    -5324.559570        0.010208
FIRE2:  590 17:04:00    -5324.559570        0.010024
FIRE2:  591 17:04:01    -5324.560547        0.010206
FIRE2:  592 17:04:02    -5324.560547        0.009535
FIRE2:  593 17:04:03    -5324.560547        0.009801
FIRE2:  594 17:04:04    -5324.560547        0.009940
FIRE2:  595 17:04:06    -5324.560547        0.009903
FIRE2:  596 17:04:07    -5324.560547        0.009899
FIRE2:  597 17:04:08    -5324.560547        0.009892
FIRE2:  598 17:04:09    -5324.560547        0.009888
FIRE2:  599 17:04:10    -5324.560547        0.009881
FIRE2:  600 17:04:11    -5324.560547        0.009876
FIRE2:  601 17:04:12    -5324.560547        0.009872
FIRE2:  602 17:04:13    -5324.560547        0.009869
FIRE2:  603 17:04:14    -5324.560547        0.009865
FIRE2:  604 17:04:14    -5324.560547        0.009863
FIRE2:  605 17:04:15    -5324.560547        0.009857
FIRE2:  606 17:04:16    -5324.560547        0.009848
FIRE2:  607 17:04:17    -5324.560547        0.009839
FIRE2:  608 17:04:18    -5324.560547        0.009831
FIRE2:  609 17:04:19    -5324.560547        0.009821
FIRE2:  610 17:04:20    -5324.560547        0.009813
FIRE2:  611 17:04:21    -5324.560547        0.009803
FIRE2:  612 17:04:22    -5324.560547        0.009794
FIRE2:  613 17:04:23    -5324.561523        0.009783
FIRE2:  614 17:04:24    -5324.561523        0.009770
FIRE2:  615 17:04:25    -5324.561523        0.009759
FIRE2:  616 17:04:26    -5324.561523        0.009744
FIRE2:  617 17:04:27    -5324.561523        0.009728
FIRE2:  618 17:04:28    -5324.561523        0.009709
FIRE2:  619 17:04:29    -5324.561523        0.009687
FIRE2:  620 17:04:29    -5324.561523        0.009661
FIRE2:  621 17:04:30    -5324.561523        0.009630
FIRE2:  622 17:04:31    -5324.561523        0.009596
FIRE2:  623 17:04:32    -5324.561523        0.009554
FIRE2:  624 17:04:33    -5324.561523        0.009505
FIRE2:  625 17:04:34    -5324.562500        0.009449
FIRE2:  626 17:04:35    -5324.562500        0.009379
FIRE2:  627 17:04:36    -5324.562500        0.009304
FIRE2:  628 17:04:37    -5324.563477        0.009195
FIRE2:  629 17:04:38    -5324.563477        0.009158
FIRE2:  630 17:04:39    -5324.563477        0.008676
FIRE2:  631 17:04:40    -5324.564453        0.016298
FIRE2:  632 17:04:42    -5324.564453        0.008987
FIRE2:  633 17:04:43    -5324.564453        0.008689
FIRE2:  634 17:04:44    -5324.564453        0.008781
FIRE2:  635 17:04:45    -5324.564453        0.008812
FIRE2:  636 17:04:46    -5324.564453        0.008850
FIRE2:  637 17:04:47    -5324.564453        0.008885
FIRE2:  638 17:04:48    -5324.564453        0.008900
FIRE2:  639 17:04:49    -5324.564453        0.008896
FIRE2:  640 17:04:50    -5324.564453        0.008876
FIRE2:  641 17:04:51    -5324.564453        0.008847
FIRE2:  642 17:04:52    -5324.564453        0.008822
FIRE2:  643 17:04:53    -5324.564453        0.008813
FIRE2:  644 17:04:54    -5324.564453        0.008813
FIRE2:  645 17:04:55    -5324.564453        0.008820
FIRE2:  646 17:04:56    -5324.564453        0.008819
FIRE2:  647 17:04:56    -5324.564453        0.008809
FIRE2:  648 17:04:57    -5324.564453        0.008790
FIRE2:  649 17:04:58    -5324.564453        0.008772
FIRE2:  650 17:04:59    -5324.564453        0.008759
FIRE2:  651 17:05:00    -5324.564453        0.008753
FIRE2:  652 17:05:01    -5324.564453        0.008744
FIRE2:  653 17:05:02    -5324.564453        0.008732
FIRE2:  654 17:05:03    -5324.565430        0.008714
FIRE2:  655 17:05:04    -5324.565430        0.008693
FIRE2:  656 17:05:05    -5324.565430        0.008676
FIRE2:  657 17:05:06    -5324.565430        0.008657
FIRE2:  658 17:05:07    -5324.565430        0.008631
FIRE2:  659 17:05:08    -5324.565430        0.008597
FIRE2:  660 17:05:09    -5324.565430        0.008565
FIRE2:  661 17:05:10    -5324.565430        0.008525
FIRE2:  662 17:05:11    -5324.565430        0.008473
FIRE2:  663 17:05:12    -5324.566406        0.008423
FIRE2:  664 17:05:12    -5324.566406        0.008342
FIRE2:  665 17:05:13    -5324.566406        0.008306
FIRE2:  666 17:05:14    -5324.566406        0.008049
FIRE2:  667 17:05:15    -5324.567383        0.008848
FIRE2:  668 17:05:17    -5324.567383        0.008203
FIRE2:  669 17:05:18    -5324.567383        0.008064
FIRE2:  670 17:05:20    -5324.567383        0.008098
FIRE2:  671 17:05:21    -5324.567383        0.008100
FIRE2:  672 17:05:22    -5324.567383        0.008102
FIRE2:  673 17:05:22    -5324.567383        0.008103
FIRE2:  674 17:05:23    -5324.567383        0.008104
FIRE2:  675 17:05:24    -5324.567383        0.008100
FIRE2:  676 17:05:25    -5324.567383        0.008098
FIRE2:  677 17:05:26    -5324.567383        0.008094
FIRE2:  678 17:05:27    -5324.567383        0.008087
FIRE2:  679 17:05:28    -5324.567383        0.008081
FIRE2:  680 17:05:29    -5324.567383        0.008075
FIRE2:  681 17:05:30    -5324.567383        0.008070
FIRE2:  682 17:05:31    -5324.567383        0.008065
FIRE2:  683 17:05:32    -5324.567383        0.008060
FIRE2:  684 17:05:33    -5324.567383        0.008053
FIRE2:  685 17:05:34    -5324.567383        0.008045
FIRE2:  686 17:05:35    -5324.567383        0.008037
FIRE2:  687 17:05:36    -5324.567383        0.008028
FIRE2:  688 17:05:37    -5324.567383        0.008019
FIRE2:  689 17:05:37    -5324.567383        0.008011
FIRE2:  690 17:05:38    -5324.567383        0.008001
FIRE2:  691 17:05:39    -5324.567383        0.007990
FIRE2:  692 17:05:40    -5324.567383        0.007976
FIRE2:  693 17:05:41    -5324.567383        0.007961
FIRE2:  694 17:05:42    -5324.567383        0.007943
FIRE2:  695 17:05:43    -5324.567383        0.007923
FIRE2:  696 17:05:44    -5324.567383        0.007899
FIRE2:  697 17:05:45    -5324.567871        0.007870
FIRE2:  698 17:05:46    -5324.568359        0.007837
FIRE2:  699 17:05:47    -5324.568359        0.007799
FIRE2:  700 17:05:48    -5324.568359        0.007752
FIRE2:  701 17:05:49    -5324.568359        0.007700
FIRE2:  702 17:05:50    -5324.568359        0.007632
FIRE2:  703 17:05:51    -5324.569336        0.007573
FIRE2:  704 17:05:52    -5324.569336        0.007406
FIRE2:  705 17:05:53    -5324.569336        0.008100
FIRE2:  706 17:05:53    -5324.569336        0.011821
FIRE2:  707 17:05:55    -5324.569336        0.007217
FIRE2:  708 17:05:56    -5324.569336        0.007423
FIRE2:  709 17:05:58    -5324.569336        0.007357
FIRE2:  710 17:05:59    -5324.569336        0.007334
FIRE2:  711 17:06:00    -5324.569336        0.007305
FIRE2:  712 17:06:01    -5324.569336        0.007279
FIRE2:  713 17:06:02    -5324.569336        0.007260
FIRE2:  714 17:06:03    -5324.569336        0.007256
FIRE2:  715 17:06:03    -5324.569336        0.007264
FIRE2:  716 17:06:04    -5324.569336        0.007275
FIRE2:  717 17:06:05    -5324.569336        0.007282
FIRE2:  718 17:06:06    -5324.569336        0.007279
FIRE2:  719 17:06:07    -5324.570312        0.007268
FIRE2:  720 17:06:08    -5324.569336        0.007252
FIRE2:  721 17:06:09    -5324.570312        0.007238
FIRE2:  722 17:06:10    -5324.569336        0.007231
FIRE2:  723 17:06:11    -5324.569336        0.007228
FIRE2:  724 17:06:12    -5324.569336        0.007225
FIRE2:  725 17:06:13    -5324.570312        0.007215
FIRE2:  726 17:06:14    -5324.570312        0.007203
FIRE2:  727 17:06:15    -5324.570312        0.007188
FIRE2:  728 17:06:16    -5324.570312        0.007177
FIRE2:  729 17:06:17    -5324.570312        0.007169
FIRE2:  730 17:06:18    -5324.570312        0.007157
FIRE2:  731 17:06:18    -5324.570312        0.007142
FIRE2:  732 17:06:19    -5324.570312        0.007122
FIRE2:  733 17:06:20    -5324.570312        0.007100
FIRE2:  734 17:06:21    -5324.570312        0.007079
FIRE2:  735 17:06:22    -5324.570312        0.007049
FIRE2:  736 17:06:23    -5324.570312        0.007014
FIRE2:  737 17:06:24    -5324.570312        0.006979
FIRE2:  738 17:06:25    -5324.570312        0.006930
FIRE2:  739 17:06:26    -5324.570312        0.006882
FIRE2:  740 17:06:27    -5324.571289        0.006797
FIRE2:  741 17:06:28    -5324.571289        0.006812
FIRE2:  742 17:06:29    -5324.571289        0.006434
FIRE2:  743 17:06:30    -5324.571289        0.008625
FIRE2:  744 17:06:31    -5324.571289        0.006663
FIRE2:  745 17:06:32    -5324.571289        0.006533
FIRE2:  746 17:06:34    -5324.571289        0.006569
FIRE2:  747 17:06:35    -5324.571289        0.006577
FIRE2:  748 17:06:36    -5324.571289        0.006586
FIRE2:  749 17:06:37    -5324.571289        0.006595
FIRE2:  750 17:06:38    -5324.571289        0.006600
FIRE2:  751 17:06:39    -5324.571289        0.006599
FIRE2:  752 17:06:40    -5324.571289        0.006593
FIRE2:  753 17:06:41    -5324.571289        0.006583
FIRE2:  754 17:06:42    -5324.571289        0.006575
FIRE2:  755 17:06:43    -5324.571289        0.006567
FIRE2:  756 17:06:44    -5324.571289        0.006562
FIRE2:  757 17:06:44    -5324.572266        0.006560
FIRE2:  758 17:06:45    -5324.571777        0.006557
FIRE2:  759 17:06:46    -5324.572266        0.006553
FIRE2:  760 17:06:47    -5324.571289        0.006545
FIRE2:  761 17:06:48    -5324.572266        0.006536
FIRE2:  762 17:06:49    -5324.572266        0.006526
FIRE2:  763 17:06:50    -5324.572266        0.006518
FIRE2:  764 17:06:51    -5324.572266        0.006512
FIRE2:  765 17:06:52    -5324.572266        0.006504
FIRE2:  766 17:06:53    -5324.571289        0.006494
FIRE2:  767 17:06:54    -5324.572266        0.006482
FIRE2:  768 17:06:55    -5324.572266        0.006470
FIRE2:  769 17:06:56    -5324.572266        0.006456
FIRE2:  770 17:06:57    -5324.572266        0.006439
FIRE2:  771 17:06:58    -5324.572266        0.006418
FIRE2:  772 17:06:59    -5324.572266        0.006395
FIRE2:  773 17:06:59    -5324.572266        0.006368
FIRE2:  774 17:07:00    -5324.572266        0.006337
FIRE2:  775 17:07:01    -5324.572266        0.006300
FIRE2:  776 17:07:02    -5324.572266        0.006256
FIRE2:  777 17:07:03    -5324.572266        0.006201
FIRE2:  778 17:07:04    -5324.572266        0.006153
FIRE2:  779 17:07:05    -5324.573242        0.006027
FIRE2:  780 17:07:06    -5324.573242        0.006191
FIRE2:  781 17:07:07    -5324.573242        0.009721
FIRE2:  782 17:07:09    -5324.573242        0.005857
FIRE2:  783 17:07:10    -5324.573242        0.006031
FIRE2:  784 17:07:11    -5324.573242        0.005978
FIRE2:  785 17:07:12    -5324.573242        0.005959
FIRE2:  786 17:07:13    -5324.573242        0.005935
FIRE2:  787 17:07:14    -5324.573242        0.005913
FIRE2:  788 17:07:15    -5324.573242        0.005898
FIRE2:  789 17:07:16    -5324.573242        0.005896
FIRE2:  790 17:07:17    -5324.573242        0.005900
FIRE2:  791 17:07:18    -5324.573242        0.005908
FIRE2:  792 17:07:19    -5324.573242        0.005916
FIRE2:  793 17:07:20    -5324.573242        0.005914
FIRE2:  794 17:07:21    -5324.573242        0.005905
FIRE2:  795 17:07:22    -5324.573242        0.005892
FIRE2:  796 17:07:23    -5324.573242        0.005881
FIRE2:  797 17:07:24    -5324.573242        0.005875
FIRE2:  798 17:07:25    -5324.573242        0.005871
FIRE2:  799 17:07:25    -5324.573242        0.005870
FIRE2:  800 17:07:26    -5324.573242        0.005864
FIRE2:  801 17:07:27    -5324.573242        0.005854
FIRE2:  802 17:07:28    -5324.573242        0.005843
FIRE2:  803 17:07:29    -5324.573242        0.005834
FIRE2:  804 17:07:30    -5324.573242        0.005825
FIRE2:  805 17:07:31    -5324.573242        0.005817
FIRE2:  806 17:07:32    -5324.573242        0.005804
FIRE2:  807 17:07:33    -5324.573730        0.005789
FIRE2:  808 17:07:34    -5324.573242        0.005771
FIRE2:  809 17:07:35    -5324.574219        0.005755
FIRE2:  810 17:07:36    -5324.573730        0.005731
FIRE2:  811 17:07:37    -5324.573730        0.005704
FIRE2:  812 17:07:38    -5324.574219        0.005675
FIRE2:  813 17:07:39    -5324.574219        0.005635
FIRE2:  814 17:07:40    -5324.574219        0.005599
FIRE2:  815 17:07:40    -5324.574219        0.005532
FIRE2:  816 17:07:41    -5324.574219        0.005540
FIRE2:  817 17:07:42    -5324.574219        0.005246
FIRE2:  818 17:07:43    -5324.574219        0.006776
FIRE2:  819 17:07:45    -5324.574219        0.005425
FIRE2:  820 17:07:46    -5324.575195        0.005322
FIRE2:  821 17:07:48    -5324.574219        0.005351
FIRE2:  822 17:07:49    -5324.574219        0.005357
FIRE2:  823 17:07:49    -5324.574219        0.005364
FIRE2:  824 17:07:50    -5324.574219        0.005369
FIRE2:  825 17:07:51    -5324.574219        0.005372
FIRE2:  826 17:07:52    -5324.574219        0.005372
FIRE2:  827 17:07:53    -5324.574219        0.005367
FIRE2:  828 17:07:54    -5324.574219        0.005361
FIRE2:  829 17:07:55    -5324.574219        0.005354
FIRE2:  830 17:07:56    -5324.574707        0.005348
FIRE2:  831 17:07:57    -5324.574707        0.005343
FIRE2:  832 17:07:58    -5324.574707        0.005341
FIRE2:  833 17:07:59    -5324.575195        0.005340
FIRE2:  834 17:08:00    -5324.575195        0.005335
FIRE2:  835 17:08:01    -5324.575195        0.005331
FIRE2:  836 17:08:02    -5324.575195        0.005323
FIRE2:  837 17:08:03    -5324.574707        0.005315
FIRE2:  838 17:08:04    -5324.575195        0.005309
FIRE2:  839 17:08:05    -5324.575195        0.005303
FIRE2:  840 17:08:05    -5324.574219        0.005297
FIRE2:  841 17:08:06    -5324.575195        0.005290
FIRE2:  842 17:08:07    -5324.575195        0.005281
FIRE2:  843 17:08:08    -5324.575195        0.005270
FIRE2:  844 17:08:09    -5324.575195        0.005259
FIRE2:  845 17:08:10    -5324.575195        0.005246
FIRE2:  846 17:08:11    -5324.575195        0.005229
FIRE2:  847 17:08:12    -5324.575195        0.005210
FIRE2:  848 17:08:13    -5324.575195        0.005190
FIRE2:  849 17:08:14    -5324.575195        0.005165
FIRE2:  850 17:08:15    -5324.575195        0.005134
FIRE2:  851 17:08:16    -5324.575195        0.005101
FIRE2:  852 17:08:17    -5324.575195        0.005055
FIRE2:  853 17:08:18    -5324.575195        0.005022
FIRE2:  854 17:08:19    -5324.575195        0.004900
FIRE2:  855 17:08:20    -5324.575195        0.005521
FIRE2:  856 17:08:21    -5324.575195        0.004965
FIRE2:  857 17:08:22    -5324.575195        0.004868
FIRE2:  858 17:08:24    -5324.576172        0.004893
FIRE2:  859 17:08:25    -5324.575684        0.004896
FIRE2:  860 17:08:26    -5324.575195        0.004899
FIRE2:  861 17:08:27    -5324.575684        0.004902
FIRE2:  862 17:08:28    -5324.575195        0.004902
FIRE2:  863 17:08:29    -5324.575684        0.004902
FIRE2:  864 17:08:30    -5324.576172        0.004900
FIRE2:  865 17:08:30    -5324.576172        0.004896
FIRE2:  866 17:08:31    -5324.576172        0.004891
FIRE2:  867 17:08:32    -5324.575195        0.004886
FIRE2:  868 17:08:33    -5324.575195        0.004883
FIRE2:  869 17:08:34    -5324.576172        0.004880
FIRE2:  870 17:08:35    -5324.576172        0.004876
FIRE2:  871 17:08:36    -5324.576172        0.004875
FIRE2:  872 17:08:37    -5324.575195        0.004871
FIRE2:  873 17:08:38    -5324.575195        0.004866
FIRE2:  874 17:08:39    -5324.575195        0.004859
FIRE2:  875 17:08:40    -5324.575195        0.004853
FIRE2:  876 17:08:41    -5324.576172        0.004849
FIRE2:  877 17:08:42    -5324.576172        0.004843
FIRE2:  878 17:08:43    -5324.576172        0.004836
FIRE2:  879 17:08:44    -5324.576172        0.004831
FIRE2:  880 17:08:45    -5324.576172        0.004821
FIRE2:  881 17:08:46    -5324.576172        0.004811
FIRE2:  882 17:08:47    -5324.576172        0.004801
FIRE2:  883 17:08:47    -5324.576172        0.004788
FIRE2:  884 17:08:48    -5324.576172        0.004773
FIRE2:  885 17:08:49    -5324.576172        0.004754
FIRE2:  886 17:08:50    -5324.576172        0.004734
FIRE2:  887 17:08:51    -5324.576172        0.004710
FIRE2:  888 17:08:52    -5324.576172        0.004682
FIRE2:  889 17:08:53    -5324.576172        0.004646
FIRE2:  890 17:08:54    -5324.576172        0.004608
FIRE2:  891 17:08:55    -5324.576172        0.004555
FIRE2:  892 17:08:56    -5324.576172        0.004534
FIRE2:  893 17:08:57    -5324.576172        0.004292
FIRE2:  894 17:08:58    -5324.576172        0.008813
FIRE2:  895 17:08:59    -5324.576172        0.004449
FIRE2:  896 17:09:00    -5324.576172        0.004284
FIRE2:  897 17:09:02    -5324.576172        0.004337
FIRE2:  898 17:09:03    -5324.577148        0.004357
FIRE2:  899 17:09:04    -5324.576172        0.004381
FIRE2:  900 17:09:05    -5324.576172        0.004402
FIRE2:  901 17:09:06    -5324.576172        0.004411
FIRE2:  902 17:09:07    -5324.576172        0.004409
FIRE2:  903 17:09:08    -5324.576172        0.004394
FIRE2:  904 17:09:09    -5324.576172        0.004377
FIRE2:  905 17:09:10    -5324.576172        0.004363
FIRE2:  906 17:09:11    -5324.576172        0.004360
FIRE2:  907 17:09:12    -5324.576172        0.004360
FIRE2:  908 17:09:12    -5324.576172        0.004366
FIRE2:  909 17:09:13    -5324.576172        0.004367
FIRE2:  910 17:09:14    -5324.576172        0.004360
FIRE2:  911 17:09:15    -5324.576172        0.004350
FIRE2:  912 17:09:16    -5324.576172        0.004340
FIRE2:  913 17:09:17    -5324.577148        0.004334
FIRE2:  914 17:09:18    -5324.577148        0.004331
FIRE2:  915 17:09:19    -5324.577148        0.004328
FIRE2:  916 17:09:20    -5324.577148        0.004322
FIRE2:  917 17:09:21    -5324.577148        0.004313
FIRE2:  918 17:09:22    -5324.577148        0.004302
FIRE2:  919 17:09:23    -5324.577148        0.004295
FIRE2:  920 17:09:24    -5324.576172        0.004286
FIRE2:  921 17:09:25    -5324.576172        0.004271
FIRE2:  922 17:09:26    -5324.577148        0.004254
FIRE2:  923 17:09:27    -5324.577148        0.004239
FIRE2:  924 17:09:28    -5324.577148        0.004218
FIRE2:  925 17:09:28    -5324.577148        0.004192
FIRE2:  926 17:09:29    -5324.577148        0.004168
FIRE2:  927 17:09:30    -5324.577148        0.004126
FIRE2:  928 17:09:31    -5324.577148        0.004114
FIRE2:  929 17:09:32    -5324.577148        0.003964
FIRE2:  930 17:09:33    -5324.577148        0.004512
FIRE2:  931 17:09:35    -5324.577148        0.004057
FIRE2:  932 17:09:36    -5324.577148        0.003987
FIRE2:  933 17:09:38    -5324.577148        0.004005
FIRE2:  934 17:09:39    -5324.577148        0.004007
FIRE2:  935 17:09:40    -5324.577148        0.004008
FIRE2:  936 17:09:40    -5324.577148        0.004010
FIRE2:  937 17:09:41    -5324.577148        0.004011
FIRE2:  938 17:09:42    -5324.577148        0.004010
FIRE2:  939 17:09:43    -5324.577148        0.004008
FIRE2:  940 17:09:44    -5324.577148        0.004004
FIRE2:  941 17:09:45    -5324.577148        0.004001
FIRE2:  942 17:09:46    -5324.577148        0.003999
FIRE2:  943 17:09:47    -5324.577148        0.003995
FIRE2:  944 17:09:48    -5324.577148        0.003994
FIRE2:  945 17:09:49    -5324.577148        0.003991
FIRE2:  946 17:09:50    -5324.577148        0.003988
FIRE2:  947 17:09:51    -5324.577148        0.003984
FIRE2:  948 17:09:52    -5324.577148        0.003981
FIRE2:  949 17:09:53    -5324.577148        0.003977
FIRE2:  950 17:09:54    -5324.577148        0.003972
FIRE2:  951 17:09:55    -5324.577148        0.003967
FIRE2:  952 17:09:55    -5324.577148        0.003963
FIRE2:  953 17:09:56    -5324.577148        0.003960
FIRE2:  954 17:09:57    -5324.577148        0.003953
FIRE2:  955 17:09:58    -5324.577148        0.003946
FIRE2:  956 17:09:59    -5324.577148        0.003938
FIRE2:  957 17:10:00    -5324.577148        0.003930
FIRE2:  958 17:10:01    -5324.577148        0.003919
FIRE2:  959 17:10:02    -5324.577148        0.003907
FIRE2:  960 17:10:03    -5324.577148        0.003893
FIRE2:  961 17:10:04    -5324.577148        0.003878
FIRE2:  962 17:10:05    -5324.577148        0.003858
FIRE2:  963 17:10:06    -5324.577148        0.003834
FIRE2:  964 17:10:07    -5324.577148        0.003808
FIRE2:  965 17:10:08    -5324.577148        0.003773
FIRE2:  966 17:10:09    -5324.578125        0.003744
FIRE2:  967 17:10:10    -5324.578125        0.003655
FIRE2:  968 17:10:10    -5324.578125        0.004452
FIRE2:  969 17:10:12    -5324.578125        0.003699
FIRE2:  970 17:10:13    -5324.578125        0.003617
FIRE2:  971 17:10:15    -5324.578125        0.003639
FIRE2:  972 17:10:16    -5324.578125        0.003643
FIRE2:  973 17:10:17    -5324.578125        0.003648
FIRE2:  974 17:10:18    -5324.578125        0.003652
FIRE2:  975 17:10:19    -5324.578125        0.003655
FIRE2:  976 17:10:20    -5324.578125        0.003654
FIRE2:  977 17:10:21    -5324.578125        0.003651
FIRE2:  978 17:10:22    -5324.578125        0.003648
FIRE2:  979 17:10:23    -5324.578125        0.003642
FIRE2:  980 17:10:23    -5324.578125        0.003639
FIRE2:  981 17:10:24    -5324.578125        0.003635
FIRE2:  982 17:10:25    -5324.578125        0.003634
FIRE2:  983 17:10:26    -5324.578125        0.003633
FIRE2:  984 17:10:27    -5324.578125        0.003631
FIRE2:  985 17:10:28    -5324.578125        0.003627
FIRE2:  986 17:10:29    -5324.578125        0.003622
FIRE2:  987 17:10:30    -5324.578125        0.003617
FIRE2:  988 17:10:31    -5324.578125        0.003613
FIRE2:  989 17:10:32    -5324.578125        0.003609
FIRE2:  990 17:10:33    -5324.578125        0.003605
FIRE2:  991 17:10:34    -5324.578125        0.003600
FIRE2:  992 17:10:35    -5324.578125        0.003596
FIRE2:  993 17:10:36    -5324.578125        0.003587
FIRE2:  994 17:10:37    -5324.578125        0.003579
FIRE2:  995 17:10:38    -5324.578125        0.003572
FIRE2:  996 17:10:39    -5324.578125        0.003561
FIRE2:  997 17:10:39    -5324.578125        0.003550
FIRE2:  998 17:10:40    -5324.578125        0.003535
FIRE2:  999 17:10:41    -5324.578125        0.003519
FIRE2:  1000 17:10:42    -5324.578125        0.003498
FIRE2:  1001 17:10:43    -5324.578125        0.003477
FIRE2:  1002 17:10:44    -5324.578125        0.003447
FIRE2:  1003 17:10:45    -5324.578125        0.003428
FIRE2:  1004 17:10:46    -5324.578125        0.003339
FIRE2:  1005 17:10:47    -5324.578125        0.003660
FIRE2:  1006 17:10:49    -5324.578125        0.003390
FIRE2:  1007 17:10:50    -5324.578125        0.003329
FIRE2:  1008 17:10:51    -5324.578125        0.003345
FIRE2:  1009 17:10:52    -5324.578125        0.003346
FIRE2:  1010 17:10:53    -5324.578125        0.003346
FIRE2:  1011 17:10:54    -5324.578125        0.003348
FIRE2:  1012 17:10:55    -5324.578125        0.003348
FIRE2:  1013 17:10:56    -5324.578125        0.003347
FIRE2:  1014 17:10:57    -5324.578125        0.003347
FIRE2:  1015 17:10:58    -5324.578125        0.003343
FIRE2:  1016 17:10:59    -5324.578125        0.003341
FIRE2:  1017 17:11:00    -5324.578125        0.003338
FIRE2:  1018 17:11:01    -5324.578125        0.003336
FIRE2:  1019 17:11:02    -5324.578125        0.003335
FIRE2:  1020 17:11:03    -5324.578125        0.003333
FIRE2:  1021 17:11:04    -5324.578125        0.003330
FIRE2:  1022 17:11:04    -5324.578125        0.003328
FIRE2:  1023 17:11:05    -5324.578125        0.003325
FIRE2:  1024 17:11:06    -5324.578125        0.003321
FIRE2:  1025 17:11:07    -5324.578125        0.003317
FIRE2:  1026 17:11:08    -5324.578125        0.003315
FIRE2:  1027 17:11:09    -5324.578125        0.003309
FIRE2:  1028 17:11:10    -5324.578125        0.003307
FIRE2:  1029 17:11:11    -5324.578125        0.003301
FIRE2:  1030 17:11:12    -5324.578125        0.003295
FIRE2:  1031 17:11:13    -5324.578125        0.003290
FIRE2:  1032 17:11:14    -5324.578125        0.003283
FIRE2:  1033 17:11:15    -5324.578125        0.003274
FIRE2:  1034 17:11:16    -5324.578125        0.003265
FIRE2:  1035 17:11:17    -5324.578125        0.003252
FIRE2:  1036 17:11:18    -5324.578125        0.003239
FIRE2:  1037 17:11:19    -5324.578125        0.003223
FIRE2:  1038 17:11:19    -5324.578125        0.003205
FIRE2:  1039 17:11:20    -5324.578125        0.003181
FIRE2:  1040 17:11:21    -5324.578125        0.003155
FIRE2:  1041 17:11:22    -5324.578125        0.003127
FIRE2:  1042 17:11:23    -5324.579102        0.003076
FIRE2:  1043 17:11:24    -5324.578125        0.003110
FIRE2:  1044 17:11:25    -5324.579102        0.005189
FIRE2:  1045 17:11:27    -5324.579102        0.002973
FIRE2:  1046 17:11:28    -5324.579102        0.003077
FIRE2:  1047 17:11:30    -5324.578613        0.003043
FIRE2:  1048 17:11:30    -5324.579102        0.003031
FIRE2:  1049 17:11:31    -5324.579102        0.003015
FIRE2:  1050 17:11:32    -5324.579102        0.003000
FIRE2:  1051 17:11:33    -5324.579102        0.002992
FIRE2:  1052 17:11:34    -5324.579102        0.002991
FIRE2:  1053 17:11:35    -5324.579102        0.002994
FIRE2:  1054 17:11:36    -5324.579102        0.003001
FIRE2:  1055 17:11:37    -5324.579102        0.003005
FIRE2:  1056 17:11:38    -5324.578613        0.003006
FIRE2:  1057 17:11:39    -5324.579102        0.002999
FIRE2:  1058 17:11:40    -5324.579102        0.002991
FIRE2:  1059 17:11:41    -5324.579102        0.002985
FIRE2:  1060 17:11:42    -5324.579102        0.002982
FIRE2:  1061 17:11:43    -5324.578125        0.002982
FIRE2:  1062 17:11:44    -5324.578125        0.002982
FIRE2:  1063 17:11:45    -5324.579102        0.002978
FIRE2:  1064 17:11:46    -5324.579102        0.002972
FIRE2:  1065 17:11:47    -5324.579102        0.002966
FIRE2:  1066 17:11:47    -5324.579102        0.002960
FIRE2:  1067 17:11:48    -5324.579102        0.002958
FIRE2:  1068 17:11:49    -5324.579102        0.002954
FIRE2:  1069 17:11:50    -5324.579102        0.002947
FIRE2:  1070 17:11:51    -5324.579102        0.002939
FIRE2:  1071 17:11:52    -5324.579102        0.002931
FIRE2:  1072 17:11:53    -5324.579102        0.002921
FIRE2:  1073 17:11:54    -5324.579102        0.002909
FIRE2:  1074 17:11:55    -5324.579102        0.002895
FIRE2:  1075 17:11:56    -5324.579102        0.002880
FIRE2:  1076 17:11:57    -5324.579102        0.002859
FIRE2:  1077 17:11:58    -5324.579102        0.002843
FIRE2:  1078 17:11:59    -5324.579102        0.002798
FIRE2:  1079 17:12:00    -5324.579102        0.002840
FIRE2:  1080 17:12:01    -5324.579102        0.002660
FIRE2:  1081 17:12:02    -5324.579102        0.002732
FIRE2:  1082 17:12:03    -5324.579102        0.002773
FIRE2:  1083 17:12:05    -5324.579102        0.002763
FIRE2:  1084 17:12:06    -5324.579102        0.002761
FIRE2:  1085 17:12:07    -5324.579102        0.002761
FIRE2:  1086 17:12:08    -5324.579102        0.002759
FIRE2:  1087 17:12:09    -5324.579102        0.002757
FIRE2:  1088 17:12:10    -5324.579102        0.002756
FIRE2:  1089 17:12:11    -5324.579102        0.002754
FIRE2:  1090 17:12:12    -5324.579102        0.002753
FIRE2:  1091 17:12:13    -5324.579102        0.002753
FIRE2:  1092 17:12:14    -5324.579102        0.002752
FIRE2:  1093 17:12:15    -5324.579102        0.002750
FIRE2:  1094 17:12:15    -5324.579102        0.002748
FIRE2:  1095 17:12:16    -5324.579102        0.002746
FIRE2:  1096 17:12:17    -5324.579102        0.002743
FIRE2:  1097 17:12:18    -5324.579102        0.002741
FIRE2:  1098 17:12:19    -5324.579102        0.002739
FIRE2:  1099 17:12:20    -5324.579102        0.002736
FIRE2:  1100 17:12:21    -5324.579102        0.002734
FIRE2:  1101 17:12:22    -5324.579102        0.002731
FIRE2:  1102 17:12:23    -5324.579102        0.002728
FIRE2:  1103 17:12:24    -5324.579102        0.002725
FIRE2:  1104 17:12:25    -5324.579102        0.002720
FIRE2:  1105 17:12:26    -5324.579102        0.002716
FIRE2:  1106 17:12:27    -5324.579102        0.002711
FIRE2:  1107 17:12:28    -5324.579102        0.002705
FIRE2:  1108 17:12:29    -5324.579102        0.002698
FIRE2:  1109 17:12:30    -5324.579102        0.002690
FIRE2:  1110 17:12:31    -5324.579102        0.002681
FIRE2:  1111 17:12:32    -5324.579102        0.002671
FIRE2:  1112 17:12:33    -5324.579102        0.002656
FIRE2:  1113 17:12:34    -5324.579102        0.002643
FIRE2:  1114 17:12:35    -5324.579102        0.002623
FIRE2:  1115 17:12:36    -5324.579102        0.002607
FIRE2:  1116 17:12:37    -5324.579102        0.002561
FIRE2:  1117 17:12:38    -5324.579102        0.002612
FIRE2:  1118 17:12:39    -5324.579102        0.002661
FIRE2:  1119 17:12:40    -5324.579102        0.002503
FIRE2:  1120 17:12:41    -5324.579102        0.002545
FIRE2:  1121 17:12:43    -5324.579102        0.002533
FIRE2:  1122 17:12:44    -5324.579102        0.002532
FIRE2:  1123 17:12:45    -5324.579102        0.002528
FIRE2:  1124 17:12:46    -5324.579102        0.002527
FIRE2:  1125 17:12:47    -5324.579102        0.002523
FIRE2:  1126 17:12:48    -5324.579102        0.002522
FIRE2:  1127 17:12:49    -5324.579102        0.002521
FIRE2:  1128 17:12:50    -5324.579102        0.002521
FIRE2:  1129 17:12:51    -5324.579102        0.002520
FIRE2:  1130 17:12:52    -5324.579102        0.002520
FIRE2:  1131 17:12:53    -5324.579102        0.002519
FIRE2:  1132 17:12:54    -5324.579102        0.002516
FIRE2:  1133 17:12:55    -5324.579102        0.002514
FIRE2:  1134 17:12:56    -5324.579102        0.002511
FIRE2:  1135 17:12:57    -5324.579102        0.002509
FIRE2:  1136 17:12:58    -5324.579102        0.002507
FIRE2:  1137 17:12:58    -5324.579102        0.002504
FIRE2:  1138 17:12:59    -5324.579102        0.002501
FIRE2:  1139 17:13:00    -5324.579102        0.002498
FIRE2:  1140 17:13:01    -5324.579102        0.002496
FIRE2:  1141 17:13:02    -5324.579102        0.002491
FIRE2:  1142 17:13:03    -5324.579102        0.002488
FIRE2:  1143 17:13:04    -5324.579102        0.002485
FIRE2:  1144 17:13:05    -5324.579102        0.002478
FIRE2:  1145 17:13:06    -5324.579102        0.002474
FIRE2:  1146 17:13:07    -5324.579102        0.002467
FIRE2:  1147 17:13:08    -5324.579102        0.002458
FIRE2:  1148 17:13:09    -5324.579102        0.002449
FIRE2:  1149 17:13:10    -5324.579102        0.002439
FIRE2:  1150 17:13:11    -5324.579102        0.002425
FIRE2:  1151 17:13:12    -5324.579102        0.002409
FIRE2:  1152 17:13:13    -5324.579102        0.002393
FIRE2:  1153 17:13:14    -5324.579102        0.002367
FIRE2:  1154 17:13:15    -5324.579102        0.002359
FIRE2:  1155 17:13:16    -5324.579102        0.002258
FIRE2:  1156 17:13:17    -5324.579590        0.003292
FIRE2:  1157 17:13:18    -5324.579102        0.002323
FIRE2:  1158 17:13:19    -5324.579102        0.002266
FIRE2:  1159 17:13:21    -5324.579102        0.002283
FIRE2:  1160 17:13:22    -5324.579102        0.002286
FIRE2:  1161 17:13:23    -5324.579590        0.002291
FIRE2:  1162 17:13:24    -5324.579102        0.002295
FIRE2:  1163 17:13:25    -5324.579102        0.002298
FIRE2:  1164 17:13:26    -5324.579102        0.002297
FIRE2:  1165 17:13:27    -5324.579590        0.002295
FIRE2:  1166 17:13:27    -5324.579590        0.002291
FIRE2:  1167 17:13:28    -5324.579590        0.002287
FIRE2:  1168 17:13:29    -5324.579590        0.002285
FIRE2:  1169 17:13:30    -5324.580078        0.002282
FIRE2:  1170 17:13:31    -5324.580078        0.002283
FIRE2:  1171 17:13:32    -5324.580078        0.002283
FIRE2:  1172 17:13:33    -5324.580078        0.002281
FIRE2:  1173 17:13:34    -5324.580078        0.002278
FIRE2:  1174 17:13:35    -5324.580078        0.002274
FIRE2:  1175 17:13:36    -5324.579102        0.002271
FIRE2:  1176 17:13:37    -5324.580078        0.002269
FIRE2:  1177 17:13:38    -5324.579102        0.002266
FIRE2:  1178 17:13:39    -5324.579102        0.002263
FIRE2:  1179 17:13:40    -5324.579102        0.002260
FIRE2:  1180 17:13:41    -5324.579102        0.002256
FIRE2:  1181 17:13:42    -5324.579102        0.002252
FIRE2:  1182 17:13:43    -5324.579102        0.002247
FIRE2:  1183 17:13:44    -5324.579102        0.002241
FIRE2:  1184 17:13:45    -5324.579102        0.002234
FIRE2:  1185 17:13:45    -5324.579102        0.002227
FIRE2:  1186 17:13:46    -5324.580078        0.002217
FIRE2:  1187 17:13:47    -5324.580078        0.002206
FIRE2:  1188 17:13:48    -5324.579590        0.002195
FIRE2:  1189 17:13:49    -5324.579102        0.002178
FIRE2:  1190 17:13:50    -5324.579590        0.002162
FIRE2:  1191 17:13:51    -5324.580078        0.002139
FIRE2:  1192 17:13:52    -5324.580078        0.002123
FIRE2:  1193 17:13:53    -5324.579590        0.002041
FIRE2:  1194 17:13:54    -5324.580078        0.003627
FIRE2:  1195 17:13:56    -5324.580078        0.002092
FIRE2:  1196 17:13:57    -5324.580078        0.002023
FIRE2:  1197 17:13:58    -5324.580078        0.002044
FIRE2:  1198 17:13:59    -5324.580078        0.002051
FIRE2:  1199 17:14:00    -5324.580078        0.002060
FIRE2:  1200 17:14:01    -5324.580078        0.002067
FIRE2:  1201 17:14:02    -5324.580078        0.002069
FIRE2:  1202 17:14:03    -5324.580078        0.002070
FIRE2:  1203 17:14:04    -5324.580078        0.002066
FIRE2:  1204 17:14:05    -5324.580078        0.002059
FIRE2:  1205 17:14:06    -5324.580078        0.002053
FIRE2:  1206 17:14:07    -5324.580078        0.002052
FIRE2:  1207 17:14:08    -5324.580078        0.002051
FIRE2:  1208 17:14:09    -5324.580078        0.002052
FIRE2:  1209 17:14:10    -5324.580078        0.002053
FIRE2:  1210 17:14:11    -5324.580078        0.002052
FIRE2:  1211 17:14:12    -5324.580078        0.002047
FIRE2:  1212 17:14:13    -5324.580078        0.002042
FIRE2:  1213 17:14:14    -5324.580078        0.002039
FIRE2:  1214 17:14:14    -5324.580078        0.002038
FIRE2:  1215 17:14:15    -5324.580078        0.002036
FIRE2:  1216 17:14:16    -5324.580078        0.002034
FIRE2:  1217 17:14:17    -5324.580078        0.002030
FIRE2:  1218 17:14:18    -5324.580078        0.002025
FIRE2:  1219 17:14:19    -5324.580078        0.002022
FIRE2:  1220 17:14:20    -5324.580078        0.002018
FIRE2:  1221 17:14:21    -5324.580078        0.002012
FIRE2:  1222 17:14:22    -5324.580078        0.002004
FIRE2:  1223 17:14:23    -5324.580078        0.001997
FIRE2:  1224 17:14:24    -5324.580078        0.001989
FIRE2:  1225 17:14:25    -5324.580078        0.001977
FIRE2:  1226 17:14:26    -5324.579102        0.001965
FIRE2:  1227 17:14:27    -5324.580078        0.001949
FIRE2:  1228 17:14:28    -5324.580078        0.001937
FIRE2:  1229 17:14:29    -5324.580078        0.001899
FIRE2:  1230 17:14:30    -5324.580078        0.001947
FIRE2:  1231 17:14:31    -5324.580078        0.002340
FIRE2:  1232 17:14:32    -5324.580078        0.001853
FIRE2:  1233 17:14:33    -5324.580078        0.001892
FIRE2:  1234 17:14:35    -5324.580078        0.001881
FIRE2:  1235 17:14:36    -5324.580078        0.001879
FIRE2:  1236 17:14:37    -5324.580078        0.001874
FIRE2:  1237 17:14:38    -5324.580078        0.001871
FIRE2:  1238 17:14:39    -5324.580078        0.001869
FIRE2:  1239 17:14:40    -5324.580078        0.001868
FIRE2:  1240 17:14:41    -5324.580078        0.001867
FIRE2:  1241 17:14:42    -5324.580078        0.001868
FIRE2:  1242 17:14:42    -5324.580078        0.001867
FIRE2:  1243 17:14:43    -5324.580078        0.001868
FIRE2:  1244 17:14:44    -5324.580078        0.001867
FIRE2:  1245 17:14:45    -5324.580078        0.001865
FIRE2:  1246 17:14:46    -5324.580078        0.001862
FIRE2:  1247 17:14:47    -5324.580078        0.001860
FIRE2:  1248 17:14:48    -5324.580078        0.001857
FIRE2:  1249 17:14:49    -5324.580078        0.001857
FIRE2:  1250 17:14:50    -5324.580078        0.001856
FIRE2:  1251 17:14:51    -5324.580078        0.001853
FIRE2:  1252 17:14:52    -5324.580078        0.001850
FIRE2:  1253 17:14:53    -5324.580078        0.001847
FIRE2:  1254 17:14:54    -5324.580078        0.001845
FIRE2:  1255 17:14:55    -5324.580078        0.001842
FIRE2:  1256 17:14:56    -5324.580078        0.001839
FIRE2:  1257 17:14:57    -5324.580078        0.001835
FIRE2:  1258 17:14:58    -5324.580078        0.001830
FIRE2:  1259 17:14:58    -5324.580078        0.001824
FIRE2:  1260 17:14:59    -5324.580078        0.001818
FIRE2:  1261 17:15:00    -5324.580078        0.001810
FIRE2:  1262 17:15:01    -5324.580078        0.001803
FIRE2:  1263 17:15:02    -5324.580078        0.001792
FIRE2:  1264 17:15:03    -5324.580078        0.001781
FIRE2:  1265 17:15:04    -5324.580078        0.001765
FIRE2:  1266 17:15:05    -5324.580078        0.001751
FIRE2:  1267 17:15:06    -5324.580078        0.001722
FIRE2:  1268 17:15:07    -5324.580078        0.001748
FIRE2:  1269 17:15:08    -5324.580078        0.002718
FIRE2:  1270 17:15:10    -5324.580078        0.001668
FIRE2:  1271 17:15:11    -5324.580078        0.001720
FIRE2:  1272 17:15:12    -5324.580078        0.001703
FIRE2:  1273 17:15:13    -5324.580078        0.001697
FIRE2:  1274 17:15:14    -5324.580078        0.001690
FIRE2:  1275 17:15:15    -5324.580078        0.001685
FIRE2:  1276 17:15:16    -5324.580078        0.001681
FIRE2:  1277 17:15:17    -5324.580078        0.001680
FIRE2:  1278 17:15:18    -5324.580078        0.001681
FIRE2:  1279 17:15:19    -5324.580078        0.001683
FIRE2:  1280 17:15:20    -5324.580078        0.001686
FIRE2:  1281 17:15:21    -5324.580078        0.001685
FIRE2:  1282 17:15:22    -5324.580078        0.001682
FIRE2:  1283 17:15:23    -5324.580078        0.001679
FIRE2:  1284 17:15:24    -5324.580078        0.001677
FIRE2:  1285 17:15:25    -5324.580078        0.001674
FIRE2:  1286 17:15:26    -5324.580078        0.001674
FIRE2:  1287 17:15:26    -5324.580078        0.001672
FIRE2:  1288 17:15:27    -5324.580078        0.001671
FIRE2:  1289 17:15:28    -5324.580078        0.001668
FIRE2:  1290 17:15:29    -5324.580078        0.001665
FIRE2:  1291 17:15:30    -5324.580078        0.001662
FIRE2:  1292 17:15:31    -5324.580078        0.001660
FIRE2:  1293 17:15:32    -5324.580078        0.001658
FIRE2:  1294 17:15:33    -5324.580078        0.001656
FIRE2:  1295 17:15:34    -5324.580078        0.001651
FIRE2:  1296 17:15:35    -5324.580078        0.001647
FIRE2:  1297 17:15:36    -5324.580078        0.001641
FIRE2:  1298 17:15:37    -5324.580078        0.001634
FIRE2:  1299 17:15:38    -5324.580078        0.001627
FIRE2:  1300 17:15:39    -5324.580078        0.001620
FIRE2:  1301 17:15:40    -5324.580078        0.001608
FIRE2:  1302 17:15:41    -5324.580078        0.001600
FIRE2:  1303 17:15:42    -5324.580078        0.001576
FIRE2:  1304 17:15:42    -5324.580078        0.001593
FIRE2:  1305 17:15:43    -5324.580078        0.001502
FIRE2:  1306 17:15:45    -5324.580078        0.001540
FIRE2:  1307 17:15:46    -5324.580078        0.001561
FIRE2:  1308 17:15:47    -5324.580078        0.001571
FIRE2:  1309 17:15:48    -5324.580078        0.001567
FIRE2:  1310 17:15:49    -5324.580078        0.001553
FIRE2:  1311 17:15:50    -5324.580078        0.001539
FIRE2:  1312 17:15:51    -5324.580078        0.001539
FIRE2:  1313 17:15:52    -5324.580078        0.001546
FIRE2:  1314 17:15:53    -5324.580078        0.001550
FIRE2:  1315 17:15:54    -5324.580078        0.001541
FIRE2:  1316 17:15:55    -5324.580078        0.001531
FIRE2:  1317 17:15:56    -5324.580078        0.001530
FIRE2:  1318 17:15:56    -5324.580078        0.001531
FIRE2:  1319 17:15:57    -5324.580078        0.001527
FIRE2:  1320 17:15:58    -5324.580078        0.001518
FIRE2:  1321 17:15:59    -5324.580078        0.001516
FIRE2:  1322 17:16:00    -5324.580078        0.001514
FIRE2:  1323 17:16:01    -5324.580078        0.001505
FIRE2:  1324 17:16:02    -5324.580078        0.001498
FIRE2:  1325 17:16:03    -5324.580078        0.001497
FIRE2:  1326 17:16:04    -5324.580078        0.001487
FIRE2:  1327 17:16:05    -5324.580078        0.001481
FIRE2:  1328 17:16:06    -5324.580078        0.001474
FIRE2:  1329 17:16:07    -5324.580078        0.001460
FIRE2:  1330 17:16:08    -5324.580078        0.001458
FIRE2:  1331 17:16:09    -5324.580078        0.001418
FIRE2:  1332 17:16:10    -5324.580078        0.001459
FIRE2:  1333 17:16:11    -5324.580078        0.001388
FIRE2:  1334 17:16:12    -5324.580078        0.001428
FIRE2:  1335 17:16:12    -5324.580078        0.001342
FIRE2:  1336 17:16:14    -5324.580078        0.001381
FIRE2:  1337 17:16:15    -5324.580078        0.001402
FIRE2:  1338 17:16:17    -5324.580078        0.001396
FIRE2:  1339 17:16:18    -5324.580078        0.001393
FIRE2:  1340 17:16:19    -5324.580078        0.001389
FIRE2:  1341 17:16:20    -5324.580078        0.001387
FIRE2:  1342 17:16:21    -5324.580078        0.001385
FIRE2:  1343 17:16:22    -5324.580078        0.001384
FIRE2:  1344 17:16:23    -5324.580078        0.001385
FIRE2:  1345 17:16:23    -5324.580078        0.001386
FIRE2:  1346 17:16:24    -5324.580078        0.001386
FIRE2:  1347 17:16:25    -5324.580078        0.001385
FIRE2:  1348 17:16:26    -5324.580078        0.001384
FIRE2:  1349 17:16:27    -5324.580078        0.001381
FIRE2:  1350 17:16:28    -5324.580078        0.001378
FIRE2:  1351 17:16:29    -5324.580078        0.001378
FIRE2:  1352 17:16:30    -5324.580078        0.001376
FIRE2:  1353 17:16:31    -5324.580078        0.001375
FIRE2:  1354 17:16:32    -5324.580078        0.001374
FIRE2:  1355 17:16:33    -5324.580078        0.001371
FIRE2:  1356 17:16:34    -5324.580078        0.001369
FIRE2:  1357 17:16:35    -5324.580078        0.001367
FIRE2:  1358 17:16:36    -5324.580078        0.001365
FIRE2:  1359 17:16:37    -5324.580078        0.001363
FIRE2:  1360 17:16:38    -5324.580078        0.001360
FIRE2:  1361 17:16:39    -5324.580078        0.001357
FIRE2:  1362 17:16:40    -5324.580078        0.001354
FIRE2:  1363 17:16:40    -5324.580078        0.001349
FIRE2:  1364 17:16:41    -5324.580078        0.001343
FIRE2:  1365 17:16:42    -5324.580078        0.001337
FIRE2:  1366 17:16:43    -5324.580078        0.001331
FIRE2:  1367 17:16:44    -5324.580078        0.001321
FIRE2:  1368 17:16:45    -5324.580078        0.001312
FIRE2:  1369 17:16:46    -5324.580078        0.001295
FIRE2:  1370 17:16:47    -5324.580078        0.001304
FIRE2:  1371 17:16:48    -5324.580078        0.001239
FIRE2:  1372 17:16:50    -5324.580078        0.001259
FIRE2:  1373 17:16:51    -5324.580078        0.001281
FIRE2:  1374 17:16:52    -5324.580078        0.001276
FIRE2:  1375 17:16:53    -5324.580078        0.001276
FIRE2:  1376 17:16:54    -5324.580078        0.001275
FIRE2:  1377 17:16:55    -5324.580078        0.001274
FIRE2:  1378 17:16:56    -5324.580078        0.001274
FIRE2:  1379 17:16:57    -5324.580078        0.001273
FIRE2:  1380 17:16:58    -5324.580078        0.001273
FIRE2:  1381 17:16:59    -5324.580078        0.001272
FIRE2:  1382 17:17:00    -5324.580078        0.001271
FIRE2:  1383 17:17:01    -5324.580078        0.001270
FIRE2:  1384 17:17:02    -5324.580078        0.001270
FIRE2:  1385 17:17:03    -5324.580078        0.001269
FIRE2:  1386 17:17:04    -5324.580078        0.001269
FIRE2:  1387 17:17:05    -5324.580078        0.001267
FIRE2:  1388 17:17:06    -5324.580078        0.001266
FIRE2:  1389 17:17:07    -5324.580078        0.001265
FIRE2:  1390 17:17:08    -5324.580078        0.001264
FIRE2:  1391 17:17:08    -5324.580078        0.001262
FIRE2:  1392 17:17:09    -5324.580078        0.001261
FIRE2:  1393 17:17:10    -5324.580078        0.001261
FIRE2:  1394 17:17:11    -5324.580078        0.001259
FIRE2:  1395 17:17:12    -5324.580078        0.001257
FIRE2:  1396 17:17:13    -5324.580078        0.001254
FIRE2:  1397 17:17:14    -5324.580078        0.001253
FIRE2:  1398 17:17:15    -5324.580078        0.001249
FIRE2:  1399 17:17:16    -5324.580078        0.001247
FIRE2:  1400 17:17:17    -5324.580078        0.001243
FIRE2:  1401 17:17:18    -5324.580078        0.001239
FIRE2:  1402 17:17:19    -5324.580078        0.001235
FIRE2:  1403 17:17:20    -5324.580078        0.001230
FIRE2:  1404 17:17:21    -5324.580078        0.001222
FIRE2:  1405 17:17:22    -5324.580078        0.001213
FIRE2:  1406 17:17:23    -5324.580078        0.001204
FIRE2:  1407 17:17:24    -5324.580078        0.001193
FIRE2:  1408 17:17:25    -5324.580078        0.001178
FIRE2:  1409 17:17:26    -5324.580078        0.001174
FIRE2:  1410 17:17:26    -5324.580078        0.001567
FIRE2:  1411 17:17:28    -5324.580078        0.001138
FIRE2:  1412 17:17:29    -5324.580078        0.001170
FIRE2:  1413 17:17:31    -5324.580078        0.001160
FIRE2:  1414 17:17:32    -5324.580078        0.001156
FIRE2:  1415 17:17:33    -5324.580078        0.001153
FIRE2:  1416 17:17:34    -5324.580078        0.001148
FIRE2:  1417 17:17:35    -5324.580078        0.001145
FIRE2:  1418 17:17:36    -5324.580078        0.001144
FIRE2:  1419 17:17:37    -5324.580078        0.001145
FIRE2:  1420 17:17:37    -5324.580078        0.001147
FIRE2:  1421 17:17:38    -5324.580078        0.001147
FIRE2:  1422 17:17:39    -5324.580078        0.001148
FIRE2:  1423 17:17:40    -5324.580078        0.001145
FIRE2:  1424 17:17:41    -5324.580078        0.001143
FIRE2:  1425 17:17:42    -5324.580078        0.001141
FIRE2:  1426 17:17:43    -5324.580078        0.001141
FIRE2:  1427 17:17:44    -5324.580078        0.001139
FIRE2:  1428 17:17:45    -5324.580078        0.001139
FIRE2:  1429 17:17:46    -5324.580078        0.001138
FIRE2:  1430 17:17:47    -5324.580078        0.001136
FIRE2:  1431 17:17:48    -5324.580078        0.001133
FIRE2:  1432 17:17:49    -5324.580078        0.001132
FIRE2:  1433 17:17:50    -5324.580078        0.001132
FIRE2:  1434 17:17:51    -5324.580078        0.001130
FIRE2:  1435 17:17:52    -5324.580078        0.001127
FIRE2:  1436 17:17:53    -5324.580078        0.001124
FIRE2:  1437 17:17:53    -5324.580078        0.001121
FIRE2:  1438 17:17:54    -5324.580078        0.001117
FIRE2:  1439 17:17:55    -5324.580078        0.001113
FIRE2:  1440 17:17:56    -5324.580078        0.001107
FIRE2:  1441 17:17:57    -5324.580078        0.001102
FIRE2:  1442 17:17:58    -5324.580078        0.001095
FIRE2:  1443 17:17:59    -5324.580078        0.001087
FIRE2:  1444 17:18:00    -5324.580078        0.001078
FIRE2:  1445 17:18:01    -5324.580078        0.001063
FIRE2:  1446 17:18:02    -5324.580078        0.001074
FIRE2:  1447 17:18:03    -5324.580078        0.001433
FIRE2:  1448 17:18:05    -5324.580078        0.001030
FIRE2:  1449 17:18:06    -5324.580078        0.001056
FIRE2:  1450 17:18:07    -5324.580078        0.001048
FIRE2:  1451 17:18:08    -5324.580078        0.001047
FIRE2:  1452 17:18:09    -5324.580078        0.001044
FIRE2:  1453 17:18:10    -5324.580078        0.001042
FIRE2:  1454 17:18:11    -5324.580078        0.001039
FIRE2:  1455 17:18:12    -5324.580078        0.001038
FIRE2:  1456 17:18:13    -5324.580078        0.001040
FIRE2:  1457 17:18:14    -5324.580078        0.001039
FIRE2:  1458 17:18:15    -5324.580078        0.001040
FIRE2:  1459 17:18:16    -5324.580078        0.001041
FIRE2:  1460 17:18:17    -5324.580078        0.001038
FIRE2:  1461 17:18:18    -5324.580078        0.001038
FIRE2:  1462 17:18:19    -5324.580078        0.001036
FIRE2:  1463 17:18:20    -5324.580078        0.001035
FIRE2:  1464 17:18:20    -5324.580078        0.001033
FIRE2:  1465 17:18:21    -5324.580078        0.001033
FIRE2:  1466 17:18:22    -5324.580078        0.001033
FIRE2:  1467 17:18:23    -5324.580078        0.001031
FIRE2:  1468 17:18:24    -5324.580078        0.001030
FIRE2:  1469 17:18:25    -5324.580078        0.001029
FIRE2:  1470 17:18:26    -5324.580078        0.001028
FIRE2:  1471 17:18:27    -5324.580078        0.001025
FIRE2:  1472 17:18:28    -5324.580078        0.001023
FIRE2:  1473 17:18:29    -5324.580078        0.001022
FIRE2:  1474 17:18:30    -5324.580078        0.001018
FIRE2:  1475 17:18:31    -5324.580078        0.001016
FIRE2:  1476 17:18:32    -5324.580078        0.001013
FIRE2:  1477 17:18:33    -5324.580078        0.001008
FIRE2:  1478 17:18:34    -5324.580078        0.001004
FIRE2:  1479 17:18:35    -5324.580078        0.000998
