       Step     Time          Energy          fmax
FIRE2:    0 21:32:47    -5350.717773        0.397050
FIRE2:    1 21:32:48    -5350.740234        0.395862
FIRE2:    2 21:32:48    -5350.779297        0.394101
FIRE2:    3 21:32:49    -5350.827148        0.391546
FIRE2:    4 21:32:49    -5350.876953        0.388215
FIRE2:    5 21:32:50    -5350.929688        0.384358
FIRE2:    6 21:32:50    -5350.987305        0.380318
FIRE2:    7 21:32:51    -5351.053711        0.376331
FIRE2:    8 21:32:52    -5351.125977        0.372424
FIRE2:    9 21:32:52    -5351.202148        0.368504
FIRE2:   10 21:32:53    -5351.284180        0.364454
FIRE2:   11 21:32:53    -5351.371094        0.360186
FIRE2:   12 21:32:54    -5351.460938        0.355632
FIRE2:   13 21:32:54    -5351.554688        0.350777
FIRE2:   14 21:32:55    -5351.652344        0.345677
FIRE2:   15 21:32:55    -5351.751953        0.340357
FIRE2:   16 21:32:56    -5351.854492        0.334808
FIRE2:   17 21:32:57    -5351.958984        0.329029
FIRE2:   18 21:32:57    -5352.065430        0.323048
FIRE2:   19 21:32:58    -5352.171875        0.316910
FIRE2:   20 21:32:58    -5352.280273        0.310655
FIRE2:   21 21:32:59    -5352.388672        0.304282
FIRE2:   22 21:32:59    -5352.507812        0.297077
FIRE2:   23 21:33:00    -5352.624023        0.289863
FIRE2:   24 21:33:01    -5352.734375        0.282717
FIRE2:   25 21:33:01    -5352.840820        0.275655
FIRE2:   26 21:33:02    -5352.941406        0.268641
FIRE2:   27 21:33:02    -5353.038086        0.261636
FIRE2:   28 21:33:03    -5353.130859        0.254639
FIRE2:   29 21:33:03    -5353.218750        0.247671
FIRE2:   30 21:33:04    -5353.301758        0.240714
FIRE2:   31 21:33:04    -5353.380859        0.233738
FIRE2:   32 21:33:05    -5353.455078        0.226758
FIRE2:   33 21:33:06    -5353.526367        0.219775
FIRE2:   34 21:33:06    -5353.592773        0.212785
FIRE2:   35 21:33:07    -5353.655762        0.205793
FIRE2:   36 21:33:07    -5353.714844        0.198831
FIRE2:   37 21:33:08    -5353.771484        0.191893
FIRE2:   38 21:33:08    -5353.824219        0.184981
FIRE2:   39 21:33:09    -5353.874023        0.178134
FIRE2:   40 21:33:09    -5353.920898        0.171386
FIRE2:   41 21:33:10    -5353.964844        0.164738
FIRE2:   42 21:33:11    -5354.006836        0.158197
FIRE2:   43 21:33:11    -5354.046875        0.151768
FIRE2:   44 21:33:12    -5354.084961        0.145491
FIRE2:   45 21:33:12    -5354.122070        0.139370
FIRE2:   46 21:33:13    -5354.157227        0.133433
FIRE2:   47 21:33:13    -5354.191406        0.127663
FIRE2:   48 21:33:14    -5354.223633        0.122113
FIRE2:   49 21:33:14    -5354.255859        0.116703
FIRE2:   50 21:33:15    -5354.286133        0.111587
FIRE2:   51 21:33:16    -5354.316406        0.106475
FIRE2:   52 21:33:16    -5354.344727        0.101789
FIRE2:   53 21:33:17    -5354.373047        0.096950
FIRE2:   54 21:33:17    -5354.400391        0.092497
FIRE2:   55 21:33:18    -5354.426758        0.087983
FIRE2:   56 21:33:18    -5354.452148        0.083829
FIRE2:   57 21:33:19    -5354.476562        0.079505
FIRE2:   58 21:33:20    -5354.500000        0.075550
FIRE2:   59 21:33:20    -5354.522461        0.071408
FIRE2:   60 21:33:21    -5354.542969        0.067591
FIRE2:   61 21:33:21    -5354.563477        0.064334
FIRE2:   62 21:33:22    -5354.583008        0.062497
FIRE2:   63 21:33:22    -5354.601562        0.060014
FIRE2:   64 21:33:23    -5354.618164        0.058223
FIRE2:   65 21:33:24    -5354.634766        0.055686
FIRE2:   66 21:33:24    -5354.649414        0.053867
FIRE2:   67 21:33:25    -5354.664062        0.051263
FIRE2:   68 21:33:25    -5354.676758        0.049426
FIRE2:   69 21:33:26    -5354.689453        0.046689
FIRE2:   70 21:33:26    -5354.700195        0.044766
FIRE2:   71 21:33:27    -5354.709961        0.041868
FIRE2:   72 21:33:27    -5354.718750        0.039915
FIRE2:   73 21:33:28    -5354.535156        0.160371
FIRE2:   74 21:33:29    -5354.703125        0.044351
FIRE2:   75 21:33:30    -5354.700195        0.044633
FIRE2:   76 21:33:31    -5354.702148        0.044451
FIRE2:   77 21:33:32    -5354.703125        0.044207
FIRE2:   78 21:33:33    -5354.703125        0.044268
FIRE2:   79 21:33:33    -5354.703125        0.044264
FIRE2:   80 21:33:34    -5354.703125        0.044259
FIRE2:   81 21:33:34    -5354.703125        0.044248
FIRE2:   82 21:33:35    -5354.703125        0.044237
FIRE2:   83 21:33:35    -5354.703125        0.044220
FIRE2:   84 21:33:36    -5354.703125        0.044199
FIRE2:   85 21:33:36    -5354.703125        0.044173
FIRE2:   86 21:33:37    -5354.703125        0.044140
FIRE2:   87 21:33:38    -5354.703125        0.044105
FIRE2:   88 21:33:38    -5354.703125        0.044063
FIRE2:   89 21:33:39    -5354.704102        0.044018
FIRE2:   90 21:33:39    -5354.704102        0.043970
FIRE2:   91 21:33:40    -5354.704102        0.043920
FIRE2:   92 21:33:40    -5354.704102        0.043867
FIRE2:   93 21:33:41    -5354.704102        0.043811
FIRE2:   94 21:33:41    -5354.705078        0.043755
FIRE2:   95 21:33:42    -5354.705078        0.043694
FIRE2:   96 21:33:43    -5354.705078        0.043631
FIRE2:   97 21:33:43    -5354.705078        0.043564
FIRE2:   98 21:33:44    -5354.705078        0.043492
FIRE2:   99 21:33:44    -5354.706055        0.043411
FIRE2:  100 21:33:45    -5354.706055        0.043316
FIRE2:  101 21:33:45    -5354.706055        0.043206
FIRE2:  102 21:33:46    -5354.707031        0.043077
FIRE2:  103 21:33:46    -5354.707031        0.042931
FIRE2:  104 21:33:47    -5354.708008        0.042760
FIRE2:  105 21:33:48    -5354.708984        0.042559
FIRE2:  106 21:33:48    -5354.709961        0.042322
FIRE2:  107 21:33:49    -5354.710938        0.042046
FIRE2:  108 21:33:49    -5354.710938        0.041727
FIRE2:  109 21:33:50    -5354.712891        0.041347
FIRE2:  110 21:33:50    -5354.713867        0.040904
FIRE2:  111 21:33:51    -5354.715820        0.040386
FIRE2:  112 21:33:51    -5354.717773        0.039775
FIRE2:  113 21:33:52    -5354.719727        0.039060
FIRE2:  114 21:33:53    -5354.722656        0.038224
FIRE2:  115 21:33:53    -5354.725586        0.037247
FIRE2:  116 21:33:54    -5354.728516        0.036097
FIRE2:  117 21:33:54    -5354.732910        0.034825
FIRE2:  118 21:33:55    -5354.734375        0.033092
FIRE2:  119 21:33:56    -5354.735352        0.033644
FIRE2:  120 21:33:56    -5354.735352        0.033746
FIRE2:  121 21:33:57    -5354.736328        0.033705
FIRE2:  122 21:33:58    -5354.736328        0.033669
FIRE2:  123 21:33:58    -5354.736328        0.033623
FIRE2:  124 21:33:59    -5354.736328        0.033571
FIRE2:  125 21:34:00    -5354.736328        0.033528
FIRE2:  126 21:34:00    -5354.736328        0.033494
FIRE2:  127 21:34:01    -5354.736328        0.033465
FIRE2:  128 21:34:01    -5354.736328        0.033434
FIRE2:  129 21:34:02    -5354.737305        0.033394
FIRE2:  130 21:34:02    -5354.737305        0.033338
FIRE2:  131 21:34:03    -5354.737305        0.033268
FIRE2:  132 21:34:04    -5354.737305        0.033191
FIRE2:  133 21:34:04    -5354.737305        0.033115
FIRE2:  134 21:34:05    -5354.737305        0.033039
FIRE2:  135 21:34:05    -5354.738281        0.032964
FIRE2:  136 21:34:06    -5354.738281        0.032880
FIRE2:  137 21:34:06    -5354.738281        0.032785
FIRE2:  138 21:34:07    -5354.738281        0.032679
FIRE2:  139 21:34:07    -5354.739258        0.032574
FIRE2:  140 21:34:08    -5354.739258        0.032465
FIRE2:  141 21:34:09    -5354.740234        0.032354
FIRE2:  142 21:34:09    -5354.740234        0.032221
FIRE2:  143 21:34:10    -5354.740234        0.032064
FIRE2:  144 21:34:10    -5354.741211        0.031883
FIRE2:  145 21:34:11    -5354.741211        0.031678
FIRE2:  146 21:34:11    -5354.742188        0.031436
FIRE2:  147 21:34:12    -5354.743164        0.031151
FIRE2:  148 21:34:12    -5354.744141        0.030823
FIRE2:  149 21:34:13    -5354.745117        0.030436
FIRE2:  150 21:34:14    -5354.746094        0.029985
FIRE2:  151 21:34:14    -5354.747070        0.029457
FIRE2:  152 21:34:15    -5354.749023        0.028834
FIRE2:  153 21:34:15    -5354.750000        0.028145
FIRE2:  154 21:34:16    -5354.750977        0.027392
FIRE2:  155 21:34:17    -5354.751953        0.027581
FIRE2:  156 21:34:17    -5354.751953        0.027563
FIRE2:  157 21:34:18    -5354.751953        0.027566
FIRE2:  158 21:34:19    -5354.751953        0.027559
FIRE2:  159 21:34:19    -5354.751953        0.027548
FIRE2:  160 21:34:20    -5354.751953        0.027536
FIRE2:  161 21:34:21    -5354.751953        0.027518
FIRE2:  162 21:34:21    -5354.751953        0.027499
FIRE2:  163 21:34:22    -5354.751953        0.027476
FIRE2:  164 21:34:22    -5354.751953        0.027451
FIRE2:  165 21:34:23    -5354.751953        0.027424
FIRE2:  166 21:34:23    -5354.751953        0.027392
FIRE2:  167 21:34:24    -5354.751953        0.027357
FIRE2:  168 21:34:24    -5354.752930        0.027318
FIRE2:  169 21:34:25    -5354.752930        0.027277
FIRE2:  170 21:34:26    -5354.752930        0.027233
FIRE2:  171 21:34:26    -5354.752930        0.027184
FIRE2:  172 21:34:27    -5354.752930        0.027135
FIRE2:  173 21:34:27    -5354.752930        0.027080
FIRE2:  174 21:34:28    -5354.752930        0.027024
FIRE2:  175 21:34:28    -5354.752930        0.026963
FIRE2:  176 21:34:29    -5354.752930        0.026900
FIRE2:  177 21:34:29    -5354.753906        0.026833
FIRE2:  178 21:34:30    -5354.753906        0.026757
FIRE2:  179 21:34:31    -5354.753906        0.026669
FIRE2:  180 21:34:31    -5354.753906        0.026568
FIRE2:  181 21:34:32    -5354.753906        0.026449
FIRE2:  182 21:34:32    -5354.754883        0.026311
FIRE2:  183 21:34:33    -5354.754883        0.026149
FIRE2:  184 21:34:33    -5354.755371        0.025958
FIRE2:  185 21:34:34    -5354.755859        0.025738
FIRE2:  186 21:34:34    -5354.756836        0.025478
FIRE2:  187 21:34:35    -5354.756836        0.025176
FIRE2:  188 21:34:36    -5354.757812        0.024820
FIRE2:  189 21:34:36    -5354.758789        0.024404
FIRE2:  190 21:34:37    -5354.759766        0.023908
FIRE2:  191 21:34:37    -5354.760742        0.023377
FIRE2:  192 21:34:38    -5354.761719        0.022575
FIRE2:  193 21:34:39    -5354.761719        0.022829
FIRE2:  194 21:34:39    -5354.761719        0.022888
FIRE2:  195 21:34:40    -5354.761719        0.022869
FIRE2:  196 21:34:41    -5354.761719        0.022858
FIRE2:  197 21:34:41    -5354.761719        0.022843
FIRE2:  198 21:34:42    -5354.761719        0.022826
FIRE2:  199 21:34:43    -5354.761719        0.022808
FIRE2:  200 21:34:43    -5354.761719        0.022790
FIRE2:  201 21:34:44    -5354.761719        0.022773
FIRE2:  202 21:34:44    -5354.761719        0.022757
FIRE2:  203 21:34:45    -5354.761719        0.022735
FIRE2:  204 21:34:45    -5354.761719        0.022712
FIRE2:  205 21:34:46    -5354.761719        0.022681
FIRE2:  206 21:34:47    -5354.762207        0.022650
FIRE2:  207 21:34:47    -5354.762695        0.022613
FIRE2:  208 21:34:48    -5354.762695        0.022574
FIRE2:  209 21:34:48    -5354.762695        0.022535
FIRE2:  210 21:34:49    -5354.762695        0.022497
FIRE2:  211 21:34:49    -5354.762695        0.022454
FIRE2:  212 21:34:50    -5354.762695        0.022406
FIRE2:  213 21:34:50    -5354.762695        0.022357
FIRE2:  214 21:34:51    -5354.762695        0.022305
FIRE2:  215 21:34:52    -5354.762695        0.022249
FIRE2:  216 21:34:52    -5354.763672        0.022190
FIRE2:  217 21:34:53    -5354.762695        0.022114
FIRE2:  218 21:34:53    -5354.763672        0.022032
FIRE2:  219 21:34:54    -5354.763672        0.021934
FIRE2:  220 21:34:54    -5354.763672        0.021820
FIRE2:  221 21:34:55    -5354.763672        0.021688
FIRE2:  222 21:34:55    -5354.764648        0.021533
FIRE2:  223 21:34:56    -5354.764648        0.021352
FIRE2:  224 21:34:57    -5354.764648        0.021141
FIRE2:  225 21:34:57    -5354.765625        0.020893
FIRE2:  226 21:34:58    -5354.766602        0.020606
FIRE2:  227 21:34:58    -5354.766602        0.020257
FIRE2:  228 21:34:59    -5354.767578        0.019915
FIRE2:  229 21:34:59    -5354.767578        0.019370
FIRE2:  230 21:35:00    -5354.767578        0.019535
FIRE2:  231 21:35:01    -5354.767578        0.019568
FIRE2:  232 21:35:02    -5354.767578        0.019556
FIRE2:  233 21:35:03    -5354.767578        0.019551
FIRE2:  234 21:35:03    -5354.768066        0.019545
FIRE2:  235 21:35:04    -5354.767578        0.019538
FIRE2:  236 21:35:04    -5354.768555        0.019526
FIRE2:  237 21:35:05    -5354.768555        0.019514
FIRE2:  238 21:35:05    -5354.768555        0.019500
FIRE2:  239 21:35:06    -5354.768555        0.019488
FIRE2:  240 21:35:06    -5354.768555        0.019472
FIRE2:  241 21:35:07    -5354.767578        0.019453
FIRE2:  242 21:35:08    -5354.768555        0.019433
FIRE2:  243 21:35:08    -5354.767578        0.019410
FIRE2:  244 21:35:09    -5354.768555        0.019386
FIRE2:  245 21:35:09    -5354.768555        0.019359
FIRE2:  246 21:35:10    -5354.768555        0.019332
FIRE2:  247 21:35:10    -5354.768555        0.019303
FIRE2:  248 21:35:11    -5354.768555        0.019272
FIRE2:  249 21:35:12    -5354.768555        0.019237
FIRE2:  250 21:35:12    -5354.768555        0.019204
FIRE2:  251 21:35:13    -5354.768555        0.019166
FIRE2:  252 21:35:13    -5354.768555        0.019130
FIRE2:  253 21:35:14    -5354.768555        0.019084
FIRE2:  254 21:35:14    -5354.768555        0.019034
FIRE2:  255 21:35:15    -5354.768555        0.018974
FIRE2:  256 21:35:15    -5354.769531        0.018906
FIRE2:  257 21:35:16    -5354.769531        0.018824
FIRE2:  258 21:35:17    -5354.769531        0.018729
FIRE2:  259 21:35:17    -5354.769531        0.018621
FIRE2:  260 21:35:18    -5354.769531        0.018492
FIRE2:  261 21:35:18    -5354.770020        0.018342
FIRE2:  262 21:35:19    -5354.770508        0.018165
FIRE2:  263 21:35:19    -5354.770508        0.017958
FIRE2:  264 21:35:20    -5354.771484        0.017716
FIRE2:  265 21:35:20    -5354.771484        0.017427
FIRE2:  266 21:35:21    -5354.772461        0.017116
FIRE2:  267 21:35:22    -5354.772461        0.016647
FIRE2:  268 21:35:22    -5354.772461        0.016517
FIRE2:  269 21:35:23    -5354.773438        0.016483
FIRE2:  270 21:35:24    -5354.773438        0.016386
FIRE2:  271 21:35:25    -5354.773438        0.016413
FIRE2:  272 21:35:25    -5354.773438        0.016422
FIRE2:  273 21:35:26    -5354.773438        0.016427
FIRE2:  274 21:35:26    -5354.773438        0.016429
FIRE2:  275 21:35:27    -5354.773438        0.016422
FIRE2:  276 21:35:27    -5354.773438        0.016410
FIRE2:  277 21:35:28    -5354.773438        0.016391
FIRE2:  278 21:35:29    -5354.773438        0.016371
FIRE2:  279 21:35:29    -5354.773438        0.016349
FIRE2:  280 21:35:30    -5354.773438        0.016330
FIRE2:  281 21:35:30    -5354.773438        0.016311
FIRE2:  282 21:35:31    -5354.773438        0.016295
FIRE2:  283 21:35:31    -5354.773438        0.016273
FIRE2:  284 21:35:32    -5354.773438        0.016245
FIRE2:  285 21:35:33    -5354.773438        0.016215
FIRE2:  286 21:35:33    -5354.773438        0.016186
FIRE2:  287 21:35:34    -5354.773438        0.016155
FIRE2:  288 21:35:34    -5354.773438        0.016125
FIRE2:  289 21:35:35    -5354.774414        0.016091
FIRE2:  290 21:35:35    -5354.774414        0.016055
FIRE2:  291 21:35:36    -5354.774414        0.016017
FIRE2:  292 21:35:36    -5354.774414        0.015971
FIRE2:  293 21:35:37    -5354.774414        0.015923
FIRE2:  294 21:35:38    -5354.774414        0.015865
FIRE2:  295 21:35:38    -5354.774414        0.015796
FIRE2:  296 21:35:39    -5354.774414        0.015716
FIRE2:  297 21:35:39    -5354.774414        0.015625
FIRE2:  298 21:35:40    -5354.775391        0.015515
FIRE2:  299 21:35:40    -5354.775391        0.015390
FIRE2:  300 21:35:41    -5354.775391        0.015242
FIRE2:  301 21:35:41    -5354.775391        0.015066
FIRE2:  302 21:35:42    -5354.775391        0.014875
FIRE2:  303 21:35:43    -5354.776367        0.014600
FIRE2:  304 21:35:43    -5354.776367        0.014469
FIRE2:  305 21:35:44    -5354.776367        0.014478
FIRE2:  306 21:35:45    -5354.776367        0.014438
FIRE2:  307 21:35:46    -5354.776367        0.014448
FIRE2:  308 21:35:46    -5354.776367        0.014446
FIRE2:  309 21:35:47    -5354.776367        0.014443
FIRE2:  310 21:35:47    -5354.776367        0.014440
FIRE2:  311 21:35:48    -5354.776367        0.014434
FIRE2:  312 21:35:49    -5354.776367        0.014428
FIRE2:  313 21:35:49    -5354.776367        0.014420
FIRE2:  314 21:35:50    -5354.776367        0.014410
FIRE2:  315 21:35:50    -5354.776367        0.014399
FIRE2:  316 21:35:51    -5354.776367        0.014388
FIRE2:  317 21:35:51    -5354.776367        0.014375
FIRE2:  318 21:35:52    -5354.776367        0.014362
FIRE2:  319 21:35:53    -5354.776367        0.014348
FIRE2:  320 21:35:53    -5354.776367        0.014332
FIRE2:  321 21:35:54    -5354.776367        0.014314
FIRE2:  322 21:35:54    -5354.776367        0.014296
FIRE2:  323 21:35:55    -5354.776367        0.014276
FIRE2:  324 21:35:55    -5354.776367        0.014256
FIRE2:  325 21:35:56    -5354.777344        0.014235
FIRE2:  326 21:35:56    -5354.777344        0.014214
FIRE2:  327 21:35:57    -5354.777344        0.014191
FIRE2:  328 21:35:58    -5354.777344        0.014163
FIRE2:  329 21:35:58    -5354.777344        0.014132
FIRE2:  330 21:35:59    -5354.777344        0.014093
FIRE2:  331 21:35:59    -5354.777344        0.014052
FIRE2:  332 21:36:00    -5354.777344        0.014002
FIRE2:  333 21:36:00    -5354.777344        0.013945
FIRE2:  334 21:36:01    -5354.777344        0.013878
FIRE2:  335 21:36:02    -5354.777344        0.013797
FIRE2:  336 21:36:02    -5354.777344        0.013704
FIRE2:  337 21:36:03    -5354.778320        0.013598
FIRE2:  338 21:36:03    -5354.778320        0.013468
FIRE2:  339 21:36:04    -5354.778320        0.013319
FIRE2:  340 21:36:04    -5354.778320        0.013139
FIRE2:  341 21:36:05    -5354.779297        0.012940
FIRE2:  342 21:36:05    -5354.779297        0.012654
FIRE2:  343 21:36:06    -5354.779297        0.012572
FIRE2:  344 21:36:07    -5354.779297        0.012529
FIRE2:  345 21:36:08    -5354.779297        0.012440
FIRE2:  346 21:36:09    -5354.779297        0.012467
FIRE2:  347 21:36:09    -5354.779297        0.012472
FIRE2:  348 21:36:10    -5354.779297        0.012477
FIRE2:  349 21:36:10    -5354.779297        0.012479
FIRE2:  350 21:36:11    -5354.779297        0.012480
FIRE2:  351 21:36:11    -5354.779297        0.012471
FIRE2:  352 21:36:12    -5354.779297        0.012459
FIRE2:  353 21:36:13    -5354.779297        0.012444
FIRE2:  354 21:36:13    -5354.779297        0.012428
FIRE2:  355 21:36:14    -5354.779297        0.012417
FIRE2:  356 21:36:14    -5354.779297        0.012404
FIRE2:  357 21:36:15    -5354.779297        0.012394
FIRE2:  358 21:36:15    -5354.779297        0.012380
FIRE2:  359 21:36:16    -5354.779785        0.012364
FIRE2:  360 21:36:16    -5354.780273        0.012343
FIRE2:  361 21:36:17    -5354.780273        0.012322
FIRE2:  362 21:36:18    -5354.780273        0.012304
FIRE2:  363 21:36:18    -5354.780273        0.012282
FIRE2:  364 21:36:19    -5354.780273        0.012262
FIRE2:  365 21:36:19    -5354.780273        0.012238
FIRE2:  366 21:36:20    -5354.780273        0.012213
FIRE2:  367 21:36:20    -5354.780273        0.012184
FIRE2:  368 21:36:21    -5354.780273        0.012151
FIRE2:  369 21:36:21    -5354.780273        0.012114
FIRE2:  370 21:36:22    -5354.780273        0.012068
FIRE2:  371 21:36:23    -5354.780273        0.012014
FIRE2:  372 21:36:23    -5354.780273        0.011955
FIRE2:  373 21:36:24    -5354.780273        0.011884
FIRE2:  374 21:36:24    -5354.781250        0.011800
FIRE2:  375 21:36:25    -5354.781250        0.011705
FIRE2:  376 21:36:25    -5354.781250        0.011587
FIRE2:  377 21:36:26    -5354.781250        0.011465
FIRE2:  378 21:36:27    -5354.781250        0.011278
FIRE2:  379 21:36:27    -5354.781250        0.011207
FIRE2:  380 21:36:28    -5354.781250        0.011207
FIRE2:  381 21:36:29    -5354.781250        0.011176
FIRE2:  382 21:36:30    -5354.781250        0.011183
FIRE2:  383 21:36:30    -5354.781250        0.011182
FIRE2:  384 21:36:31    -5354.781250        0.011181
FIRE2:  385 21:36:31    -5354.782227        0.011178
FIRE2:  386 21:36:32    -5354.782227        0.011173
FIRE2:  387 21:36:33    -5354.781250        0.011169
FIRE2:  388 21:36:33    -5354.781250        0.011163
FIRE2:  389 21:36:34    -5354.781250        0.011158
FIRE2:  390 21:36:34    -5354.781250        0.011151
FIRE2:  391 21:36:35    -5354.781250        0.011144
FIRE2:  392 21:36:35    -5354.781250        0.011134
FIRE2:  393 21:36:36    -5354.781250        0.011124
FIRE2:  394 21:36:36    -5354.781250        0.011115
FIRE2:  395 21:36:37    -5354.781250        0.011105
FIRE2:  396 21:36:38    -5354.781250        0.011094
FIRE2:  397 21:36:38    -5354.781250        0.011082
FIRE2:  398 21:36:39    -5354.782227        0.011069
FIRE2:  399 21:36:39    -5354.781738        0.011056
FIRE2:  400 21:36:40    -5354.782227        0.011041
FIRE2:  401 21:36:40    -5354.782227        0.011026
FIRE2:  402 21:36:41    -5354.782227        0.011009
FIRE2:  403 21:36:42    -5354.782227        0.010991
FIRE2:  404 21:36:42    -5354.782227        0.010971
FIRE2:  405 21:36:43    -5354.782227        0.010944
FIRE2:  406 21:36:43    -5354.782227        0.010917
FIRE2:  407 21:36:44    -5354.782227        0.010882
FIRE2:  408 21:36:44    -5354.782227        0.010844
FIRE2:  409 21:36:45    -5354.782227        0.010798
FIRE2:  410 21:36:46    -5354.782227        0.010746
FIRE2:  411 21:36:46    -5354.782227        0.010681
FIRE2:  412 21:36:47    -5354.782227        0.010608
FIRE2:  413 21:36:47    -5354.782715        0.010522
FIRE2:  414 21:36:48    -5354.782715        0.010418
FIRE2:  415 21:36:48    -5354.783203        0.010299
FIRE2:  416 21:36:49    -5354.783203        0.010154
FIRE2:  417 21:36:49    -5354.783203        0.010022
FIRE2:  418 21:36:50    -5354.783691        0.009763
FIRE2:  419 21:36:51    -5354.783203        0.009855
FIRE2:  420 21:36:52    -5354.783203        0.009885
FIRE2:  421 21:36:53    -5354.783203        0.009876
FIRE2:  422 21:36:53    -5354.783203        0.009868
FIRE2:  423 21:36:54    -5354.783203        0.009862
FIRE2:  424 21:36:54    -5354.783203        0.009851
FIRE2:  425 21:36:55    -5354.783203        0.009845
FIRE2:  426 21:36:55    -5354.783203        0.009840
FIRE2:  427 21:36:56    -5354.783203        0.009836
FIRE2:  428 21:36:57    -5354.783203        0.009833
FIRE2:  429 21:36:57    -5354.783203        0.009828
FIRE2:  430 21:36:58    -5354.783203        0.009818
FIRE2:  431 21:36:58    -5354.783203        0.009808
FIRE2:  432 21:36:59    -5354.783203        0.009795
FIRE2:  433 21:36:59    -5354.783203        0.009784
FIRE2:  434 21:37:00    -5354.784180        0.009773
FIRE2:  435 21:37:01    -5354.784180        0.009762
FIRE2:  436 21:37:01    -5354.784180        0.009749
FIRE2:  437 21:37:02    -5354.784180        0.009734
FIRE2:  438 21:37:02    -5354.784180        0.009719
FIRE2:  439 21:37:03    -5354.784180        0.009703
FIRE2:  440 21:37:03    -5354.784180        0.009686
FIRE2:  441 21:37:04    -5354.784180        0.009668
FIRE2:  442 21:37:05    -5354.784180        0.009648
FIRE2:  443 21:37:05    -5354.784180        0.009625
FIRE2:  444 21:37:06    -5354.784180        0.009598
FIRE2:  445 21:37:06    -5354.784180        0.009567
FIRE2:  446 21:37:07    -5354.784180        0.009531
FIRE2:  447 21:37:07    -5354.784180        0.009487
FIRE2:  448 21:37:08    -5354.784180        0.009436
FIRE2:  449 21:37:09    -5354.784180        0.009379
FIRE2:  450 21:37:09    -5354.784180        0.009308
FIRE2:  451 21:37:10    -5354.784180        0.009231
FIRE2:  452 21:37:10    -5354.784180        0.009128
FIRE2:  453 21:37:11    -5354.785156        0.009049
FIRE2:  454 21:37:11    -5354.785156        0.008877
FIRE2:  455 21:37:13    -5354.785156        0.008929
FIRE2:  456 21:37:13    -5354.785156        0.008943
FIRE2:  457 21:37:14    -5354.785156        0.008940
FIRE2:  458 21:37:15    -5354.785156        0.008939
FIRE2:  459 21:37:15    -5354.785156        0.008936
FIRE2:  460 21:37:16    -5354.785156        0.008933
FIRE2:  461 21:37:16    -5354.785156        0.008932
FIRE2:  462 21:37:17    -5354.785156        0.008928
FIRE2:  463 21:37:18    -5354.785156        0.008925
FIRE2:  464 21:37:18    -5354.785156        0.008920
FIRE2:  465 21:37:19    -5354.785156        0.008915
FIRE2:  466 21:37:19    -5354.785156        0.008909
FIRE2:  467 21:37:20    -5354.785156        0.008904
FIRE2:  468 21:37:21    -5354.785156        0.008897
FIRE2:  469 21:37:21    -5354.785156        0.008891
FIRE2:  470 21:37:22    -5354.785156        0.008882
FIRE2:  471 21:37:22    -5354.785156        0.008873
FIRE2:  472 21:37:23    -5354.785156        0.008865
FIRE2:  473 21:37:24    -5354.785156        0.008856
FIRE2:  474 21:37:24    -5354.785156        0.008846
FIRE2:  475 21:37:25    -5354.785156        0.008836
FIRE2:  476 21:37:25    -5354.785156        0.008823
FIRE2:  477 21:37:26    -5354.785156        0.008811
FIRE2:  478 21:37:26    -5354.785156        0.008798
FIRE2:  479 21:37:27    -5354.785156        0.008783
FIRE2:  480 21:37:28    -5354.785156        0.008764
FIRE2:  481 21:37:28    -5354.785156        0.008744
FIRE2:  482 21:37:29    -5354.785156        0.008720
FIRE2:  483 21:37:29    -5354.785156        0.008692
FIRE2:  484 21:37:30    -5354.785156        0.008659
FIRE2:  485 21:37:31    -5354.785156        0.008620
FIRE2:  486 21:37:31    -5354.785156        0.008574
FIRE2:  487 21:37:32    -5354.785156        0.008520
FIRE2:  488 21:37:32    -5354.785156        0.008456
FIRE2:  489 21:37:33    -5354.786133        0.008381
FIRE2:  490 21:37:33    -5354.786133        0.008290
FIRE2:  491 21:37:34    -5354.786133        0.008204
FIRE2:  492 21:37:35    -5354.786133        0.008041
FIRE2:  493 21:37:36    -5354.786133        0.008096
FIRE2:  494 21:37:36    -5354.786133        0.008109
FIRE2:  495 21:37:37    -5354.786133        0.008103
FIRE2:  496 21:37:38    -5354.786133        0.008102
FIRE2:  497 21:37:38    -5354.786133        0.008100
FIRE2:  498 21:37:39    -5354.786133        0.008096
FIRE2:  499 21:37:40    -5354.786133        0.008095
FIRE2:  500 21:37:40    -5354.786133        0.008090
FIRE2:  501 21:37:41    -5354.786133        0.008086
FIRE2:  502 21:37:41    -5354.786133        0.008083
FIRE2:  503 21:37:42    -5354.786133        0.008078
FIRE2:  504 21:37:42    -5354.786133        0.008072
FIRE2:  505 21:37:43    -5354.786133        0.008066
FIRE2:  506 21:37:44    -5354.786133        0.008060
FIRE2:  507 21:37:44    -5354.786133        0.008053
FIRE2:  508 21:37:45    -5354.786133        0.008045
FIRE2:  509 21:37:45    -5354.786133        0.008038
FIRE2:  510 21:37:46    -5354.786133        0.008029
FIRE2:  511 21:37:47    -5354.786133        0.008021
FIRE2:  512 21:37:47    -5354.786133        0.008011
FIRE2:  513 21:37:48    -5354.786133        0.008001
FIRE2:  514 21:37:48    -5354.786133        0.007992
FIRE2:  515 21:37:49    -5354.786133        0.007979
FIRE2:  516 21:37:49    -5354.786133        0.007966
FIRE2:  517 21:37:50    -5354.786133        0.007952
FIRE2:  518 21:37:51    -5354.786133        0.007936
FIRE2:  519 21:37:51    -5354.786133        0.007915
FIRE2:  520 21:37:52    -5354.786133        0.007891
FIRE2:  521 21:37:52    -5354.786133        0.007863
FIRE2:  522 21:37:53    -5354.786133        0.007830
FIRE2:  523 21:37:54    -5354.786133        0.007794
FIRE2:  524 21:37:54    -5354.786133        0.007750
FIRE2:  525 21:37:55    -5354.786133        0.007696
FIRE2:  526 21:37:55    -5354.786133        0.007635
FIRE2:  527 21:37:56    -5354.787109        0.007566
FIRE2:  528 21:37:56    -5354.787109        0.007476
FIRE2:  529 21:37:57    -5354.787109        0.007399
FIRE2:  530 21:37:58    -5354.787109        0.007222
FIRE2:  531 21:37:59    -5354.787109        0.007285
FIRE2:  532 21:37:59    -5354.787109        0.007310
FIRE2:  533 21:38:00    -5354.787109        0.007302
FIRE2:  534 21:38:01    -5354.787109        0.007299
FIRE2:  535 21:38:01    -5354.787109        0.007295
FIRE2:  536 21:38:02    -5354.787109        0.007292
FIRE2:  537 21:38:03    -5354.787109        0.007287
FIRE2:  538 21:38:03    -5354.787109        0.007284
FIRE2:  539 21:38:04    -5354.787109        0.007280
FIRE2:  540 21:38:04    -5354.787109        0.007278
FIRE2:  541 21:38:05    -5354.787109        0.007274
FIRE2:  542 21:38:05    -5354.787109        0.007270
FIRE2:  543 21:38:06    -5354.787109        0.007264
FIRE2:  544 21:38:07    -5354.787109        0.007258
FIRE2:  545 21:38:07    -5354.787109        0.007249
FIRE2:  546 21:38:08    -5354.787109        0.007242
FIRE2:  547 21:38:08    -5354.787109        0.007236
FIRE2:  548 21:38:09    -5354.787109        0.007228
FIRE2:  549 21:38:09    -5354.787109        0.007219
FIRE2:  550 21:38:10    -5354.787109        0.007209
FIRE2:  551 21:38:11    -5354.787109        0.007199
FIRE2:  552 21:38:11    -5354.787109        0.007188
FIRE2:  553 21:38:12    -5354.787109        0.007179
FIRE2:  554 21:38:12    -5354.787109        0.007166
FIRE2:  555 21:38:13    -5354.787109        0.007152
FIRE2:  556 21:38:14    -5354.787109        0.007135
FIRE2:  557 21:38:14    -5354.787109        0.007115
FIRE2:  558 21:38:15    -5354.787109        0.007095
FIRE2:  559 21:38:15    -5354.787109        0.007068
FIRE2:  560 21:38:16    -5354.787109        0.007036
FIRE2:  561 21:38:16    -5354.787109        0.007000
FIRE2:  562 21:38:17    -5354.787109        0.006958
FIRE2:  563 21:38:18    -5354.787109        0.006908
FIRE2:  564 21:38:18    -5354.788086        0.006851
FIRE2:  565 21:38:19    -5354.788086        0.006778
FIRE2:  566 21:38:19    -5354.787109        0.006705
FIRE2:  567 21:38:20    -5354.788086        0.006595
FIRE2:  568 21:38:21    -5354.788086        0.006628
FIRE2:  569 21:38:22    -5354.788086        0.006635
FIRE2:  570 21:38:23    -5354.788086        0.006632
FIRE2:  571 21:38:23    -5354.788086        0.006629
FIRE2:  572 21:38:24    -5354.788086        0.006629
FIRE2:  573 21:38:24    -5354.788086        0.006628
FIRE2:  574 21:38:25    -5354.788086        0.006625
FIRE2:  575 21:38:25    -5354.788086        0.006623
FIRE2:  576 21:38:26    -5354.788086        0.006621
FIRE2:  577 21:38:27    -5354.788086        0.006617
FIRE2:  578 21:38:27    -5354.788086        0.006613
FIRE2:  579 21:38:28    -5354.788086        0.006610
FIRE2:  580 21:38:28    -5354.788086        0.006604
FIRE2:  581 21:38:29    -5354.788086        0.006600
FIRE2:  582 21:38:30    -5354.788086        0.006594
FIRE2:  583 21:38:30    -5354.788086        0.006587
FIRE2:  584 21:38:31    -5354.788086        0.006584
FIRE2:  585 21:38:31    -5354.788086        0.006576
FIRE2:  586 21:38:32    -5354.788086        0.006571
FIRE2:  587 21:38:32    -5354.788086        0.006562
FIRE2:  588 21:38:33    -5354.788086        0.006553
FIRE2:  589 21:38:34    -5354.788086        0.006546
FIRE2:  590 21:38:34    -5354.788086        0.006537
FIRE2:  591 21:38:35    -5354.788086        0.006525
FIRE2:  592 21:38:35    -5354.788086        0.006514
FIRE2:  593 21:38:36    -5354.788086        0.006502
FIRE2:  594 21:38:36    -5354.788086        0.006486
FIRE2:  595 21:38:37    -5354.788086        0.006467
FIRE2:  596 21:38:38    -5354.788086        0.006446
FIRE2:  597 21:38:38    -5354.788086        0.006422
FIRE2:  598 21:38:39    -5354.788086        0.006394
FIRE2:  599 21:38:39    -5354.788086        0.006359
FIRE2:  600 21:38:40    -5354.788086        0.006318
FIRE2:  601 21:38:41    -5354.788086        0.006270
FIRE2:  602 21:38:41    -5354.788086        0.006214
FIRE2:  603 21:38:42    -5354.788086        0.006149
FIRE2:  604 21:38:42    -5354.788086        0.006076
FIRE2:  605 21:38:43    -5354.788086        0.005969
FIRE2:  606 21:38:44    -5354.788086        0.006002
FIRE2:  607 21:38:44    -5354.788086        0.006008
FIRE2:  608 21:38:45    -5354.788086        0.006007
FIRE2:  609 21:38:46    -5354.788086        0.006004
FIRE2:  610 21:38:47    -5354.788086        0.006002
FIRE2:  611 21:38:47    -5354.788086        0.006001
FIRE2:  612 21:38:48    -5354.788086        0.005998
FIRE2:  613 21:38:48    -5354.788086        0.005995
FIRE2:  614 21:38:49    -5354.788086        0.005992
FIRE2:  615 21:38:50    -5354.788086        0.005989
FIRE2:  616 21:38:50    -5354.788086        0.005985
FIRE2:  617 21:38:51    -5354.788086        0.005983
FIRE2:  618 21:38:51    -5354.788574        0.005978
FIRE2:  619 21:38:52    -5354.788086        0.005972
FIRE2:  620 21:38:52    -5354.788086        0.005967
FIRE2:  621 21:38:53    -5354.788086        0.005960
FIRE2:  622 21:38:54    -5354.788086        0.005956
FIRE2:  623 21:38:54    -5354.788086        0.005949
FIRE2:  624 21:38:55    -5354.788086        0.005943
FIRE2:  625 21:38:55    -5354.789062        0.005936
FIRE2:  626 21:38:56    -5354.788086        0.005928
FIRE2:  627 21:38:57    -5354.788086        0.005919
FIRE2:  628 21:38:57    -5354.788086        0.005911
FIRE2:  629 21:38:58    -5354.788574        0.005902
FIRE2:  630 21:38:58    -5354.788086        0.005890
FIRE2:  631 21:38:59    -5354.788086        0.005878
FIRE2:  632 21:38:59    -5354.788574        0.005862
FIRE2:  633 21:39:00    -5354.789062        0.005846
FIRE2:  634 21:39:01    -5354.789062        0.005824
FIRE2:  635 21:39:01    -5354.789062        0.005799
FIRE2:  636 21:39:02    -5354.789062        0.005771
FIRE2:  637 21:39:02    -5354.789062        0.005737
FIRE2:  638 21:39:03    -5354.789062        0.005699
FIRE2:  639 21:39:04    -5354.789062        0.005651
FIRE2:  640 21:39:04    -5354.789062        0.005598
FIRE2:  641 21:39:05    -5354.789062        0.005533
FIRE2:  642 21:39:05    -5354.789062        0.005458
FIRE2:  643 21:39:06    -5354.789062        0.005361
FIRE2:  644 21:39:06    -5354.789062        0.005308
FIRE2:  645 21:39:07    -5354.789062        0.005311
FIRE2:  646 21:39:08    -5354.789062        0.005294
FIRE2:  647 21:39:09    -5354.789062        0.005300
FIRE2:  648 21:39:10    -5354.789062        0.005301
FIRE2:  649 21:39:10    -5354.789062        0.005302
FIRE2:  650 21:39:11    -5354.789062        0.005300
FIRE2:  651 21:39:11    -5354.789062        0.005298
FIRE2:  652 21:39:12    -5354.789062        0.005294
FIRE2:  653 21:39:13    -5354.789062        0.005290
FIRE2:  654 21:39:13    -5354.789062        0.005287
FIRE2:  655 21:39:14    -5354.789062        0.005281
FIRE2:  656 21:39:14    -5354.789062        0.005277
FIRE2:  657 21:39:15    -5354.789062        0.005273
FIRE2:  658 21:39:15    -5354.789062        0.005268
FIRE2:  659 21:39:16    -5354.789062        0.005263
FIRE2:  660 21:39:17    -5354.789062        0.005256
FIRE2:  661 21:39:17    -5354.789062        0.005248
FIRE2:  662 21:39:18    -5354.789062        0.005243
FIRE2:  663 21:39:18    -5354.789062        0.005235
FIRE2:  664 21:39:19    -5354.789062        0.005227
FIRE2:  665 21:39:20    -5354.789062        0.005218
FIRE2:  666 21:39:20    -5354.789062        0.005210
FIRE2:  667 21:39:21    -5354.789062        0.005200
FIRE2:  668 21:39:21    -5354.789062        0.005190
FIRE2:  669 21:39:22    -5354.789062        0.005176
FIRE2:  670 21:39:22    -5354.789062        0.005163
FIRE2:  671 21:39:23    -5354.789062        0.005146
FIRE2:  672 21:39:24    -5354.789062        0.005127
FIRE2:  673 21:39:24    -5354.789062        0.005102
FIRE2:  674 21:39:25    -5354.789062        0.005076
FIRE2:  675 21:39:25    -5354.789062        0.005044
FIRE2:  676 21:39:26    -5354.789062        0.005006
FIRE2:  677 21:39:27    -5354.789062        0.004963
FIRE2:  678 21:39:27    -5354.790039        0.004912
FIRE2:  679 21:39:28    -5354.789551        0.004856
FIRE2:  680 21:39:28    -5354.790039        0.004788
FIRE2:  681 21:39:29    -5354.790039        0.004808
FIRE2:  682 21:39:30    -5354.790039        0.004808
FIRE2:  683 21:39:31    -5354.789062        0.004808
FIRE2:  684 21:39:32    -5354.790039        0.004809
FIRE2:  685 21:39:32    -5354.790039        0.004806
FIRE2:  686 21:39:33    -5354.790039        0.004804
FIRE2:  687 21:39:33    -5354.789062        0.004803
FIRE2:  688 21:39:34    -5354.790039        0.004799
FIRE2:  689 21:39:34    -5354.790039        0.004798
FIRE2:  690 21:39:35    -5354.789551        0.004794
FIRE2:  691 21:39:36    -5354.790039        0.004792
FIRE2:  692 21:39:36    -5354.790039        0.004790
FIRE2:  693 21:39:37    -5354.790039        0.004787
FIRE2:  694 21:39:37    -5354.790039        0.004782
FIRE2:  695 21:39:38    -5354.790039        0.004777
FIRE2:  696 21:39:39    -5354.790039        0.004774
FIRE2:  697 21:39:39    -5354.790039        0.004770
FIRE2:  698 21:39:40    -5354.790039        0.004765
FIRE2:  699 21:39:40    -5354.790039        0.004760
FIRE2:  700 21:39:41    -5354.790039        0.004754
FIRE2:  701 21:39:41    -5354.790039        0.004747
FIRE2:  702 21:39:42    -5354.790039        0.004742
FIRE2:  703 21:39:43    -5354.790039        0.004736
FIRE2:  704 21:39:43    -5354.790039        0.004727
FIRE2:  705 21:39:44    -5354.790039        0.004718
FIRE2:  706 21:39:44    -5354.790039        0.004709
FIRE2:  707 21:39:45    -5354.790039        0.004698
FIRE2:  708 21:39:46    -5354.790039        0.004683
FIRE2:  709 21:39:46    -5354.790039        0.004666
FIRE2:  710 21:39:47    -5354.790039        0.004649
FIRE2:  711 21:39:47    -5354.790039        0.004627
FIRE2:  712 21:39:48    -5354.790039        0.004601
FIRE2:  713 21:39:48    -5354.790039        0.004571
FIRE2:  714 21:39:49    -5354.790039        0.004536
FIRE2:  715 21:39:50    -5354.790039        0.004492
FIRE2:  716 21:39:50    -5354.790039        0.004447
FIRE2:  717 21:39:51    -5354.790039        0.004376
FIRE2:  718 21:39:51    -5354.790039        0.004357
FIRE2:  719 21:39:52    -5354.790039        0.004353
FIRE2:  720 21:39:53    -5354.790039        0.004339
FIRE2:  721 21:39:54    -5354.790039        0.004344
FIRE2:  722 21:39:55    -5354.790039        0.004342
FIRE2:  723 21:39:55    -5354.790039        0.004342
FIRE2:  724 21:39:56    -5354.790039        0.004342
FIRE2:  725 21:39:56    -5354.790039        0.004342
FIRE2:  726 21:39:57    -5354.790039        0.004341
FIRE2:  727 21:39:58    -5354.790039        0.004338
FIRE2:  728 21:39:58    -5354.790039        0.004334
FIRE2:  729 21:39:59    -5354.790039        0.004332
FIRE2:  730 21:39:59    -5354.790039        0.004329
FIRE2:  731 21:40:00    -5354.790039        0.004324
FIRE2:  732 21:40:00    -5354.790039        0.004321
FIRE2:  733 21:40:01    -5354.790039        0.004318
FIRE2:  734 21:40:02    -5354.790039        0.004313
FIRE2:  735 21:40:02    -5354.790039        0.004308
FIRE2:  736 21:40:03    -5354.790039        0.004304
FIRE2:  737 21:40:03    -5354.790039        0.004298
FIRE2:  738 21:40:04    -5354.790039        0.004293
FIRE2:  739 21:40:04    -5354.790039        0.004286
FIRE2:  740 21:40:05    -5354.790039        0.004281
FIRE2:  741 21:40:06    -5354.790039        0.004275
FIRE2:  742 21:40:06    -5354.790039        0.004267
FIRE2:  743 21:40:07    -5354.790039        0.004257
FIRE2:  744 21:40:07    -5354.790039        0.004250
FIRE2:  745 21:40:08    -5354.790039        0.004237
FIRE2:  746 21:40:09    -5354.790039        0.004223
FIRE2:  747 21:40:09    -5354.790039        0.004208
FIRE2:  748 21:40:10    -5354.790039        0.004191
FIRE2:  749 21:40:10    -5354.790039        0.004166
FIRE2:  750 21:40:11    -5354.790039        0.004143
FIRE2:  751 21:40:11    -5354.790039        0.004113
FIRE2:  752 21:40:12    -5354.790039        0.004079
FIRE2:  753 21:40:13    -5354.790039        0.004033
FIRE2:  754 21:40:13    -5354.790039        0.004004
FIRE2:  755 21:40:14    -5354.790039        0.003916
FIRE2:  756 21:40:15    -5354.791016        0.003946
FIRE2:  757 21:40:15    -5354.790039        0.003955
FIRE2:  758 21:40:16    -5354.790527        0.003954
FIRE2:  759 21:40:17    -5354.790039        0.003951
FIRE2:  760 21:40:18    -5354.790039        0.003950
FIRE2:  761 21:40:18    -5354.790039        0.003948
FIRE2:  762 21:40:19    -5354.790039        0.003946
FIRE2:  763 21:40:19    -5354.790039        0.003945
FIRE2:  764 21:40:20    -5354.790039        0.003944
FIRE2:  765 21:40:20    -5354.790039        0.003943
FIRE2:  766 21:40:21    -5354.790039        0.003941
FIRE2:  767 21:40:22    -5354.790039        0.003938
FIRE2:  768 21:40:22    -5354.790039        0.003935
FIRE2:  769 21:40:23    -5354.790039        0.003933
FIRE2:  770 21:40:23    -5354.790039        0.003930
FIRE2:  771 21:40:24    -5354.790039        0.003926
FIRE2:  772 21:40:25    -5354.790039        0.003923
FIRE2:  773 21:40:25    -5354.790039        0.003918
FIRE2:  774 21:40:26    -5354.790039        0.003914
FIRE2:  775 21:40:26    -5354.790039        0.003909
FIRE2:  776 21:40:27    -5354.790039        0.003905
FIRE2:  777 21:40:27    -5354.790039        0.003900
FIRE2:  778 21:40:28    -5354.790039        0.003894
FIRE2:  779 21:40:29    -5354.790039        0.003888
FIRE2:  780 21:40:29    -5354.790039        0.003882
FIRE2:  781 21:40:30    -5354.790039        0.003874
FIRE2:  782 21:40:30    -5354.790039        0.003863
FIRE2:  783 21:40:31    -5354.790039        0.003851
FIRE2:  784 21:40:31    -5354.790039        0.003839
FIRE2:  785 21:40:32    -5354.790039        0.003824
FIRE2:  786 21:40:33    -5354.790039        0.003807
FIRE2:  787 21:40:33    -5354.790039        0.003786
FIRE2:  788 21:40:34    -5354.790039        0.003762
FIRE2:  789 21:40:34    -5354.790039        0.003734
FIRE2:  790 21:40:35    -5354.791016        0.003699
FIRE2:  791 21:40:36    -5354.791016        0.003661
FIRE2:  792 21:40:36    -5354.791016        0.003606
FIRE2:  793 21:40:37    -5354.791016        0.003581
FIRE2:  794 21:40:38    -5354.791016        0.003581
FIRE2:  795 21:40:38    -5354.791016        0.003573
FIRE2:  796 21:40:39    -5354.791016        0.003576
FIRE2:  797 21:40:40    -5354.791016        0.003576
FIRE2:  798 21:40:41    -5354.791016        0.003575
FIRE2:  799 21:40:41    -5354.791016        0.003575
FIRE2:  800 21:40:42    -5354.791016        0.003574
FIRE2:  801 21:40:42    -5354.791016        0.003573
FIRE2:  802 21:40:43    -5354.791016        0.003570
FIRE2:  803 21:40:43    -5354.791016        0.003568
FIRE2:  804 21:40:44    -5354.791016        0.003564
FIRE2:  805 21:40:45    -5354.791016        0.003562
FIRE2:  806 21:40:45    -5354.791016        0.003559
FIRE2:  807 21:40:46    -5354.791016        0.003557
FIRE2:  808 21:40:46    -5354.790527        0.003554
FIRE2:  809 21:40:47    -5354.790527        0.003550
FIRE2:  810 21:40:47    -5354.791016        0.003547
FIRE2:  811 21:40:48    -5354.791016        0.003543
FIRE2:  812 21:40:49    -5354.791016        0.003539
FIRE2:  813 21:40:49    -5354.791016        0.003534
FIRE2:  814 21:40:50    -5354.791016        0.003531
FIRE2:  815 21:40:50    -5354.791016        0.003525
FIRE2:  816 21:40:51    -5354.791016        0.003520
FIRE2:  817 21:40:52    -5354.791016        0.003515
FIRE2:  818 21:40:52    -5354.791016        0.003506
FIRE2:  819 21:40:53    -5354.791016        0.003498
FIRE2:  820 21:40:53    -5354.791016        0.003491
FIRE2:  821 21:40:54    -5354.791016        0.003478
FIRE2:  822 21:40:54    -5354.791016        0.003467
FIRE2:  823 21:40:55    -5354.791016        0.003452
FIRE2:  824 21:40:56    -5354.791016        0.003435
FIRE2:  825 21:40:56    -5354.791016        0.003416
FIRE2:  826 21:40:57    -5354.791016        0.003390
FIRE2:  827 21:40:57    -5354.791016        0.003363
FIRE2:  828 21:40:58    -5354.791016        0.003327
FIRE2:  829 21:40:58    -5354.791016        0.003302
FIRE2:  830 21:40:59    -5354.791016        0.003231
FIRE2:  831 21:41:00    -5354.791016        0.003255
FIRE2:  832 21:41:01    -5354.791016        0.003264
FIRE2:  833 21:41:02    -5354.791016        0.003262
FIRE2:  834 21:41:02    -5354.791016        0.003261
FIRE2:  835 21:41:03    -5354.791016        0.003259
FIRE2:  836 21:41:03    -5354.791016        0.003258
FIRE2:  837 21:41:04    -5354.791016        0.003255
FIRE2:  838 21:41:05    -5354.791016        0.003255
FIRE2:  839 21:41:05    -5354.791016        0.003253
FIRE2:  840 21:41:06    -5354.791016        0.003252
FIRE2:  841 21:41:06    -5354.791016        0.003250
FIRE2:  842 21:41:07    -5354.791016        0.003250
FIRE2:  843 21:41:08    -5354.791016        0.003246
FIRE2:  844 21:41:08    -5354.791016        0.003243
FIRE2:  845 21:41:09    -5354.791016        0.003242
FIRE2:  846 21:41:09    -5354.791016        0.003238
FIRE2:  847 21:41:10    -5354.791016        0.003236
FIRE2:  848 21:41:10    -5354.791016        0.003233
FIRE2:  849 21:41:11    -5354.791016        0.003229
FIRE2:  850 21:41:12    -5354.791016        0.003225
FIRE2:  851 21:41:12    -5354.791016        0.003221
FIRE2:  852 21:41:13    -5354.791016        0.003217
FIRE2:  853 21:41:13    -5354.791016        0.003214
FIRE2:  854 21:41:14    -5354.791016        0.003210
FIRE2:  855 21:41:15    -5354.791016        0.003204
FIRE2:  856 21:41:15    -5354.791016        0.003197
FIRE2:  857 21:41:16    -5354.791016        0.003190
FIRE2:  858 21:41:16    -5354.791016        0.003181
FIRE2:  859 21:41:17    -5354.791016        0.003171
FIRE2:  860 21:41:17    -5354.791016        0.003157
FIRE2:  861 21:41:18    -5354.791016        0.003143
FIRE2:  862 21:41:19    -5354.791016        0.003126
FIRE2:  863 21:41:19    -5354.791016        0.003107
FIRE2:  864 21:41:20    -5354.791016        0.003085
FIRE2:  865 21:41:20    -5354.791016        0.003055
FIRE2:  866 21:41:21    -5354.791016        0.003024
FIRE2:  867 21:41:21    -5354.791016        0.002977
FIRE2:  868 21:41:22    -5354.791016        0.002969
FIRE2:  869 21:41:23    -5354.791016        0.002961
FIRE2:  870 21:41:24    -5354.791016        0.002947
FIRE2:  871 21:41:25    -5354.791016        0.002951
FIRE2:  872 21:41:25    -5354.791016        0.002950
FIRE2:  873 21:41:26    -5354.791016        0.002951
FIRE2:  874 21:41:26    -5354.791016        0.002950
FIRE2:  875 21:41:27    -5354.791016        0.002950
FIRE2:  876 21:41:28    -5354.791016        0.002949
FIRE2:  877 21:41:28    -5354.791016        0.002948
FIRE2:  878 21:41:29    -5354.791016        0.002945
FIRE2:  879 21:41:29    -5354.791016        0.002943
FIRE2:  880 21:41:30    -5354.791016        0.002940
FIRE2:  881 21:41:30    -5354.791016        0.002939
FIRE2:  882 21:41:31    -5354.791016        0.002935
FIRE2:  883 21:41:32    -5354.791016        0.002935
FIRE2:  884 21:41:32    -5354.791016        0.002932
FIRE2:  885 21:41:33    -5354.791016        0.002928
FIRE2:  886 21:41:33    -5354.791016        0.002925
FIRE2:  887 21:41:34    -5354.791016        0.002921
FIRE2:  888 21:41:35    -5354.791016        0.002919
FIRE2:  889 21:41:35    -5354.791016        0.002915
FIRE2:  890 21:41:36    -5354.791016        0.002911
FIRE2:  891 21:41:36    -5354.791016        0.002906
FIRE2:  892 21:41:37    -5354.791016        0.002902
FIRE2:  893 21:41:37    -5354.791016        0.002895
FIRE2:  894 21:41:38    -5354.791016        0.002890
FIRE2:  895 21:41:39    -5354.791016        0.002883
FIRE2:  896 21:41:39    -5354.791016        0.002874
FIRE2:  897 21:41:40    -5354.791016        0.002863
FIRE2:  898 21:41:40    -5354.791016        0.002853
FIRE2:  899 21:41:41    -5354.791016        0.002835
FIRE2:  900 21:41:42    -5354.791016        0.002821
FIRE2:  901 21:41:42    -5354.791016        0.002801
FIRE2:  902 21:41:43    -5354.791016        0.002778
FIRE2:  903 21:41:43    -5354.791016        0.002751
FIRE2:  904 21:41:44    -5354.791016        0.002722
FIRE2:  905 21:41:44    -5354.791016        0.002690
FIRE2:  906 21:41:45    -5354.791016        0.002698
FIRE2:  907 21:41:46    -5354.791016        0.002697
FIRE2:  908 21:41:47    -5354.791016        0.002697
FIRE2:  909 21:41:48    -5354.791016        0.002696
FIRE2:  910 21:41:48    -5354.791016        0.002695
FIRE2:  911 21:41:49    -5354.791016        0.002694
FIRE2:  912 21:41:49    -5354.791016        0.002696
FIRE2:  913 21:41:50    -5354.791016        0.002694
FIRE2:  914 21:41:51    -5354.791016        0.002691
FIRE2:  915 21:41:51    -5354.791016        0.002690
FIRE2:  916 21:41:52    -5354.791016        0.002689
FIRE2:  917 21:41:52    -5354.791016        0.002688
FIRE2:  918 21:41:53    -5354.791016        0.002685
FIRE2:  919 21:41:53    -5354.791016        0.002682
FIRE2:  920 21:41:54    -5354.791016        0.002682
FIRE2:  921 21:41:55    -5354.791016        0.002679
FIRE2:  922 21:41:55    -5354.791016        0.002676
FIRE2:  923 21:41:56    -5354.791016        0.002676
FIRE2:  924 21:41:56    -5354.791016        0.002671
FIRE2:  925 21:41:57    -5354.791016        0.002668
FIRE2:  926 21:41:57    -5354.791016        0.002666
FIRE2:  927 21:41:58    -5354.791016        0.002662
FIRE2:  928 21:41:59    -5354.791016        0.002659
FIRE2:  929 21:41:59    -5354.791016        0.002655
FIRE2:  930 21:42:00    -5354.791016        0.002650
FIRE2:  931 21:42:00    -5354.791016        0.002644
FIRE2:  932 21:42:01    -5354.791016        0.002639
FIRE2:  933 21:42:02    -5354.791016        0.002630
FIRE2:  934 21:42:02    -5354.791016        0.002624
FIRE2:  935 21:42:03    -5354.791016        0.002614
FIRE2:  936 21:42:03    -5354.791016        0.002601
FIRE2:  937 21:42:04    -5354.791016        0.002590
FIRE2:  938 21:42:04    -5354.791016        0.002573
FIRE2:  939 21:42:05    -5354.791016        0.002554
FIRE2:  940 21:42:06    -5354.791504        0.002531
FIRE2:  941 21:42:06    -5354.791016        0.002508
FIRE2:  942 21:42:07    -5354.791016        0.002465
FIRE2:  943 21:42:07    -5354.791016        0.002463
FIRE2:  944 21:42:08    -5354.791016        0.002456
FIRE2:  945 21:42:09    -5354.791016        0.002448
FIRE2:  946 21:42:10    -5354.791016        0.002451
FIRE2:  947 21:42:11    -5354.791016        0.002453
FIRE2:  948 21:42:11    -5354.791016        0.002452
FIRE2:  949 21:42:12    -5354.791016        0.002452
FIRE2:  950 21:42:12    -5354.791016        0.002453
FIRE2:  951 21:42:13    -5354.791016        0.002449
FIRE2:  952 21:42:13    -5354.791016        0.002449
FIRE2:  953 21:42:14    -5354.791016        0.002446
FIRE2:  954 21:42:15    -5354.791016        0.002446
FIRE2:  955 21:42:15    -5354.791016        0.002445
FIRE2:  956 21:42:16    -5354.791016        0.002442
FIRE2:  957 21:42:16    -5354.791016        0.002441
FIRE2:  958 21:42:17    -5354.791016        0.002438
FIRE2:  959 21:42:17    -5354.791016        0.002435
FIRE2:  960 21:42:18    -5354.791016        0.002433
FIRE2:  961 21:42:19    -5354.791016        0.002431
FIRE2:  962 21:42:19    -5354.791016        0.002427
FIRE2:  963 21:42:20    -5354.791016        0.002425
FIRE2:  964 21:42:20    -5354.791016        0.002422
FIRE2:  965 21:42:21    -5354.791016        0.002417
FIRE2:  966 21:42:22    -5354.791016        0.002415
FIRE2:  967 21:42:22    -5354.791016        0.002412
FIRE2:  968 21:42:23    -5354.791016        0.002406
FIRE2:  969 21:42:23    -5354.791016        0.002400
FIRE2:  970 21:42:24    -5354.791016        0.002395
FIRE2:  971 21:42:24    -5354.791016        0.002389
FIRE2:  972 21:42:25    -5354.791016        0.002380
FIRE2:  973 21:42:26    -5354.791016        0.002370
FIRE2:  974 21:42:26    -5354.791016        0.002358
FIRE2:  975 21:42:27    -5354.791016        0.002345
FIRE2:  976 21:42:27    -5354.791016        0.002330
FIRE2:  977 21:42:28    -5354.791016        0.002311
FIRE2:  978 21:42:29    -5354.791016        0.002293
FIRE2:  979 21:42:29    -5354.791016        0.002255
FIRE2:  980 21:42:30    -5354.791504        0.002254
FIRE2:  981 21:42:31    -5354.791016        0.002251
FIRE2:  982 21:42:31    -5354.791016        0.002245
FIRE2:  983 21:42:32    -5354.791016        0.002246
FIRE2:  984 21:42:33    -5354.791016        0.002245
FIRE2:  985 21:42:33    -5354.791016        0.002245
FIRE2:  986 21:42:34    -5354.791016        0.002244
FIRE2:  987 21:42:35    -5354.791016        0.002244
FIRE2:  988 21:42:35    -5354.791016        0.002244
FIRE2:  989 21:42:36    -5354.791016        0.002242
FIRE2:  990 21:42:36    -5354.791016        0.002242
FIRE2:  991 21:42:37    -5354.791016        0.002240
FIRE2:  992 21:42:38    -5354.791016        0.002238
FIRE2:  993 21:42:38    -5354.791016        0.002238
FIRE2:  994 21:42:39    -5354.791016        0.002237
FIRE2:  995 21:42:39    -5354.791016        0.002233
FIRE2:  996 21:42:40    -5354.791016        0.002232
FIRE2:  997 21:42:40    -5354.791016        0.002231
FIRE2:  998 21:42:41    -5354.791016        0.002228
FIRE2:  999 21:42:42    -5354.791016        0.002225
FIRE2:  1000 21:42:42    -5354.791016        0.002224
FIRE2:  1001 21:42:43    -5354.791016        0.002221
FIRE2:  1002 21:42:43    -5354.791016        0.002218
FIRE2:  1003 21:42:44    -5354.791016        0.002214
FIRE2:  1004 21:42:45    -5354.791016        0.002212
FIRE2:  1005 21:42:45    -5354.791016        0.002210
FIRE2:  1006 21:42:46    -5354.791016        0.002204
FIRE2:  1007 21:42:46    -5354.791016        0.002200
FIRE2:  1008 21:42:47    -5354.791016        0.002192
FIRE2:  1009 21:42:47    -5354.791016        0.002185
FIRE2:  1010 21:42:48    -5354.791016        0.002178
FIRE2:  1011 21:42:49    -5354.791992        0.002169
FIRE2:  1012 21:42:49    -5354.791016        0.002158
FIRE2:  1013 21:42:50    -5354.791016        0.002145
FIRE2:  1014 21:42:50    -5354.791016        0.002129
FIRE2:  1015 21:42:51    -5354.791016        0.002110
FIRE2:  1016 21:42:52    -5354.791016        0.002091
FIRE2:  1017 21:42:52    -5354.791016        0.002063
FIRE2:  1018 21:42:53    -5354.791016        0.002047
FIRE2:  1019 21:42:54    -5354.791992        0.002047
FIRE2:  1020 21:42:54    -5354.791016        0.002043
FIRE2:  1021 21:42:55    -5354.791016        0.002044
FIRE2:  1022 21:42:56    -5354.791992        0.002046
FIRE2:  1023 21:42:57    -5354.791992        0.002046
FIRE2:  1024 21:42:57    -5354.791992        0.002045
FIRE2:  1025 21:42:58    -5354.791504        0.002044
FIRE2:  1026 21:42:58    -5354.791992        0.002043
FIRE2:  1027 21:42:59    -5354.791992        0.002042
FIRE2:  1028 21:42:59    -5354.791992        0.002041
FIRE2:  1029 21:43:00    -5354.791016        0.002040
FIRE2:  1030 21:43:01    -5354.791992        0.002039
FIRE2:  1031 21:43:01    -5354.791504        0.002038
FIRE2:  1032 21:43:02    -5354.791016        0.002035
FIRE2:  1033 21:43:02    -5354.791504        0.002033
FIRE2:  1034 21:43:03    -5354.791992        0.002033
FIRE2:  1035 21:43:04    -5354.791992        0.002031
FIRE2:  1036 21:43:04    -5354.791504        0.002027
FIRE2:  1037 21:43:05    -5354.791016        0.002027
FIRE2:  1038 21:43:05    -5354.791016        0.002022
FIRE2:  1039 21:43:06    -5354.791016        0.002021
FIRE2:  1040 21:43:06    -5354.791016        0.002019
FIRE2:  1041 21:43:07    -5354.791016        0.002018
FIRE2:  1042 21:43:08    -5354.791016        0.002012
FIRE2:  1043 21:43:08    -5354.791016        0.002008
FIRE2:  1044 21:43:09    -5354.791016        0.002005
FIRE2:  1045 21:43:09    -5354.791016        0.001998
FIRE2:  1046 21:43:10    -5354.791016        0.001994
FIRE2:  1047 21:43:11    -5354.791016        0.001987
FIRE2:  1048 21:43:11    -5354.791016        0.001979
FIRE2:  1049 21:43:12    -5354.791016        0.001970
FIRE2:  1050 21:43:12    -5354.791016        0.001958
FIRE2:  1051 21:43:13    -5354.791016        0.001944
FIRE2:  1052 21:43:13    -5354.791016        0.001930
FIRE2:  1053 21:43:14    -5354.791016        0.001912
FIRE2:  1054 21:43:15    -5354.791504        0.001891
FIRE2:  1055 21:43:15    -5354.791992        0.001872
FIRE2:  1056 21:43:16    -5354.791016        0.001875
FIRE2:  1057 21:43:17    -5354.791016        0.001873
FIRE2:  1058 21:43:18    -5354.791016        0.001874
FIRE2:  1059 21:43:18    -5354.791504        0.001874
FIRE2:  1060 21:43:19    -5354.791504        0.001872
FIRE2:  1061 21:43:20    -5354.791016        0.001873
FIRE2:  1062 21:43:20    -5354.791992        0.001874
FIRE2:  1063 21:43:21    -5354.791016        0.001872
FIRE2:  1064 21:43:21    -5354.791504        0.001873
FIRE2:  1065 21:43:22    -5354.791992        0.001871
FIRE2:  1066 21:43:22    -5354.791992        0.001870
FIRE2:  1067 21:43:23    -5354.791992        0.001869
FIRE2:  1068 21:43:24    -5354.791992        0.001867
FIRE2:  1069 21:43:24    -5354.791992        0.001867
FIRE2:  1070 21:43:25    -5354.791992        0.001865
FIRE2:  1071 21:43:26    -5354.791016        0.001862
FIRE2:  1072 21:43:27    -5354.791504        0.001861
FIRE2:  1073 21:43:27    -5354.791992        0.001859
FIRE2:  1074 21:43:28    -5354.791016        0.001857
FIRE2:  1075 21:43:28    -5354.791992        0.001855
FIRE2:  1076 21:43:29    -5354.791016        0.001854
FIRE2:  1077 21:43:30    -5354.791016        0.001851
FIRE2:  1078 21:43:30    -5354.791016        0.001848
FIRE2:  1079 21:43:31    -5354.791016        0.001845
FIRE2:  1080 21:43:31    -5354.791016        0.001842
FIRE2:  1081 21:43:32    -5354.791016        0.001838
FIRE2:  1082 21:43:33    -5354.791992        0.001835
FIRE2:  1083 21:43:33    -5354.791504        0.001830
FIRE2:  1084 21:43:34    -5354.791016        0.001825
FIRE2:  1085 21:43:35    -5354.791016        0.001817
FIRE2:  1086 21:43:35    -5354.791016        0.001809
FIRE2:  1087 21:43:36    -5354.791504        0.001802
FIRE2:  1088 21:43:36    -5354.791992        0.001791
FIRE2:  1089 21:43:37    -5354.791992        0.001777
FIRE2:  1090 21:43:38    -5354.791016        0.001765
FIRE2:  1091 21:43:38    -5354.791504        0.001744
FIRE2:  1092 21:43:39    -5354.791504        0.001729
FIRE2:  1093 21:43:40    -5354.791992        0.001703
FIRE2:  1094 21:43:41    -5354.791992        0.001710
FIRE2:  1095 21:43:41    -5354.791992        0.001712
FIRE2:  1096 21:43:42    -5354.791992        0.001711
FIRE2:  1097 21:43:43    -5354.791992        0.001711
FIRE2:  1098 21:43:44    -5354.791016        0.001711
FIRE2:  1099 21:43:44    -5354.791992        0.001710
FIRE2:  1100 21:43:45    -5354.791992        0.001709
FIRE2:  1101 21:43:46    -5354.791992        0.001707
FIRE2:  1102 21:43:46    -5354.791992        0.001707
FIRE2:  1103 21:43:47    -5354.791016        0.001707
FIRE2:  1104 21:43:47    -5354.791992        0.001706
FIRE2:  1105 21:43:48    -5354.791504        0.001704
FIRE2:  1106 21:43:49    -5354.791504        0.001705
FIRE2:  1107 21:43:49    -5354.791016        0.001701
FIRE2:  1108 21:43:50    -5354.791016        0.001700
FIRE2:  1109 21:43:50    -5354.791992        0.001699
FIRE2:  1110 21:43:51    -5354.791992        0.001696
FIRE2:  1111 21:43:52    -5354.791992        0.001696
FIRE2:  1112 21:43:52    -5354.791992        0.001695
FIRE2:  1113 21:43:53    -5354.791992        0.001692
FIRE2:  1114 21:43:54    -5354.791992        0.001690
FIRE2:  1115 21:43:54    -5354.791016        0.001687
FIRE2:  1116 21:43:55    -5354.791016        0.001686
FIRE2:  1117 21:43:55    -5354.791016        0.001684
FIRE2:  1118 21:43:56    -5354.791016        0.001679
FIRE2:  1119 21:43:57    -5354.791016        0.001676
FIRE2:  1120 21:43:57    -5354.791016        0.001671
FIRE2:  1121 21:43:58    -5354.791016        0.001666
FIRE2:  1122 21:43:59    -5354.791016        0.001661
FIRE2:  1123 21:43:59    -5354.791992        0.001656
FIRE2:  1124 21:44:00    -5354.791992        0.001646
FIRE2:  1125 21:44:00    -5354.791992        0.001638
FIRE2:  1126 21:44:01    -5354.791016        0.001626
FIRE2:  1127 21:44:02    -5354.791504        0.001616
FIRE2:  1128 21:44:02    -5354.791016        0.001600
FIRE2:  1129 21:44:03    -5354.791016        0.001584
FIRE2:  1130 21:44:04    -5354.791992        0.001564
FIRE2:  1131 21:44:05    -5354.791504        0.001545
FIRE2:  1132 21:44:06    -5354.791992        0.001550
FIRE2:  1133 21:44:06    -5354.791992        0.001550
FIRE2:  1134 21:44:07    -5354.791992        0.001549
FIRE2:  1135 21:44:08    -5354.791992        0.001550
FIRE2:  1136 21:44:08    -5354.791992        0.001549
FIRE2:  1137 21:44:09    -5354.791992        0.001548
FIRE2:  1138 21:44:10    -5354.791992        0.001548
FIRE2:  1139 21:44:10    -5354.791992        0.001546
FIRE2:  1140 21:44:11    -5354.791992        0.001546
FIRE2:  1141 21:44:12    -5354.791992        0.001544
FIRE2:  1142 21:44:12    -5354.791992        0.001544
FIRE2:  1143 21:44:13    -5354.791992        0.001542
FIRE2:  1144 21:44:13    -5354.791992        0.001541
FIRE2:  1145 21:44:14    -5354.791992        0.001541
FIRE2:  1146 21:44:14    -5354.791992        0.001538
FIRE2:  1147 21:44:15    -5354.791992        0.001538
FIRE2:  1148 21:44:16    -5354.791992        0.001538
FIRE2:  1149 21:44:16    -5354.791992        0.001534
FIRE2:  1150 21:44:17    -5354.791992        0.001533
FIRE2:  1151 21:44:17    -5354.791992        0.001531
FIRE2:  1152 21:44:18    -5354.791992        0.001530
FIRE2:  1153 21:44:19    -5354.791992        0.001527
FIRE2:  1154 21:44:19    -5354.791992        0.001525
FIRE2:  1155 21:44:20    -5354.791992        0.001521
FIRE2:  1156 21:44:20    -5354.791992        0.001519
FIRE2:  1157 21:44:21    -5354.791992        0.001514
FIRE2:  1158 21:44:21    -5354.791992        0.001511
FIRE2:  1159 21:44:22    -5354.791992        0.001505
FIRE2:  1160 21:44:23    -5354.791992        0.001501
FIRE2:  1161 21:44:23    -5354.791992        0.001494
FIRE2:  1162 21:44:24    -5354.791992        0.001486
FIRE2:  1163 21:44:24    -5354.791992        0.001479
FIRE2:  1164 21:44:25    -5354.791992        0.001467
FIRE2:  1165 21:44:26    -5354.791016        0.001455
FIRE2:  1166 21:44:26    -5354.791992        0.001440
FIRE2:  1167 21:44:27    -5354.791992        0.001432
FIRE2:  1168 21:44:27    -5354.791992        0.001404
FIRE2:  1169 21:44:28    -5354.791992        0.001412
FIRE2:  1170 21:44:29    -5354.791992        0.001415
FIRE2:  1171 21:44:29    -5354.791992        0.001414
FIRE2:  1172 21:44:30    -5354.791992        0.001412
FIRE2:  1173 21:44:31    -5354.791016        0.001410
FIRE2:  1174 21:44:31    -5354.791992        0.001407
FIRE2:  1175 21:44:32    -5354.791016        0.001405
FIRE2:  1176 21:44:32    -5354.791992        0.001405
FIRE2:  1177 21:44:33    -5354.791992        0.001401
FIRE2:  1178 21:44:34    -5354.791016        0.001396
FIRE2:  1179 21:44:34    -5354.791992        0.001394
FIRE2:  1180 21:44:35    -5354.791992        0.001391
FIRE2:  1181 21:44:35    -5354.791992        0.001386
FIRE2:  1182 21:44:36    -5354.791992        0.001381
FIRE2:  1183 21:44:36    -5354.791992        0.001377
FIRE2:  1184 21:44:37    -5354.791504        0.001372
FIRE2:  1185 21:44:38    -5354.791992        0.001365
FIRE2:  1186 21:44:38    -5354.791992        0.001361
FIRE2:  1187 21:44:39    -5354.791504        0.001355
FIRE2:  1188 21:44:39    -5354.791992        0.001347
FIRE2:  1189 21:44:40    -5354.791992        0.001343
FIRE2:  1190 21:44:41    -5354.791992        0.001335
FIRE2:  1191 21:44:41    -5354.791992        0.001325
FIRE2:  1192 21:44:42    -5354.791992        0.001315
FIRE2:  1193 21:44:42    -5354.791992        0.001301
FIRE2:  1194 21:44:43    -5354.791992        0.001293
FIRE2:  1195 21:44:43    -5354.791992        0.001270
FIRE2:  1196 21:44:45    -5354.791992        0.001275
FIRE2:  1197 21:44:45    -5354.791992        0.001278
FIRE2:  1198 21:44:46    -5354.791992        0.001279
FIRE2:  1199 21:44:46    -5354.791992        0.001279
FIRE2:  1200 21:44:47    -5354.791992        0.001276
FIRE2:  1201 21:44:47    -5354.791992        0.001272
FIRE2:  1202 21:44:48    -5354.791992        0.001270
FIRE2:  1203 21:44:49    -5354.791992        0.001270
FIRE2:  1204 21:44:49    -5354.791992        0.001270
FIRE2:  1205 21:44:50    -5354.791992        0.001268
FIRE2:  1206 21:44:50    -5354.791992        0.001264
FIRE2:  1207 21:44:51    -5354.791992        0.001260
FIRE2:  1208 21:44:51    -5354.791992        0.001259
FIRE2:  1209 21:44:52    -5354.791992        0.001255
FIRE2:  1210 21:44:53    -5354.791992        0.001253
FIRE2:  1211 21:44:53    -5354.791992        0.001248
FIRE2:  1212 21:44:54    -5354.791992        0.001245
FIRE2:  1213 21:44:54    -5354.791992        0.001241
FIRE2:  1214 21:44:55    -5354.791992        0.001237
FIRE2:  1215 21:44:56    -5354.791992        0.001233
FIRE2:  1216 21:44:56    -5354.791992        0.001227
FIRE2:  1217 21:44:57    -5354.791992        0.001222
FIRE2:  1218 21:44:57    -5354.791992        0.001216
FIRE2:  1219 21:44:58    -5354.791992        0.001208
FIRE2:  1220 21:44:58    -5354.791992        0.001200
FIRE2:  1221 21:44:59    -5354.791992        0.001191
FIRE2:  1222 21:45:00    -5354.791992        0.001181
FIRE2:  1223 21:45:00    -5354.791992        0.001168
FIRE2:  1224 21:45:01    -5354.791504        0.001160
FIRE2:  1225 21:45:01    -5354.791992        0.001145
FIRE2:  1226 21:45:02    -5354.791992        0.001140
FIRE2:  1227 21:45:03    -5354.791992        0.001139
FIRE2:  1228 21:45:04    -5354.791992        0.001134
FIRE2:  1229 21:45:05    -5354.791992        0.001136
FIRE2:  1230 21:45:05    -5354.791992        0.001136
FIRE2:  1231 21:45:06    -5354.791992        0.001136
FIRE2:  1232 21:45:06    -5354.791992        0.001135
FIRE2:  1233 21:45:07    -5354.791992        0.001136
FIRE2:  1234 21:45:08    -5354.791992        0.001136
FIRE2:  1235 21:45:08    -5354.791992        0.001134
FIRE2:  1236 21:45:09    -5354.791992        0.001133
FIRE2:  1237 21:45:09    -5354.791992        0.001131
FIRE2:  1238 21:45:10    -5354.791992        0.001131
FIRE2:  1239 21:45:10    -5354.791992        0.001131
FIRE2:  1240 21:45:11    -5354.791992        0.001130
FIRE2:  1241 21:45:12    -5354.791992        0.001128
FIRE2:  1242 21:45:12    -5354.791992        0.001128
FIRE2:  1243 21:45:13    -5354.791992        0.001126
FIRE2:  1244 21:45:13    -5354.791992        0.001124
FIRE2:  1245 21:45:14    -5354.791992        0.001122
FIRE2:  1246 21:45:15    -5354.791992        0.001121
FIRE2:  1247 21:45:15    -5354.791992        0.001119
FIRE2:  1248 21:45:16    -5354.791992        0.001118
FIRE2:  1249 21:45:16    -5354.791992        0.001115
FIRE2:  1250 21:45:17    -5354.791992        0.001112
FIRE2:  1251 21:45:17    -5354.791992        0.001110
FIRE2:  1252 21:45:18    -5354.791992        0.001107
FIRE2:  1253 21:45:19    -5354.791992        0.001103
FIRE2:  1254 21:45:19    -5354.791992        0.001099
FIRE2:  1255 21:45:20    -5354.791992        0.001094
FIRE2:  1256 21:45:20    -5354.791992        0.001089
FIRE2:  1257 21:45:21    -5354.791992        0.001083
FIRE2:  1258 21:45:21    -5354.791992        0.001076
FIRE2:  1259 21:45:22    -5354.791992        0.001066
FIRE2:  1260 21:45:23    -5354.791992        0.001056
FIRE2:  1261 21:45:23    -5354.791992        0.001046
FIRE2:  1262 21:45:24    -5354.791992        0.001030
FIRE2:  1263 21:45:25    -5354.791992        0.001035
FIRE2:  1264 21:45:25    -5354.791992        0.001034
FIRE2:  1265 21:45:26    -5354.791992        0.001036
FIRE2:  1266 21:45:27    -5354.791992        0.001032
FIRE2:  1267 21:45:27    -5354.791992        0.001033
FIRE2:  1268 21:45:28    -5354.791992        0.001031
FIRE2:  1269 21:45:28    -5354.791992        0.001030
FIRE2:  1270 21:45:29    -5354.791992        0.001028
FIRE2:  1271 21:45:29    -5354.791992        0.001025
FIRE2:  1272 21:45:30    -5354.791992        0.001024
FIRE2:  1273 21:45:31    -5354.791992        0.001022
FIRE2:  1274 21:45:31    -5354.791992        0.001018
FIRE2:  1275 21:45:32    -5354.791504        0.001016
FIRE2:  1276 21:45:32    -5354.791992        0.001013
FIRE2:  1277 21:45:33    -5354.791992        0.001009
FIRE2:  1278 21:45:34    -5354.791992        0.001006
FIRE2:  1279 21:45:34    -5354.791992        0.001001
FIRE2:  1280 21:45:35    -5354.791992        0.000997
