       Step     Time          Energy          fmax
FIRE2:    0 17:22:03    -5243.678711        0.308094
FIRE2:    1 17:22:04    -5243.708984        0.306061
FIRE2:    2 17:22:05    -5243.762695        0.302014
FIRE2:    3 17:22:05    -5243.827148        0.296010
FIRE2:    4 17:22:06    -5243.891602        0.288188
FIRE2:    5 17:22:07    -5243.949219        0.278949
FIRE2:    6 17:22:08    -5244.000977        0.269037
FIRE2:    7 17:22:08    -5244.049805        0.259180
FIRE2:    8 17:22:09    -5244.096680        0.249748
FIRE2:    9 17:22:10    -5244.140625        0.240723
FIRE2:   10 17:22:10    -5244.181641        0.231957
FIRE2:   11 17:22:11    -5244.220703        0.223286
FIRE2:   12 17:22:12    -5244.257812        0.214652
FIRE2:   13 17:22:13    -5244.293945        0.206102
FIRE2:   14 17:22:13    -5244.329102        0.197692
FIRE2:   15 17:22:14    -5244.362305        0.189387
FIRE2:   16 17:22:15    -5244.394531        0.181115
FIRE2:   17 17:22:16    -5244.425293        0.172839
FIRE2:   18 17:22:16    -5244.455078        0.164582
FIRE2:   19 17:22:17    -5244.483398        0.156356
FIRE2:   20 17:22:18    -5244.508789        0.148085
FIRE2:   21 17:22:18    -5244.532227        0.139673
FIRE2:   22 17:22:19    -5244.555664        0.130219
FIRE2:   23 17:22:19    -5244.578125        0.119638
FIRE2:   24 17:22:20    -5244.599609        0.107869
FIRE2:   25 17:22:21    -5244.618164        0.095007
FIRE2:   26 17:22:22    -5244.632812        0.081561
FIRE2:   27 17:22:22    -5244.642578        0.069817
FIRE2:   28 17:22:24    -5244.642578        0.072754
FIRE2:   29 17:22:25    -5244.642578        0.072726
FIRE2:   30 17:22:25    -5244.643555        0.072674
FIRE2:   31 17:22:26    -5244.643555        0.072627
FIRE2:   32 17:22:27    -5244.644531        0.072572
FIRE2:   33 17:22:27    -5244.644531        0.072528
FIRE2:   34 17:22:28    -5244.645508        0.072498
FIRE2:   35 17:22:29    -5244.646484        0.072471
FIRE2:   36 17:22:30    -5244.646484        0.072445
FIRE2:   37 17:22:30    -5244.647461        0.072399
FIRE2:   38 17:22:31    -5244.648438        0.072340
FIRE2:   39 17:22:32    -5244.649414        0.072265
FIRE2:   40 17:22:33    -5244.650391        0.072178
FIRE2:   41 17:22:33    -5244.651367        0.072086
FIRE2:   42 17:22:34    -5244.653320        0.071983
FIRE2:   43 17:22:35    -5244.654297        0.071873
FIRE2:   44 17:22:36    -5244.655273        0.071750
FIRE2:   45 17:22:37    -5244.657227        0.071605
FIRE2:   46 17:22:37    -5244.658203        0.071434
FIRE2:   47 17:22:38    -5244.660156        0.071248
FIRE2:   48 17:22:39    -5244.661133        0.071045
FIRE2:   49 17:22:39    -5244.663086        0.070802
FIRE2:   50 17:22:40    -5244.665039        0.070523
FIRE2:   51 17:22:41    -5244.666992        0.070188
FIRE2:   52 17:22:42    -5244.669922        0.069789
FIRE2:   53 17:22:42    -5244.672852        0.069320
FIRE2:   54 17:22:43    -5244.676758        0.068759
FIRE2:   55 17:22:43    -5244.680664        0.068089
FIRE2:   56 17:22:44    -5244.685547        0.067278
FIRE2:   57 17:22:45    -5244.691406        0.066318
FIRE2:   58 17:22:45    -5244.697266        0.065150
FIRE2:   59 17:22:46    -5244.704102        0.063762
FIRE2:   60 17:22:47    -5244.711914        0.062027
FIRE2:   61 17:22:48    -5244.717773        0.060299
FIRE2:   62 17:22:48    -5244.724609        0.058135
FIRE2:   63 17:22:50    -5244.725586        0.058702
FIRE2:   64 17:22:51    -5244.726562        0.058679
FIRE2:   65 17:22:51    -5244.726562        0.058579
FIRE2:   66 17:22:52    -5244.726562        0.058422
FIRE2:   67 17:22:53    -5244.727539        0.058218
FIRE2:   68 17:22:53    -5244.728516        0.057976
FIRE2:   69 17:22:54    -5244.729492        0.057752
FIRE2:   70 17:22:55    -5244.730469        0.057522
FIRE2:   71 17:22:55    -5244.731445        0.057238
FIRE2:   72 17:22:56    -5244.732422        0.056904
FIRE2:   73 17:22:57    -5244.733398        0.056540
FIRE2:   74 17:22:58    -5244.735352        0.056173
FIRE2:   75 17:22:58    -5244.736328        0.055773
FIRE2:   76 17:22:59    -5244.738281        0.055327
FIRE2:   77 17:23:00    -5244.739258        0.054848
FIRE2:   78 17:23:01    -5244.741211        0.054362
FIRE2:   79 17:23:01    -5244.743164        0.053834
FIRE2:   80 17:23:02    -5244.745117        0.053272
FIRE2:   81 17:23:03    -5244.747070        0.052697
FIRE2:   82 17:23:03    -5244.749023        0.052091
FIRE2:   83 17:23:04    -5244.750977        0.051447
FIRE2:   84 17:23:05    -5244.753906        0.050722
FIRE2:   85 17:23:06    -5244.756836        0.049869
FIRE2:   86 17:23:06    -5244.759766        0.048931
FIRE2:   87 17:23:07    -5244.762695        0.047805
FIRE2:   88 17:23:08    -5244.765625        0.046805
FIRE2:   89 17:23:09    -5244.768555        0.045632
FIRE2:   90 17:23:09    -5244.772461        0.044611
FIRE2:   91 17:23:10    -5244.774414        0.043397
FIRE2:   92 17:23:11    -5244.776367        0.042369
FIRE2:   93 17:23:12    -5244.778320        0.042583
FIRE2:   94 17:23:13    -5244.778320        0.042474
FIRE2:   95 17:23:14    -5244.778320        0.042496
FIRE2:   96 17:23:14    -5244.778320        0.042486
FIRE2:   97 17:23:15    -5244.778320        0.042469
FIRE2:   98 17:23:16    -5244.778320        0.042445
FIRE2:   99 17:23:17    -5244.778320        0.042404
FIRE2:  100 17:23:18    -5244.778320        0.042358
FIRE2:  101 17:23:18    -5244.778320        0.042302
FIRE2:  102 17:23:19    -5244.779297        0.042237
FIRE2:  103 17:23:20    -5244.779297        0.042168
FIRE2:  104 17:23:21    -5244.779297        0.042093
FIRE2:  105 17:23:21    -5244.779297        0.042013
FIRE2:  106 17:23:22    -5244.779297        0.041923
FIRE2:  107 17:23:23    -5244.780273        0.041827
FIRE2:  108 17:23:23    -5244.780273        0.041724
FIRE2:  109 17:23:24    -5244.780273        0.041610
FIRE2:  110 17:23:25    -5244.781250        0.041492
FIRE2:  111 17:23:26    -5244.781250        0.041370
FIRE2:  112 17:23:26    -5244.781250        0.041234
FIRE2:  113 17:23:27    -5244.782227        0.041099
FIRE2:  114 17:23:28    -5244.782227        0.040951
FIRE2:  115 17:23:28    -5244.783203        0.040797
FIRE2:  116 17:23:29    -5244.783203        0.040621
FIRE2:  117 17:23:30    -5244.784180        0.040417
FIRE2:  118 17:23:31    -5244.784180        0.040180
FIRE2:  119 17:23:31    -5244.785156        0.039904
FIRE2:  120 17:23:32    -5244.786133        0.039581
FIRE2:  121 17:23:32    -5244.787109        0.039207
FIRE2:  122 17:23:33    -5244.788086        0.038774
FIRE2:  123 17:23:34    -5244.789062        0.038267
FIRE2:  124 17:23:34    -5244.791016        0.037678
FIRE2:  125 17:23:35    -5244.792969        0.036989
FIRE2:  126 17:23:36    -5244.794922        0.036183
FIRE2:  127 17:23:37    -5244.796875        0.035256
FIRE2:  128 17:23:37    -5244.797852        0.034235
FIRE2:  129 17:23:39    -5244.798828        0.034490
FIRE2:  130 17:23:39    -5244.798828        0.034469
FIRE2:  131 17:23:41    -5244.798828        0.034470
FIRE2:  132 17:23:41    -5244.798828        0.034461
FIRE2:  133 17:23:42    -5244.798828        0.034450
FIRE2:  134 17:23:43    -5244.798828        0.034432
FIRE2:  135 17:23:44    -5244.798828        0.034413
FIRE2:  136 17:23:44    -5244.798828        0.034387
FIRE2:  137 17:23:45    -5244.798828        0.034358
FIRE2:  138 17:23:46    -5244.798828        0.034329
FIRE2:  139 17:23:47    -5244.798828        0.034292
FIRE2:  140 17:23:47    -5244.798828        0.034249
FIRE2:  141 17:23:48    -5244.798828        0.034209
FIRE2:  142 17:23:48    -5244.799316        0.034159
FIRE2:  143 17:23:49    -5244.799805        0.034105
FIRE2:  144 17:23:50    -5244.799805        0.034051
FIRE2:  145 17:23:51    -5244.799805        0.033991
FIRE2:  146 17:23:51    -5244.799805        0.033927
FIRE2:  147 17:23:52    -5244.799805        0.033859
FIRE2:  148 17:23:53    -5244.800781        0.033791
FIRE2:  149 17:23:54    -5244.800781        0.033714
FIRE2:  150 17:23:54    -5244.800781        0.033634
FIRE2:  151 17:23:55    -5244.800781        0.033551
FIRE2:  152 17:23:56    -5244.800781        0.033454
FIRE2:  153 17:23:56    -5244.801758        0.033343
FIRE2:  154 17:23:57    -5244.801758        0.033218
FIRE2:  155 17:23:58    -5244.801758        0.033069
FIRE2:  156 17:23:59    -5244.802734        0.032894
FIRE2:  157 17:23:59    -5244.802734        0.032690
FIRE2:  158 17:24:00    -5244.803711        0.032458
FIRE2:  159 17:24:01    -5244.803711        0.032180
FIRE2:  160 17:24:01    -5244.804688        0.031859
FIRE2:  161 17:24:02    -5244.805664        0.031483
FIRE2:  162 17:24:03    -5244.806641        0.031040
FIRE2:  163 17:24:04    -5244.807617        0.030526
FIRE2:  164 17:24:04    -5244.809570        0.029920
FIRE2:  165 17:24:05    -5244.810547        0.029233
FIRE2:  166 17:24:06    -5244.812500        0.028362
FIRE2:  167 17:24:06    -5244.812500        0.027716
FIRE2:  168 17:24:08    -5244.813477        0.027831
FIRE2:  169 17:24:08    -5244.813477        0.027728
FIRE2:  170 17:24:10    -5244.813477        0.027757
FIRE2:  171 17:24:11    -5244.813477        0.027755
FIRE2:  172 17:24:11    -5244.813477        0.027752
FIRE2:  173 17:24:12    -5244.814453        0.027741
FIRE2:  174 17:24:13    -5244.814453        0.027722
FIRE2:  175 17:24:14    -5244.813965        0.027699
FIRE2:  176 17:24:14    -5244.814453        0.027671
FIRE2:  177 17:24:15    -5244.814453        0.027633
FIRE2:  178 17:24:16    -5244.814453        0.027600
FIRE2:  179 17:24:16    -5244.814453        0.027561
FIRE2:  180 17:24:17    -5244.814453        0.027522
FIRE2:  181 17:24:18    -5244.814453        0.027481
FIRE2:  182 17:24:19    -5244.814453        0.027437
FIRE2:  183 17:24:19    -5244.814453        0.027388
FIRE2:  184 17:24:20    -5244.815430        0.027332
FIRE2:  185 17:24:21    -5244.814453        0.027271
FIRE2:  186 17:24:21    -5244.815430        0.027213
FIRE2:  187 17:24:22    -5244.815430        0.027148
FIRE2:  188 17:24:23    -5244.815430        0.027083
FIRE2:  189 17:24:24    -5244.815430        0.027014
FIRE2:  190 17:24:25    -5244.815430        0.026940
FIRE2:  191 17:24:25    -5244.816406        0.026852
FIRE2:  192 17:24:26    -5244.816406        0.026754
FIRE2:  193 17:24:27    -5244.816406        0.026639
FIRE2:  194 17:24:27    -5244.816406        0.026505
FIRE2:  195 17:24:28    -5244.817383        0.026348
FIRE2:  196 17:24:29    -5244.817383        0.026166
FIRE2:  197 17:24:30    -5244.818359        0.025957
FIRE2:  198 17:24:30    -5244.818359        0.025708
FIRE2:  199 17:24:31    -5244.819336        0.025422
FIRE2:  200 17:24:32    -5244.819336        0.025081
FIRE2:  201 17:24:32    -5244.820312        0.024700
FIRE2:  202 17:24:33    -5244.821289        0.024240
FIRE2:  203 17:24:34    -5244.822266        0.023857
FIRE2:  204 17:24:35    -5244.822266        0.023939
FIRE2:  205 17:24:36    -5244.822266        0.023911
FIRE2:  206 17:24:37    -5244.822266        0.023914
FIRE2:  207 17:24:38    -5244.822266        0.023910
FIRE2:  208 17:24:38    -5244.822266        0.023903
FIRE2:  209 17:24:39    -5244.822266        0.023896
FIRE2:  210 17:24:40    -5244.822266        0.023888
FIRE2:  211 17:24:41    -5244.822266        0.023875
FIRE2:  212 17:24:41    -5244.822266        0.023857
FIRE2:  213 17:24:42    -5244.822266        0.023841
FIRE2:  214 17:24:43    -5244.822266        0.023821
FIRE2:  215 17:24:43    -5244.822266        0.023800
FIRE2:  216 17:24:44    -5244.822266        0.023772
FIRE2:  217 17:24:45    -5244.822266        0.023751
FIRE2:  218 17:24:46    -5244.822266        0.023723
FIRE2:  219 17:24:46    -5244.823242        0.023691
FIRE2:  220 17:24:47    -5244.823242        0.023662
FIRE2:  221 17:24:48    -5244.823242        0.023627
FIRE2:  222 17:24:48    -5244.823242        0.023588
FIRE2:  223 17:24:49    -5244.823242        0.023552
FIRE2:  224 17:24:50    -5244.823242        0.023510
FIRE2:  225 17:24:50    -5244.823242        0.023468
FIRE2:  226 17:24:51    -5244.823242        0.023423
FIRE2:  227 17:24:52    -5244.823242        0.023372
FIRE2:  228 17:24:53    -5244.823242        0.023312
FIRE2:  229 17:24:53    -5244.823242        0.023242
FIRE2:  230 17:24:54    -5244.824219        0.023160
FIRE2:  231 17:24:55    -5244.824219        0.023070
FIRE2:  232 17:24:55    -5244.824219        0.022958
FIRE2:  233 17:24:56    -5244.825195        0.022832
FIRE2:  234 17:24:56    -5244.825195        0.022684
FIRE2:  235 17:24:57    -5244.825195        0.022507
FIRE2:  236 17:24:58    -5244.826172        0.022300
FIRE2:  237 17:24:58    -5244.826172        0.022062
FIRE2:  238 17:24:59    -5244.827148        0.021777
FIRE2:  239 17:25:00    -5244.827148        0.021451
FIRE2:  240 17:25:01    -5244.828125        0.021048
FIRE2:  241 17:25:02    -5244.829102        0.020685
FIRE2:  242 17:25:02    -5244.829102        0.020089
FIRE2:  243 17:25:03    -5244.830078        0.020280
FIRE2:  244 17:25:04    -5244.830078        0.020308
FIRE2:  245 17:25:05    -5244.830078        0.020294
FIRE2:  246 17:25:06    -5244.830078        0.020286
FIRE2:  247 17:25:06    -5244.830078        0.020272
FIRE2:  248 17:25:07    -5244.830078        0.020256
FIRE2:  249 17:25:08    -5244.830078        0.020238
FIRE2:  250 17:25:08    -5244.830078        0.020227
FIRE2:  251 17:25:09    -5244.830078        0.020214
FIRE2:  252 17:25:10    -5244.830078        0.020196
FIRE2:  253 17:25:11    -5244.830078        0.020182
FIRE2:  254 17:25:11    -5244.830078        0.020158
FIRE2:  255 17:25:12    -5244.830078        0.020135
FIRE2:  256 17:25:13    -5244.830078        0.020105
FIRE2:  257 17:25:14    -5244.830078        0.020076
FIRE2:  258 17:25:14    -5244.830078        0.020043
FIRE2:  259 17:25:15    -5244.831055        0.020015
FIRE2:  260 17:25:16    -5244.831055        0.019980
FIRE2:  261 17:25:17    -5244.831055        0.019944
FIRE2:  262 17:25:17    -5244.831055        0.019905
FIRE2:  263 17:25:18    -5244.831055        0.019863
FIRE2:  264 17:25:19    -5244.831055        0.019822
FIRE2:  265 17:25:19    -5244.831055        0.019777
FIRE2:  266 17:25:20    -5244.831055        0.019723
FIRE2:  267 17:25:21    -5244.831055        0.019666
FIRE2:  268 17:25:22    -5244.831055        0.019594
FIRE2:  269 17:25:23    -5244.831055        0.019511
FIRE2:  270 17:25:23    -5244.832031        0.019419
FIRE2:  271 17:25:24    -5244.832031        0.019308
FIRE2:  272 17:25:25    -5244.832031        0.019182
FIRE2:  273 17:25:25    -5244.833008        0.019029
FIRE2:  274 17:25:26    -5244.833008        0.018852
FIRE2:  275 17:25:27    -5244.833008        0.018650
FIRE2:  276 17:25:28    -5244.833984        0.018397
FIRE2:  277 17:25:28    -5244.834961        0.018151
FIRE2:  278 17:25:29    -5244.834961        0.017802
FIRE2:  279 17:25:30    -5244.834961        0.017898
FIRE2:  280 17:25:31    -5244.834961        0.017907
FIRE2:  281 17:25:32    -5244.834961        0.017903
FIRE2:  282 17:25:33    -5244.834961        0.017902
FIRE2:  283 17:25:34    -5244.834961        0.017894
FIRE2:  284 17:25:34    -5244.834961        0.017889
FIRE2:  285 17:25:35    -5244.834961        0.017884
FIRE2:  286 17:25:36    -5244.834961        0.017876
FIRE2:  287 17:25:37    -5244.834961        0.017864
FIRE2:  288 17:25:37    -5244.834961        0.017857
FIRE2:  289 17:25:38    -5244.834961        0.017842
FIRE2:  290 17:25:39    -5244.834961        0.017829
FIRE2:  291 17:25:39    -5244.834961        0.017814
FIRE2:  292 17:25:40    -5244.834961        0.017798
FIRE2:  293 17:25:41    -5244.834961        0.017783
FIRE2:  294 17:25:42    -5244.834961        0.017762
FIRE2:  295 17:25:42    -5244.834961        0.017743
FIRE2:  296 17:25:43    -5244.834961        0.017718
FIRE2:  297 17:25:44    -5244.835938        0.017698
FIRE2:  298 17:25:44    -5244.835938        0.017672
FIRE2:  299 17:25:45    -5244.835938        0.017648
FIRE2:  300 17:25:46    -5244.835938        0.017622
FIRE2:  301 17:25:47    -5244.835938        0.017593
FIRE2:  302 17:25:48    -5244.835938        0.017558
FIRE2:  303 17:25:48    -5244.835938        0.017521
FIRE2:  304 17:25:49    -5244.835938        0.017476
FIRE2:  305 17:25:50    -5244.835938        0.017426
FIRE2:  306 17:25:50    -5244.835938        0.017366
FIRE2:  307 17:25:51    -5244.835938        0.017297
FIRE2:  308 17:25:52    -5244.836914        0.017215
FIRE2:  309 17:25:53    -5244.836914        0.017118
FIRE2:  310 17:25:53    -5244.836914        0.017009
FIRE2:  311 17:25:54    -5244.836914        0.016878
FIRE2:  312 17:25:55    -5244.837891        0.016722
FIRE2:  313 17:25:56    -5244.837891        0.016543
FIRE2:  314 17:25:56    -5244.837891        0.016328
FIRE2:  315 17:25:57    -5244.838867        0.016087
FIRE2:  316 17:25:58    -5244.838867        0.015753
FIRE2:  317 17:25:59    -5244.838867        0.015576
FIRE2:  318 17:26:00    -5244.839844        0.015591
FIRE2:  319 17:26:01    -5244.839844        0.015535
FIRE2:  320 17:26:02    -5244.839844        0.015548
FIRE2:  321 17:26:02    -5244.839844        0.015549
FIRE2:  322 17:26:03    -5244.839844        0.015548
FIRE2:  323 17:26:04    -5244.839844        0.015546
FIRE2:  324 17:26:05    -5244.839844        0.015540
FIRE2:  325 17:26:05    -5244.839844        0.015532
FIRE2:  326 17:26:06    -5244.839844        0.015516
FIRE2:  327 17:26:07    -5244.839844        0.015502
FIRE2:  328 17:26:08    -5244.839844        0.015488
FIRE2:  329 17:26:08    -5244.839844        0.015474
FIRE2:  330 17:26:09    -5244.839844        0.015458
FIRE2:  331 17:26:10    -5244.839844        0.015440
FIRE2:  332 17:26:11    -5244.839844        0.015424
FIRE2:  333 17:26:11    -5244.839844        0.015403
FIRE2:  334 17:26:12    -5244.839844        0.015378
FIRE2:  335 17:26:13    -5244.839844        0.015355
FIRE2:  336 17:26:13    -5244.839844        0.015331
FIRE2:  337 17:26:14    -5244.839844        0.015307
FIRE2:  338 17:26:15    -5244.839844        0.015276
FIRE2:  339 17:26:16    -5244.839844        0.015251
FIRE2:  340 17:26:16    -5244.840820        0.015218
FIRE2:  341 17:26:17    -5244.840820        0.015183
FIRE2:  342 17:26:18    -5244.840820        0.015141
FIRE2:  343 17:26:19    -5244.840820        0.015098
FIRE2:  344 17:26:19    -5244.840820        0.015040
FIRE2:  345 17:26:20    -5244.840820        0.014975
FIRE2:  346 17:26:21    -5244.840820        0.014901
FIRE2:  347 17:26:21    -5244.840820        0.014814
FIRE2:  348 17:26:22    -5244.841797        0.014712
FIRE2:  349 17:26:23    -5244.841797        0.014591
FIRE2:  350 17:26:23    -5244.841797        0.014446
FIRE2:  351 17:26:24    -5244.841797        0.014286
FIRE2:  352 17:26:25    -5244.842773        0.014086
FIRE2:  353 17:26:25    -5244.842773        0.013912
FIRE2:  354 17:26:27    -5244.842773        0.013948
FIRE2:  355 17:26:27    -5244.842773        0.013931
FIRE2:  356 17:26:28    -5244.842773        0.013934
FIRE2:  357 17:26:29    -5244.842773        0.013932
FIRE2:  358 17:26:30    -5244.842773        0.013926
FIRE2:  359 17:26:30    -5244.842773        0.013925
FIRE2:  360 17:26:31    -5244.842773        0.013919
FIRE2:  361 17:26:32    -5244.842773        0.013914
FIRE2:  362 17:26:32    -5244.842773        0.013906
FIRE2:  363 17:26:33    -5244.842773        0.013899
FIRE2:  364 17:26:34    -5244.842773        0.013892
FIRE2:  365 17:26:35    -5244.842773        0.013879
FIRE2:  366 17:26:35    -5244.842773        0.013870
FIRE2:  367 17:26:36    -5244.842773        0.013857
FIRE2:  368 17:26:37    -5244.842773        0.013847
FIRE2:  369 17:26:38    -5244.842773        0.013833
FIRE2:  370 17:26:38    -5244.842773        0.013821
FIRE2:  371 17:26:39    -5244.842773        0.013802
FIRE2:  372 17:26:40    -5244.842773        0.013790
FIRE2:  373 17:26:41    -5244.842773        0.013771
FIRE2:  374 17:26:41    -5244.842773        0.013752
FIRE2:  375 17:26:42    -5244.842773        0.013732
FIRE2:  376 17:26:43    -5244.842773        0.013712
FIRE2:  377 17:26:43    -5244.842773        0.013691
FIRE2:  378 17:26:44    -5244.842773        0.013663
FIRE2:  379 17:26:45    -5244.843750        0.013633
FIRE2:  380 17:26:46    -5244.843750        0.013598
FIRE2:  381 17:26:47    -5244.843750        0.013556
FIRE2:  382 17:26:47    -5244.843750        0.013505
FIRE2:  383 17:26:48    -5244.843750        0.013446
FIRE2:  384 17:26:49    -5244.843750        0.013380
FIRE2:  385 17:26:49    -5244.843750        0.013302
FIRE2:  386 17:26:50    -5244.843750        0.013208
FIRE2:  387 17:26:51    -5244.844727        0.013101
FIRE2:  388 17:26:51    -5244.844727        0.012966
FIRE2:  389 17:26:52    -5244.844727        0.012821
FIRE2:  390 17:26:53    -5244.844727        0.012634
FIRE2:  391 17:26:54    -5244.845703        0.012452
FIRE2:  392 17:26:54    -5244.845703        0.012185
FIRE2:  393 17:26:56    -5244.845703        0.012264
FIRE2:  394 17:26:57    -5244.845703        0.012271
FIRE2:  395 17:26:58    -5244.845703        0.012268
FIRE2:  396 17:26:59    -5244.845703        0.012268
FIRE2:  397 17:27:00    -5244.845703        0.012257
FIRE2:  398 17:27:00    -5244.845703        0.012253
FIRE2:  399 17:27:01    -5244.845703        0.012244
FIRE2:  400 17:27:02    -5244.845703        0.012240
FIRE2:  401 17:27:02    -5244.845703        0.012234
FIRE2:  402 17:27:03    -5244.845703        0.012225
FIRE2:  403 17:27:04    -5244.845703        0.012214
FIRE2:  404 17:27:04    -5244.845703        0.012205
FIRE2:  405 17:27:05    -5244.845703        0.012193
FIRE2:  406 17:27:06    -5244.845703        0.012182
FIRE2:  407 17:27:06    -5244.845703        0.012164
FIRE2:  408 17:27:07    -5244.845703        0.012147
FIRE2:  409 17:27:08    -5244.845703        0.012131
FIRE2:  410 17:27:09    -5244.845703        0.012117
FIRE2:  411 17:27:09    -5244.845703        0.012098
FIRE2:  412 17:27:10    -5244.845703        0.012079
FIRE2:  413 17:27:11    -5244.845703        0.012058
FIRE2:  414 17:27:12    -5244.845703        0.012038
FIRE2:  415 17:27:12    -5244.846680        0.012014
FIRE2:  416 17:27:13    -5244.846680        0.011991
FIRE2:  417 17:27:14    -5244.846680        0.011961
FIRE2:  418 17:27:15    -5244.846680        0.011921
FIRE2:  419 17:27:15    -5244.846680        0.011887
FIRE2:  420 17:27:16    -5244.846680        0.011837
FIRE2:  421 17:27:17    -5244.846680        0.011781
FIRE2:  422 17:27:18    -5244.846680        0.011716
FIRE2:  423 17:27:18    -5244.846680        0.011642
FIRE2:  424 17:27:19    -5244.846680        0.011553
FIRE2:  425 17:27:20    -5244.846680        0.011449
FIRE2:  426 17:27:20    -5244.847656        0.011326
FIRE2:  427 17:27:21    -5244.847656        0.011179
FIRE2:  428 17:27:22    -5244.847656        0.011032
FIRE2:  429 17:27:23    -5244.847656        0.011071
FIRE2:  430 17:27:24    -5244.847656        0.011060
FIRE2:  431 17:27:25    -5244.847656        0.011062
FIRE2:  432 17:27:26    -5244.847656        0.011061
FIRE2:  433 17:27:27    -5244.847656        0.011059
FIRE2:  434 17:27:28    -5244.847656        0.011052
FIRE2:  435 17:27:28    -5244.847656        0.011052
FIRE2:  436 17:27:29    -5244.847656        0.011047
FIRE2:  437 17:27:30    -5244.847656        0.011040
FIRE2:  438 17:27:30    -5244.847656        0.011034
FIRE2:  439 17:27:31    -5244.847656        0.011031
FIRE2:  440 17:27:32    -5244.847656        0.011019
FIRE2:  441 17:27:32    -5244.847656        0.011014
FIRE2:  442 17:27:33    -5244.847656        0.011005
FIRE2:  443 17:27:34    -5244.847656        0.010998
FIRE2:  444 17:27:34    -5244.847656        0.010986
FIRE2:  445 17:27:35    -5244.847656        0.010975
FIRE2:  446 17:27:36    -5244.847656        0.010966
FIRE2:  447 17:27:37    -5244.847656        0.010953
FIRE2:  448 17:27:37    -5244.847656        0.010940
FIRE2:  449 17:27:38    -5244.847656        0.010926
FIRE2:  450 17:27:39    -5244.847656        0.010914
FIRE2:  451 17:27:40    -5244.847656        0.010895
FIRE2:  452 17:27:40    -5244.847656        0.010879
FIRE2:  453 17:27:41    -5244.847656        0.010862
FIRE2:  454 17:27:42    -5244.847656        0.010836
FIRE2:  455 17:27:42    -5244.848633        0.010810
FIRE2:  456 17:27:43    -5244.848633        0.010777
FIRE2:  457 17:27:44    -5244.848633        0.010741
FIRE2:  458 17:27:45    -5244.848145        0.010696
FIRE2:  459 17:27:46    -5244.848633        0.010646
FIRE2:  460 17:27:46    -5244.848633        0.010590
FIRE2:  461 17:27:47    -5244.848633        0.010519
FIRE2:  462 17:27:47    -5244.848633        0.010435
FIRE2:  463 17:27:48    -5244.848633        0.010339
FIRE2:  464 17:27:49    -5244.848633        0.010223
FIRE2:  465 17:27:49    -5244.848633        0.010088
FIRE2:  466 17:27:50    -5244.849609        0.009929
FIRE2:  467 17:27:51    -5244.849609        0.009780
FIRE2:  468 17:27:52    -5244.849609        0.009808
FIRE2:  469 17:27:53    -5244.849609        0.009786
FIRE2:  470 17:27:54    -5244.849609        0.009790
FIRE2:  471 17:27:54    -5244.849609        0.009790
FIRE2:  472 17:27:55    -5244.849609        0.009789
FIRE2:  473 17:27:56    -5244.849609        0.009790
FIRE2:  474 17:27:57    -5244.849609        0.009785
FIRE2:  475 17:27:58    -5244.849609        0.009779
FIRE2:  476 17:27:58    -5244.849609        0.009773
FIRE2:  477 17:27:59    -5244.849609        0.009767
FIRE2:  478 17:28:00    -5244.849609        0.009756
FIRE2:  479 17:28:00    -5244.849609        0.009749
FIRE2:  480 17:28:01    -5244.849609        0.009739
FIRE2:  481 17:28:02    -5244.849609        0.009732
FIRE2:  482 17:28:03    -5244.849609        0.009722
FIRE2:  483 17:28:03    -5244.849609        0.009709
FIRE2:  484 17:28:04    -5244.849609        0.009693
FIRE2:  485 17:28:05    -5244.849609        0.009683
FIRE2:  486 17:28:06    -5244.849609        0.009667
FIRE2:  487 17:28:06    -5244.849609        0.009653
FIRE2:  488 17:28:07    -5244.849609        0.009640
FIRE2:  489 17:28:08    -5244.849609        0.009623
FIRE2:  490 17:28:08    -5244.849609        0.009603
FIRE2:  491 17:28:09    -5244.849609        0.009588
FIRE2:  492 17:28:10    -5244.849609        0.009561
FIRE2:  493 17:28:11    -5244.849609        0.009536
FIRE2:  494 17:28:11    -5244.849609        0.009507
FIRE2:  495 17:28:12    -5244.849609        0.009470
FIRE2:  496 17:28:13    -5244.849609        0.009428
FIRE2:  497 17:28:14    -5244.850586        0.009376
FIRE2:  498 17:28:14    -5244.850586        0.009320
FIRE2:  499 17:28:15    -5244.850586        0.009249
FIRE2:  500 17:28:15    -5244.850586        0.009172
FIRE2:  501 17:28:16    -5244.850586        0.009080
FIRE2:  502 17:28:17    -5244.850586        0.008968
FIRE2:  503 17:28:17    -5244.850586        0.008841
FIRE2:  504 17:28:18    -5244.850586        0.008713
FIRE2:  505 17:28:19    -5244.851562        0.008742
FIRE2:  506 17:28:20    -5244.850586        0.008742
FIRE2:  507 17:28:21    -5244.850586        0.008745
FIRE2:  508 17:28:22    -5244.850586        0.008743
FIRE2:  509 17:28:23    -5244.850586        0.008737
FIRE2:  510 17:28:23    -5244.850586        0.008737
FIRE2:  511 17:28:24    -5244.850586        0.008732
FIRE2:  512 17:28:25    -5244.850586        0.008729
FIRE2:  513 17:28:26    -5244.850586        0.008723
FIRE2:  514 17:28:26    -5244.851074        0.008719
FIRE2:  515 17:28:27    -5244.850586        0.008713
FIRE2:  516 17:28:28    -5244.850586        0.008706
FIRE2:  517 17:28:29    -5244.850586        0.008702
FIRE2:  518 17:28:29    -5244.851562        0.008691
FIRE2:  519 17:28:30    -5244.851562        0.008683
FIRE2:  520 17:28:31    -5244.851562        0.008673
FIRE2:  521 17:28:32    -5244.851074        0.008663
FIRE2:  522 17:28:32    -5244.850586        0.008653
FIRE2:  523 17:28:33    -5244.850586        0.008640
FIRE2:  524 17:28:34    -5244.851562        0.008630
FIRE2:  525 17:28:34    -5244.851562        0.008616
FIRE2:  526 17:28:35    -5244.851074        0.008602
FIRE2:  527 17:28:35    -5244.851562        0.008590
FIRE2:  528 17:28:36    -5244.851562        0.008575
FIRE2:  529 17:28:37    -5244.851562        0.008555
FIRE2:  530 17:28:37    -5244.851562        0.008533
FIRE2:  531 17:28:38    -5244.851562        0.008507
FIRE2:  532 17:28:39    -5244.851562        0.008481
FIRE2:  533 17:28:39    -5244.851562        0.008447
FIRE2:  534 17:28:40    -5244.851562        0.008408
FIRE2:  535 17:28:41    -5244.851562        0.008360
FIRE2:  536 17:28:42    -5244.851562        0.008307
FIRE2:  537 17:28:42    -5244.851562        0.008243
FIRE2:  538 17:28:43    -5244.851562        0.008166
FIRE2:  539 17:28:44    -5244.851562        0.008078
FIRE2:  540 17:28:45    -5244.851562        0.007975
FIRE2:  541 17:28:46    -5244.851562        0.007866
FIRE2:  542 17:28:47    -5244.851562        0.007895
FIRE2:  543 17:28:47    -5244.851562        0.007889
FIRE2:  544 17:28:49    -5244.852539        0.007889
FIRE2:  545 17:28:49    -5244.852539        0.007890
FIRE2:  546 17:28:50    -5244.852539        0.007887
FIRE2:  547 17:28:51    -5244.852539        0.007883
FIRE2:  548 17:28:52    -5244.852539        0.007882
FIRE2:  549 17:28:52    -5244.852539        0.007877
FIRE2:  550 17:28:53    -5244.852539        0.007873
FIRE2:  551 17:28:54    -5244.852539        0.007868
FIRE2:  552 17:28:54    -5244.851562        0.007864
FIRE2:  553 17:28:55    -5244.851562        0.007861
FIRE2:  554 17:28:56    -5244.851562        0.007855
FIRE2:  555 17:28:56    -5244.851562        0.007848
FIRE2:  556 17:28:57    -5244.851562        0.007842
FIRE2:  557 17:28:58    -5244.851562        0.007831
FIRE2:  558 17:28:59    -5244.852539        0.007825
FIRE2:  559 17:28:59    -5244.852539        0.007817
FIRE2:  560 17:29:00    -5244.852539        0.007810
FIRE2:  561 17:29:01    -5244.852539        0.007799
FIRE2:  562 17:29:01    -5244.852539        0.007788
FIRE2:  563 17:29:02    -5244.852539        0.007779
FIRE2:  564 17:29:03    -5244.852539        0.007767
FIRE2:  565 17:29:04    -5244.852539        0.007756
FIRE2:  566 17:29:04    -5244.852539        0.007739
FIRE2:  567 17:29:05    -5244.852539        0.007722
FIRE2:  568 17:29:06    -5244.852539        0.007699
FIRE2:  569 17:29:07    -5244.852539        0.007679
FIRE2:  570 17:29:07    -5244.852539        0.007651
FIRE2:  571 17:29:08    -5244.852539        0.007620
FIRE2:  572 17:29:09    -5244.852539        0.007580
FIRE2:  573 17:29:10    -5244.852539        0.007538
FIRE2:  574 17:29:10    -5244.852539        0.007484
FIRE2:  575 17:29:11    -5244.852539        0.007423
FIRE2:  576 17:29:12    -5244.852539        0.007351
FIRE2:  577 17:29:12    -5244.852539        0.007267
FIRE2:  578 17:29:13    -5244.852539        0.007165
FIRE2:  579 17:29:14    -5244.852539        0.007065
FIRE2:  580 17:29:14    -5244.852539        0.006917
FIRE2:  581 17:29:16    -5244.853516        0.006962
FIRE2:  582 17:29:16    -5244.853516        0.006969
FIRE2:  583 17:29:18    -5244.853516        0.006967
FIRE2:  584 17:29:18    -5244.853516        0.006965
FIRE2:  585 17:29:19    -5244.853516        0.006963
FIRE2:  586 17:29:20    -5244.853516        0.006952
FIRE2:  587 17:29:20    -5244.853516        0.006951
FIRE2:  588 17:29:21    -5244.853516        0.006949
FIRE2:  589 17:29:22    -5244.853516        0.006943
FIRE2:  590 17:29:23    -5244.853516        0.006941
FIRE2:  591 17:29:23    -5244.853027        0.006932
FIRE2:  592 17:29:24    -5244.852539        0.006930
FIRE2:  593 17:29:25    -5244.852539        0.006920
FIRE2:  594 17:29:26    -5244.853516        0.006915
FIRE2:  595 17:29:26    -5244.853516        0.006904
FIRE2:  596 17:29:27    -5244.853516        0.006897
FIRE2:  597 17:29:28    -5244.853516        0.006885
FIRE2:  598 17:29:28    -5244.853516        0.006879
FIRE2:  599 17:29:29    -5244.853516        0.006868
FIRE2:  600 17:29:30    -5244.853516        0.006860
FIRE2:  601 17:29:31    -5244.853516        0.006845
FIRE2:  602 17:29:32    -5244.853516        0.006834
FIRE2:  603 17:29:32    -5244.853516        0.006817
FIRE2:  604 17:29:33    -5244.853516        0.006804
FIRE2:  605 17:29:34    -5244.853516        0.006787
FIRE2:  606 17:29:34    -5244.853516        0.006767
FIRE2:  607 17:29:35    -5244.853516        0.006747
FIRE2:  608 17:29:36    -5244.853516        0.006721
FIRE2:  609 17:29:36    -5244.853516        0.006690
FIRE2:  610 17:29:37    -5244.853516        0.006651
FIRE2:  611 17:29:38    -5244.853516        0.006605
FIRE2:  612 17:29:39    -5244.853516        0.006557
FIRE2:  613 17:29:39    -5244.853516        0.006496
FIRE2:  614 17:29:40    -5244.853516        0.006426
FIRE2:  615 17:29:41    -5244.853516        0.006354
FIRE2:  616 17:29:42    -5244.853516        0.006257
FIRE2:  617 17:29:43    -5244.853516        0.006286
FIRE2:  618 17:29:43    -5244.853516        0.006287
FIRE2:  619 17:29:44    -5244.853516        0.006288
FIRE2:  620 17:29:45    -5244.853516        0.006286
FIRE2:  621 17:29:46    -5244.853516        0.006284
FIRE2:  622 17:29:46    -5244.853516        0.006281
FIRE2:  623 17:29:47    -5244.853516        0.006282
FIRE2:  624 17:29:48    -5244.853516        0.006278
FIRE2:  625 17:29:48    -5244.853516        0.006275
FIRE2:  626 17:29:49    -5244.853516        0.006270
FIRE2:  627 17:29:50    -5244.853516        0.006265
FIRE2:  628 17:29:51    -5244.853516        0.006263
FIRE2:  629 17:29:52    -5244.853516        0.006258
FIRE2:  630 17:29:52    -5244.853516        0.006255
FIRE2:  631 17:29:53    -5244.853516        0.006248
FIRE2:  632 17:29:54    -5244.853516        0.006245
FIRE2:  633 17:29:54    -5244.853516        0.006235
FIRE2:  634 17:29:55    -5244.853516        0.006230
FIRE2:  635 17:29:56    -5244.853516        0.006223
FIRE2:  636 17:29:56    -5244.853516        0.006217
FIRE2:  637 17:29:57    -5244.853516        0.006210
FIRE2:  638 17:29:58    -5244.853516        0.006202
FIRE2:  639 17:29:58    -5244.853516        0.006189
FIRE2:  640 17:29:59    -5244.853516        0.006183
FIRE2:  641 17:30:00    -5244.853516        0.006170
FIRE2:  642 17:30:00    -5244.853516        0.006155
FIRE2:  643 17:30:01    -5244.853516        0.006141
FIRE2:  644 17:30:02    -5244.853516        0.006121
FIRE2:  645 17:30:02    -5244.853516        0.006102
FIRE2:  646 17:30:03    -5244.853516        0.006075
FIRE2:  647 17:30:04    -5244.854492        0.006046
FIRE2:  648 17:30:04    -5244.853516        0.006010
FIRE2:  649 17:30:05    -5244.854492        0.005973
FIRE2:  650 17:30:06    -5244.854492        0.005924
FIRE2:  651 17:30:07    -5244.854492        0.005867
FIRE2:  652 17:30:07    -5244.854492        0.005799
FIRE2:  653 17:30:08    -5244.854492        0.005728
FIRE2:  654 17:30:09    -5244.854492        0.005623
FIRE2:  655 17:30:10    -5244.854492        0.005649
FIRE2:  656 17:30:11    -5244.854492        0.005658
FIRE2:  657 17:30:12    -5244.854492        0.005654
FIRE2:  658 17:30:13    -5244.854492        0.005652
FIRE2:  659 17:30:14    -5244.854492        0.005654
FIRE2:  660 17:30:14    -5244.854492        0.005647
FIRE2:  661 17:30:15    -5244.854492        0.005649
FIRE2:  662 17:30:16    -5244.854492        0.005645
FIRE2:  663 17:30:16    -5244.854492        0.005646
FIRE2:  664 17:30:17    -5244.854492        0.005640
FIRE2:  665 17:30:18    -5244.854492        0.005638
FIRE2:  666 17:30:19    -5244.854492        0.005631
FIRE2:  667 17:30:19    -5244.854492        0.005626
FIRE2:  668 17:30:20    -5244.854492        0.005622
FIRE2:  669 17:30:21    -5244.854492        0.005616
FIRE2:  670 17:30:22    -5244.854492        0.005609
FIRE2:  671 17:30:22    -5244.854492        0.005606
FIRE2:  672 17:30:23    -5244.854492        0.005598
FIRE2:  673 17:30:24    -5244.854492        0.005591
FIRE2:  674 17:30:24    -5244.854492        0.005582
FIRE2:  675 17:30:25    -5244.854492        0.005579
FIRE2:  676 17:30:26    -5244.854492        0.005569
FIRE2:  677 17:30:27    -5244.854492        0.005562
FIRE2:  678 17:30:27    -5244.854492        0.005553
FIRE2:  679 17:30:28    -5244.854492        0.005540
FIRE2:  680 17:30:29    -5244.854492        0.005527
FIRE2:  681 17:30:29    -5244.854492        0.005510
FIRE2:  682 17:30:30    -5244.854492        0.005492
FIRE2:  683 17:30:31    -5244.854492        0.005474
FIRE2:  684 17:30:32    -5244.854492        0.005451
FIRE2:  685 17:30:32    -5244.854492        0.005419
FIRE2:  686 17:30:33    -5244.854492        0.005385
FIRE2:  687 17:30:34    -5244.854492        0.005347
FIRE2:  688 17:30:34    -5244.854492        0.005299
FIRE2:  689 17:30:35    -5244.854492        0.005248
FIRE2:  690 17:30:36    -5244.854492        0.005177
FIRE2:  691 17:30:37    -5244.855469        0.005121
FIRE2:  692 17:30:37    -5244.854492        0.005009
FIRE2:  693 17:30:39    -5244.854492        0.005043
FIRE2:  694 17:30:39    -5244.854492        0.005050
FIRE2:  695 17:30:41    -5244.854492        0.005047
FIRE2:  696 17:30:42    -5244.854492        0.005045
FIRE2:  697 17:30:42    -5244.854492        0.005043
FIRE2:  698 17:30:43    -5244.854492        0.005045
FIRE2:  699 17:30:44    -5244.854492        0.005041
FIRE2:  700 17:30:44    -5244.854492        0.005037
FIRE2:  701 17:30:45    -5244.854492        0.005036
FIRE2:  702 17:30:46    -5244.854492        0.005033
FIRE2:  703 17:30:47    -5244.854492        0.005028
FIRE2:  704 17:30:47    -5244.854492        0.005026
FIRE2:  705 17:30:48    -5244.854492        0.005021
FIRE2:  706 17:30:49    -5244.854980        0.005018
FIRE2:  707 17:30:50    -5244.854492        0.005013
FIRE2:  708 17:30:50    -5244.854492        0.005005
FIRE2:  709 17:30:51    -5244.854492        0.005001
FIRE2:  710 17:30:52    -5244.854492        0.004994
FIRE2:  711 17:30:52    -5244.854492        0.004990
FIRE2:  712 17:30:53    -5244.854492        0.004980
FIRE2:  713 17:30:54    -5244.854492        0.004973
FIRE2:  714 17:30:55    -5244.854492        0.004966
FIRE2:  715 17:30:55    -5244.854492        0.004955
FIRE2:  716 17:30:56    -5244.854492        0.004945
FIRE2:  717 17:30:57    -5244.854492        0.004936
FIRE2:  718 17:30:58    -5244.854492        0.004923
FIRE2:  719 17:30:58    -5244.854492        0.004908
FIRE2:  720 17:30:59    -5244.854980        0.004894
FIRE2:  721 17:31:00    -5244.854492        0.004869
FIRE2:  722 17:31:01    -5244.855469        0.004846
FIRE2:  723 17:31:01    -5244.854492        0.004819
FIRE2:  724 17:31:02    -5244.855469        0.004783
FIRE2:  725 17:31:03    -5244.854980        0.004750
FIRE2:  726 17:31:03    -5244.855469        0.004702
FIRE2:  727 17:31:04    -5244.855469        0.004648
FIRE2:  728 17:31:05    -5244.855469        0.004583
FIRE2:  729 17:31:06    -5244.855469        0.004529
FIRE2:  730 17:31:07    -5244.855469        0.004543
FIRE2:  731 17:31:08    -5244.855469        0.004537
FIRE2:  732 17:31:09    -5244.855469        0.004538
FIRE2:  733 17:31:10    -5244.855469        0.004534
FIRE2:  734 17:31:10    -5244.854492        0.004532
FIRE2:  735 17:31:11    -5244.855469        0.004535
FIRE2:  736 17:31:12    -5244.855469        0.004532
FIRE2:  737 17:31:13    -5244.855469        0.004532
FIRE2:  738 17:31:13    -5244.855469        0.004528
FIRE2:  739 17:31:14    -5244.855469        0.004525
FIRE2:  740 17:31:15    -5244.855469        0.004521
FIRE2:  741 17:31:16    -5244.855469        0.004522
FIRE2:  742 17:31:16    -5244.855469        0.004517
FIRE2:  743 17:31:17    -5244.855469        0.004513
FIRE2:  744 17:31:18    -5244.855469        0.004508
FIRE2:  745 17:31:19    -5244.855469        0.004505
FIRE2:  746 17:31:19    -5244.855469        0.004499
FIRE2:  747 17:31:20    -5244.855469        0.004491
FIRE2:  748 17:31:21    -5244.855469        0.004486
FIRE2:  749 17:31:21    -5244.855469        0.004482
FIRE2:  750 17:31:22    -5244.855469        0.004474
FIRE2:  751 17:31:23    -5244.855469        0.004473
FIRE2:  752 17:31:24    -5244.855469        0.004462
FIRE2:  753 17:31:24    -5244.855469        0.004454
FIRE2:  754 17:31:25    -5244.855469        0.004447
FIRE2:  755 17:31:26    -5244.855469        0.004436
FIRE2:  756 17:31:26    -5244.855469        0.004423
FIRE2:  757 17:31:27    -5244.855469        0.004411
FIRE2:  758 17:31:28    -5244.855469        0.004395
FIRE2:  759 17:31:29    -5244.855469        0.004373
FIRE2:  760 17:31:29    -5244.855469        0.004353
FIRE2:  761 17:31:30    -5244.855469        0.004325
FIRE2:  762 17:31:31    -5244.855469        0.004292
FIRE2:  763 17:31:32    -5244.855469        0.004260
FIRE2:  764 17:31:32    -5244.855469        0.004215
FIRE2:  765 17:31:33    -5244.855469        0.004163
FIRE2:  766 17:31:34    -5244.855469        0.004098
FIRE2:  767 17:31:35    -5244.855469        0.004059
FIRE2:  768 17:31:36    -5244.855469        0.004066
FIRE2:  769 17:31:36    -5244.855469        0.004058
FIRE2:  770 17:31:38    -5244.855469        0.004060
FIRE2:  771 17:31:38    -5244.855469        0.004058
FIRE2:  772 17:31:39    -5244.855469        0.004057
FIRE2:  773 17:31:40    -5244.855469        0.004057
FIRE2:  774 17:31:41    -5244.855469        0.004055
FIRE2:  775 17:31:41    -5244.855469        0.004051
FIRE2:  776 17:31:42    -5244.855469        0.004051
FIRE2:  777 17:31:43    -5244.855469        0.004048
FIRE2:  778 17:31:43    -5244.855469        0.004047
FIRE2:  779 17:31:44    -5244.855469        0.004042
FIRE2:  780 17:31:45    -5244.855469        0.004041
FIRE2:  781 17:31:45    -5244.855469        0.004038
FIRE2:  782 17:31:46    -5244.855469        0.004030
FIRE2:  783 17:31:47    -5244.855469        0.004027
FIRE2:  784 17:31:48    -5244.855469        0.004021
FIRE2:  785 17:31:48    -5244.855469        0.004016
FIRE2:  786 17:31:49    -5244.855469        0.004011
FIRE2:  787 17:31:50    -5244.855469        0.004008
FIRE2:  788 17:31:50    -5244.855469        0.004004
FIRE2:  789 17:31:51    -5244.855469        0.003995
FIRE2:  790 17:31:52    -5244.855469        0.003988
FIRE2:  791 17:31:52    -5244.855469        0.003983
FIRE2:  792 17:31:53    -5244.855469        0.003973
FIRE2:  793 17:31:54    -5244.855469        0.003962
FIRE2:  794 17:31:55    -5244.855469        0.003951
FIRE2:  795 17:31:55    -5244.855469        0.003938
FIRE2:  796 17:31:56    -5244.855469        0.003921
FIRE2:  797 17:31:57    -5244.855469        0.003901
FIRE2:  798 17:31:58    -5244.855469        0.003879
FIRE2:  799 17:31:58    -5244.855469        0.003855
FIRE2:  800 17:31:59    -5244.855469        0.003827
FIRE2:  801 17:32:00    -5244.855469        0.003791
FIRE2:  802 17:32:01    -5244.855469        0.003744
FIRE2:  803 17:32:01    -5244.855469        0.003704
FIRE2:  804 17:32:02    -5244.855469        0.003640
FIRE2:  805 17:32:03    -5244.855469        0.003660
FIRE2:  806 17:32:04    -5244.855469        0.003660
FIRE2:  807 17:32:06    -5244.855469        0.003659
FIRE2:  808 17:32:06    -5244.855469        0.003658
FIRE2:  809 17:32:07    -5244.855469        0.003655
FIRE2:  810 17:32:08    -5244.855469        0.003655
FIRE2:  811 17:32:08    -5244.855469        0.003653
FIRE2:  812 17:32:09    -5244.855469        0.003653
FIRE2:  813 17:32:10    -5244.855469        0.003650
FIRE2:  814 17:32:11    -5244.855469        0.003650
FIRE2:  815 17:32:11    -5244.855469        0.003647
FIRE2:  816 17:32:12    -5244.855469        0.003644
FIRE2:  817 17:32:13    -5244.855469        0.003643
FIRE2:  818 17:32:13    -5244.855469        0.003638
FIRE2:  819 17:32:14    -5244.855469        0.003634
FIRE2:  820 17:32:15    -5244.855469        0.003630
FIRE2:  821 17:32:16    -5244.855469        0.003625
FIRE2:  822 17:32:16    -5244.855469        0.003624
FIRE2:  823 17:32:17    -5244.855469        0.003621
FIRE2:  824 17:32:18    -5244.855469        0.003616
FIRE2:  825 17:32:19    -5244.855469        0.003612
FIRE2:  826 17:32:19    -5244.855469        0.003606
FIRE2:  827 17:32:20    -5244.855469        0.003603
FIRE2:  828 17:32:21    -5244.855469        0.003594
FIRE2:  829 17:32:21    -5244.855469        0.003586
FIRE2:  830 17:32:22    -5244.855469        0.003576
FIRE2:  831 17:32:23    -5244.855469        0.003569
FIRE2:  832 17:32:24    -5244.855469        0.003557
FIRE2:  833 17:32:24    -5244.855469        0.003546
FIRE2:  834 17:32:25    -5244.855469        0.003533
FIRE2:  835 17:32:26    -5244.855469        0.003508
FIRE2:  836 17:32:27    -5244.855469        0.003492
FIRE2:  837 17:32:27    -5244.855469        0.003466
FIRE2:  838 17:32:28    -5244.855469        0.003437
FIRE2:  839 17:32:29    -5244.855469        0.003402
FIRE2:  840 17:32:29    -5244.855469        0.003365
FIRE2:  841 17:32:30    -5244.855469        0.003315
FIRE2:  842 17:32:31    -5244.856445        0.003285
FIRE2:  843 17:32:32    -5244.856445        0.003289
FIRE2:  844 17:32:33    -5244.856445        0.003284
FIRE2:  845 17:32:34    -5244.856445        0.003284
FIRE2:  846 17:32:35    -5244.855469        0.003283
FIRE2:  847 17:32:36    -5244.855469        0.003283
FIRE2:  848 17:32:36    -5244.855469        0.003283
FIRE2:  849 17:32:37    -5244.855469        0.003280
FIRE2:  850 17:32:38    -5244.855469        0.003281
FIRE2:  851 17:32:39    -5244.855469        0.003279
FIRE2:  852 17:32:39    -5244.855469        0.003276
FIRE2:  853 17:32:40    -5244.855957        0.003277
FIRE2:  854 17:32:41    -5244.856445        0.003273
FIRE2:  855 17:32:41    -5244.856445        0.003270
FIRE2:  856 17:32:42    -5244.856445        0.003269
FIRE2:  857 17:32:43    -5244.855469        0.003263
FIRE2:  858 17:32:44    -5244.855469        0.003259
FIRE2:  859 17:32:44    -5244.856445        0.003255
FIRE2:  860 17:32:45    -5244.856445        0.003251
FIRE2:  861 17:32:46    -5244.855469        0.003248
FIRE2:  862 17:32:47    -5244.856445        0.003243
FIRE2:  863 17:32:47    -5244.856445        0.003239
FIRE2:  864 17:32:48    -5244.855957        0.003233
FIRE2:  865 17:32:49    -5244.855469        0.003226
FIRE2:  866 17:32:50    -5244.855469        0.003223
FIRE2:  867 17:32:50    -5244.855957        0.003218
FIRE2:  868 17:32:51    -5244.856445        0.003208
FIRE2:  869 17:32:52    -5244.856445        0.003199
FIRE2:  870 17:32:52    -5244.856445        0.003187
FIRE2:  871 17:32:53    -5244.855469        0.003175
FIRE2:  872 17:32:54    -5244.856445        0.003158
FIRE2:  873 17:32:55    -5244.856445        0.003143
FIRE2:  874 17:32:56    -5244.855957        0.003120
FIRE2:  875 17:32:56    -5244.856445        0.003097
FIRE2:  876 17:32:57    -5244.856445        0.003071
FIRE2:  877 17:32:58    -5244.856445        0.003034
FIRE2:  878 17:32:58    -5244.856445        0.002995
FIRE2:  879 17:32:59    -5244.856445        0.002957
FIRE2:  880 17:33:00    -5244.856445        0.002899
FIRE2:  881 17:33:01    -5244.856445        0.002921
FIRE2:  882 17:33:02    -5244.856445        0.002922
FIRE2:  883 17:33:03    -5244.856445        0.002920
FIRE2:  884 17:33:04    -5244.856445        0.002921
FIRE2:  885 17:33:05    -5244.856445        0.002915
FIRE2:  886 17:33:06    -5244.856445        0.002916
FIRE2:  887 17:33:06    -5244.856445        0.002915
FIRE2:  888 17:33:07    -5244.856445        0.002914
FIRE2:  889 17:33:08    -5244.856445        0.002911
FIRE2:  890 17:33:09    -5244.856445        0.002909
FIRE2:  891 17:33:09    -5244.856445        0.002909
FIRE2:  892 17:33:10    -5244.856445        0.002906
FIRE2:  893 17:33:11    -5244.856445        0.002903
FIRE2:  894 17:33:11    -5244.856445        0.002900
FIRE2:  895 17:33:12    -5244.856445        0.002898
FIRE2:  896 17:33:13    -5244.856445        0.002895
FIRE2:  897 17:33:14    -5244.856445        0.002889
FIRE2:  898 17:33:14    -5244.856445        0.002888
FIRE2:  899 17:33:15    -5244.856445        0.002883
FIRE2:  900 17:33:16    -5244.856445        0.002878
FIRE2:  901 17:33:17    -5244.856445        0.002875
FIRE2:  902 17:33:17    -5244.856445        0.002867
FIRE2:  903 17:33:18    -5244.856445        0.002866
FIRE2:  904 17:33:19    -5244.856445        0.002857
FIRE2:  905 17:33:20    -5244.856445        0.002854
FIRE2:  906 17:33:20    -5244.856445        0.002843
FIRE2:  907 17:33:21    -5244.856445        0.002836
FIRE2:  908 17:33:22    -5244.856445        0.002826
FIRE2:  909 17:33:23    -5244.856445        0.002811
FIRE2:  910 17:33:24    -5244.856445        0.002794
FIRE2:  911 17:33:24    -5244.856445        0.002780
FIRE2:  912 17:33:25    -5244.856445        0.002761
FIRE2:  913 17:33:26    -5244.856445        0.002737
FIRE2:  914 17:33:26    -5244.856445        0.002710
FIRE2:  915 17:33:27    -5244.856445        0.002682
FIRE2:  916 17:33:28    -5244.856445        0.002647
FIRE2:  917 17:33:29    -5244.856445        0.002603
FIRE2:  918 17:33:30    -5244.856445        0.002616
FIRE2:  919 17:33:31    -5244.856445        0.002614
FIRE2:  920 17:33:32    -5244.856445        0.002615
FIRE2:  921 17:33:33    -5244.856445        0.002615
FIRE2:  922 17:33:34    -5244.856445        0.002615
FIRE2:  923 17:33:34    -5244.856445        0.002611
FIRE2:  924 17:33:35    -5244.856445        0.002611
FIRE2:  925 17:33:36    -5244.856445        0.002610
FIRE2:  926 17:33:36    -5244.856445        0.002610
FIRE2:  927 17:33:37    -5244.856445        0.002609
FIRE2:  928 17:33:38    -5244.856445        0.002604
FIRE2:  929 17:33:39    -5244.856445        0.002606
FIRE2:  930 17:33:39    -5244.856445        0.002605
FIRE2:  931 17:33:40    -5244.856445        0.002602
FIRE2:  932 17:33:41    -5244.856445        0.002599
FIRE2:  933 17:33:42    -5244.856445        0.002597
FIRE2:  934 17:33:42    -5244.856445        0.002593
FIRE2:  935 17:33:43    -5244.856445        0.002589
FIRE2:  936 17:33:44    -5244.856445        0.002588
FIRE2:  937 17:33:45    -5244.856445        0.002583
FIRE2:  938 17:33:45    -5244.856445        0.002581
FIRE2:  939 17:33:46    -5244.856445        0.002575
FIRE2:  940 17:33:47    -5244.856445        0.002573
FIRE2:  941 17:33:47    -5244.856445        0.002567
FIRE2:  942 17:33:48    -5244.856445        0.002562
FIRE2:  943 17:33:49    -5244.856445        0.002554
FIRE2:  944 17:33:50    -5244.856445        0.002546
FIRE2:  945 17:33:50    -5244.856445        0.002539
FIRE2:  946 17:33:51    -5244.856445        0.002528
FIRE2:  947 17:33:52    -5244.856445        0.002516
FIRE2:  948 17:33:53    -5244.856445        0.002503
FIRE2:  949 17:33:53    -5244.856445        0.002487
FIRE2:  950 17:33:54    -5244.856445        0.002468
FIRE2:  951 17:33:55    -5244.856445        0.002445
FIRE2:  952 17:33:56    -5244.856445        0.002422
FIRE2:  953 17:33:56    -5244.856445        0.002394
FIRE2:  954 17:33:57    -5244.856445        0.002351
FIRE2:  955 17:33:59    -5244.856445        0.002363
FIRE2:  956 17:33:59    -5244.856445        0.002364
FIRE2:  957 17:34:01    -5244.856445        0.002363
FIRE2:  958 17:34:01    -5244.856445        0.002365
FIRE2:  959 17:34:02    -5244.856445        0.002363
FIRE2:  960 17:34:03    -5244.856445        0.002364
FIRE2:  961 17:34:03    -5244.856445        0.002358
FIRE2:  962 17:34:04    -5244.856445        0.002361
FIRE2:  963 17:34:05    -5244.856445        0.002359
FIRE2:  964 17:34:05    -5244.856445        0.002358
FIRE2:  965 17:34:06    -5244.856445        0.002356
FIRE2:  966 17:34:07    -5244.856445        0.002356
FIRE2:  967 17:34:07    -5244.856445        0.002355
FIRE2:  968 17:34:08    -5244.856445        0.002355
FIRE2:  969 17:34:09    -5244.856445        0.002352
FIRE2:  970 17:34:09    -5244.856445        0.002350
FIRE2:  971 17:34:10    -5244.856445        0.002346
FIRE2:  972 17:34:11    -5244.856445        0.002343
FIRE2:  973 17:34:11    -5244.856445        0.002338
FIRE2:  974 17:34:12    -5244.856445        0.002339
FIRE2:  975 17:34:13    -5244.856445        0.002333
FIRE2:  976 17:34:13    -5244.856445        0.002334
FIRE2:  977 17:34:14    -5244.856445        0.002329
FIRE2:  978 17:34:15    -5244.856445        0.002324
FIRE2:  979 17:34:16    -5244.856445        0.002320
FIRE2:  980 17:34:16    -5244.856445        0.002312
FIRE2:  981 17:34:17    -5244.856445        0.002310
FIRE2:  982 17:34:18    -5244.856445        0.002304
FIRE2:  983 17:34:18    -5244.856445        0.002295
FIRE2:  984 17:34:19    -5244.856445        0.002284
FIRE2:  985 17:34:20    -5244.856445        0.002273
FIRE2:  986 17:34:20    -5244.856445        0.002259
FIRE2:  987 17:34:21    -5244.856445        0.002244
FIRE2:  988 17:34:22    -5244.856445        0.002227
FIRE2:  989 17:34:22    -5244.856445        0.002204
FIRE2:  990 17:34:23    -5244.856445        0.002179
FIRE2:  991 17:34:24    -5244.856445        0.002147
FIRE2:  992 17:34:24    -5244.856445        0.002127
FIRE2:  993 17:34:26    -5244.856445        0.002130
FIRE2:  994 17:34:26    -5244.856445        0.002128
FIRE2:  995 17:34:27    -5244.856445        0.002128
FIRE2:  996 17:34:28    -5244.856445        0.002128
FIRE2:  997 17:34:29    -5244.856445        0.002127
FIRE2:  998 17:34:30    -5244.856445        0.002126
FIRE2:  999 17:34:30    -5244.856445        0.002125
FIRE2:  1000 17:34:31    -5244.856445        0.002124
FIRE2:  1001 17:34:32    -5244.856445        0.002124
FIRE2:  1002 17:34:32    -5244.856445        0.002124
FIRE2:  1003 17:34:33    -5244.856445        0.002122
FIRE2:  1004 17:34:34    -5244.856445        0.002119
FIRE2:  1005 17:34:34    -5244.856445        0.002118
FIRE2:  1006 17:34:35    -5244.856445        0.002118
FIRE2:  1007 17:34:36    -5244.856445        0.002116
FIRE2:  1008 17:34:36    -5244.856445        0.002112
FIRE2:  1009 17:34:37    -5244.856445        0.002112
FIRE2:  1010 17:34:37    -5244.856445        0.002109
FIRE2:  1011 17:34:38    -5244.856445        0.002106
FIRE2:  1012 17:34:39    -5244.856445        0.002100
FIRE2:  1013 17:34:39    -5244.856445        0.002102
FIRE2:  1014 17:34:40    -5244.856445        0.002097
FIRE2:  1015 17:34:41    -5244.856445        0.002092
FIRE2:  1016 17:34:41    -5244.856445        0.002089
FIRE2:  1017 17:34:42    -5244.856445        0.002084
FIRE2:  1018 17:34:43    -5244.856445        0.002081
FIRE2:  1019 17:34:43    -5244.856445        0.002076
FIRE2:  1020 17:34:44    -5244.856445        0.002070
FIRE2:  1021 17:34:44    -5244.856445        0.002060
FIRE2:  1022 17:34:45    -5244.856445        0.002053
FIRE2:  1023 17:34:46    -5244.856445        0.002037
FIRE2:  1024 17:34:46    -5244.856445        0.002029
FIRE2:  1025 17:34:47    -5244.856445        0.002010
FIRE2:  1026 17:34:48    -5244.856445        0.001992
FIRE2:  1027 17:34:48    -5244.856445        0.001973
FIRE2:  1028 17:34:49    -5244.856445        0.001951
FIRE2:  1029 17:34:50    -5244.856445        0.001916
FIRE2:  1030 17:34:51    -5244.856445        0.001927
FIRE2:  1031 17:34:51    -5244.856445        0.001928
FIRE2:  1032 17:34:53    -5244.856445        0.001927
FIRE2:  1033 17:34:53    -5244.856445        0.001927
FIRE2:  1034 17:34:54    -5244.856445        0.001926
FIRE2:  1035 17:34:55    -5244.856445        0.001929
FIRE2:  1036 17:34:55    -5244.856445        0.001925
FIRE2:  1037 17:34:56    -5244.856445        0.001923
FIRE2:  1038 17:34:56    -5244.856445        0.001927
FIRE2:  1039 17:34:57    -5244.856445        0.001921
FIRE2:  1040 17:34:58    -5244.856445        0.001920
FIRE2:  1041 17:34:58    -5244.856445        0.001918
FIRE2:  1042 17:34:59    -5244.856445        0.001919
FIRE2:  1043 17:35:00    -5244.856445        0.001918
FIRE2:  1044 17:35:00    -5244.856445        0.001916
FIRE2:  1045 17:35:01    -5244.856445        0.001913
FIRE2:  1046 17:35:02    -5244.856445        0.001912
FIRE2:  1047 17:35:02    -5244.856445        0.001909
FIRE2:  1048 17:35:03    -5244.856445        0.001907
FIRE2:  1049 17:35:03    -5244.856445        0.001905
FIRE2:  1050 17:35:04    -5244.856445        0.001902
FIRE2:  1051 17:35:05    -5244.856445        0.001899
FIRE2:  1052 17:35:05    -5244.856445        0.001899
FIRE2:  1053 17:35:06    -5244.856445        0.001895
FIRE2:  1054 17:35:07    -5244.856445        0.001896
FIRE2:  1055 17:35:07    -5244.856445        0.001888
FIRE2:  1056 17:35:08    -5244.856445        0.001884
FIRE2:  1057 17:35:09    -5244.856445        0.001879
FIRE2:  1058 17:35:09    -5244.856445        0.001870
FIRE2:  1059 17:35:10    -5244.856445        0.001861
FIRE2:  1060 17:35:11    -5244.856445        0.001854
FIRE2:  1061 17:35:11    -5244.856445        0.001846
FIRE2:  1062 17:35:12    -5244.856445        0.001832
FIRE2:  1063 17:35:12    -5244.856445        0.001819
FIRE2:  1064 17:35:13    -5244.856445        0.001801
FIRE2:  1065 17:35:14    -5244.856445        0.001784
FIRE2:  1066 17:35:14    -5244.856445        0.001756
FIRE2:  1067 17:35:15    -5244.856445        0.001731
FIRE2:  1068 17:35:16    -5244.856445        0.001738
FIRE2:  1069 17:35:17    -5244.856445        0.001737
FIRE2:  1070 17:35:18    -5244.856445        0.001736
FIRE2:  1071 17:35:19    -5244.856445        0.001738
FIRE2:  1072 17:35:19    -5244.856445        0.001737
FIRE2:  1073 17:35:20    -5244.856445        0.001735
FIRE2:  1074 17:35:20    -5244.856445        0.001733
FIRE2:  1075 17:35:21    -5244.856445        0.001734
FIRE2:  1076 17:35:22    -5244.856445        0.001731
FIRE2:  1077 17:35:22    -5244.856445        0.001730
FIRE2:  1078 17:35:23    -5244.856445        0.001729
FIRE2:  1079 17:35:24    -5244.856445        0.001727
FIRE2:  1080 17:35:24    -5244.856445        0.001729
FIRE2:  1081 17:35:25    -5244.856445        0.001727
FIRE2:  1082 17:35:26    -5244.856445        0.001724
FIRE2:  1083 17:35:26    -5244.856445        0.001726
FIRE2:  1084 17:35:27    -5244.856445        0.001722
FIRE2:  1085 17:35:27    -5244.856445        0.001720
FIRE2:  1086 17:35:28    -5244.856445        0.001720
FIRE2:  1087 17:35:29    -5244.856445        0.001717
FIRE2:  1088 17:35:29    -5244.856445        0.001715
FIRE2:  1089 17:35:30    -5244.856445        0.001710
FIRE2:  1090 17:35:31    -5244.856445        0.001707
FIRE2:  1091 17:35:31    -5244.856445        0.001707
FIRE2:  1092 17:35:32    -5244.856445        0.001705
FIRE2:  1093 17:35:33    -5244.856445        0.001698
FIRE2:  1094 17:35:33    -5244.856445        0.001694
FIRE2:  1095 17:35:34    -5244.856445        0.001686
FIRE2:  1096 17:35:34    -5244.856445        0.001683
FIRE2:  1097 17:35:35    -5244.856445        0.001673
FIRE2:  1098 17:35:36    -5244.856445        0.001667
FIRE2:  1099 17:35:36    -5244.856445        0.001658
FIRE2:  1100 17:35:37    -5244.856445        0.001643
FIRE2:  1101 17:35:38    -5244.856445        0.001630
FIRE2:  1102 17:35:38    -5244.856445        0.001613
FIRE2:  1103 17:35:39    -5244.856445        0.001591
FIRE2:  1104 17:35:40    -5244.856445        0.001574
FIRE2:  1105 17:35:41    -5244.856445        0.001577
FIRE2:  1106 17:35:41    -5244.856445        0.001578
FIRE2:  1107 17:35:43    -5244.856445        0.001574
FIRE2:  1108 17:35:43    -5244.856445        0.001578
FIRE2:  1109 17:35:44    -5244.856445        0.001573
FIRE2:  1110 17:35:45    -5244.856445        0.001572
FIRE2:  1111 17:35:45    -5244.856445        0.001573
FIRE2:  1112 17:35:46    -5244.856445        0.001573
FIRE2:  1113 17:35:46    -5244.856445        0.001576
FIRE2:  1114 17:35:47    -5244.856445        0.001574
FIRE2:  1115 17:35:48    -5244.856445        0.001570
FIRE2:  1116 17:35:48    -5244.856445        0.001571
FIRE2:  1117 17:35:49    -5244.856445        0.001570
FIRE2:  1118 17:35:50    -5244.856445        0.001569
FIRE2:  1119 17:35:50    -5244.856445        0.001566
FIRE2:  1120 17:35:51    -5244.856445        0.001568
FIRE2:  1121 17:35:52    -5244.856445        0.001565
FIRE2:  1122 17:35:52    -5244.856445        0.001564
FIRE2:  1123 17:35:53    -5244.856445        0.001563
FIRE2:  1124 17:35:53    -5244.856445        0.001558
FIRE2:  1125 17:35:54    -5244.856445        0.001555
FIRE2:  1126 17:35:55    -5244.856445        0.001557
FIRE2:  1127 17:35:55    -5244.856445        0.001553
FIRE2:  1128 17:35:56    -5244.856445        0.001549
FIRE2:  1129 17:35:57    -5244.856445        0.001545
FIRE2:  1130 17:35:57    -5244.856445        0.001543
FIRE2:  1131 17:35:58    -5244.856445        0.001541
FIRE2:  1132 17:35:59    -5244.856445        0.001535
FIRE2:  1133 17:35:59    -5244.856445        0.001531
FIRE2:  1134 17:36:00    -5244.856445        0.001524
FIRE2:  1135 17:36:01    -5244.856445        0.001518
FIRE2:  1136 17:36:01    -5244.856445        0.001509
FIRE2:  1137 17:36:02    -5244.856445        0.001501
FIRE2:  1138 17:36:02    -5244.856445        0.001490
FIRE2:  1139 17:36:03    -5244.856445        0.001474
FIRE2:  1140 17:36:04    -5244.856445        0.001460
FIRE2:  1141 17:36:04    -5244.856445        0.001433
FIRE2:  1142 17:36:05    -5244.856445        0.001427
FIRE2:  1143 17:36:06    -5244.856445        0.001428
FIRE2:  1144 17:36:07    -5244.856445        0.001424
FIRE2:  1145 17:36:08    -5244.856445        0.001422
FIRE2:  1146 17:36:09    -5244.856445        0.001424
FIRE2:  1147 17:36:09    -5244.856445        0.001424
FIRE2:  1148 17:36:10    -5244.856445        0.001423
FIRE2:  1149 17:36:10    -5244.856445        0.001424
FIRE2:  1150 17:36:11    -5244.856445        0.001419
FIRE2:  1151 17:36:12    -5244.856445        0.001422
FIRE2:  1152 17:36:12    -5244.856445        0.001421
FIRE2:  1153 17:36:13    -5244.856445        0.001418
FIRE2:  1154 17:36:14    -5244.856445        0.001417
FIRE2:  1155 17:36:14    -5244.856445        0.001418
FIRE2:  1156 17:36:15    -5244.856445        0.001415
FIRE2:  1157 17:36:16    -5244.856445        0.001413
FIRE2:  1158 17:36:16    -5244.856445        0.001414
FIRE2:  1159 17:36:17    -5244.856445        0.001413
FIRE2:  1160 17:36:17    -5244.856445        0.001410
FIRE2:  1161 17:36:18    -5244.856445        0.001409
FIRE2:  1162 17:36:19    -5244.856445        0.001404
FIRE2:  1163 17:36:19    -5244.856445        0.001406
FIRE2:  1164 17:36:20    -5244.856445        0.001404
FIRE2:  1165 17:36:21    -5244.856445        0.001398
FIRE2:  1166 17:36:21    -5244.856445        0.001399
FIRE2:  1167 17:36:22    -5244.856445        0.001395
FIRE2:  1168 17:36:23    -5244.856445        0.001394
FIRE2:  1169 17:36:23    -5244.856445        0.001390
FIRE2:  1170 17:36:24    -5244.856445        0.001386
FIRE2:  1171 17:36:25    -5244.856445        0.001377
FIRE2:  1172 17:36:25    -5244.856445        0.001372
FIRE2:  1173 17:36:26    -5244.856445        0.001366
FIRE2:  1174 17:36:26    -5244.856445        0.001357
FIRE2:  1175 17:36:27    -5244.856445        0.001349
FIRE2:  1176 17:36:28    -5244.856445        0.001338
FIRE2:  1177 17:36:28    -5244.856445        0.001326
FIRE2:  1178 17:36:29    -5244.856445        0.001305
FIRE2:  1179 17:36:30    -5244.856445        0.001295
FIRE2:  1180 17:36:30    -5244.856445        0.001268
FIRE2:  1181 17:36:31    -5244.856445        0.001278
FIRE2:  1182 17:36:32    -5244.856445        0.001277
FIRE2:  1183 17:36:33    -5244.856445        0.001276
FIRE2:  1184 17:36:33    -5244.856445        0.001276
FIRE2:  1185 17:36:34    -5244.856445        0.001271
FIRE2:  1186 17:36:35    -5244.856445        0.001268
FIRE2:  1187 17:36:35    -5244.856445        0.001266
FIRE2:  1188 17:36:36    -5244.856445        0.001268
FIRE2:  1189 17:36:37    -5244.856445        0.001262
FIRE2:  1190 17:36:37    -5244.856445        0.001257
FIRE2:  1191 17:36:38    -5244.856445        0.001257
FIRE2:  1192 17:36:38    -5244.856445        0.001250
FIRE2:  1193 17:36:39    -5244.856445        0.001246
FIRE2:  1194 17:36:40    -5244.856445        0.001241
FIRE2:  1195 17:36:40    -5244.856445        0.001235
FIRE2:  1196 17:36:41    -5244.856445        0.001231
FIRE2:  1197 17:36:42    -5244.856445        0.001226
FIRE2:  1198 17:36:42    -5244.856445        0.001218
FIRE2:  1199 17:36:43    -5244.856445        0.001213
FIRE2:  1200 17:36:44    -5244.856445        0.001205
FIRE2:  1201 17:36:44    -5244.856445        0.001196
FIRE2:  1202 17:36:45    -5244.856445        0.001190
FIRE2:  1203 17:36:45    -5244.856445        0.001177
FIRE2:  1204 17:36:46    -5244.856445        0.001169
FIRE2:  1205 17:36:47    -5244.856445        0.001154
FIRE2:  1206 17:36:47    -5244.856445        0.001144
FIRE2:  1207 17:36:48    -5244.856445        0.001130
FIRE2:  1208 17:36:49    -5244.856445        0.001118
FIRE2:  1209 17:36:49    -5244.856445        0.001108
FIRE2:  1210 17:36:50    -5244.856445        0.001109
FIRE2:  1211 17:36:51    -5244.856445        0.001108
FIRE2:  1212 17:36:52    -5244.856445        0.001108
FIRE2:  1213 17:36:53    -5244.856445        0.001108
FIRE2:  1214 17:36:53    -5244.856445        0.001106
FIRE2:  1215 17:36:54    -5244.856445        0.001107
FIRE2:  1216 17:36:55    -5244.856445        0.001106
FIRE2:  1217 17:36:55    -5244.856445        0.001106
FIRE2:  1218 17:36:56    -5244.856445        0.001104
FIRE2:  1219 17:36:57    -5244.856445        0.001105
FIRE2:  1220 17:36:57    -5244.856445        0.001103
FIRE2:  1221 17:36:58    -5244.856445        0.001105
FIRE2:  1222 17:36:59    -5244.856445        0.001100
FIRE2:  1223 17:36:59    -5244.856445        0.001102
FIRE2:  1224 17:37:00    -5244.856445        0.001102
FIRE2:  1225 17:37:00    -5244.856445        0.001098
FIRE2:  1226 17:37:01    -5244.856445        0.001096
FIRE2:  1227 17:37:02    -5244.856445        0.001093
FIRE2:  1228 17:37:02    -5244.856445        0.001091
FIRE2:  1229 17:37:03    -5244.856445        0.001090
FIRE2:  1230 17:37:04    -5244.856445        0.001090
FIRE2:  1231 17:37:04    -5244.856445        0.001088
FIRE2:  1232 17:37:05    -5244.856445        0.001085
FIRE2:  1233 17:37:06    -5244.856445        0.001081
FIRE2:  1234 17:37:06    -5244.856445        0.001081
FIRE2:  1235 17:37:07    -5244.856445        0.001080
FIRE2:  1236 17:37:08    -5244.856445        0.001074
FIRE2:  1237 17:37:08    -5244.856445        0.001068
FIRE2:  1238 17:37:09    -5244.856445        0.001065
FIRE2:  1239 17:37:09    -5244.856445        0.001059
FIRE2:  1240 17:37:10    -5244.856445        0.001050
FIRE2:  1241 17:37:11    -5244.856445        0.001042
FIRE2:  1242 17:37:11    -5244.856445        0.001034
FIRE2:  1243 17:37:12    -5244.856445        0.001022
FIRE2:  1244 17:37:13    -5244.856445        0.001011
FIRE2:  1245 17:37:13    -5244.856445        0.000999
