       Step     Time          Energy          fmax
FIRE2:    0 17:21:45    -5244.670410        0.422974
FIRE2:    1 17:21:45    -5244.730469        0.420940
FIRE2:    2 17:21:46    -5244.833008        0.416884
FIRE2:    3 17:21:47    -5244.953125        0.410875
FIRE2:    4 17:21:47    -5245.067383        0.403133
FIRE2:    5 17:21:48    -5245.169922        0.394251
FIRE2:    6 17:21:48    -5245.268555        0.385116
FIRE2:    7 17:21:49    -5245.366211        0.376310
FIRE2:    8 17:21:50    -5245.461914        0.367866
FIRE2:    9 17:21:50    -5245.552734        0.359546
FIRE2:   10 17:21:51    -5245.644531        0.351197
FIRE2:   11 17:21:51    -5245.739258        0.342784
FIRE2:   12 17:21:52    -5245.833008        0.334359
FIRE2:   13 17:21:52    -5245.926758        0.326077
FIRE2:   14 17:21:53    -5246.020508        0.317956
FIRE2:   15 17:21:54    -5246.114258        0.309759
FIRE2:   16 17:21:54    -5246.207031        0.301239
FIRE2:   17 17:21:55    -5246.298828        0.292316
FIRE2:   18 17:21:55    -5246.390625        0.283128
FIRE2:   19 17:21:56    -5246.480469        0.273834
FIRE2:   20 17:21:56    -5246.567383        0.264421
FIRE2:   21 17:21:57    -5246.653320        0.254802
FIRE2:   22 17:21:57    -5246.742188        0.243914
FIRE2:   23 17:21:58    -5246.828125        0.232627
FIRE2:   24 17:21:59    -5246.907227        0.221321
FIRE2:   25 17:21:59    -5246.979492        0.209945
FIRE2:   26 17:22:00    -5247.044922        0.198508
FIRE2:   27 17:22:00    -5247.103516        0.186971
FIRE2:   28 17:22:01    -5247.157227        0.175394
FIRE2:   29 17:22:02    -5247.205078        0.163847
FIRE2:   30 17:22:02    -5247.248047        0.152460
FIRE2:   31 17:22:03    -5247.286133        0.141585
FIRE2:   32 17:22:03    -5247.320312        0.131290
FIRE2:   33 17:22:04    -5247.350586        0.122020
FIRE2:   34 17:22:05    -5247.379883        0.112793
FIRE2:   35 17:22:05    -5247.407227        0.104418
FIRE2:   36 17:22:06    -5247.432617        0.096284
FIRE2:   37 17:22:06    -5247.455078        0.089564
FIRE2:   38 17:22:07    -5247.480469        0.083005
FIRE2:   39 17:22:08    -5247.502930        0.077655
FIRE2:   40 17:22:08    -5247.522461        0.073066
FIRE2:   41 17:22:09    -5247.512695        0.076754
FIRE2:   42 17:22:10    -5247.513672        0.076770
FIRE2:   43 17:22:11    -5247.514648        0.076797
FIRE2:   44 17:22:11    -5247.515625        0.076830
FIRE2:   45 17:22:12    -5247.517578        0.076876
FIRE2:   46 17:22:12    -5247.519531        0.076923
FIRE2:   47 17:22:13    -5247.522461        0.076978
FIRE2:   48 17:22:14    -5247.524414        0.077033
FIRE2:   49 17:22:14    -5247.528320        0.077091
FIRE2:   50 17:22:15    -5247.531250        0.077142
FIRE2:   51 17:22:15    -5247.535156        0.077175
FIRE2:   52 17:22:16    -5247.540039        0.077185
FIRE2:   53 17:22:17    -5247.543945        0.077169
FIRE2:   54 17:22:17    -5247.548828        0.077121
FIRE2:   55 17:22:18    -5247.553711        0.077032
FIRE2:   56 17:22:18    -5247.559570        0.076892
FIRE2:   57 17:22:19    -5247.564453        0.076691
FIRE2:   58 17:22:20    -5247.570312        0.076424
FIRE2:   59 17:22:20    -5247.576172        0.076071
FIRE2:   60 17:22:21    -5247.582031        0.075640
FIRE2:   61 17:22:22    -5247.587891        0.075111
FIRE2:   62 17:22:22    -5247.593750        0.074484
FIRE2:   63 17:22:23    -5247.600586        0.073678
FIRE2:   64 17:22:23    -5247.608398        0.072648
FIRE2:   65 17:22:24    -5247.617188        0.071363
FIRE2:   66 17:22:25    -5247.625977        0.069701
FIRE2:   67 17:22:25    -5247.635742        0.067857
FIRE2:   68 17:22:26    -5247.642578        0.065356
FIRE2:   69 17:22:27    -5247.642578        0.066021
FIRE2:   70 17:22:27    -5247.643555        0.066053
FIRE2:   71 17:22:28    -5247.644531        0.066004
FIRE2:   72 17:22:29    -5247.644531        0.066005
FIRE2:   73 17:22:30    -5247.644531        0.065980
FIRE2:   74 17:22:30    -5247.644531        0.065942
FIRE2:   75 17:22:31    -5247.644531        0.065896
FIRE2:   76 17:22:32    -5247.644531        0.065842
FIRE2:   77 17:22:32    -5247.644531        0.065779
FIRE2:   78 17:22:33    -5247.645508        0.065707
FIRE2:   79 17:22:33    -5247.645508        0.065638
FIRE2:   80 17:22:34    -5247.645508        0.065563
FIRE2:   81 17:22:35    -5247.645508        0.065479
FIRE2:   82 17:22:35    -5247.646484        0.065390
FIRE2:   83 17:22:36    -5247.646484        0.065291
FIRE2:   84 17:22:36    -5247.647461        0.065180
FIRE2:   85 17:22:37    -5247.647461        0.065057
FIRE2:   86 17:22:38    -5247.647461        0.064928
FIRE2:   87 17:22:38    -5247.648438        0.064789
FIRE2:   88 17:22:39    -5247.649414        0.064640
FIRE2:   89 17:22:39    -5247.649414        0.064487
FIRE2:   90 17:22:40    -5247.650391        0.064328
FIRE2:   91 17:22:41    -5247.650391        0.064161
FIRE2:   92 17:22:41    -5247.651367        0.063984
FIRE2:   93 17:22:42    -5247.652344        0.063778
FIRE2:   94 17:22:43    -5247.653320        0.063539
FIRE2:   95 17:22:43    -5247.654297        0.063266
FIRE2:   96 17:22:44    -5247.654297        0.062946
FIRE2:   97 17:22:44    -5247.656250        0.062575
FIRE2:   98 17:22:45    -5247.657227        0.062137
FIRE2:   99 17:22:45    -5247.659180        0.061633
FIRE2:  100 17:22:46    -5247.661133        0.061040
FIRE2:  101 17:22:47    -5247.663086        0.060349
FIRE2:  102 17:22:47    -5247.666016        0.059539
FIRE2:  103 17:22:48    -5247.668945        0.058587
FIRE2:  104 17:22:48    -5247.672852        0.057475
FIRE2:  105 17:22:49    -5247.676758        0.056168
FIRE2:  106 17:22:50    -5247.680664        0.054635
FIRE2:  107 17:22:51    -5247.685547        0.052827
FIRE2:  108 17:22:51    -5247.691406        0.050819
FIRE2:  109 17:22:52    -5247.693359        0.048330
FIRE2:  110 17:22:53    -5247.695312        0.049021
FIRE2:  111 17:22:53    -5247.696289        0.049057
FIRE2:  112 17:22:54    -5247.696289        0.049040
FIRE2:  113 17:22:55    -5247.696289        0.049013
FIRE2:  114 17:22:56    -5247.696289        0.048979
FIRE2:  115 17:22:56    -5247.696289        0.048934
FIRE2:  116 17:22:57    -5247.696289        0.048882
FIRE2:  117 17:22:57    -5247.697266        0.048825
FIRE2:  118 17:22:58    -5247.697266        0.048761
FIRE2:  119 17:22:59    -5247.697266        0.048691
FIRE2:  120 17:22:59    -5247.697266        0.048616
FIRE2:  121 17:23:00    -5247.697266        0.048528
FIRE2:  122 17:23:00    -5247.697266        0.048427
FIRE2:  123 17:23:01    -5247.698242        0.048316
FIRE2:  124 17:23:01    -5247.698242        0.048199
FIRE2:  125 17:23:02    -5247.698242        0.048071
FIRE2:  126 17:23:03    -5247.699219        0.047938
FIRE2:  127 17:23:03    -5247.699219        0.047794
FIRE2:  128 17:23:04    -5247.699219        0.047647
FIRE2:  129 17:23:04    -5247.700195        0.047488
FIRE2:  130 17:23:05    -5247.700195        0.047318
FIRE2:  131 17:23:06    -5247.701172        0.047137
FIRE2:  132 17:23:06    -5247.701172        0.046952
FIRE2:  133 17:23:07    -5247.702148        0.046738
FIRE2:  134 17:23:08    -5247.702148        0.046489
FIRE2:  135 17:23:08    -5247.703125        0.046203
FIRE2:  136 17:23:09    -5247.704102        0.045865
FIRE2:  137 17:23:09    -5247.705078        0.045476
FIRE2:  138 17:23:10    -5247.706055        0.045020
FIRE2:  139 17:23:10    -5247.707031        0.044490
FIRE2:  140 17:23:11    -5247.708984        0.043866
FIRE2:  141 17:23:12    -5247.709961        0.043142
FIRE2:  142 17:23:12    -5247.711914        0.042293
FIRE2:  143 17:23:13    -5247.713867        0.041303
FIRE2:  144 17:23:13    -5247.716797        0.040122
FIRE2:  145 17:23:14    -5247.718750        0.038866
FIRE2:  146 17:23:15    -5247.720703        0.037322
FIRE2:  147 17:23:16    -5247.720703        0.037736
FIRE2:  148 17:23:16    -5247.721680        0.037745
FIRE2:  149 17:23:17    -5247.721680        0.037735
FIRE2:  150 17:23:18    -5247.721680        0.037723
FIRE2:  151 17:23:18    -5247.721680        0.037702
FIRE2:  152 17:23:19    -5247.721680        0.037680
FIRE2:  153 17:23:20    -5247.721680        0.037650
FIRE2:  154 17:23:20    -5247.721680        0.037615
FIRE2:  155 17:23:21    -5247.721680        0.037573
FIRE2:  156 17:23:22    -5247.721680        0.037528
FIRE2:  157 17:23:22    -5247.721680        0.037475
FIRE2:  158 17:23:23    -5247.721680        0.037417
FIRE2:  159 17:23:23    -5247.722656        0.037355
FIRE2:  160 17:23:24    -5247.722656        0.037285
FIRE2:  161 17:23:24    -5247.722656        0.037210
FIRE2:  162 17:23:25    -5247.722656        0.037130
FIRE2:  163 17:23:26    -5247.722656        0.037045
FIRE2:  164 17:23:26    -5247.722656        0.036951
FIRE2:  165 17:23:27    -5247.722656        0.036855
FIRE2:  166 17:23:27    -5247.723633        0.036750
FIRE2:  167 17:23:28    -5247.723633        0.036642
FIRE2:  168 17:23:29    -5247.723633        0.036525
FIRE2:  169 17:23:29    -5247.723633        0.036408
FIRE2:  170 17:23:30    -5247.724609        0.036269
FIRE2:  171 17:23:30    -5247.724609        0.036108
FIRE2:  172 17:23:31    -5247.724609        0.035923
FIRE2:  173 17:23:32    -5247.725586        0.035707
FIRE2:  174 17:23:32    -5247.725586        0.035456
FIRE2:  175 17:23:33    -5247.725586        0.035161
FIRE2:  176 17:23:33    -5247.726562        0.034820
FIRE2:  177 17:23:34    -5247.727539        0.034420
FIRE2:  178 17:23:35    -5247.728516        0.033950
FIRE2:  179 17:23:35    -5247.729492        0.033401
FIRE2:  180 17:23:36    -5247.730469        0.032759
FIRE2:  181 17:23:36    -5247.731445        0.032005
FIRE2:  182 17:23:37    -5247.732910        0.031123
FIRE2:  183 17:23:37    -5247.734375        0.030114
FIRE2:  184 17:23:38    -5247.735352        0.028936
FIRE2:  185 17:23:39    -5247.735352        0.029243
FIRE2:  186 17:23:40    -5247.735840        0.029237
FIRE2:  187 17:23:41    -5247.735352        0.029232
FIRE2:  188 17:23:41    -5247.736328        0.029221
FIRE2:  189 17:23:42    -5247.735352        0.029204
FIRE2:  190 17:23:43    -5247.735352        0.029185
FIRE2:  191 17:23:43    -5247.736328        0.029162
FIRE2:  192 17:23:44    -5247.735352        0.029132
FIRE2:  193 17:23:44    -5247.736328        0.029099
FIRE2:  194 17:23:45    -5247.736328        0.029065
FIRE2:  195 17:23:46    -5247.736328        0.029026
FIRE2:  196 17:23:46    -5247.736328        0.028981
FIRE2:  197 17:23:47    -5247.736328        0.028933
FIRE2:  198 17:23:47    -5247.736328        0.028879
FIRE2:  199 17:23:48    -5247.736328        0.028817
FIRE2:  200 17:23:49    -5247.736328        0.028755
FIRE2:  201 17:23:49    -5247.736328        0.028689
FIRE2:  202 17:23:50    -5247.736328        0.028616
FIRE2:  203 17:23:50    -5247.736328        0.028539
FIRE2:  204 17:23:51    -5247.737305        0.028462
FIRE2:  205 17:23:52    -5247.737305        0.028377
FIRE2:  206 17:23:52    -5247.737305        0.028288
FIRE2:  207 17:23:53    -5247.737305        0.028195
FIRE2:  208 17:23:53    -5247.737305        0.028089
FIRE2:  209 17:23:54    -5247.737305        0.027962
FIRE2:  210 17:23:54    -5247.737305        0.027820
FIRE2:  211 17:23:55    -5247.738281        0.027648
FIRE2:  212 17:23:56    -5247.738281        0.027455
FIRE2:  213 17:23:56    -5247.738281        0.027229
FIRE2:  214 17:23:57    -5247.739258        0.026964
FIRE2:  215 17:23:57    -5247.739258        0.026655
FIRE2:  216 17:23:58    -5247.740234        0.026292
FIRE2:  217 17:23:59    -5247.740234        0.025869
FIRE2:  218 17:23:59    -5247.741211        0.025376
FIRE2:  219 17:24:00    -5247.742188        0.024793
FIRE2:  220 17:24:01    -5247.743164        0.024143
FIRE2:  221 17:24:01    -5247.743164        0.023366
FIRE2:  222 17:24:02    -5247.743164        0.023567
FIRE2:  223 17:24:03    -5247.743164        0.023568
FIRE2:  224 17:24:04    -5247.743164        0.023563
FIRE2:  225 17:24:05    -5247.743164        0.023556
FIRE2:  226 17:24:05    -5247.743164        0.023548
FIRE2:  227 17:24:06    -5247.743164        0.023534
FIRE2:  228 17:24:06    -5247.743164        0.023519
FIRE2:  229 17:24:07    -5247.743164        0.023500
FIRE2:  230 17:24:08    -5247.744141        0.023479
FIRE2:  231 17:24:08    -5247.743164        0.023455
FIRE2:  232 17:24:09    -5247.743164        0.023429
FIRE2:  233 17:24:09    -5247.744141        0.023398
FIRE2:  234 17:24:10    -5247.744141        0.023365
FIRE2:  235 17:24:11    -5247.744141        0.023330
FIRE2:  236 17:24:11    -5247.744141        0.023288
FIRE2:  237 17:24:12    -5247.744141        0.023248
FIRE2:  238 17:24:12    -5247.744141        0.023200
FIRE2:  239 17:24:13    -5247.744141        0.023154
FIRE2:  240 17:24:14    -5247.744141        0.023101
FIRE2:  241 17:24:14    -5247.744141        0.023046
FIRE2:  242 17:24:15    -5247.744141        0.022991
FIRE2:  243 17:24:15    -5247.744141        0.022934
FIRE2:  244 17:24:16    -5247.744141        0.022868
FIRE2:  245 17:24:17    -5247.744141        0.022796
FIRE2:  246 17:24:17    -5247.744141        0.022711
FIRE2:  247 17:24:18    -5247.744141        0.022615
FIRE2:  248 17:24:19    -5247.745117        0.022502
FIRE2:  249 17:24:19    -5247.745117        0.022370
FIRE2:  250 17:24:20    -5247.745117        0.022220
FIRE2:  251 17:24:20    -5247.745117        0.022037
FIRE2:  252 17:24:21    -5247.746094        0.021828
FIRE2:  253 17:24:22    -5247.746094        0.021582
FIRE2:  254 17:24:22    -5247.746094        0.021296
FIRE2:  255 17:24:23    -5247.747070        0.020964
FIRE2:  256 17:24:23    -5247.747070        0.020563
FIRE2:  257 17:24:24    -5247.748047        0.020106
FIRE2:  258 17:24:25    -5247.748047        0.019559
FIRE2:  259 17:24:25    -5247.749023        0.018988
FIRE2:  260 17:24:26    -5247.749023        0.018277
FIRE2:  261 17:24:27    -5247.749023        0.018478
FIRE2:  262 17:24:27    -5247.749023        0.018493
FIRE2:  263 17:24:28    -5247.750000        0.018484
FIRE2:  264 17:24:29    -5247.749023        0.018474
FIRE2:  265 17:24:30    -5247.749023        0.018460
FIRE2:  266 17:24:30    -5247.749023        0.018442
FIRE2:  267 17:24:31    -5247.749023        0.018423
FIRE2:  268 17:24:31    -5247.749512        0.018403
FIRE2:  269 17:24:32    -5247.749023        0.018384
FIRE2:  270 17:24:33    -5247.750000        0.018367
FIRE2:  271 17:24:33    -5247.749023        0.018340
FIRE2:  272 17:24:34    -5247.750000        0.018314
FIRE2:  273 17:24:34    -5247.750000        0.018283
FIRE2:  274 17:24:35    -5247.750000        0.018246
FIRE2:  275 17:24:36    -5247.750000        0.018207
FIRE2:  276 17:24:36    -5247.749512        0.018164
FIRE2:  277 17:24:37    -5247.750000        0.018125
FIRE2:  278 17:24:37    -5247.750000        0.018082
FIRE2:  279 17:24:38    -5247.750000        0.018033
FIRE2:  280 17:24:39    -5247.750000        0.017983
FIRE2:  281 17:24:39    -5247.750000        0.017926
FIRE2:  282 17:24:40    -5247.750000        0.017871
FIRE2:  283 17:24:40    -5247.750000        0.017812
FIRE2:  284 17:24:41    -5247.750000        0.017744
FIRE2:  285 17:24:41    -5247.750000        0.017665
FIRE2:  286 17:24:42    -5247.750000        0.017573
FIRE2:  287 17:24:43    -5247.750977        0.017469
FIRE2:  288 17:24:43    -5247.750977        0.017347
FIRE2:  289 17:24:44    -5247.750977        0.017202
FIRE2:  290 17:24:45    -5247.750977        0.017034
FIRE2:  291 17:24:45    -5247.750977        0.016840
FIRE2:  292 17:24:46    -5247.750977        0.016609
FIRE2:  293 17:24:47    -5247.751953        0.016345
FIRE2:  294 17:24:47    -5247.751953        0.016026
FIRE2:  295 17:24:48    -5247.751953        0.015699
FIRE2:  296 17:24:48    -5247.752930        0.015263
FIRE2:  297 17:24:50    -5247.752930        0.015380
FIRE2:  298 17:24:50    -5247.752930        0.015387
FIRE2:  299 17:24:51    -5247.752930        0.015385
FIRE2:  300 17:24:52    -5247.752930        0.015383
FIRE2:  301 17:24:52    -5247.752930        0.015375
FIRE2:  302 17:24:53    -5247.752930        0.015368
FIRE2:  303 17:24:54    -5247.752930        0.015359
FIRE2:  304 17:24:54    -5247.752930        0.015351
FIRE2:  305 17:24:55    -5247.752930        0.015339
FIRE2:  306 17:24:55    -5247.752930        0.015324
FIRE2:  307 17:24:56    -5247.752930        0.015308
FIRE2:  308 17:24:57    -5247.752930        0.015293
FIRE2:  309 17:24:57    -5247.752930        0.015276
FIRE2:  310 17:24:58    -5247.752930        0.015256
FIRE2:  311 17:24:59    -5247.752930        0.015233
FIRE2:  312 17:24:59    -5247.752930        0.015210
FIRE2:  313 17:25:00    -5247.752930        0.015185
FIRE2:  314 17:25:00    -5247.752930        0.015157
FIRE2:  315 17:25:01    -5247.752930        0.015129
FIRE2:  316 17:25:02    -5247.752930        0.015100
FIRE2:  317 17:25:02    -5247.752930        0.015069
FIRE2:  318 17:25:03    -5247.752930        0.015036
FIRE2:  319 17:25:03    -5247.752930        0.015002
FIRE2:  320 17:25:04    -5247.752930        0.014963
FIRE2:  321 17:25:04    -5247.752930        0.014912
FIRE2:  322 17:25:05    -5247.752930        0.014859
FIRE2:  323 17:25:06    -5247.752930        0.014797
FIRE2:  324 17:25:06    -5247.752930        0.014726
FIRE2:  325 17:25:07    -5247.753906        0.014640
FIRE2:  326 17:25:07    -5247.752930        0.014543
FIRE2:  327 17:25:08    -5247.753906        0.014423
FIRE2:  328 17:25:09    -5247.753906        0.014287
FIRE2:  329 17:25:09    -5247.753906        0.014130
FIRE2:  330 17:25:10    -5247.753906        0.013939
FIRE2:  331 17:25:11    -5247.753906        0.013718
FIRE2:  332 17:25:11    -5247.754883        0.013460
FIRE2:  333 17:25:12    -5247.754883        0.013159
FIRE2:  334 17:25:13    -5247.754883        0.012833
FIRE2:  335 17:25:14    -5247.754883        0.012913
FIRE2:  336 17:25:14    -5247.754883        0.012902
FIRE2:  337 17:25:15    -5247.754883        0.012905
FIRE2:  338 17:25:16    -5247.754883        0.012902
FIRE2:  339 17:25:17    -5247.754883        0.012895
FIRE2:  340 17:25:17    -5247.754883        0.012890
FIRE2:  341 17:25:18    -5247.754883        0.012881
FIRE2:  342 17:25:18    -5247.754883        0.012872
FIRE2:  343 17:25:19    -5247.754883        0.012863
FIRE2:  344 17:25:19    -5247.754883        0.012850
FIRE2:  345 17:25:20    -5247.754883        0.012839
FIRE2:  346 17:25:21    -5247.754883        0.012822
FIRE2:  347 17:25:21    -5247.754883        0.012807
FIRE2:  348 17:25:22    -5247.754883        0.012791
FIRE2:  349 17:25:22    -5247.754883        0.012771
FIRE2:  350 17:25:23    -5247.754883        0.012751
FIRE2:  351 17:25:24    -5247.754883        0.012728
FIRE2:  352 17:25:24    -5247.754883        0.012707
FIRE2:  353 17:25:25    -5247.754883        0.012682
FIRE2:  354 17:25:25    -5247.754883        0.012658
FIRE2:  355 17:25:26    -5247.754883        0.012629
FIRE2:  356 17:25:27    -5247.754883        0.012601
FIRE2:  357 17:25:27    -5247.754883        0.012571
FIRE2:  358 17:25:28    -5247.754883        0.012533
FIRE2:  359 17:25:28    -5247.754883        0.012497
FIRE2:  360 17:25:29    -5247.755859        0.012450
FIRE2:  361 17:25:30    -5247.755859        0.012395
FIRE2:  362 17:25:30    -5247.755859        0.012330
FIRE2:  363 17:25:31    -5247.755859        0.012257
FIRE2:  364 17:25:31    -5247.755859        0.012171
FIRE2:  365 17:25:32    -5247.755859        0.012071
FIRE2:  366 17:25:33    -5247.755859        0.011951
FIRE2:  367 17:25:33    -5247.755859        0.011812
FIRE2:  368 17:25:34    -5247.755859        0.011647
FIRE2:  369 17:25:34    -5247.755859        0.011457
FIRE2:  370 17:25:35    -5247.756836        0.011235
FIRE2:  371 17:25:36    -5247.756836        0.010968
FIRE2:  372 17:25:36    -5247.756836        0.010724
FIRE2:  373 17:25:37    -5247.756836        0.010771
FIRE2:  374 17:25:38    -5247.756836        0.010748
FIRE2:  375 17:25:39    -5247.756836        0.010754
FIRE2:  376 17:25:40    -5247.756836        0.010753
FIRE2:  377 17:25:40    -5247.756836        0.010748
FIRE2:  378 17:25:41    -5247.756836        0.010743
FIRE2:  379 17:25:42    -5247.756836        0.010736
FIRE2:  380 17:25:42    -5247.756836        0.010730
FIRE2:  381 17:25:43    -5247.756836        0.010723
FIRE2:  382 17:25:43    -5247.756836        0.010711
FIRE2:  383 17:25:44    -5247.756836        0.010699
FIRE2:  384 17:25:45    -5247.756836        0.010685
FIRE2:  385 17:25:45    -5247.756836        0.010670
FIRE2:  386 17:25:46    -5247.756836        0.010657
FIRE2:  387 17:25:46    -5247.756836        0.010641
FIRE2:  388 17:25:47    -5247.756836        0.010622
FIRE2:  389 17:25:48    -5247.756836        0.010605
FIRE2:  390 17:25:48    -5247.756836        0.010584
FIRE2:  391 17:25:49    -5247.756836        0.010563
FIRE2:  392 17:25:49    -5247.756836        0.010540
FIRE2:  393 17:25:50    -5247.756836        0.010515
FIRE2:  394 17:25:50    -5247.756836        0.010494
FIRE2:  395 17:25:51    -5247.756836        0.010467
FIRE2:  396 17:25:52    -5247.756836        0.010437
FIRE2:  397 17:25:52    -5247.756836        0.010401
FIRE2:  398 17:25:53    -5247.756836        0.010359
FIRE2:  399 17:25:54    -5247.757812        0.010316
FIRE2:  400 17:25:54    -5247.757812        0.010259
FIRE2:  401 17:25:55    -5247.756836        0.010194
FIRE2:  402 17:25:55    -5247.757812        0.010121
FIRE2:  403 17:25:56    -5247.757812        0.010034
FIRE2:  404 17:25:56    -5247.757812        0.009930
FIRE2:  405 17:25:57    -5247.757812        0.009809
FIRE2:  406 17:25:58    -5247.757812        0.009669
FIRE2:  407 17:25:58    -5247.757812        0.009505
FIRE2:  408 17:25:59    -5247.757812        0.009309
FIRE2:  409 17:25:59    -5247.757812        0.009117
FIRE2:  410 17:26:00    -5247.757812        0.009158
FIRE2:  411 17:26:01    -5247.757812        0.009144
FIRE2:  412 17:26:02    -5247.757812        0.009150
FIRE2:  413 17:26:03    -5247.757812        0.009147
FIRE2:  414 17:26:03    -5247.757812        0.009145
FIRE2:  415 17:26:04    -5247.757812        0.009140
FIRE2:  416 17:26:05    -5247.758789        0.009135
FIRE2:  417 17:26:05    -5247.758789        0.009131
FIRE2:  418 17:26:06    -5247.758301        0.009125
FIRE2:  419 17:26:06    -5247.757812        0.009114
FIRE2:  420 17:26:07    -5247.757812        0.009107
FIRE2:  421 17:26:08    -5247.757812        0.009098
FIRE2:  422 17:26:08    -5247.757812        0.009088
FIRE2:  423 17:26:09    -5247.757812        0.009078
FIRE2:  424 17:26:09    -5247.757812        0.009066
FIRE2:  425 17:26:10    -5247.757812        0.009050
FIRE2:  426 17:26:11    -5247.757812        0.009037
FIRE2:  427 17:26:11    -5247.757812        0.009020
FIRE2:  428 17:26:12    -5247.758789        0.009008
FIRE2:  429 17:26:12    -5247.758789        0.008991
FIRE2:  430 17:26:13    -5247.758301        0.008976
FIRE2:  431 17:26:14    -5247.758789        0.008954
FIRE2:  432 17:26:14    -5247.758789        0.008936
FIRE2:  433 17:26:15    -5247.758301        0.008911
FIRE2:  434 17:26:15    -5247.757812        0.008889
FIRE2:  435 17:26:16    -5247.758789        0.008857
FIRE2:  436 17:26:17    -5247.758789        0.008822
FIRE2:  437 17:26:17    -5247.758789        0.008781
FIRE2:  438 17:26:18    -5247.758789        0.008736
FIRE2:  439 17:26:18    -5247.758789        0.008677
FIRE2:  440 17:26:19    -5247.758789        0.008614
FIRE2:  441 17:26:20    -5247.758789        0.008535
FIRE2:  442 17:26:20    -5247.758789        0.008449
FIRE2:  443 17:26:21    -5247.758789        0.008340
FIRE2:  444 17:26:21    -5247.758789        0.008221
FIRE2:  445 17:26:22    -5247.758789        0.008075
FIRE2:  446 17:26:23    -5247.758789        0.007908
FIRE2:  447 17:26:23    -5247.758789        0.007748
FIRE2:  448 17:26:24    -5247.758789        0.007785
FIRE2:  449 17:26:25    -5247.758789        0.007776
FIRE2:  450 17:26:26    -5247.758789        0.007777
FIRE2:  451 17:26:26    -5247.758789        0.007774
FIRE2:  452 17:26:27    -5247.758789        0.007774
FIRE2:  453 17:26:28    -5247.758789        0.007769
FIRE2:  454 17:26:28    -5247.758789        0.007766
FIRE2:  455 17:26:29    -5247.758789        0.007760
FIRE2:  456 17:26:29    -5247.758789        0.007754
FIRE2:  457 17:26:30    -5247.758789        0.007746
FIRE2:  458 17:26:31    -5247.758789        0.007739
FIRE2:  459 17:26:31    -5247.758789        0.007731
FIRE2:  460 17:26:32    -5247.758789        0.007721
FIRE2:  461 17:26:32    -5247.758789        0.007711
FIRE2:  462 17:26:33    -5247.758789        0.007699
FIRE2:  463 17:26:34    -5247.758789        0.007689
FIRE2:  464 17:26:34    -5247.758789        0.007680
FIRE2:  465 17:26:35    -5247.758789        0.007663
FIRE2:  466 17:26:36    -5247.758789        0.007651
FIRE2:  467 17:26:36    -5247.759766        0.007635
FIRE2:  468 17:26:37    -5247.759277        0.007623
FIRE2:  469 17:26:37    -5247.759766        0.007604
FIRE2:  470 17:26:38    -5247.759766        0.007586
FIRE2:  471 17:26:38    -5247.758789        0.007563
FIRE2:  472 17:26:39    -5247.758789        0.007543
FIRE2:  473 17:26:40    -5247.758789        0.007514
FIRE2:  474 17:26:40    -5247.759766        0.007486
FIRE2:  475 17:26:41    -5247.759766        0.007448
FIRE2:  476 17:26:42    -5247.759766        0.007403
FIRE2:  477 17:26:42    -5247.759766        0.007353
FIRE2:  478 17:26:43    -5247.759766        0.007294
FIRE2:  479 17:26:43    -5247.759766        0.007227
FIRE2:  480 17:26:44    -5247.759766        0.007146
FIRE2:  481 17:26:44    -5247.759766        0.007051
FIRE2:  482 17:26:45    -5247.759766        0.006941
FIRE2:  483 17:26:46    -5247.759766        0.006814
FIRE2:  484 17:26:46    -5247.759766        0.006649
FIRE2:  485 17:26:47    -5247.759766        0.006546
FIRE2:  486 17:26:48    -5247.759766        0.006557
FIRE2:  487 17:26:49    -5247.759766        0.006540
FIRE2:  488 17:26:50    -5247.759766        0.006544
FIRE2:  489 17:26:50    -5247.759766        0.006543
FIRE2:  490 17:26:51    -5247.759766        0.006543
FIRE2:  491 17:26:51    -5247.759766        0.006541
FIRE2:  492 17:26:52    -5247.759766        0.006537
FIRE2:  493 17:26:53    -5247.759766        0.006534
FIRE2:  494 17:26:53    -5247.759766        0.006526
FIRE2:  495 17:26:54    -5247.759766        0.006517
FIRE2:  496 17:26:54    -5247.759766        0.006513
FIRE2:  497 17:26:55    -5247.759766        0.006504
FIRE2:  498 17:26:56    -5247.759766        0.006497
FIRE2:  499 17:26:57    -5247.759766        0.006488
FIRE2:  500 17:26:57    -5247.759766        0.006478
FIRE2:  501 17:26:58    -5247.759766        0.006468
FIRE2:  502 17:26:58    -5247.759766        0.006457
FIRE2:  503 17:26:59    -5247.759766        0.006444
FIRE2:  504 17:27:00    -5247.759766        0.006433
FIRE2:  505 17:27:00    -5247.759766        0.006419
FIRE2:  506 17:27:01    -5247.759766        0.006404
FIRE2:  507 17:27:01    -5247.759766        0.006388
FIRE2:  508 17:27:02    -5247.760742        0.006375
FIRE2:  509 17:27:02    -5247.759766        0.006358
FIRE2:  510 17:27:03    -5247.759766        0.006337
FIRE2:  511 17:27:04    -5247.759766        0.006310
FIRE2:  512 17:27:04    -5247.759766        0.006286
FIRE2:  513 17:27:05    -5247.759766        0.006252
FIRE2:  514 17:27:06    -5247.760254        0.006214
FIRE2:  515 17:27:06    -5247.760742        0.006167
FIRE2:  516 17:27:07    -5247.759766        0.006116
FIRE2:  517 17:27:07    -5247.760742        0.006053
FIRE2:  518 17:27:08    -5247.760742        0.005983
FIRE2:  519 17:27:09    -5247.760742        0.005899
FIRE2:  520 17:27:09    -5247.760742        0.005800
FIRE2:  521 17:27:10    -5247.760742        0.005697
FIRE2:  522 17:27:10    -5247.760742        0.005585
FIRE2:  523 17:27:12    -5247.760742        0.005614
FIRE2:  524 17:27:12    -5247.760742        0.005610
FIRE2:  525 17:27:13    -5247.760742        0.005613
FIRE2:  526 17:27:14    -5247.760742        0.005609
FIRE2:  527 17:27:14    -5247.760742        0.005607
FIRE2:  528 17:27:15    -5247.760742        0.005605
FIRE2:  529 17:27:16    -5247.760742        0.005603
FIRE2:  530 17:27:16    -5247.760742        0.005600
FIRE2:  531 17:27:17    -5247.760742        0.005595
FIRE2:  532 17:27:17    -5247.760742        0.005588
FIRE2:  533 17:27:18    -5247.760742        0.005583
FIRE2:  534 17:27:18    -5247.760742        0.005580
FIRE2:  535 17:27:19    -5247.760742        0.005572
FIRE2:  536 17:27:20    -5247.760742        0.005567
FIRE2:  537 17:27:20    -5247.760742        0.005559
FIRE2:  538 17:27:21    -5247.760742        0.005552
FIRE2:  539 17:27:22    -5247.760742        0.005540
FIRE2:  540 17:27:22    -5247.760742        0.005532
FIRE2:  541 17:27:23    -5247.760742        0.005525
FIRE2:  542 17:27:23    -5247.760742        0.005513
FIRE2:  543 17:27:24    -5247.760742        0.005502
FIRE2:  544 17:27:25    -5247.760742        0.005492
FIRE2:  545 17:27:25    -5247.760742        0.005479
FIRE2:  546 17:27:26    -5247.760742        0.005464
FIRE2:  547 17:27:26    -5247.760742        0.005452
FIRE2:  548 17:27:27    -5247.760742        0.005433
FIRE2:  549 17:27:28    -5247.760742        0.005410
FIRE2:  550 17:27:28    -5247.760742        0.005384
FIRE2:  551 17:27:29    -5247.760742        0.005356
FIRE2:  552 17:27:29    -5247.760742        0.005323
FIRE2:  553 17:27:30    -5247.760742        0.005282
FIRE2:  554 17:27:31    -5247.760742        0.005233
FIRE2:  555 17:27:31    -5247.760742        0.005180
FIRE2:  556 17:27:32    -5247.760742        0.005115
FIRE2:  557 17:27:32    -5247.760742        0.005037
FIRE2:  558 17:27:33    -5247.760742        0.004958
FIRE2:  559 17:27:34    -5247.760742        0.004841
FIRE2:  560 17:27:35    -5247.760742        0.004874
FIRE2:  561 17:27:35    -5247.760742        0.004877
FIRE2:  562 17:27:36    -5247.760742        0.004875
FIRE2:  563 17:27:37    -5247.760742        0.004875
FIRE2:  564 17:27:37    -5247.760742        0.004872
FIRE2:  565 17:27:38    -5247.760742        0.004870
FIRE2:  566 17:27:39    -5247.760742        0.004871
FIRE2:  567 17:27:39    -5247.760742        0.004864
FIRE2:  568 17:27:40    -5247.760742        0.004863
FIRE2:  569 17:27:41    -5247.760742        0.004859
FIRE2:  570 17:27:41    -5247.760742        0.004855
FIRE2:  571 17:27:42    -5247.760742        0.004850
FIRE2:  572 17:27:42    -5247.760742        0.004846
FIRE2:  573 17:27:43    -5247.760742        0.004840
FIRE2:  574 17:27:44    -5247.760742        0.004837
FIRE2:  575 17:27:44    -5247.760742        0.004829
FIRE2:  576 17:27:45    -5247.760742        0.004824
FIRE2:  577 17:27:45    -5247.760742        0.004818
FIRE2:  578 17:27:46    -5247.760742        0.004809
FIRE2:  579 17:27:47    -5247.760742        0.004800
FIRE2:  580 17:27:47    -5247.760742        0.004793
FIRE2:  581 17:27:48    -5247.760742        0.004783
FIRE2:  582 17:27:48    -5247.760742        0.004776
FIRE2:  583 17:27:49    -5247.760742        0.004766
FIRE2:  584 17:27:50    -5247.760742        0.004754
FIRE2:  585 17:27:50    -5247.760742        0.004737
FIRE2:  586 17:27:51    -5247.760742        0.004719
FIRE2:  587 17:27:52    -5247.760742        0.004700
FIRE2:  588 17:27:52    -5247.760742        0.004680
FIRE2:  589 17:27:53    -5247.760742        0.004650
FIRE2:  590 17:27:53    -5247.760742        0.004623
FIRE2:  591 17:27:54    -5247.760742        0.004583
FIRE2:  592 17:27:54    -5247.760742        0.004541
FIRE2:  593 17:27:55    -5247.760742        0.004491
FIRE2:  594 17:27:56    -5247.761719        0.004431
FIRE2:  595 17:27:56    -5247.760742        0.004364
FIRE2:  596 17:27:57    -5247.760742        0.004289
FIRE2:  597 17:27:57    -5247.760742        0.004197
FIRE2:  598 17:27:58    -5247.761230        0.004222
FIRE2:  599 17:27:59    -5247.761230        0.004221
FIRE2:  600 17:28:00    -5247.760742        0.004219
FIRE2:  601 17:28:01    -5247.761719        0.004219
FIRE2:  602 17:28:01    -5247.760742        0.004215
FIRE2:  603 17:28:02    -5247.760742        0.004214
FIRE2:  604 17:28:03    -5247.761719        0.004213
FIRE2:  605 17:28:03    -5247.761719        0.004212
FIRE2:  606 17:28:04    -5247.761719        0.004210
FIRE2:  607 17:28:04    -5247.761719        0.004206
FIRE2:  608 17:28:05    -5247.761719        0.004204
FIRE2:  609 17:28:06    -5247.761719        0.004197
FIRE2:  610 17:28:06    -5247.761719        0.004194
FIRE2:  611 17:28:07    -5247.761719        0.004190
FIRE2:  612 17:28:07    -5247.761719        0.004184
FIRE2:  613 17:28:08    -5247.761719        0.004176
FIRE2:  614 17:28:08    -5247.761230        0.004172
FIRE2:  615 17:28:09    -5247.761230        0.004164
FIRE2:  616 17:28:10    -5247.760742        0.004156
FIRE2:  617 17:28:10    -5247.761719        0.004150
FIRE2:  618 17:28:11    -5247.761719        0.004141
FIRE2:  619 17:28:11    -5247.761719        0.004135
FIRE2:  620 17:28:12    -5247.761719        0.004127
FIRE2:  621 17:28:13    -5247.761719        0.004118
FIRE2:  622 17:28:13    -5247.761230        0.004105
FIRE2:  623 17:28:14    -5247.761719        0.004090
FIRE2:  624 17:28:14    -5247.761719        0.004076
FIRE2:  625 17:28:15    -5247.761719        0.004057
FIRE2:  626 17:28:16    -5247.760742        0.004035
FIRE2:  627 17:28:16    -5247.760742        0.004010
FIRE2:  628 17:28:17    -5247.760742        0.003981
FIRE2:  629 17:28:18    -5247.761719        0.003949
FIRE2:  630 17:28:18    -5247.761719        0.003908
FIRE2:  631 17:28:19    -5247.761719        0.003862
FIRE2:  632 17:28:20    -5247.761719        0.003808
FIRE2:  633 17:28:20    -5247.761719        0.003740
FIRE2:  634 17:28:21    -5247.761719        0.003677
FIRE2:  635 17:28:21    -5247.761719        0.003592
FIRE2:  636 17:28:23    -5247.761719        0.003614
FIRE2:  637 17:28:23    -5247.761719        0.003611
FIRE2:  638 17:28:24    -5247.761719        0.003612
FIRE2:  639 17:28:25    -5247.761719        0.003612
FIRE2:  640 17:28:25    -5247.761719        0.003611
FIRE2:  641 17:28:26    -5247.761719        0.003610
FIRE2:  642 17:28:27    -5247.761719        0.003607
FIRE2:  643 17:28:27    -5247.761719        0.003605
FIRE2:  644 17:28:28    -5247.761719        0.003601
FIRE2:  645 17:28:28    -5247.761719        0.003596
FIRE2:  646 17:28:29    -5247.761719        0.003596
FIRE2:  647 17:28:29    -5247.761719        0.003593
FIRE2:  648 17:28:30    -5247.761719        0.003586
FIRE2:  649 17:28:31    -5247.761230        0.003583
FIRE2:  650 17:28:31    -5247.761719        0.003580
FIRE2:  651 17:28:32    -5247.761719        0.003572
FIRE2:  652 17:28:33    -5247.761719        0.003565
FIRE2:  653 17:28:33    -5247.761719        0.003562
FIRE2:  654 17:28:34    -5247.761719        0.003557
FIRE2:  655 17:28:34    -5247.761719        0.003547
FIRE2:  656 17:28:35    -5247.761719        0.003540
FIRE2:  657 17:28:36    -5247.761719        0.003533
FIRE2:  658 17:28:36    -5247.761719        0.003522
FIRE2:  659 17:28:37    -5247.761719        0.003516
FIRE2:  660 17:28:38    -5247.761719        0.003507
FIRE2:  661 17:28:38    -5247.761719        0.003491
FIRE2:  662 17:28:39    -5247.761719        0.003479
FIRE2:  663 17:28:39    -5247.761719        0.003462
FIRE2:  664 17:28:40    -5247.761719        0.003441
FIRE2:  665 17:28:41    -5247.761719        0.003418
FIRE2:  666 17:28:41    -5247.761719        0.003392
FIRE2:  667 17:28:42    -5247.761719        0.003361
FIRE2:  668 17:28:42    -5247.761719        0.003321
FIRE2:  669 17:28:43    -5247.761719        0.003278
FIRE2:  670 17:28:43    -5247.761719        0.003231
FIRE2:  671 17:28:44    -5247.761719        0.003171
FIRE2:  672 17:28:45    -5247.761719        0.003127
FIRE2:  673 17:28:46    -5247.761719        0.003135
FIRE2:  674 17:28:46    -5247.761719        0.003130
FIRE2:  675 17:28:47    -5247.761719        0.003132
FIRE2:  676 17:28:48    -5247.761719        0.003130
FIRE2:  677 17:28:49    -5247.761719        0.003130
FIRE2:  678 17:28:49    -5247.761719        0.003128
FIRE2:  679 17:28:50    -5247.761719        0.003126
FIRE2:  680 17:28:50    -5247.761719        0.003123
FIRE2:  681 17:28:51    -5247.761719        0.003121
FIRE2:  682 17:28:52    -5247.761719        0.003121
FIRE2:  683 17:28:52    -5247.761719        0.003117
FIRE2:  684 17:28:53    -5247.761719        0.003113
FIRE2:  685 17:28:54    -5247.761719        0.003113
FIRE2:  686 17:28:54    -5247.761719        0.003108
FIRE2:  687 17:28:55    -5247.761719        0.003104
FIRE2:  688 17:28:55    -5247.761719        0.003101
FIRE2:  689 17:28:56    -5247.761719        0.003097
FIRE2:  690 17:28:56    -5247.761719        0.003090
FIRE2:  691 17:28:57    -5247.761719        0.003086
FIRE2:  692 17:28:58    -5247.761719        0.003080
FIRE2:  693 17:28:58    -5247.761719        0.003075
FIRE2:  694 17:28:59    -5247.761719        0.003069
FIRE2:  695 17:28:59    -5247.761719        0.003063
FIRE2:  696 17:29:00    -5247.761719        0.003055
FIRE2:  697 17:29:01    -5247.761719        0.003045
FIRE2:  698 17:29:01    -5247.761719        0.003038
FIRE2:  699 17:29:02    -5247.761719        0.003026
FIRE2:  700 17:29:02    -5247.761719        0.003016
FIRE2:  701 17:29:03    -5247.761719        0.002998
FIRE2:  702 17:29:04    -5247.761719        0.002981
FIRE2:  703 17:29:04    -5247.761719        0.002960
FIRE2:  704 17:29:05    -5247.761719        0.002935
FIRE2:  705 17:29:05    -5247.761719        0.002905
FIRE2:  706 17:29:06    -5247.761719        0.002872
FIRE2:  707 17:29:07    -5247.761719        0.002832
FIRE2:  708 17:29:07    -5247.761719        0.002789
FIRE2:  709 17:29:08    -5247.761719        0.002722
FIRE2:  710 17:29:08    -5247.761719        0.002694
FIRE2:  711 17:29:09    -5247.761719        0.002696
FIRE2:  712 17:29:10    -5247.761719        0.002685
FIRE2:  713 17:29:11    -5247.761719        0.002688
FIRE2:  714 17:29:12    -5247.761719        0.002689
FIRE2:  715 17:29:12    -5247.761719        0.002688
FIRE2:  716 17:29:13    -5247.761719        0.002687
FIRE2:  717 17:29:14    -5247.761719        0.002686
FIRE2:  718 17:29:14    -5247.761719        0.002685
FIRE2:  719 17:29:15    -5247.761719        0.002682
FIRE2:  720 17:29:15    -5247.761719        0.002679
FIRE2:  721 17:29:16    -5247.761719        0.002675
FIRE2:  722 17:29:17    -5247.761719        0.002672
FIRE2:  723 17:29:17    -5247.761719        0.002668
FIRE2:  724 17:29:18    -5247.761719        0.002667
FIRE2:  725 17:29:18    -5247.761719        0.002663
FIRE2:  726 17:29:19    -5247.761719        0.002661
FIRE2:  727 17:29:20    -5247.761719        0.002655
FIRE2:  728 17:29:20    -5247.761719        0.002652
FIRE2:  729 17:29:21    -5247.761719        0.002650
FIRE2:  730 17:29:21    -5247.761719        0.002644
FIRE2:  731 17:29:22    -5247.761719        0.002637
FIRE2:  732 17:29:23    -5247.761719        0.002631
FIRE2:  733 17:29:23    -5247.761719        0.002626
FIRE2:  734 17:29:24    -5247.761719        0.002621
FIRE2:  735 17:29:24    -5247.761719        0.002611
FIRE2:  736 17:29:25    -5247.761719        0.002602
FIRE2:  737 17:29:26    -5247.761719        0.002592
FIRE2:  738 17:29:26    -5247.761719        0.002579
FIRE2:  739 17:29:27    -5247.761719        0.002564
FIRE2:  740 17:29:28    -5247.761719        0.002550
FIRE2:  741 17:29:28    -5247.761719        0.002529
FIRE2:  742 17:29:29    -5247.761719        0.002505
FIRE2:  743 17:29:29    -5247.761719        0.002478
FIRE2:  744 17:29:30    -5247.761719        0.002448
FIRE2:  745 17:29:31    -5247.761719        0.002412
FIRE2:  746 17:29:31    -5247.761719        0.002362
FIRE2:  747 17:29:32    -5247.761719        0.002339
FIRE2:  748 17:29:33    -5247.761719        0.002337
FIRE2:  749 17:29:34    -5247.761719        0.002337
FIRE2:  750 17:29:35    -5247.761719        0.002335
FIRE2:  751 17:29:35    -5247.761719        0.002338
FIRE2:  752 17:29:36    -5247.761719        0.002335
FIRE2:  753 17:29:36    -5247.761719        0.002334
FIRE2:  754 17:29:37    -5247.761719        0.002332
FIRE2:  755 17:29:38    -5247.761719        0.002329
FIRE2:  756 17:29:38    -5247.761719        0.002331
FIRE2:  757 17:29:39    -5247.761719        0.002329
FIRE2:  758 17:29:40    -5247.761719        0.002326
FIRE2:  759 17:29:40    -5247.761719        0.002326
FIRE2:  760 17:29:41    -5247.761719        0.002320
FIRE2:  761 17:29:41    -5247.761719        0.002320
FIRE2:  762 17:29:42    -5247.761719        0.002316
FIRE2:  763 17:29:42    -5247.761719        0.002312
FIRE2:  764 17:29:43    -5247.761719        0.002309
FIRE2:  765 17:29:44    -5247.761719        0.002307
FIRE2:  766 17:29:44    -5247.761719        0.002303
FIRE2:  767 17:29:45    -5247.761719        0.002297
FIRE2:  768 17:29:45    -5247.761719        0.002293
FIRE2:  769 17:29:46    -5247.761719        0.002291
FIRE2:  770 17:29:47    -5247.761719        0.002287
FIRE2:  771 17:29:47    -5247.761719        0.002281
FIRE2:  772 17:29:48    -5247.761719        0.002276
FIRE2:  773 17:29:48    -5247.761719        0.002269
FIRE2:  774 17:29:49    -5247.761719        0.002259
FIRE2:  775 17:29:50    -5247.761719        0.002250
FIRE2:  776 17:29:50    -5247.761719        0.002235
FIRE2:  777 17:29:51    -5247.761719        0.002226
FIRE2:  778 17:29:52    -5247.761719        0.002211
FIRE2:  779 17:29:52    -5247.761719        0.002193
FIRE2:  780 17:29:53    -5247.761719        0.002171
FIRE2:  781 17:29:53    -5247.761719        0.002150
FIRE2:  782 17:29:54    -5247.761719        0.002116
FIRE2:  783 17:29:54    -5247.761719        0.002085
FIRE2:  784 17:29:55    -5247.761719        0.002043
FIRE2:  785 17:29:56    -5247.761719        0.002009
FIRE2:  786 17:29:57    -5247.761719        0.002018
FIRE2:  787 17:29:57    -5247.761719        0.002013
FIRE2:  788 17:29:58    -5247.761719        0.002015
FIRE2:  789 17:29:59    -5247.761719        0.002014
FIRE2:  790 17:29:59    -5247.761719        0.002013
FIRE2:  791 17:30:00    -5247.761719        0.002012
FIRE2:  792 17:30:00    -5247.761719        0.002012
FIRE2:  793 17:30:01    -5247.761719        0.002010
FIRE2:  794 17:30:02    -5247.761719        0.002008
FIRE2:  795 17:30:02    -5247.761719        0.002006
FIRE2:  796 17:30:03    -5247.761719        0.002006
FIRE2:  797 17:30:03    -5247.761719        0.002006
FIRE2:  798 17:30:04    -5247.761719        0.002004
FIRE2:  799 17:30:04    -5247.761719        0.001998
FIRE2:  800 17:30:05    -5247.761719        0.001997
FIRE2:  801 17:30:06    -5247.761719        0.001994
FIRE2:  802 17:30:06    -5247.761719        0.001992
FIRE2:  803 17:30:07    -5247.761719        0.001990
FIRE2:  804 17:30:07    -5247.761719        0.001986
FIRE2:  805 17:30:08    -5247.761719        0.001982
FIRE2:  806 17:30:09    -5247.761719        0.001977
FIRE2:  807 17:30:09    -5247.761719        0.001972
FIRE2:  808 17:30:10    -5247.761719        0.001966
FIRE2:  809 17:30:11    -5247.761719        0.001963
FIRE2:  810 17:30:11    -5247.761719        0.001958
FIRE2:  811 17:30:12    -5247.761719        0.001952
FIRE2:  812 17:30:12    -5247.761719        0.001944
FIRE2:  813 17:30:13    -5247.761719        0.001937
FIRE2:  814 17:30:14    -5247.761719        0.001925
FIRE2:  815 17:30:14    -5247.761719        0.001911
FIRE2:  816 17:30:15    -5247.761719        0.001900
FIRE2:  817 17:30:16    -5247.761719        0.001882
FIRE2:  818 17:30:16    -5247.761719        0.001863
FIRE2:  819 17:30:17    -5247.761719        0.001838
FIRE2:  820 17:30:17    -5247.761719        0.001810
FIRE2:  821 17:30:18    -5247.761719        0.001776
FIRE2:  822 17:30:19    -5247.761719        0.001748
FIRE2:  823 17:30:19    -5247.761719        0.001700
FIRE2:  824 17:30:20    -5247.761719        0.001713
FIRE2:  825 17:30:21    -5247.761719        0.001719
FIRE2:  826 17:30:22    -5247.761719        0.001716
FIRE2:  827 17:30:23    -5247.761719        0.001713
FIRE2:  828 17:30:23    -5247.761719        0.001713
FIRE2:  829 17:30:24    -5247.761719        0.001715
FIRE2:  830 17:30:24    -5247.761719        0.001711
FIRE2:  831 17:30:25    -5247.761719        0.001709
FIRE2:  832 17:30:26    -5247.761719        0.001711
FIRE2:  833 17:30:26    -5247.761719        0.001708
FIRE2:  834 17:30:27    -5247.761719        0.001707
FIRE2:  835 17:30:27    -5247.761719        0.001703
FIRE2:  836 17:30:28    -5247.761719        0.001701
FIRE2:  837 17:30:29    -5247.761719        0.001699
FIRE2:  838 17:30:29    -5247.761719        0.001697
FIRE2:  839 17:30:30    -5247.761719        0.001694
FIRE2:  840 17:30:30    -5247.761719        0.001692
FIRE2:  841 17:30:31    -5247.761719        0.001688
FIRE2:  842 17:30:32    -5247.761719        0.001683
FIRE2:  843 17:30:32    -5247.761719        0.001682
FIRE2:  844 17:30:33    -5247.761719        0.001677
FIRE2:  845 17:30:33    -5247.761719        0.001676
FIRE2:  846 17:30:34    -5247.761719        0.001671
FIRE2:  847 17:30:35    -5247.761719        0.001665
FIRE2:  848 17:30:35    -5247.761719        0.001662
FIRE2:  849 17:30:36    -5247.761719        0.001654
FIRE2:  850 17:30:36    -5247.761719        0.001645
FIRE2:  851 17:30:37    -5247.761719        0.001639
FIRE2:  852 17:30:38    -5247.761719        0.001630
FIRE2:  853 17:30:38    -5247.761719        0.001619
FIRE2:  854 17:30:39    -5247.761719        0.001607
FIRE2:  855 17:30:39    -5247.761719        0.001587
FIRE2:  856 17:30:40    -5247.761719        0.001571
FIRE2:  857 17:30:41    -5247.761719        0.001551
FIRE2:  858 17:30:41    -5247.761719        0.001529
FIRE2:  859 17:30:42    -5247.761719        0.001497
FIRE2:  860 17:30:43    -5247.761719        0.001479
FIRE2:  861 17:30:44    -5247.761719        0.001483
FIRE2:  862 17:30:44    -5247.761719        0.001482
FIRE2:  863 17:30:45    -5247.761719        0.001479
FIRE2:  864 17:30:45    -5247.761719        0.001475
FIRE2:  865 17:30:46    -5247.761719        0.001476
FIRE2:  866 17:30:47    -5247.761719        0.001472
FIRE2:  867 17:30:47    -5247.761719        0.001467
FIRE2:  868 17:30:48    -5247.761719        0.001462
FIRE2:  869 17:30:48    -5247.761719        0.001458
FIRE2:  870 17:30:49    -5247.761719        0.001453
FIRE2:  871 17:30:50    -5247.761719        0.001446
FIRE2:  872 17:30:50    -5247.761719        0.001440
FIRE2:  873 17:30:51    -5247.761719        0.001435
FIRE2:  874 17:30:51    -5247.761719        0.001428
FIRE2:  875 17:30:52    -5247.761719        0.001419
FIRE2:  876 17:30:53    -5247.762695        0.001411
FIRE2:  877 17:30:53    -5247.761719        0.001401
FIRE2:  878 17:30:54    -5247.761719        0.001390
FIRE2:  879 17:30:54    -5247.761719        0.001379
FIRE2:  880 17:30:55    -5247.761719        0.001371
FIRE2:  881 17:30:55    -5247.762207        0.001360
FIRE2:  882 17:30:56    -5247.761719        0.001346
FIRE2:  883 17:30:57    -5247.761719        0.001331
FIRE2:  884 17:30:57    -5247.761719        0.001317
FIRE2:  885 17:30:58    -5247.761719        0.001294
FIRE2:  886 17:30:59    -5247.761719        0.001279
FIRE2:  887 17:30:59    -5247.761719        0.001257
FIRE2:  888 17:31:00    -5247.761719        0.001242
FIRE2:  889 17:31:00    -5247.761719        0.001220
FIRE2:  890 17:31:01    -5247.761719        0.001227
FIRE2:  891 17:31:02    -5247.761719        0.001227
FIRE2:  892 17:31:03    -5247.761719        0.001224
FIRE2:  893 17:31:04    -5247.761719        0.001226
FIRE2:  894 17:31:04    -5247.761719        0.001225
FIRE2:  895 17:31:05    -5247.761719        0.001225
FIRE2:  896 17:31:06    -5247.761719        0.001222
FIRE2:  897 17:31:06    -5247.761719        0.001222
FIRE2:  898 17:31:07    -5247.761719        0.001221
FIRE2:  899 17:31:08    -5247.761719        0.001219
FIRE2:  900 17:31:08    -5247.761719        0.001218
FIRE2:  901 17:31:09    -5247.761719        0.001216
FIRE2:  902 17:31:09    -5247.761719        0.001216
FIRE2:  903 17:31:10    -5247.761719        0.001215
FIRE2:  904 17:31:10    -5247.761719        0.001212
FIRE2:  905 17:31:11    -5247.761719        0.001211
FIRE2:  906 17:31:12    -5247.761719        0.001209
FIRE2:  907 17:31:12    -5247.761719        0.001206
FIRE2:  908 17:31:13    -5247.761719        0.001205
FIRE2:  909 17:31:13    -5247.761719        0.001203
FIRE2:  910 17:31:14    -5247.761719        0.001199
FIRE2:  911 17:31:15    -5247.761719        0.001196
FIRE2:  912 17:31:15    -5247.761719        0.001195
FIRE2:  913 17:31:16    -5247.762207        0.001190
FIRE2:  914 17:31:17    -5247.762207        0.001188
FIRE2:  915 17:31:17    -5247.761719        0.001179
FIRE2:  916 17:31:18    -5247.761719        0.001179
FIRE2:  917 17:31:18    -5247.761719        0.001171
FIRE2:  918 17:31:19    -5247.761719        0.001163
FIRE2:  919 17:31:20    -5247.761719        0.001157
FIRE2:  920 17:31:20    -5247.761719        0.001145
FIRE2:  921 17:31:21    -5247.761719        0.001135
FIRE2:  922 17:31:21    -5247.761719        0.001119
FIRE2:  923 17:31:22    -5247.762695        0.001104
FIRE2:  924 17:31:23    -5247.761719        0.001093
FIRE2:  925 17:31:23    -5247.761719        0.001068
FIRE2:  926 17:31:24    -5247.761719        0.001058
FIRE2:  927 17:31:24    -5247.761719        0.001036
FIRE2:  928 17:31:25    -5247.761719        0.001041
FIRE2:  929 17:31:26    -5247.761719        0.001039
FIRE2:  930 17:31:27    -5247.761719        0.001041
FIRE2:  931 17:31:28    -5247.762695        0.001040
FIRE2:  932 17:31:28    -5247.762695        0.001040
FIRE2:  933 17:31:29    -5247.761719        0.001039
FIRE2:  934 17:31:29    -5247.762695        0.001037
FIRE2:  935 17:31:30    -5247.762695        0.001037
FIRE2:  936 17:31:31    -5247.762695        0.001036
FIRE2:  937 17:31:31    -5247.762695        0.001035
FIRE2:  938 17:31:32    -5247.762695        0.001033
FIRE2:  939 17:31:32    -5247.762695        0.001032
FIRE2:  940 17:31:33    -5247.761719        0.001029
FIRE2:  941 17:31:34    -5247.762207        0.001028
FIRE2:  942 17:31:34    -5247.761719        0.001025
FIRE2:  943 17:31:35    -5247.761719        0.001023
FIRE2:  944 17:31:35    -5247.761719        0.001026
FIRE2:  945 17:31:36    -5247.762695        0.001024
FIRE2:  946 17:31:37    -5247.761719        0.001021
FIRE2:  947 17:31:37    -5247.761719        0.001017
FIRE2:  948 17:31:38    -5247.761719        0.001015
FIRE2:  949 17:31:39    -5247.761719        0.001011
FIRE2:  950 17:31:39    -5247.761719        0.001008
FIRE2:  951 17:31:40    -5247.762695        0.001007
FIRE2:  952 17:31:40    -5247.761719        0.001003
FIRE2:  953 17:31:41    -5247.762695        0.001000
