       Step     Time          Energy          fmax
FIRE2:    0 02:18:21    -5326.833984        0.413548
FIRE2:    1 02:18:23    -5327.016602        0.366309
FIRE2:    2 02:18:26    -5327.280273        0.363239
FIRE2:    3 02:18:28    -5327.482422        0.359665
FIRE2:    4 02:18:30    -5327.534180        0.356157
FIRE2:    5 02:18:35    -5327.540039        0.356935
FIRE2:    6 02:18:37    -5327.542969        0.356867
FIRE2:    7 02:18:39    -5327.548828        0.356749
FIRE2:    8 02:18:41    -5327.555664        0.356594
FIRE2:    9 02:18:44    -5327.563477        0.356403
FIRE2:   10 02:18:46    -5327.572266        0.356147
FIRE2:   11 02:18:48    -5327.582031        0.355847
FIRE2:   12 02:18:51    -5327.592773        0.355485
FIRE2:   13 02:18:53    -5327.604492        0.355065
FIRE2:   14 02:18:55    -5327.616211        0.354582
FIRE2:   15 02:18:57    -5327.630859        0.354041
FIRE2:   16 02:19:00    -5327.645508        0.353469
FIRE2:   17 02:19:02    -5327.662109        0.352817
FIRE2:   18 02:19:04    -5327.678711        0.352137
FIRE2:   19 02:19:06    -5327.697266        0.351425
FIRE2:   20 02:19:09    -5327.715820        0.350677
FIRE2:   21 02:19:11    -5327.736328        0.349902
FIRE2:   22 02:19:13    -5327.756836        0.349076
FIRE2:   23 02:19:16    -5327.779297        0.348226
FIRE2:   24 02:19:18    -5327.802734        0.347344
FIRE2:   25 02:19:20    -5327.826172        0.346405
FIRE2:   26 02:19:22    -5327.853516        0.345308
FIRE2:   27 02:19:25    -5327.884766        0.344050
FIRE2:   28 02:19:27    -5327.920898        0.342574
FIRE2:   29 02:19:29    -5327.962402        0.340855
FIRE2:   30 02:19:32    -5328.009766        0.338853
FIRE2:   31 02:19:34    -5328.064453        0.336538
FIRE2:   32 02:19:38    -5328.127441        0.333848
FIRE2:   33 02:19:40    -5328.199219        0.330717
FIRE2:   34 02:19:42    -5328.281250        0.327062
FIRE2:   35 02:19:46    -5328.375977        0.322793
FIRE2:   36 02:19:48    -5328.483398        0.317823
FIRE2:   37 02:19:50    -5328.591797        0.312693
FIRE2:   38 02:19:52    -5328.697266        0.307575
FIRE2:   39 02:19:55    -5328.799805        0.302492
FIRE2:   40 02:19:57    -5328.899414        0.297445
FIRE2:   41 02:19:59    -5328.996094        0.292424
FIRE2:   42 02:20:01    -5329.090332        0.287410
FIRE2:   43 02:20:04    -5329.181641        0.282419
FIRE2:   44 02:20:06    -5329.269531        0.277438
FIRE2:   45 02:20:08    -5329.354492        0.272452
FIRE2:   46 02:20:11    -5329.437500        0.267466
FIRE2:   47 02:20:13    -5329.517090        0.262471
FIRE2:   48 02:20:15    -5329.594727        0.257461
FIRE2:   49 02:20:17    -5329.667969        0.252431
FIRE2:   50 02:20:20    -5329.740234        0.247404
FIRE2:   51 02:20:22    -5329.809570        0.242358
FIRE2:   52 02:20:24    -5329.875977        0.237318
FIRE2:   53 02:20:26    -5329.940430        0.232284
FIRE2:   54 02:20:29    -5330.002930        0.227258
FIRE2:   55 02:20:31    -5330.062500        0.222259
FIRE2:   56 02:20:33    -5330.120117        0.217286
FIRE2:   57 02:20:36    -5330.175781        0.212371
FIRE2:   58 02:20:38    -5330.229492        0.207499
FIRE2:   59 02:20:40    -5330.281250        0.202696
FIRE2:   60 02:20:42    -5330.332031        0.197964
FIRE2:   61 02:20:45    -5330.379883        0.193307
FIRE2:   62 02:20:47    -5330.426758        0.188753
FIRE2:   63 02:20:49    -5330.472656        0.184305
FIRE2:   64 02:20:52    -5330.516602        0.179953
FIRE2:   65 02:20:53    -5330.559570        0.175724
FIRE2:   66 02:20:55    -5330.601562        0.171627
FIRE2:   67 02:20:58    -5330.642578        0.167641
FIRE2:   68 02:21:00    -5330.682617        0.163810
FIRE2:   69 02:21:02    -5330.721680        0.160096
FIRE2:   70 02:21:05    -5330.759766        0.156531
FIRE2:   71 02:21:07    -5330.796875        0.153097
FIRE2:   72 02:21:09    -5330.833984        0.149802
FIRE2:   73 02:21:11    -5330.870117        0.146641
FIRE2:   74 02:21:14    -5330.905273        0.143607
FIRE2:   75 02:21:16    -5330.939453        0.140701
FIRE2:   76 02:21:18    -5330.973633        0.137910
FIRE2:   77 02:21:20    -5331.006836        0.135232
FIRE2:   78 02:21:23    -5331.040039        0.132657
FIRE2:   79 02:21:25    -5331.072266        0.130172
FIRE2:   80 02:21:27    -5331.103516        0.127779
FIRE2:   81 02:21:30    -5331.133789        0.125446
FIRE2:   82 02:21:32    -5331.164062        0.123188
FIRE2:   83 02:21:34    -5331.193359        0.120976
FIRE2:   84 02:21:36    -5331.221680        0.118820
FIRE2:   85 02:21:39    -5331.250000        0.116698
FIRE2:   86 02:21:41    -5331.277344        0.114595
FIRE2:   87 02:21:44    -5331.303711        0.112517
FIRE2:   88 02:21:46    -5331.329102        0.110447
FIRE2:   89 02:21:48    -5331.354980        0.108389
FIRE2:   90 02:21:51    -5331.378906        0.106323
FIRE2:   91 02:21:53    -5331.403320        0.104252
FIRE2:   92 02:21:55    -5331.426758        0.102175
FIRE2:   93 02:21:57    -5331.448730        0.100077
FIRE2:   94 02:22:00    -5331.470703        0.097956
FIRE2:   95 02:22:02    -5331.492188        0.095823
FIRE2:   96 02:22:04    -5331.512695        0.093668
FIRE2:   97 02:22:06    -5331.532227        0.091494
FIRE2:   98 02:22:09    -5331.551758        0.089271
FIRE2:   99 02:22:11    -5331.570312        0.087074
FIRE2:  100 02:22:13    -5331.588867        0.084766
FIRE2:  101 02:22:16    -5331.605469        0.082593
FIRE2:  102 02:22:18    -5331.623047        0.080127
FIRE2:  103 02:22:20    -5331.638672        0.078065
FIRE2:  104 02:22:22    -5331.654297        0.075523
FIRE2:  105 02:22:25    -5331.669922        0.073353
FIRE2:  106 02:22:27    -5331.684570        0.070852
FIRE2:  107 02:22:29    -5331.698242        0.068739
FIRE2:  108 02:22:32    -5331.711914        0.066128
FIRE2:  109 02:22:34    -5331.724609        0.064000
FIRE2:  110 02:22:36    -5331.737305        0.061483
FIRE2:  111 02:22:38    -5331.750000        0.059375
FIRE2:  112 02:22:41    -5331.760742        0.056808
FIRE2:  113 02:22:43    -5331.772461        0.054724
FIRE2:  114 02:22:45    -5331.783203        0.052228
FIRE2:  115 02:22:48    -5331.792969        0.050240
FIRE2:  116 02:22:50    -5331.802734        0.047736
FIRE2:  117 02:22:52    -5331.812500        0.045770
FIRE2:  118 02:22:54    -5331.822266        0.043348
FIRE2:  119 02:22:57    -5331.831055        0.041488
FIRE2:  120 02:22:59    -5331.838867        0.039152
FIRE2:  121 02:23:01    -5331.847656        0.037338
FIRE2:  122 02:23:04    -5331.855469        0.035071
FIRE2:  123 02:23:06    -5331.863281        0.033366
FIRE2:  124 02:23:08    -5331.870117        0.031206
FIRE2:  125 02:23:10    -5331.877930        0.029633
FIRE2:  126 02:23:13    -5331.884766        0.029657
FIRE2:  127 02:23:15    -5331.891602        0.030036
FIRE2:  128 02:23:17    -5331.897461        0.030566
FIRE2:  129 02:23:20    -5331.904297        0.030687
FIRE2:  130 02:23:22    -5331.910156        0.030990
FIRE2:  131 02:23:24    -5331.916016        0.030880
FIRE2:  132 02:23:26    -5331.921875        0.030965
FIRE2:  133 02:23:29    -5331.927734        0.030617
FIRE2:  134 02:23:31    -5331.932617        0.030460
FIRE2:  135 02:23:33    -5331.938477        0.029866
FIRE2:  136 02:23:36    -5331.943359        0.029529
FIRE2:  137 02:23:38    -5331.948242        0.028738
FIRE2:  138 02:23:40    -5331.952637        0.028177
FIRE2:  139 02:23:42    -5331.957031        0.027169
FIRE2:  140 02:23:45    -5331.961914        0.026431
FIRE2:  141 02:23:47    -5331.965820        0.025241
FIRE2:  142 02:23:49    -5331.969727        0.024345
FIRE2:  143 02:23:52    -5331.972656        0.022968
FIRE2:  144 02:23:54    -5331.976562        0.021928
FIRE2:  145 02:23:57    -5331.979492        0.020387
FIRE2:  146 02:24:00    -5331.982422        0.019231
FIRE2:  147 02:24:03    -5331.985352        0.017529
FIRE2:  148 02:24:05    -5331.987305        0.016271
FIRE2:  149 02:24:07    -5331.989258        0.014427
FIRE2:  150 02:24:12    -5331.955078        0.076744
FIRE2:  151 02:24:16    -5331.987305        0.017136
FIRE2:  152 02:24:20    -5331.986328        0.017016
FIRE2:  153 02:24:23    -5331.986328        0.017075
FIRE2:  154 02:24:25    -5331.986328        0.017131
FIRE2:  155 02:24:29    -5331.986328        0.017122
FIRE2:  156 02:24:32    -5331.986328        0.017108
FIRE2:  157 02:24:34    -5331.986328        0.017113
FIRE2:  158 02:24:36    -5331.986328        0.017100
FIRE2:  159 02:24:38    -5331.987305        0.017096
FIRE2:  160 02:24:41    -5331.987305        0.017084
FIRE2:  161 02:24:43    -5331.986328        0.017065
FIRE2:  162 02:24:45    -5331.986328        0.017060
FIRE2:  163 02:24:48    -5331.986328        0.017044
FIRE2:  164 02:24:50    -5331.986328        0.017030
FIRE2:  165 02:24:52    -5331.986328        0.017017
FIRE2:  166 02:24:54    -5331.987305        0.017002
FIRE2:  167 02:24:57    -5331.986328        0.016995
FIRE2:  168 02:24:59    -5331.986328        0.016974
FIRE2:  169 02:25:01    -5331.986328        0.016953
FIRE2:  170 02:25:04    -5331.987305        0.016935
FIRE2:  171 02:25:06    -5331.986328        0.016908
FIRE2:  172 02:25:08    -5331.986816        0.016888
FIRE2:  173 02:25:10    -5331.987305        0.016854
FIRE2:  174 02:25:13    -5331.987305        0.016831
FIRE2:  175 02:25:15    -5331.987305        0.016806
FIRE2:  176 02:25:17    -5331.987305        0.016768
FIRE2:  177 02:25:19    -5331.987305        0.016743
FIRE2:  178 02:25:22    -5331.987305        0.016698
FIRE2:  179 02:25:24    -5331.987305        0.016647
FIRE2:  180 02:25:26    -5331.987305        0.016583
FIRE2:  181 02:25:29    -5331.987305        0.016515
FIRE2:  182 02:25:31    -5331.987305        0.016431
FIRE2:  183 02:25:33    -5331.987305        0.016348
FIRE2:  184 02:25:35    -5331.987305        0.016236
FIRE2:  185 02:25:38    -5331.987305        0.016103
FIRE2:  186 02:25:40    -5331.987305        0.015957
FIRE2:  187 02:25:42    -5331.987305        0.015783
FIRE2:  188 02:25:45    -5331.988281        0.015571
FIRE2:  189 02:25:47    -5331.988281        0.015318
FIRE2:  190 02:25:49    -5331.988281        0.015029
FIRE2:  191 02:25:51    -5331.988281        0.014689
FIRE2:  192 02:25:54    -5331.989258        0.014289
FIRE2:  193 02:25:56    -5331.989258        0.013824
FIRE2:  194 02:25:58    -5331.989258        0.013322
FIRE2:  195 02:26:01    -5331.990234        0.012814
FIRE2:  196 02:26:05    -5331.990234        0.012933
FIRE2:  197 02:26:07    -5331.990234        0.012909
FIRE2:  198 02:26:12    -5331.990234        0.012910
FIRE2:  199 02:26:14    -5331.990234        0.012911
FIRE2:  200 02:26:16    -5331.990234        0.012898
FIRE2:  201 02:26:19    -5331.990234        0.012887
FIRE2:  202 02:26:21    -5331.990234        0.012875
FIRE2:  203 02:26:23    -5331.990234        0.012862
FIRE2:  204 02:26:25    -5331.990234        0.012843
FIRE2:  205 02:26:28    -5331.990234        0.012818
FIRE2:  206 02:26:30    -5331.990234        0.012794
FIRE2:  207 02:26:33    -5331.990234        0.012765
FIRE2:  208 02:26:35    -5331.990234        0.012747
FIRE2:  209 02:26:37    -5331.990234        0.012705
FIRE2:  210 02:26:39    -5331.990234        0.012677
FIRE2:  211 02:26:42    -5331.990234        0.012638
FIRE2:  212 02:26:44    -5331.990234        0.012599
FIRE2:  213 02:26:46    -5331.990234        0.012551
FIRE2:  214 02:26:49    -5331.990234        0.012514
FIRE2:  215 02:26:51    -5331.990234        0.012459
FIRE2:  216 02:26:53    -5331.990234        0.012413
FIRE2:  217 02:26:55    -5331.990234        0.012372
FIRE2:  218 02:26:58    -5331.990234        0.012314
FIRE2:  219 02:27:00    -5331.990234        0.012246
FIRE2:  220 02:27:02    -5331.991211        0.012178
FIRE2:  221 02:27:04    -5331.991211        0.012086
FIRE2:  222 02:27:07    -5331.990234        0.011988
FIRE2:  223 02:27:09    -5331.991211        0.011881
FIRE2:  224 02:27:11    -5331.991211        0.011744
FIRE2:  225 02:27:14    -5331.991211        0.011592
FIRE2:  226 02:27:16    -5331.991211        0.011412
FIRE2:  227 02:27:18    -5331.991211        0.011211
FIRE2:  228 02:27:20    -5331.991211        0.010961
FIRE2:  229 02:27:23    -5331.991211        0.010697
FIRE2:  230 02:27:25    -5331.992188        0.010336
FIRE2:  231 02:27:27    -5331.992188        0.010132
FIRE2:  232 02:27:32    -5331.992188        0.010158
FIRE2:  233 02:27:34    -5331.992188        0.010130
FIRE2:  234 02:27:39    -5331.992188        0.010128
FIRE2:  235 02:27:41    -5331.992188        0.010130
FIRE2:  236 02:27:43    -5331.992188        0.010129
FIRE2:  237 02:27:45    -5331.992188        0.010121
FIRE2:  238 02:27:48    -5331.992188        0.010123
FIRE2:  239 02:27:50    -5331.992188        0.010106
FIRE2:  240 02:27:52    -5331.992188        0.010104
FIRE2:  241 02:27:55    -5331.992188        0.010087
FIRE2:  242 02:27:57    -5331.992188        0.010078
FIRE2:  243 02:27:59    -5331.992188        0.010054
FIRE2:  244 02:28:01    -5331.992188        0.010037
FIRE2:  245 02:28:04    -5331.992188        0.010024
FIRE2:  246 02:28:06    -5331.992188        0.010009
FIRE2:  247 02:28:08    -5331.992188        0.009994
FIRE2:  248 02:28:11    -5331.992188        0.009965
FIRE2:  249 02:28:13    -5331.992188        0.009942
FIRE2:  250 02:28:15    -5331.992188        0.009911
FIRE2:  251 02:28:18    -5331.992188        0.009897
FIRE2:  252 02:28:20    -5331.992188        0.009870
FIRE2:  253 02:28:22    -5331.992188        0.009836
FIRE2:  254 02:28:24    -5331.992188        0.009807
FIRE2:  255 02:28:27    -5331.992188        0.009768
FIRE2:  256 02:28:29    -5331.992188        0.009730
FIRE2:  257 02:28:31    -5331.992188        0.009683
FIRE2:  258 02:28:34    -5331.992188        0.009632
FIRE2:  259 02:28:36    -5331.992188        0.009574
FIRE2:  260 02:28:38    -5331.992188        0.009494
FIRE2:  261 02:28:40    -5331.992188        0.009409
FIRE2:  262 02:28:43    -5331.992188        0.009312
FIRE2:  263 02:28:45    -5331.992188        0.009180
FIRE2:  264 02:28:47    -5331.992188        0.009053
FIRE2:  265 02:28:50    -5331.992188        0.008890
FIRE2:  266 02:28:52    -5331.993164        0.008703
FIRE2:  267 02:28:54    -5331.993164        0.008489
FIRE2:  268 02:28:57    -5331.993164        0.008234
FIRE2:  269 02:28:59    -5331.993164        0.008009
FIRE2:  270 02:29:03    -5331.993164        0.008063
FIRE2:  271 02:29:07    -5331.993164        0.008028
FIRE2:  272 02:29:14    -5331.993164        0.008036
FIRE2:  273 02:29:16    -5331.993164        0.008040
FIRE2:  274 02:29:18    -5331.993164        0.008040
FIRE2:  275 02:29:20    -5331.993164        0.008026
FIRE2:  276 02:29:23    -5331.993164        0.008020
FIRE2:  277 02:29:25    -5331.993164        0.008020
FIRE2:  278 02:29:27    -5331.993164        0.008004
FIRE2:  279 02:29:30    -5331.993164        0.008001
FIRE2:  280 02:29:32    -5331.993164        0.007986
FIRE2:  281 02:29:34    -5331.993164        0.007977
FIRE2:  282 02:29:37    -5331.993164        0.007968
FIRE2:  283 02:29:39    -5331.993164        0.007950
FIRE2:  284 02:29:41    -5331.993164        0.007933
FIRE2:  285 02:29:43    -5331.993164        0.007917
FIRE2:  286 02:29:46    -5331.993164        0.007897
FIRE2:  287 02:29:48    -5331.993164        0.007885
FIRE2:  288 02:29:50    -5331.993164        0.007862
FIRE2:  289 02:29:52    -5331.993164        0.007844
FIRE2:  290 02:29:55    -5331.993164        0.007820
FIRE2:  291 02:29:57    -5331.993164        0.007791
FIRE2:  292 02:30:00    -5331.993164        0.007773
FIRE2:  293 02:30:02    -5331.993164        0.007744
FIRE2:  294 02:30:04    -5331.993164        0.007712
FIRE2:  295 02:30:06    -5331.993164        0.007671
FIRE2:  296 02:30:09    -5331.993164        0.007629
FIRE2:  297 02:30:11    -5331.993164        0.007583
FIRE2:  298 02:30:13    -5331.993164        0.007519
FIRE2:  299 02:30:15    -5331.993164        0.007445
FIRE2:  300 02:30:18    -5331.993164        0.007367
FIRE2:  301 02:30:20    -5331.994141        0.007276
FIRE2:  302 02:30:22    -5331.994141        0.007164
FIRE2:  303 02:30:25    -5331.994141        0.007042
FIRE2:  304 02:30:27    -5331.994141        0.006880
FIRE2:  305 02:30:29    -5331.994141        0.006728
FIRE2:  306 02:30:32    -5331.994141        0.006525
FIRE2:  307 02:30:34    -5331.994141        0.006401
FIRE2:  308 02:30:38    -5331.994141        0.006417
FIRE2:  309 02:30:41    -5331.994141        0.006392
FIRE2:  310 02:30:45    -5331.994141        0.006399
FIRE2:  311 02:30:47    -5331.994141        0.006393
FIRE2:  312 02:30:49    -5331.994141        0.006393
FIRE2:  313 02:30:52    -5331.994141        0.006391
FIRE2:  314 02:30:54    -5331.994141        0.006395
FIRE2:  315 02:30:56    -5331.994141        0.006386
FIRE2:  316 02:30:59    -5331.994141        0.006383
FIRE2:  317 02:31:01    -5331.994141        0.006371
FIRE2:  318 02:31:03    -5331.994141        0.006363
FIRE2:  319 02:31:05    -5331.994141        0.006355
FIRE2:  320 02:31:08    -5331.994141        0.006338
FIRE2:  321 02:31:10    -5331.994141        0.006323
FIRE2:  322 02:31:12    -5331.994141        0.006317
FIRE2:  323 02:31:15    -5331.994141        0.006303
FIRE2:  324 02:31:17    -5331.994141        0.006284
FIRE2:  325 02:31:19    -5331.994141        0.006275
FIRE2:  326 02:31:21    -5331.994141        0.006257
FIRE2:  327 02:31:24    -5331.994141        0.006243
FIRE2:  328 02:31:26    -5331.994141        0.006219
FIRE2:  329 02:31:28    -5331.994141        0.006210
FIRE2:  330 02:31:31    -5331.994141        0.006181
FIRE2:  331 02:31:33    -5331.994141        0.006156
FIRE2:  332 02:31:35    -5331.994141        0.006135
FIRE2:  333 02:31:37    -5331.994141        0.006111
FIRE2:  334 02:31:40    -5331.994141        0.006070
FIRE2:  335 02:31:42    -5331.994141        0.006028
FIRE2:  336 02:31:44    -5331.994141        0.005978
FIRE2:  337 02:31:47    -5331.994141        0.005927
FIRE2:  338 02:31:49    -5331.994141        0.005867
FIRE2:  339 02:31:51    -5331.994141        0.005784
FIRE2:  340 02:31:54    -5331.994141        0.005703
FIRE2:  341 02:31:56    -5331.994141        0.005605
FIRE2:  342 02:31:58    -5331.994141        0.005474
FIRE2:  343 02:32:00    -5331.995117        0.005389
FIRE2:  344 02:32:05    -5331.995117        0.005405
FIRE2:  345 02:32:07    -5331.994141        0.005386
FIRE2:  346 02:32:09    -5331.995117        0.005370
FIRE2:  347 02:32:12    -5331.995117        0.005368
FIRE2:  348 02:32:14    -5331.995117        0.005363
FIRE2:  349 02:32:16    -5331.995117        0.005359
FIRE2:  350 02:32:19    -5331.995117        0.005343
FIRE2:  351 02:32:21    -5331.995117        0.005324
FIRE2:  352 02:32:23    -5331.995117        0.005299
FIRE2:  353 02:32:26    -5331.995117        0.005285
FIRE2:  354 02:32:28    -5331.995117        0.005265
FIRE2:  355 02:32:30    -5331.995117        0.005235
FIRE2:  356 02:32:32    -5331.995117        0.005210
FIRE2:  357 02:32:35    -5331.995117        0.005190
FIRE2:  358 02:32:37    -5331.995117        0.005157
FIRE2:  359 02:32:39    -5331.995117        0.005122
FIRE2:  360 02:32:42    -5331.995117        0.005093
FIRE2:  361 02:32:44    -5331.995117        0.005060
FIRE2:  362 02:32:46    -5331.995117        0.005014
FIRE2:  363 02:32:48    -5331.995117        0.004983
FIRE2:  364 02:32:51    -5331.995117        0.004944
FIRE2:  365 02:32:53    -5331.995117        0.004900
FIRE2:  366 02:32:55    -5331.995117        0.004842
FIRE2:  367 02:32:57    -5331.995117        0.004781
FIRE2:  368 02:33:00    -5331.995117        0.004704
FIRE2:  369 02:33:02    -5331.995117        0.004635
FIRE2:  370 02:33:04    -5331.995117        0.004525
FIRE2:  371 02:33:07    -5331.995117        0.004478
FIRE2:  372 02:33:09    -5331.995117        0.004370
FIRE2:  373 02:33:11    -5331.995117        0.004316
FIRE2:  374 02:33:16    -5331.995117        0.004317
FIRE2:  375 02:33:18    -5331.995117        0.004301
FIRE2:  376 02:33:23    -5331.995117        0.004308
FIRE2:  377 02:33:25    -5331.995117        0.004312
FIRE2:  378 02:33:27    -5331.995117        0.004309
FIRE2:  379 02:33:30    -5331.995117        0.004300
FIRE2:  380 02:33:32    -5331.995117        0.004297
FIRE2:  381 02:33:34    -5331.995117        0.004291
FIRE2:  382 02:33:36    -5331.995117        0.004291
FIRE2:  383 02:33:39    -5331.995117        0.004287
FIRE2:  384 02:33:41    -5331.995117        0.004281
FIRE2:  385 02:33:43    -5331.995117        0.004275
FIRE2:  386 02:33:46    -5331.995117        0.004272
FIRE2:  387 02:33:48    -5331.995117        0.004261
FIRE2:  388 02:33:50    -5331.995117        0.004257
FIRE2:  389 02:33:52    -5331.995117        0.004250
FIRE2:  390 02:33:54    -5331.995117        0.004242
FIRE2:  391 02:33:57    -5331.995117        0.004229
FIRE2:  392 02:34:07    -5331.995117        0.004221
FIRE2:  393 02:34:09    -5331.995117        0.004209
FIRE2:  394 02:34:12    -5331.995117        0.004202
FIRE2:  395 02:34:14    -5331.995117        0.004193
FIRE2:  396 02:34:16    -5331.995117        0.004177
FIRE2:  397 02:34:19    -5331.995117        0.004165
FIRE2:  398 02:34:21    -5331.995117        0.004152
FIRE2:  399 02:34:23    -5331.995117        0.004132
FIRE2:  400 02:34:25    -5331.995117        0.004105
FIRE2:  401 02:34:27    -5331.995117        0.004087
FIRE2:  402 02:34:30    -5331.996094        0.004060
FIRE2:  403 02:34:32    -5331.995117        0.004029
FIRE2:  404 02:34:34    -5331.995117        0.003987
FIRE2:  405 02:34:37    -5331.995117        0.003943
FIRE2:  406 02:34:39    -5331.995605        0.003885
FIRE2:  407 02:34:41    -5331.996094        0.003836
FIRE2:  408 02:34:44    -5331.996094        0.003752
FIRE2:  409 02:34:46    -5331.996094        0.003714
FIRE2:  410 02:34:50    -5331.996094        0.003716
FIRE2:  411 02:34:52    -5331.996094        0.003707
FIRE2:  412 02:34:55    -5331.996094        0.003701
FIRE2:  413 02:34:57    -5331.996094        0.003694
FIRE2:  414 02:34:59    -5331.995605        0.003694
FIRE2:  415 02:35:01    -5331.996094        0.003689
FIRE2:  416 02:35:04    -5331.996094        0.003682
FIRE2:  417 02:35:06    -5331.996094        0.003662
FIRE2:  418 02:35:08    -5331.996094        0.003659
FIRE2:  419 02:35:10    -5331.996094        0.003644
FIRE2:  420 02:35:13    -5331.996094        0.003637
FIRE2:  421 02:35:15    -5331.995605        0.003619
FIRE2:  422 02:35:17    -5331.995605        0.003595
FIRE2:  423 02:35:20    -5331.996094        0.003584
FIRE2:  424 02:35:22    -5331.996094        0.003566
FIRE2:  425 02:35:24    -5331.996094        0.003540
FIRE2:  426 02:35:26    -5331.996094        0.003524
FIRE2:  427 02:35:28    -5331.996094        0.003506
FIRE2:  428 02:35:31    -5331.996094        0.003486
FIRE2:  429 02:35:33    -5331.996094        0.003478
FIRE2:  430 02:35:35    -5331.996094        0.003471
FIRE2:  431 02:35:38    -5331.996094        0.003455
FIRE2:  432 02:35:40    -5331.996094        0.003443
FIRE2:  433 02:35:42    -5331.996094        0.003431
FIRE2:  434 02:35:44    -5331.996094        0.003413
FIRE2:  435 02:35:47    -5331.996094        0.003405
FIRE2:  436 02:35:49    -5331.996094        0.003354
FIRE2:  437 02:35:51    -5331.996094        0.003373
FIRE2:  438 02:35:53    -5331.996094        0.003310
FIRE2:  439 02:35:56    -5331.996094        0.003339
FIRE2:  440 02:36:00    -5331.996094        0.003323
FIRE2:  441 02:36:02    -5331.996094        0.003307
FIRE2:  442 02:36:07    -5331.996094        0.003307
FIRE2:  443 02:36:09    -5331.996094        0.003313
FIRE2:  444 02:36:11    -5331.996094        0.003313
FIRE2:  445 02:36:13    -5331.996094        0.003315
FIRE2:  446 02:36:16    -5331.996094        0.003316
FIRE2:  447 02:36:18    -5331.996094        0.003316
FIRE2:  448 02:36:20    -5331.996094        0.003310
FIRE2:  449 02:36:22    -5331.996094        0.003307
FIRE2:  450 02:36:25    -5331.996094        0.003308
FIRE2:  451 02:36:27    -5331.996094        0.003307
FIRE2:  452 02:36:30    -5331.996094        0.003302
FIRE2:  453 02:36:32    -5331.996094        0.003299
FIRE2:  454 02:36:34    -5331.996094        0.003306
FIRE2:  455 02:36:36    -5331.996094        0.003298
FIRE2:  456 02:36:39    -5331.996094        0.003293
FIRE2:  457 02:36:41    -5331.996094        0.003289
FIRE2:  458 02:36:43    -5331.996094        0.003282
FIRE2:  459 02:36:45    -5331.996094        0.003283
FIRE2:  460 02:36:48    -5331.996094        0.003278
FIRE2:  461 02:36:50    -5331.996094        0.003286
FIRE2:  462 02:36:52    -5331.996094        0.003273
FIRE2:  463 02:36:55    -5331.996094        0.003269
FIRE2:  464 02:36:57    -5331.996094        0.003261
FIRE2:  465 02:36:59    -5331.996094        0.003262
FIRE2:  466 02:37:02    -5331.996094        0.003246
FIRE2:  467 02:37:04    -5331.996094        0.003246
FIRE2:  468 02:37:06    -5331.996094        0.003233
FIRE2:  469 02:37:09    -5331.996094        0.003220
FIRE2:  470 02:37:11    -5331.996094        0.003214
FIRE2:  471 02:37:13    -5331.996094        0.003192
FIRE2:  472 02:37:16    -5331.996094        0.003175
FIRE2:  473 02:37:18    -5331.996094        0.003146
FIRE2:  474 02:37:20    -5331.996094        0.003149
FIRE2:  475 02:37:22    -5331.996094        0.003089
FIRE2:  476 02:37:25    -5331.996094        0.003103
FIRE2:  477 02:37:27    -5331.996094        0.003032
FIRE2:  478 02:37:32    -5331.996094        0.003066
FIRE2:  479 02:37:34    -5331.996094        0.003073
FIRE2:  480 02:37:38    -5331.996094        0.003068
FIRE2:  481 02:37:40    -5331.996094        0.003069
FIRE2:  482 02:37:43    -5331.996094        0.003066
FIRE2:  483 02:37:45    -5331.996094        0.003059
FIRE2:  484 02:37:47    -5331.996094        0.003062
FIRE2:  485 02:37:50    -5331.996094        0.003059
FIRE2:  486 02:37:52    -5331.996094        0.003060
FIRE2:  487 02:37:54    -5331.996094        0.003055
FIRE2:  488 02:37:56    -5331.996094        0.003058
FIRE2:  489 02:37:59    -5331.996094        0.003052
FIRE2:  490 02:38:01    -5331.996094        0.003050
FIRE2:  491 02:38:03    -5331.996094        0.003056
FIRE2:  492 02:38:05    -5331.996094        0.003046
FIRE2:  493 02:38:08    -5331.996094        0.003048
FIRE2:  494 02:38:10    -5331.996094        0.003037
FIRE2:  495 02:38:12    -5331.996094        0.003043
FIRE2:  496 02:38:15    -5331.996094        0.003042
FIRE2:  497 02:38:17    -5331.996094        0.003030
FIRE2:  498 02:38:19    -5331.996094        0.003021
FIRE2:  499 02:38:21    -5331.996094        0.003022
FIRE2:  500 02:38:24    -5331.996094        0.003016
FIRE2:  501 02:38:26    -5331.996094        0.003018
FIRE2:  502 02:38:28    -5331.996094        0.003009
FIRE2:  503 02:38:31    -5331.996094        0.003004
FIRE2:  504 02:38:33    -5331.996094        0.002993
FIRE2:  505 02:38:35    -5331.996094        0.002983
FIRE2:  506 02:38:38    -5331.996094        0.002982
FIRE2:  507 02:38:40    -5331.996094        0.002964
FIRE2:  508 02:38:42    -5331.996094        0.002950
FIRE2:  509 02:38:44    -5331.996094        0.002929
FIRE2:  510 02:38:47    -5331.996094        0.002909
FIRE2:  511 02:38:49    -5331.996094        0.002890
FIRE2:  512 02:38:51    -5331.997070        0.002853
FIRE2:  513 02:38:54    -5331.996094        0.002865
FIRE2:  514 02:38:58    -5331.996094        0.002853
FIRE2:  515 02:39:00    -5331.996094        0.002838
FIRE2:  516 02:39:03    -5331.996094        0.002838
FIRE2:  517 02:39:05    -5331.996094        0.002839
FIRE2:  518 02:39:07    -5331.997070        0.002831
FIRE2:  519 02:39:09    -5331.997070        0.002842
FIRE2:  520 02:39:12    -5331.996094        0.002837
FIRE2:  521 02:39:14    -5331.997070        0.002820
FIRE2:  522 02:39:16    -5331.996094        0.002816
FIRE2:  523 02:39:19    -5331.997070        0.002816
FIRE2:  524 02:39:21    -5331.996582        0.002813
FIRE2:  525 02:39:23    -5331.996094        0.002800
FIRE2:  526 02:39:25    -5331.996094        0.002796
FIRE2:  527 02:39:28    -5331.996094        0.002794
FIRE2:  528 02:39:30    -5331.996094        0.002786
FIRE2:  529 02:39:32    -5331.996094        0.002774
FIRE2:  530 02:39:35    -5331.997070        0.002761
FIRE2:  531 02:39:37    -5331.997070        0.002752
FIRE2:  532 02:39:39    -5331.997070        0.002740
FIRE2:  533 02:39:41    -5331.997070        0.002734
FIRE2:  534 02:39:44    -5331.997070        0.002721
FIRE2:  535 02:39:46    -5331.996094        0.002712
FIRE2:  536 02:39:48    -5331.997070        0.002695
FIRE2:  537 02:39:50    -5331.997070        0.002676
FIRE2:  538 02:39:53    -5331.997070        0.002664
FIRE2:  539 02:39:55    -5331.997070        0.002624
FIRE2:  540 02:39:57    -5331.997070        0.002633
FIRE2:  541 02:40:00    -5331.997070        0.002579
FIRE2:  542 02:40:02    -5331.997070        0.002594
FIRE2:  543 02:40:06    -5331.996094        0.002581
FIRE2:  544 02:40:09    -5331.996094        0.002570
FIRE2:  545 02:40:11    -5331.997070        0.002572
FIRE2:  546 02:40:13    -5331.997070        0.002573
FIRE2:  547 02:40:15    -5331.997070        0.002577
FIRE2:  548 02:40:18    -5331.997070        0.002568
FIRE2:  549 02:40:20    -5331.997070        0.002556
FIRE2:  550 02:40:22    -5331.997070        0.002562
FIRE2:  551 02:40:25    -5331.996094        0.002554
FIRE2:  552 02:40:27    -5331.996582        0.002547
FIRE2:  553 02:40:29    -5331.997070        0.002539
FIRE2:  554 02:40:31    -5331.997070        0.002533
FIRE2:  555 02:40:34    -5331.997070        0.002531
FIRE2:  556 02:40:36    -5331.997070        0.002516
FIRE2:  557 02:40:38    -5331.997070        0.002501
FIRE2:  558 02:40:41    -5331.997070        0.002497
FIRE2:  559 02:40:43    -5331.997070        0.002493
FIRE2:  560 02:40:45    -5331.997070        0.002475
FIRE2:  561 02:40:47    -5331.997070        0.002469
FIRE2:  562 02:40:50    -5331.996094        0.002454
FIRE2:  563 02:40:52    -5331.997070        0.002452
FIRE2:  564 02:40:54    -5331.997070        0.002429
FIRE2:  565 02:40:57    -5331.997070        0.002417
FIRE2:  566 02:40:59    -5331.997070        0.002393
FIRE2:  567 02:41:01    -5331.997070        0.002395
FIRE2:  568 02:41:04    -5331.997070        0.002353
FIRE2:  569 02:41:06    -5331.997070        0.002357
FIRE2:  570 02:41:08    -5331.997070        0.002312
FIRE2:  571 02:41:10    -5331.997070        0.002335
FIRE2:  572 02:41:15    -5331.996094        0.002312
FIRE2:  573 02:41:17    -5331.997070        0.002303
FIRE2:  574 02:41:22    -5331.997070        0.002302
FIRE2:  575 02:41:24    -5331.997070        0.002303
FIRE2:  576 02:41:26    -5331.997070        0.002307
FIRE2:  577 02:41:28    -5331.997070        0.002308
FIRE2:  578 02:41:31    -5331.997070        0.002309
FIRE2:  579 02:41:33    -5331.997070        0.002309
FIRE2:  580 02:41:35    -5331.997070        0.002306
FIRE2:  581 02:41:38    -5331.997070        0.002302
FIRE2:  582 02:41:40    -5331.997070        0.002296
FIRE2:  583 02:41:42    -5331.997070        0.002293
FIRE2:  584 02:41:44    -5331.997070        0.002297
FIRE2:  585 02:41:47    -5331.997070        0.002297
FIRE2:  586 02:41:49    -5331.997070        0.002297
FIRE2:  587 02:41:51    -5331.997070        0.002290
FIRE2:  588 02:41:54    -5331.997070        0.002286
FIRE2:  589 02:41:56    -5331.997070        0.002285
FIRE2:  590 02:41:58    -5331.997070        0.002278
FIRE2:  591 02:42:00    -5331.997070        0.002279
FIRE2:  592 02:42:03    -5331.997070        0.002282
FIRE2:  593 02:42:05    -5331.997070        0.002281
FIRE2:  594 02:42:08    -5331.997070        0.002271
FIRE2:  595 02:42:10    -5331.997070        0.002261
FIRE2:  596 02:42:12    -5331.997070        0.002255
FIRE2:  597 02:42:14    -5331.997070        0.002256
FIRE2:  598 02:42:17    -5331.997070        0.002249
FIRE2:  599 02:42:19    -5331.997070        0.002242
FIRE2:  600 02:42:21    -5331.997070        0.002227
FIRE2:  601 02:42:24    -5331.997070        0.002227
FIRE2:  602 02:42:26    -5331.997070        0.002209
FIRE2:  603 02:42:28    -5331.997070        0.002192
FIRE2:  604 02:42:30    -5331.997070        0.002178
FIRE2:  605 02:42:33    -5331.997070        0.002179
FIRE2:  606 02:42:35    -5331.997070        0.002134
FIRE2:  607 02:42:37    -5331.997070        0.002145
FIRE2:  608 02:42:40    -5331.997070        0.002091
FIRE2:  609 02:42:44    -5331.997070        0.002104
FIRE2:  610 02:42:46    -5331.997070        0.002112
FIRE2:  611 02:42:51    -5331.997070        0.002104
FIRE2:  612 02:42:53    -5331.997070        0.002111
FIRE2:  613 02:42:55    -5331.997070        0.002114
FIRE2:  614 02:42:58    -5331.997070        0.002109
FIRE2:  615 02:43:00    -5331.997070        0.002105
FIRE2:  616 02:43:02    -5331.997070        0.002106
FIRE2:  617 02:43:04    -5331.997070        0.002104
FIRE2:  618 02:43:07    -5331.997070        0.002098
FIRE2:  619 02:43:09    -5331.997070        0.002102
FIRE2:  620 02:43:11    -5331.997070        0.002102
FIRE2:  621 02:43:14    -5331.997070        0.002098
FIRE2:  622 02:43:16    -5331.997070        0.002104
FIRE2:  623 02:43:18    -5331.997070        0.002099
FIRE2:  624 02:43:20    -5331.997070        0.002094
FIRE2:  625 02:43:23    -5331.997070        0.002090
FIRE2:  626 02:43:25    -5331.997070        0.002093
FIRE2:  627 02:43:27    -5331.997070        0.002094
FIRE2:  628 02:43:30    -5331.997070        0.002085
FIRE2:  629 02:43:32    -5331.997070        0.002078
FIRE2:  630 02:43:34    -5331.997070        0.002081
FIRE2:  631 02:43:36    -5331.997070        0.002078
FIRE2:  632 02:43:39    -5331.997070        0.002076
FIRE2:  633 02:43:41    -5331.997070        0.002070
FIRE2:  634 02:43:43    -5331.997070        0.002070
FIRE2:  635 02:43:46    -5331.997070        0.002059
FIRE2:  636 02:43:48    -5331.997070        0.002045
FIRE2:  637 02:43:50    -5331.997070        0.002038
FIRE2:  638 02:43:52    -5331.997070        0.002034
FIRE2:  639 02:43:55    -5331.997070        0.002026
FIRE2:  640 02:43:57    -5331.997070        0.002013
FIRE2:  641 02:43:59    -5331.997070        0.001999
FIRE2:  642 02:44:02    -5331.997070        0.001989
FIRE2:  643 02:44:04    -5331.997070        0.001960
FIRE2:  644 02:44:06    -5331.997070        0.001964
FIRE2:  645 02:44:08    -5331.997070        0.001914
FIRE2:  646 02:44:13    -5331.997070        0.001929
FIRE2:  647 02:44:15    -5331.997070        0.001937
FIRE2:  648 02:44:17    -5331.997070        0.001940
FIRE2:  649 02:44:20    -5331.997070        0.001938
FIRE2:  650 02:44:22    -5331.997070        0.001928
FIRE2:  651 02:44:24    -5331.997070        0.001925
FIRE2:  652 02:44:27    -5331.997070        0.001925
FIRE2:  653 02:44:30    -5331.997070        0.001922
FIRE2:  654 02:44:32    -5331.997070        0.001914
FIRE2:  655 02:44:34    -5331.997070        0.001911
FIRE2:  656 02:44:37    -5331.997070        0.001907
FIRE2:  657 02:44:39    -5331.997070        0.001902
FIRE2:  658 02:44:41    -5331.997070        0.001893
FIRE2:  659 02:44:43    -5331.997070        0.001893
FIRE2:  660 02:44:46    -5331.997070        0.001884
FIRE2:  661 02:44:48    -5331.997070        0.001876
FIRE2:  662 02:44:50    -5331.997070        0.001867
FIRE2:  663 02:44:53    -5331.997070        0.001862
FIRE2:  664 02:44:55    -5331.997070        0.001858
FIRE2:  665 02:44:57    -5331.997070        0.001844
FIRE2:  666 02:44:59    -5331.997070        0.001832
FIRE2:  667 02:45:02    -5331.997070        0.001824
FIRE2:  668 02:45:04    -5331.997070        0.001819
FIRE2:  669 02:45:06    -5331.997070        0.001804
FIRE2:  670 02:45:09    -5331.997070        0.001789
FIRE2:  671 02:45:11    -5331.997070        0.001754
FIRE2:  672 02:45:13    -5331.997070        0.001764
FIRE2:  673 02:45:18    -5331.997070        0.001756
FIRE2:  674 02:45:20    -5331.997070        0.001749
FIRE2:  675 02:45:22    -5331.997070        0.001748
FIRE2:  676 02:45:24    -5331.997070        0.001752
FIRE2:  677 02:45:27    -5331.997070        0.001746
FIRE2:  678 02:45:29    -5331.997070        0.001749
FIRE2:  679 02:45:31    -5331.997070        0.001744
FIRE2:  680 02:45:34    -5331.997070        0.001736
FIRE2:  681 02:45:36    -5331.997070        0.001728
FIRE2:  682 02:45:38    -5331.997070        0.001735
FIRE2:  683 02:45:40    -5331.997070        0.001730
FIRE2:  684 02:45:43    -5331.997070        0.001727
FIRE2:  685 02:45:45    -5331.997070        0.001721
FIRE2:  686 02:45:47    -5331.997070        0.001719
FIRE2:  687 02:45:50    -5331.997070        0.001710
FIRE2:  688 02:45:52    -5331.997070        0.001711
FIRE2:  689 02:45:54    -5331.997070        0.001702
FIRE2:  690 02:45:56    -5331.997070        0.001700
FIRE2:  691 02:45:59    -5331.997070        0.001695
FIRE2:  692 02:46:01    -5331.997070        0.001687
FIRE2:  693 02:46:03    -5331.997070        0.001681
FIRE2:  694 02:46:06    -5331.997070        0.001678
FIRE2:  695 02:46:08    -5331.997070        0.001662
FIRE2:  696 02:46:10    -5331.997070        0.001656
FIRE2:  697 02:46:12    -5331.997070        0.001646
FIRE2:  698 02:46:15    -5331.997070        0.001634
FIRE2:  699 02:46:17    -5331.997070        0.001605
FIRE2:  700 02:46:19    -5331.997070        0.001614
FIRE2:  701 02:46:22    -5331.997070        0.001583
FIRE2:  702 02:46:24    -5331.997070        0.001580
FIRE2:  703 02:46:28    -5331.997070        0.001577
FIRE2:  704 02:46:31    -5331.997070        0.001574
FIRE2:  705 02:46:35    -5331.997070        0.001570
FIRE2:  706 02:46:37    -5331.997070        0.001572
FIRE2:  707 02:46:40    -5331.997070        0.001574
FIRE2:  708 02:46:42    -5331.997070        0.001572
FIRE2:  709 02:46:44    -5331.997070        0.001571
FIRE2:  710 02:46:47    -5331.997070        0.001573
FIRE2:  711 02:46:49    -5331.997070        0.001572
FIRE2:  712 02:46:51    -5331.997070        0.001573
FIRE2:  713 02:46:53    -5331.997070        0.001573
FIRE2:  714 02:46:56    -5331.997070        0.001573
FIRE2:  715 02:46:58    -5331.997070        0.001569
FIRE2:  716 02:47:00    -5331.997070        0.001565
FIRE2:  717 02:47:03    -5331.997070        0.001562
FIRE2:  718 02:47:05    -5331.997070        0.001566
FIRE2:  719 02:47:07    -5331.997070        0.001564
FIRE2:  720 02:47:10    -5331.997070        0.001565
FIRE2:  721 02:47:12    -5331.997070        0.001561
FIRE2:  722 02:47:14    -5331.997070        0.001559
FIRE2:  723 02:47:17    -5331.997070        0.001560
FIRE2:  724 02:47:19    -5331.997070        0.001555
FIRE2:  725 02:47:21    -5331.997070        0.001549
FIRE2:  726 02:47:23    -5331.997070        0.001551
FIRE2:  727 02:47:26    -5331.997070        0.001545
FIRE2:  728 02:47:28    -5331.997070        0.001542
FIRE2:  729 02:47:30    -5331.997070        0.001538
FIRE2:  730 02:47:33    -5331.997070        0.001532
FIRE2:  731 02:47:35    -5331.997070        0.001525
FIRE2:  732 02:47:37    -5331.997070        0.001522
FIRE2:  733 02:47:39    -5331.997070        0.001513
FIRE2:  734 02:47:42    -5331.997070        0.001509
FIRE2:  735 02:47:44    -5331.997070        0.001492
FIRE2:  736 02:47:46    -5331.997070        0.001487
FIRE2:  737 02:47:49    -5331.997070        0.001475
FIRE2:  738 02:47:51    -5331.997070        0.001469
FIRE2:  739 02:47:53    -5331.997070        0.001431
FIRE2:  740 02:47:55    -5331.997070        0.001447
FIRE2:  741 02:48:00    -5331.997070        0.001444
FIRE2:  742 02:48:02    -5331.997070        0.001434
FIRE2:  743 02:48:06    -5331.997070        0.001430
FIRE2:  744 02:48:09    -5331.997070        0.001437
FIRE2:  745 02:48:11    -5331.997070        0.001435
FIRE2:  746 02:48:13    -5331.997070        0.001438
FIRE2:  747 02:48:16    -5331.997070        0.001434
FIRE2:  748 02:48:18    -5331.997070        0.001433
FIRE2:  749 02:48:20    -5331.997070        0.001435
FIRE2:  750 02:48:22    -5331.997070        0.001429
FIRE2:  751 02:48:25    -5331.997070        0.001432
FIRE2:  752 02:48:27    -5331.997070        0.001426
FIRE2:  753 02:48:29    -5331.997070        0.001427
FIRE2:  754 02:48:32    -5331.997070        0.001426
FIRE2:  755 02:48:34    -5331.997070        0.001427
FIRE2:  756 02:48:36    -5331.997070        0.001426
FIRE2:  757 02:48:39    -5331.997070        0.001421
FIRE2:  758 02:48:41    -5331.997070        0.001421
FIRE2:  759 02:48:43    -5331.997070        0.001415
FIRE2:  760 02:48:45    -5331.997070        0.001415
FIRE2:  761 02:48:48    -5331.997070        0.001417
FIRE2:  762 02:48:50    -5331.997070        0.001416
FIRE2:  763 02:48:52    -5331.997070        0.001410
FIRE2:  764 02:48:55    -5331.997070        0.001408
FIRE2:  765 02:48:57    -5331.997070        0.001406
FIRE2:  766 02:48:59    -5331.997070        0.001407
FIRE2:  767 02:49:01    -5331.997070        0.001395
FIRE2:  768 02:49:04    -5331.997070        0.001391
FIRE2:  769 02:49:06    -5331.997070        0.001388
FIRE2:  770 02:49:08    -5331.997070        0.001379
FIRE2:  771 02:49:11    -5331.997070        0.001377
FIRE2:  772 02:49:13    -5331.997070        0.001361
FIRE2:  773 02:49:15    -5331.997070        0.001356
FIRE2:  774 02:49:18    -5331.997070        0.001351
FIRE2:  775 02:49:20    -5331.997070        0.001339
FIRE2:  776 02:49:22    -5331.997070        0.001320
FIRE2:  777 02:49:24    -5331.997070        0.001319
FIRE2:  778 02:49:29    -5331.997070        0.001316
FIRE2:  779 02:49:31    -5331.997070        0.001307
FIRE2:  780 02:49:35    -5331.997070        0.001311
FIRE2:  781 02:49:38    -5331.997070        0.001310
FIRE2:  782 02:49:40    -5331.997070        0.001309
FIRE2:  783 02:49:42    -5331.997070        0.001311
FIRE2:  784 02:49:45    -5331.997070        0.001310
FIRE2:  785 02:49:47    -5331.997070        0.001306
FIRE2:  786 02:49:49    -5331.997070        0.001311
FIRE2:  787 02:49:51    -5331.997070        0.001309
FIRE2:  788 02:49:54    -5331.997070        0.001305
FIRE2:  789 02:49:56    -5331.997070        0.001306
FIRE2:  790 02:49:58    -5331.997070        0.001307
FIRE2:  791 02:50:01    -5331.997070        0.001306
FIRE2:  792 02:50:03    -5331.997070        0.001302
FIRE2:  793 02:50:05    -5331.997070        0.001302
FIRE2:  794 02:50:07    -5331.997070        0.001299
FIRE2:  795 02:50:10    -5331.997070        0.001297
FIRE2:  796 02:50:12    -5331.997070        0.001296
FIRE2:  797 02:50:14    -5331.997070        0.001297
FIRE2:  798 02:50:17    -5331.997070        0.001298
FIRE2:  799 02:50:19    -5331.997070        0.001293
FIRE2:  800 02:50:21    -5331.997070        0.001295
FIRE2:  801 02:50:24    -5331.997070        0.001292
FIRE2:  802 02:50:26    -5331.997070        0.001292
FIRE2:  803 02:50:28    -5331.997070        0.001285
FIRE2:  804 02:50:30    -5331.997070        0.001284
FIRE2:  805 02:50:33    -5331.997070        0.001278
FIRE2:  806 02:50:35    -5331.997070        0.001269
FIRE2:  807 02:50:37    -5331.997070        0.001264
FIRE2:  808 02:50:40    -5331.997070        0.001258
FIRE2:  809 02:50:42    -5331.997070        0.001255
FIRE2:  810 02:50:44    -5331.997070        0.001246
FIRE2:  811 02:50:46    -5331.997070        0.001243
FIRE2:  812 02:50:49    -5331.997070        0.001222
FIRE2:  813 02:50:51    -5331.997070        0.001212
FIRE2:  814 02:50:53    -5331.997070        0.001202
FIRE2:  815 02:50:56    -5331.997070        0.001202
FIRE2:  816 02:51:00    -5331.997070        0.001197
FIRE2:  817 02:51:02    -5331.997070        0.001193
FIRE2:  818 02:51:07    -5331.997070        0.001192
FIRE2:  819 02:51:09    -5331.997070        0.001193
FIRE2:  820 02:51:11    -5331.997070        0.001195
FIRE2:  821 02:51:14    -5331.997070        0.001197
FIRE2:  822 02:51:16    -5331.997070        0.001197
FIRE2:  823 02:51:18    -5331.997070        0.001193
FIRE2:  824 02:51:20    -5331.997070        0.001201
FIRE2:  825 02:51:23    -5331.997070        0.001193
FIRE2:  826 02:51:25    -5331.997070        0.001197
FIRE2:  827 02:51:27    -5331.997070        0.001196
FIRE2:  828 02:51:30    -5331.997070        0.001191
FIRE2:  829 02:51:32    -5331.997070        0.001190
FIRE2:  830 02:51:34    -5331.997070        0.001187
FIRE2:  831 02:51:36    -5331.997070        0.001185
FIRE2:  832 02:51:39    -5331.997070        0.001187
FIRE2:  833 02:51:41    -5331.997070        0.001178
FIRE2:  834 02:51:43    -5331.997070        0.001186
FIRE2:  835 02:51:46    -5331.997070        0.001180
FIRE2:  836 02:51:48    -5331.997070        0.001179
FIRE2:  837 02:51:50    -5331.997070        0.001175
FIRE2:  838 02:51:52    -5331.997070        0.001177
FIRE2:  839 02:51:55    -5331.997070        0.001171
FIRE2:  840 02:51:57    -5331.997070        0.001172
FIRE2:  841 02:51:59    -5331.997070        0.001169
FIRE2:  842 02:52:02    -5331.997070        0.001167
FIRE2:  843 02:52:04    -5331.997070        0.001164
FIRE2:  844 02:52:06    -5331.997070        0.001155
FIRE2:  845 02:52:09    -5331.997070        0.001151
FIRE2:  846 02:52:11    -5331.997070        0.001141
FIRE2:  847 02:52:13    -5331.997070        0.001141
FIRE2:  848 02:52:15    -5331.997070        0.001130
FIRE2:  849 02:52:18    -5331.997070        0.001125
FIRE2:  850 02:52:20    -5331.997070        0.001121
FIRE2:  851 02:52:22    -5331.997070        0.001096
FIRE2:  852 02:52:25    -5331.997070        0.001099
FIRE2:  853 02:52:27    -5331.997070        0.001077
FIRE2:  854 02:52:31    -5331.997070        0.001082
FIRE2:  855 02:52:34    -5331.997070        0.001090
FIRE2:  856 02:52:38    -5331.997070        0.001089
FIRE2:  857 02:52:40    -5331.997070        0.001088
FIRE2:  858 02:52:43    -5331.997070        0.001088
FIRE2:  859 02:52:45    -5331.997070        0.001085
FIRE2:  860 02:52:47    -5331.997070        0.001088
FIRE2:  861 02:52:50    -5331.997070        0.001088
FIRE2:  862 02:52:52    -5331.997070        0.001083
FIRE2:  863 02:52:54    -5331.997070        0.001079
FIRE2:  864 02:52:57    -5331.997070        0.001076
FIRE2:  865 02:52:59    -5331.997070        0.001074
FIRE2:  866 02:53:01    -5331.997070        0.001075
FIRE2:  867 02:53:03    -5331.997070        0.001075
FIRE2:  868 02:53:06    -5331.997070        0.001075
FIRE2:  869 02:53:08    -5331.997070        0.001075
FIRE2:  870 02:53:10    -5331.997070        0.001075
FIRE2:  871 02:53:13    -5331.997070        0.001074
FIRE2:  872 02:53:15    -5331.997070        0.001069
FIRE2:  873 02:53:17    -5331.997070        0.001068
FIRE2:  874 02:53:19    -5331.997070        0.001071
FIRE2:  875 02:53:22    -5331.997070        0.001068
FIRE2:  876 02:53:24    -5331.997070        0.001069
FIRE2:  877 02:53:26    -5331.997070        0.001063
FIRE2:  878 02:53:29    -5331.997070        0.001062
FIRE2:  879 02:53:31    -5331.997070        0.001056
FIRE2:  880 02:53:33    -5331.997070        0.001053
FIRE2:  881 02:53:35    -5331.997070        0.001050
FIRE2:  882 02:53:38    -5331.997070        0.001046
FIRE2:  883 02:53:40    -5331.997070        0.001040
FIRE2:  884 02:53:42    -5331.997070        0.001039
FIRE2:  885 02:53:45    -5331.997070        0.001029
FIRE2:  886 02:53:47    -5331.997070        0.001025
FIRE2:  887 02:53:49    -5331.997559        0.001002
FIRE2:  888 02:53:51    -5331.997070        0.001012
FIRE2:  889 02:53:54    -5331.997070        0.000988
