       Step     Time          Energy          fmax
FIRE2:    0 01:25:42    -5331.517578        0.731324
       Step     Time          Energy          fmax
FIRE2:    0 01:36:19    -5331.517578        0.731324
FIRE2:    1 01:36:21    -5331.761719        0.625193
FIRE2:    2 01:36:24    -5332.117188        0.419951
FIRE2:    3 01:36:26    -5332.380859        0.280194
FIRE2:    4 01:36:28    -5332.417969        0.273835
FIRE2:    5 01:36:33    -5332.435547        0.275479
FIRE2:    6 01:36:35    -5332.439453        0.275532
FIRE2:    7 01:36:37    -5332.446289        0.275592
FIRE2:    8 01:36:39    -5332.454102        0.275661
FIRE2:    9 01:36:42    -5332.462891        0.275718
FIRE2:   10 01:36:44    -5332.471680        0.275758
FIRE2:   11 01:36:46    -5332.481445        0.275756
FIRE2:   12 01:36:49    -5332.491211        0.275698
FIRE2:   13 01:36:51    -5332.501953        0.275567
FIRE2:   14 01:36:53    -5332.513672        0.275367
FIRE2:   15 01:36:56    -5332.526367        0.275092
FIRE2:   16 01:36:58    -5332.539062        0.274764
FIRE2:   17 01:37:00    -5332.553711        0.274389
FIRE2:   18 01:37:02    -5332.568359        0.273976
FIRE2:   19 01:37:05    -5332.583984        0.273542
FIRE2:   20 01:37:07    -5332.599609        0.273101
FIRE2:   21 01:37:09    -5332.616211        0.272649
FIRE2:   22 01:37:12    -5332.633789        0.272174
FIRE2:   23 01:37:14    -5332.651855        0.271673
FIRE2:   24 01:37:16    -5332.670898        0.271130
FIRE2:   25 01:37:18    -5332.690430        0.270532
FIRE2:   26 01:37:21    -5332.711914        0.269793
FIRE2:   27 01:37:23    -5332.737305        0.268878
FIRE2:   28 01:37:25    -5332.766602        0.267764
FIRE2:   29 01:37:28    -5332.799805        0.266428
FIRE2:   30 01:37:30    -5332.837891        0.264848
FIRE2:   31 01:37:32    -5332.881836        0.263010
FIRE2:   32 01:37:35    -5332.931641        0.260871
FIRE2:   33 01:37:37    -5332.989258        0.258363
FIRE2:   34 01:37:39    -5333.055664        0.255396
FIRE2:   35 01:37:41    -5333.130859        0.251893
FIRE2:   36 01:37:44    -5333.217773        0.247794
FIRE2:   37 01:37:46    -5333.313477        0.243112
FIRE2:   38 01:37:48    -5333.408203        0.238430
FIRE2:   39 01:37:51    -5333.499023        0.233742
FIRE2:   40 01:37:53    -5333.587891        0.229087
FIRE2:   41 01:37:55    -5333.675781        0.224472
FIRE2:   42 01:37:57    -5333.759766        0.219877
FIRE2:   43 01:38:00    -5333.842773        0.215307
FIRE2:   44 01:38:02    -5333.923828        0.210784
FIRE2:   45 01:38:04    -5334.001953        0.206282
FIRE2:   46 01:38:07    -5334.078125        0.201798
FIRE2:   47 01:38:09    -5334.152344        0.197331
FIRE2:   48 01:38:11    -5334.224609        0.192884
FIRE2:   49 01:38:13    -5334.294922        0.188457
FIRE2:   50 01:38:16    -5334.363281        0.184035
FIRE2:   51 01:38:18    -5334.429688        0.179651
FIRE2:   52 01:38:20    -5334.494141        0.175277
FIRE2:   53 01:38:23    -5334.556641        0.170909
FIRE2:   54 01:38:25    -5334.617188        0.166549
FIRE2:   55 01:38:27    -5334.674805        0.162190
FIRE2:   56 01:38:30    -5334.731445        0.157812
FIRE2:   57 01:38:32    -5334.785156        0.153430
FIRE2:   58 01:38:34    -5334.836914        0.149033
FIRE2:   59 01:38:37    -5334.886719        0.144617
FIRE2:   60 01:38:39    -5334.935547        0.140194
FIRE2:   61 01:38:41    -5334.981445        0.135751
FIRE2:   62 01:38:43    -5335.025391        0.131294
FIRE2:   63 01:38:46    -5335.067383        0.126829
FIRE2:   64 01:38:48    -5335.107422        0.122346
FIRE2:   65 01:38:50    -5335.146484        0.117852
FIRE2:   66 01:38:53    -5335.181641        0.113344
FIRE2:   67 01:38:55    -5335.216309        0.108830
FIRE2:   68 01:38:57    -5335.248535        0.104310
FIRE2:   69 01:39:00    -5335.279297        0.099801
FIRE2:   70 01:39:02    -5335.308105        0.095281
FIRE2:   71 01:39:04    -5335.334961        0.090799
FIRE2:   72 01:39:06    -5335.360352        0.086308
FIRE2:   73 01:39:09    -5335.383789        0.081930
FIRE2:   74 01:39:11    -5335.406250        0.077417
FIRE2:   75 01:39:13    -5335.426758        0.073414
FIRE2:   76 01:39:16    -5335.445312        0.068604
FIRE2:   77 01:39:18    -5335.463867        0.064903
FIRE2:   78 01:39:20    -5335.481445        0.060462
FIRE2:   79 01:39:23    -5335.497070        0.056858
FIRE2:   80 01:39:25    -5335.511719        0.052405
FIRE2:   81 01:39:27    -5335.525391        0.049121
FIRE2:   82 01:39:29    -5335.539062        0.045147
FIRE2:   83 01:39:32    -5335.551270        0.042236
FIRE2:   84 01:39:34    -5335.563477        0.038404
FIRE2:   85 01:39:36    -5335.576172        0.035766
FIRE2:   86 01:39:39    -5335.586914        0.032517
FIRE2:   87 01:39:41    -5335.598633        0.031776
FIRE2:   88 01:39:43    -5335.610352        0.033140
FIRE2:   89 01:39:45    -5335.622070        0.033494
FIRE2:   90 01:39:48    -5335.632812        0.034210
FIRE2:   91 01:39:50    -5335.644531        0.033849
FIRE2:   92 01:39:52    -5335.656250        0.034007
FIRE2:   93 01:39:55    -5335.666992        0.033192
FIRE2:   94 01:39:57    -5335.678711        0.032833
FIRE2:   95 01:39:59    -5335.689453        0.031448
FIRE2:   96 01:40:02    -5335.701172        0.030701
FIRE2:   97 01:40:04    -5335.711914        0.028901
FIRE2:   98 01:40:06    -5335.721680        0.027883
FIRE2:   99 01:40:09    -5335.732422        0.030809
FIRE2:  100 01:40:11    -5335.742188        0.025631
FIRE2:  101 01:40:13    -5335.750977        0.033615
FIRE2:  102 01:40:15    -5335.758789        0.035514
FIRE2:  103 01:40:18    -5335.767578        0.041556
FIRE2:  104 01:40:22    -5335.645508        0.264970
FIRE2:  105 01:40:27    -5335.756836        0.021514
FIRE2:  106 01:40:31    -5335.754883        0.032835
FIRE2:  107 01:40:33    -5335.756836        0.021356
FIRE2:  108 01:40:36    -5335.756836        0.021499
FIRE2:  109 01:40:40    -5335.756836        0.021463
FIRE2:  110 01:40:42    -5335.756836        0.021454
FIRE2:  111 01:40:45    -5335.756836        0.021438
FIRE2:  112 01:40:47    -5335.756836        0.021424
FIRE2:  113 01:40:49    -5335.756836        0.021400
FIRE2:  114 01:40:52    -5335.756836        0.021380
FIRE2:  115 01:40:54    -5335.756836        0.021354
FIRE2:  116 01:40:56    -5335.756836        0.021330
FIRE2:  117 01:40:59    -5335.756836        0.021304
FIRE2:  118 01:41:01    -5335.756836        0.021278
FIRE2:  119 01:41:03    -5335.756836        0.021256
FIRE2:  120 01:41:05    -5335.756836        0.021223
FIRE2:  121 01:41:08    -5335.756836        0.021191
FIRE2:  122 01:41:10    -5335.757812        0.021156
FIRE2:  123 01:41:12    -5335.757812        0.021115
FIRE2:  124 01:41:15    -5335.757812        0.021071
FIRE2:  125 01:41:17    -5335.757812        0.021024
FIRE2:  126 01:41:19    -5335.757812        0.020975
FIRE2:  127 01:41:22    -5335.757812        0.020922
FIRE2:  128 01:41:24    -5335.758789        0.020870
FIRE2:  129 01:41:26    -5335.757812        0.020813
FIRE2:  130 01:41:28    -5335.758789        0.020746
FIRE2:  131 01:41:31    -5335.758789        0.020675
FIRE2:  132 01:41:33    -5335.759766        0.020589
FIRE2:  133 01:41:35    -5335.759766        0.020489
FIRE2:  134 01:41:38    -5335.759766        0.020375
FIRE2:  135 01:41:40    -5335.759766        0.020240
FIRE2:  136 01:41:42    -5335.760742        0.020080
FIRE2:  137 01:41:45    -5335.761719        0.019897
FIRE2:  138 01:41:47    -5335.761719        0.019688
FIRE2:  139 01:41:49    -5335.762695        0.019439
FIRE2:  140 01:41:51    -5335.763672        0.019149
FIRE2:  141 01:41:54    -5335.764648        0.018813
FIRE2:  142 01:41:56    -5335.765625        0.018427
FIRE2:  143 01:41:58    -5335.767578        0.017972
FIRE2:  144 01:42:01    -5335.769531        0.018110
FIRE2:  145 01:42:03    -5335.770508        0.018265
FIRE2:  146 01:42:05    -5335.773438        0.018486
FIRE2:  147 01:42:08    -5335.775391        0.018438
FIRE2:  148 01:42:10    -5335.776367        0.034210
FIRE2:  149 01:42:14    -5335.777344        0.018829
FIRE2:  150 01:42:17    -5335.778320        0.018632
FIRE2:  151 01:42:21    -5335.777344        0.018691
FIRE2:  152 01:42:23    -5335.778320        0.018709
FIRE2:  153 01:42:26    -5335.778320        0.018725
FIRE2:  154 01:42:28    -5335.778320        0.018741
FIRE2:  155 01:42:30    -5335.778320        0.018754
FIRE2:  156 01:42:33    -5335.778320        0.018756
FIRE2:  157 01:42:35    -5335.778320        0.018747
FIRE2:  158 01:42:37    -5335.778320        0.018739
FIRE2:  159 01:42:39    -5335.778320        0.018730
FIRE2:  160 01:42:42    -5335.778320        0.018726
FIRE2:  161 01:42:44    -5335.779297        0.018726
FIRE2:  162 01:42:46    -5335.779297        0.018733
FIRE2:  163 01:42:49    -5335.779297        0.018735
FIRE2:  164 01:42:51    -5335.779297        0.018738
FIRE2:  165 01:42:53    -5335.779297        0.018734
FIRE2:  166 01:42:56    -5335.779297        0.018727
FIRE2:  167 01:42:58    -5335.780273        0.018725
FIRE2:  168 01:43:00    -5335.780273        0.018725
FIRE2:  169 01:43:03    -5335.780273        0.018725
FIRE2:  170 01:43:05    -5335.780273        0.018725
FIRE2:  171 01:43:07    -5335.781250        0.018718
FIRE2:  172 01:43:09    -5335.781250        0.018714
FIRE2:  173 01:43:12    -5335.781250        0.018706
FIRE2:  174 01:43:14    -5335.782227        0.018704
FIRE2:  175 01:43:16    -5335.782227        0.018696
FIRE2:  176 01:43:19    -5335.783203        0.018679
FIRE2:  177 01:43:21    -5335.783203        0.018664
FIRE2:  178 01:43:23    -5335.784668        0.018648
FIRE2:  179 01:43:26    -5335.785156        0.018622
FIRE2:  180 01:43:28    -5335.786133        0.018589
FIRE2:  181 01:43:30    -5335.787109        0.018550
FIRE2:  182 01:43:33    -5335.789062        0.018483
FIRE2:  183 01:43:35    -5335.791016        0.018433
FIRE2:  184 01:43:37    -5335.791992        0.018209
FIRE2:  185 01:43:39    -5335.792969        0.026211
FIRE2:  186 01:43:44    -5335.793945        0.018305
FIRE2:  187 01:43:46    -5335.793945        0.018155
FIRE2:  188 01:43:51    -5335.793945        0.018195
FIRE2:  189 01:43:53    -5335.793945        0.018200
FIRE2:  190 01:43:55    -5335.793945        0.018208
FIRE2:  191 01:43:58    -5335.793945        0.018211
FIRE2:  192 01:44:00    -5335.793945        0.018216
FIRE2:  193 01:44:02    -5335.793945        0.018211
FIRE2:  194 01:44:05    -5335.793945        0.018203
FIRE2:  195 01:44:07    -5335.794922        0.018193
FIRE2:  196 01:44:09    -5335.793945        0.018183
FIRE2:  197 01:44:11    -5335.794922        0.018168
FIRE2:  198 01:44:14    -5335.794922        0.018159
FIRE2:  199 01:44:16    -5335.794922        0.018151
FIRE2:  200 01:44:18    -5335.794922        0.018143
FIRE2:  201 01:44:21    -5335.794922        0.018134
FIRE2:  202 01:44:23    -5335.794922        0.018120
FIRE2:  203 01:44:25    -5335.794922        0.018107
FIRE2:  204 01:44:28    -5335.794922        0.018089
FIRE2:  205 01:44:30    -5335.794922        0.018074
FIRE2:  206 01:44:32    -5335.795898        0.018061
FIRE2:  207 01:44:34    -5335.795898        0.018043
FIRE2:  208 01:44:37    -5335.795898        0.018026
FIRE2:  209 01:44:39    -5335.795898        0.018002
FIRE2:  210 01:44:41    -5335.796875        0.017977
FIRE2:  211 01:44:44    -5335.796875        0.017952
FIRE2:  212 01:44:46    -5335.796875        0.017915
FIRE2:  213 01:44:48    -5335.797852        0.017874
FIRE2:  214 01:44:51    -5335.797852        0.017831
FIRE2:  215 01:44:53    -5335.798828        0.017773
FIRE2:  216 01:44:55    -5335.798828        0.017709
FIRE2:  217 01:44:58    -5335.799805        0.017628
FIRE2:  218 01:45:00    -5335.800781        0.017530
FIRE2:  219 01:45:02    -5335.801758        0.017420
FIRE2:  220 01:45:04    -5335.802734        0.017275
FIRE2:  221 01:45:07    -5335.803711        0.017168
FIRE2:  222 01:45:09    -5335.804688        0.016754
FIRE2:  223 01:45:11    -5335.805664        0.025510
FIRE2:  224 01:45:16    -5335.806641        0.016854
FIRE2:  225 01:45:18    -5335.806641        0.016713
FIRE2:  226 01:45:22    -5335.806641        0.016752
FIRE2:  227 01:45:25    -5335.806641        0.016760
FIRE2:  228 01:45:27    -5335.806641        0.016767
FIRE2:  229 01:45:29    -5335.806641        0.016775
FIRE2:  230 01:45:32    -5335.806641        0.016773
FIRE2:  231 01:45:34    -5335.806641        0.016769
FIRE2:  232 01:45:36    -5335.806641        0.016758
FIRE2:  233 01:45:39    -5335.806641        0.016740
FIRE2:  234 01:45:41    -5335.806641        0.016726
FIRE2:  235 01:45:43    -5335.806641        0.016713
FIRE2:  236 01:45:46    -5335.807617        0.016699
FIRE2:  237 01:45:48    -5335.807617        0.016690
FIRE2:  238 01:45:50    -5335.807617        0.016678
FIRE2:  239 01:45:52    -5335.807617        0.016665
FIRE2:  240 01:45:55    -5335.807617        0.016647
FIRE2:  241 01:45:57    -5335.807617        0.016621
FIRE2:  242 01:45:59    -5335.807617        0.016602
FIRE2:  243 01:46:02    -5335.807617        0.016580
FIRE2:  244 01:46:04    -5335.807617        0.016563
FIRE2:  245 01:46:06    -5335.808594        0.016540
FIRE2:  246 01:46:09    -5335.808594        0.016513
FIRE2:  247 01:46:11    -5335.808594        0.016483
FIRE2:  248 01:46:13    -5335.808594        0.016448
FIRE2:  249 01:46:15    -5335.808594        0.016412
FIRE2:  250 01:46:18    -5335.809570        0.016366
FIRE2:  251 01:46:20    -5335.809570        0.016318
FIRE2:  252 01:46:22    -5335.810547        0.016253
FIRE2:  253 01:46:25    -5335.810547        0.016182
FIRE2:  254 01:46:27    -5335.811523        0.016095
FIRE2:  255 01:46:29    -5335.811523        0.015997
FIRE2:  256 01:46:32    -5335.812500        0.015873
FIRE2:  257 01:46:34    -5335.813477        0.015740
FIRE2:  258 01:46:36    -5335.814453        0.015554
FIRE2:  259 01:46:39    -5335.815430        0.015437
FIRE2:  260 01:46:41    -5335.816406        0.017781
FIRE2:  261 01:46:45    -5335.816406        0.015135
FIRE2:  262 01:46:48    -5335.816406        0.015243
FIRE2:  263 01:46:52    -5335.816406        0.015212
FIRE2:  264 01:46:54    -5335.816406        0.015208
FIRE2:  265 01:46:57    -5335.816406        0.015198
FIRE2:  266 01:46:59    -5335.816406        0.015191
FIRE2:  267 01:47:01    -5335.816406        0.015181
FIRE2:  268 01:47:04    -5335.816406        0.015173
FIRE2:  269 01:47:06    -5335.816406        0.015167
FIRE2:  270 01:47:08    -5335.816406        0.015160
FIRE2:  271 01:47:10    -5335.816406        0.015155
FIRE2:  272 01:47:13    -5335.816406        0.015145
FIRE2:  273 01:47:15    -5335.816406        0.015136
FIRE2:  274 01:47:17    -5335.816406        0.015122
FIRE2:  275 01:47:20    -5335.816406        0.015106
FIRE2:  276 01:47:22    -5335.816895        0.015091
FIRE2:  277 01:47:24    -5335.817383        0.015075
FIRE2:  278 01:47:27    -5335.817383        0.015055
FIRE2:  279 01:47:29    -5335.817383        0.015041
FIRE2:  280 01:47:31    -5335.817383        0.015023
FIRE2:  281 01:47:34    -5335.817383        0.015001
FIRE2:  282 01:47:36    -5335.817383        0.014980
FIRE2:  283 01:47:38    -5335.817383        0.014959
FIRE2:  284 01:47:40    -5335.817383        0.014934
FIRE2:  285 01:47:43    -5335.818359        0.014905
FIRE2:  286 01:47:45    -5335.818359        0.014870
FIRE2:  287 01:47:47    -5335.818359        0.014831
FIRE2:  288 01:47:50    -5335.818359        0.014780
FIRE2:  289 01:47:52    -5335.818359        0.014729
FIRE2:  290 01:47:54    -5335.819336        0.014665
FIRE2:  291 01:47:57    -5335.819336        0.014590
FIRE2:  292 01:47:59    -5335.819336        0.014500
FIRE2:  293 01:48:01    -5335.820312        0.014401
FIRE2:  294 01:48:03    -5335.821289        0.014265
FIRE2:  295 01:48:06    -5335.821289        0.014153
FIRE2:  296 01:48:08    -5335.822266        0.013885
FIRE2:  297 01:48:10    -5335.823242        0.014587
FIRE2:  298 01:48:15    -5335.823242        0.013880
FIRE2:  299 01:48:17    -5335.823242        0.013802
FIRE2:  300 01:48:19    -5335.822754        0.013749
FIRE2:  301 01:48:22    -5335.823242        0.013747
FIRE2:  302 01:48:24    -5335.823242        0.013775
FIRE2:  303 01:48:26    -5335.823242        0.013791
FIRE2:  304 01:48:29    -5335.823242        0.013761
FIRE2:  305 01:48:31    -5335.824219        0.013705
FIRE2:  306 01:48:33    -5335.824219        0.013660
FIRE2:  307 01:48:35    -5335.823242        0.013648
FIRE2:  308 01:48:38    -5335.824219        0.013636
FIRE2:  309 01:48:40    -5335.824219        0.013592
FIRE2:  310 01:48:42    -5335.824219        0.013532
FIRE2:  311 01:48:45    -5335.824219        0.013494
FIRE2:  312 01:48:47    -5335.825195        0.013461
FIRE2:  313 01:48:49    -5335.825195        0.013405
FIRE2:  314 01:48:52    -5335.825195        0.013343
FIRE2:  315 01:48:54    -5335.825195        0.013299
FIRE2:  316 01:48:56    -5335.826172        0.013237
FIRE2:  317 01:48:58    -5335.826172        0.013168
FIRE2:  318 01:49:01    -5335.826172        0.013111
FIRE2:  319 01:49:03    -5335.826172        0.013030
FIRE2:  320 01:49:05    -5335.827148        0.012939
FIRE2:  321 01:49:08    -5335.827148        0.012843
FIRE2:  322 01:49:10    -5335.828125        0.012690
FIRE2:  323 01:49:12    -5335.828125        0.012646
FIRE2:  324 01:49:15    -5335.829102        0.012346
FIRE2:  325 01:49:17    -5335.829102        0.012380
FIRE2:  326 01:49:19    -5335.830078        0.012083
FIRE2:  327 01:49:22    -5335.831055        0.012848
FIRE2:  328 01:49:26    -5335.830078        0.012071
FIRE2:  329 01:49:28    -5335.831055        0.011992
FIRE2:  330 01:49:33    -5335.830566        0.012016
FIRE2:  331 01:49:35    -5335.831055        0.012019
FIRE2:  332 01:49:37    -5335.830078        0.012029
FIRE2:  333 01:49:40    -5335.831055        0.012030
FIRE2:  334 01:49:42    -5335.831055        0.012029
FIRE2:  335 01:49:44    -5335.831055        0.012022
FIRE2:  336 01:49:47    -5335.831055        0.012009
FIRE2:  337 01:49:49    -5335.831055        0.011995
FIRE2:  338 01:49:51    -5335.831055        0.011983
FIRE2:  339 01:49:53    -5335.831055        0.011970
FIRE2:  340 01:49:56    -5335.831055        0.011965
FIRE2:  341 01:49:58    -5335.831055        0.011950
FIRE2:  342 01:50:00    -5335.831055        0.011936
FIRE2:  343 01:50:03    -5335.831055        0.011922
FIRE2:  344 01:50:05    -5335.831055        0.011903
FIRE2:  345 01:50:07    -5335.831055        0.011886
FIRE2:  346 01:50:10    -5335.831055        0.011868
FIRE2:  347 01:50:12    -5335.831055        0.011847
FIRE2:  348 01:50:14    -5335.832031        0.011829
FIRE2:  349 01:50:17    -5335.832031        0.011807
FIRE2:  350 01:50:19    -5335.832031        0.011782
FIRE2:  351 01:50:21    -5335.832031        0.011757
FIRE2:  352 01:50:23    -5335.832031        0.011727
FIRE2:  353 01:50:26    -5335.832031        0.011693
FIRE2:  354 01:50:28    -5335.832031        0.011651
FIRE2:  355 01:50:30    -5335.832031        0.011600
FIRE2:  356 01:50:33    -5335.832520        0.011541
FIRE2:  357 01:50:35    -5335.833008        0.011479
FIRE2:  358 01:50:37    -5335.833008        0.011401
FIRE2:  359 01:50:40    -5335.833984        0.011300
FIRE2:  360 01:50:42    -5335.833984        0.011220
FIRE2:  361 01:50:44    -5335.833984        0.011031
FIRE2:  362 01:50:46    -5335.834961        0.011039
FIRE2:  363 01:50:49    -5335.834961        0.010734
FIRE2:  364 01:50:51    -5335.834961        0.010770
FIRE2:  365 01:50:53    -5335.835938        0.010671
FIRE2:  366 01:50:58    -5335.835938        0.010561
FIRE2:  367 01:51:00    -5335.835938        0.010609
FIRE2:  368 01:51:05    -5335.835938        0.010596
FIRE2:  369 01:51:07    -5335.835938        0.010578
FIRE2:  370 01:51:09    -5335.835938        0.010569
FIRE2:  371 01:51:11    -5335.835938        0.010553
FIRE2:  372 01:51:14    -5335.835938        0.010545
FIRE2:  373 01:51:16    -5335.835938        0.010539
FIRE2:  374 01:51:18    -5335.835938        0.010537
FIRE2:  375 01:51:21    -5335.835938        0.010532
FIRE2:  376 01:51:23    -5335.835938        0.010528
FIRE2:  377 01:51:25    -5335.835938        0.010517
FIRE2:  378 01:51:28    -5335.835938        0.010500
FIRE2:  379 01:51:30    -5335.835938        0.010488
FIRE2:  380 01:51:32    -5335.836914        0.010470
FIRE2:  381 01:51:35    -5335.835938        0.010454
FIRE2:  382 01:51:37    -5335.836914        0.010444
FIRE2:  383 01:51:39    -5335.836914        0.010431
FIRE2:  384 01:51:41    -5335.836914        0.010410
FIRE2:  385 01:51:44    -5335.836914        0.010387
FIRE2:  386 01:51:46    -5335.836914        0.010371
FIRE2:  387 01:51:48    -5335.836914        0.010345
FIRE2:  388 01:51:51    -5335.836914        0.010330
FIRE2:  389 01:51:53    -5335.836914        0.010304
FIRE2:  390 01:51:55    -5335.836914        0.010272
FIRE2:  391 01:51:57    -5335.836914        0.010235
FIRE2:  392 01:52:00    -5335.836914        0.010197
FIRE2:  393 01:52:02    -5335.837891        0.010148
FIRE2:  394 01:52:04    -5335.837891        0.010096
FIRE2:  395 01:52:07    -5335.837891        0.010037
FIRE2:  396 01:52:09    -5335.837891        0.009951
FIRE2:  397 01:52:11    -5335.838867        0.009881
FIRE2:  398 01:52:14    -5335.838867        0.009750
FIRE2:  399 01:52:16    -5335.838867        0.009715
FIRE2:  400 01:52:18    -5335.839844        0.009454
FIRE2:  401 01:52:20    -5335.839844        0.009496
FIRE2:  402 01:52:23    -5335.839844        0.009222
FIRE2:  403 01:52:25    -5335.839844        0.012737
FIRE2:  404 01:52:29    -5335.839844        0.009218
FIRE2:  405 01:52:32    -5335.839844        0.009140
FIRE2:  406 01:52:36    -5335.839844        0.009167
FIRE2:  407 01:52:38    -5335.839844        0.009173
FIRE2:  408 01:52:41    -5335.840820        0.009187
FIRE2:  409 01:52:43    -5335.840820        0.009196
FIRE2:  410 01:52:45    -5335.840820        0.009193
FIRE2:  411 01:52:48    -5335.840820        0.009185
FIRE2:  412 01:52:50    -5335.840820        0.009166
FIRE2:  413 01:52:52    -5335.840820        0.009153
FIRE2:  414 01:52:55    -5335.840820        0.009138
FIRE2:  415 01:52:57    -5335.840820        0.009133
FIRE2:  416 01:52:59    -5335.840820        0.009128
FIRE2:  417 01:53:01    -5335.840820        0.009118
FIRE2:  418 01:53:04    -5335.840820        0.009103
FIRE2:  419 01:53:06    -5335.840820        0.009090
FIRE2:  420 01:53:08    -5335.840820        0.009070
FIRE2:  421 01:53:11    -5335.840820        0.009053
FIRE2:  422 01:53:13    -5335.840820        0.009042
FIRE2:  423 01:53:15    -5335.840820        0.009027
FIRE2:  424 01:53:18    -5335.840820        0.009005
FIRE2:  425 01:53:20    -5335.840820        0.008986
FIRE2:  426 01:53:22    -5335.840820        0.008964
FIRE2:  427 01:53:25    -5335.840820        0.008942
FIRE2:  428 01:53:27    -5335.840820        0.008911
FIRE2:  429 01:53:29    -5335.841797        0.008879
FIRE2:  430 01:53:31    -5335.841797        0.008842
FIRE2:  431 01:53:34    -5335.841797        0.008802
FIRE2:  432 01:53:36    -5335.841797        0.008751
FIRE2:  433 01:53:38    -5335.841797        0.008690
FIRE2:  434 01:53:41    -5335.841797        0.008617
FIRE2:  435 01:53:43    -5335.842773        0.008544
FIRE2:  436 01:53:45    -5335.842773        0.008411
FIRE2:  437 01:53:48    -5335.842773        0.008411
FIRE2:  438 01:53:50    -5335.842773        0.008155
FIRE2:  439 01:53:54    -5335.842773        0.008239
FIRE2:  440 01:53:57    -5335.842773        0.008263
FIRE2:  441 01:53:59    -5335.842773        0.008266
FIRE2:  442 01:54:01    -5335.843262        0.008254
FIRE2:  443 01:54:04    -5335.843750        0.008223
FIRE2:  444 01:54:06    -5335.842773        0.008198
FIRE2:  445 01:54:08    -5335.842773        0.008190
FIRE2:  446 01:54:10    -5335.843750        0.008189
FIRE2:  447 01:54:13    -5335.843262        0.008176
FIRE2:  448 01:54:15    -5335.842773        0.008140
FIRE2:  449 01:54:17    -5335.843750        0.008115
FIRE2:  450 01:54:20    -5335.843750        0.008100
FIRE2:  451 01:54:22    -5335.843750        0.008081
FIRE2:  452 01:54:24    -5335.843750        0.008044
FIRE2:  453 01:54:27    -5335.843750        0.008009
FIRE2:  454 01:54:29    -5335.843750        0.007987
FIRE2:  455 01:54:31    -5335.843750        0.007950
FIRE2:  456 01:54:33    -5335.843750        0.007908
FIRE2:  457 01:54:36    -5335.843750        0.007871
FIRE2:  458 01:54:38    -5335.843750        0.007836
FIRE2:  459 01:54:40    -5335.844727        0.007788
FIRE2:  460 01:54:43    -5335.844727        0.007741
FIRE2:  461 01:54:45    -5335.844727        0.007681
FIRE2:  462 01:54:47    -5335.844727        0.007624
FIRE2:  463 01:54:49    -5335.844727        0.007529
FIRE2:  464 01:54:52    -5335.844727        0.007505
FIRE2:  465 01:54:54    -5335.844727        0.007319
FIRE2:  466 01:54:56    -5335.845703        0.007330
FIRE2:  467 01:54:59    -5335.845703        0.007157
FIRE2:  468 01:55:01    -5335.845703        0.008380
FIRE2:  469 01:55:05    -5335.845703        0.007148
FIRE2:  470 01:55:08    -5335.845703        0.007098
FIRE2:  471 01:55:12    -5335.845703        0.007112
FIRE2:  472 01:55:15    -5335.845703        0.007116
FIRE2:  473 01:55:17    -5335.845703        0.007121
FIRE2:  474 01:55:19    -5335.845703        0.007123
FIRE2:  475 01:55:21    -5335.845703        0.007120
FIRE2:  476 01:55:24    -5335.845703        0.007123
FIRE2:  477 01:55:26    -5335.845703        0.007112
FIRE2:  478 01:55:28    -5335.845703        0.007105
FIRE2:  479 01:55:31    -5335.845703        0.007095
FIRE2:  480 01:55:33    -5335.845703        0.007088
FIRE2:  481 01:55:35    -5335.845703        0.007080
FIRE2:  482 01:55:38    -5335.845703        0.007074
FIRE2:  483 01:55:40    -5335.845703        0.007067
FIRE2:  484 01:55:42    -5335.845703        0.007058
FIRE2:  485 01:55:45    -5335.845703        0.007048
FIRE2:  486 01:55:47    -5335.845703        0.007036
FIRE2:  487 01:55:49    -5335.845703        0.007026
FIRE2:  488 01:55:51    -5335.845703        0.007015
FIRE2:  489 01:55:54    -5335.845703        0.007000
FIRE2:  490 01:55:56    -5335.845703        0.006988
FIRE2:  491 01:55:58    -5335.845703        0.006974
FIRE2:  492 01:56:01    -5335.845703        0.006957
FIRE2:  493 01:56:03    -5335.846680        0.006937
FIRE2:  494 01:56:05    -5335.846680        0.006917
FIRE2:  495 01:56:08    -5335.846680        0.006893
FIRE2:  496 01:56:10    -5335.846191        0.006864
FIRE2:  497 01:56:12    -5335.846680        0.006828
FIRE2:  498 01:56:15    -5335.846680        0.006791
FIRE2:  499 01:56:17    -5335.846680        0.006743
FIRE2:  500 01:56:19    -5335.846680        0.006684
FIRE2:  501 01:56:21    -5335.846680        0.006633
FIRE2:  502 01:56:24    -5335.846680        0.006523
FIRE2:  503 01:56:26    -5335.846680        0.006523
FIRE2:  504 01:56:28    -5335.847656        0.006344
FIRE2:  505 01:56:31    -5335.847656        0.006363
FIRE2:  506 01:56:33    -5335.847656        0.006677
FIRE2:  507 01:56:37    -5335.847656        0.006237
FIRE2:  508 01:56:40    -5335.847656        0.006272
FIRE2:  509 01:56:44    -5335.847656        0.006260
FIRE2:  510 01:56:46    -5335.847656        0.006250
FIRE2:  511 01:56:49    -5335.847656        0.006242
FIRE2:  512 01:56:51    -5335.848145        0.006234
FIRE2:  513 01:56:53    -5335.847656        0.006229
FIRE2:  514 01:56:56    -5335.847656        0.006225
FIRE2:  515 01:56:58    -5335.847656        0.006226
FIRE2:  516 01:57:00    -5335.847656        0.006220
FIRE2:  517 01:57:03    -5335.847656        0.006220
FIRE2:  518 01:57:05    -5335.847656        0.006212
FIRE2:  519 01:57:07    -5335.847656        0.006206
FIRE2:  520 01:57:09    -5335.847656        0.006196
FIRE2:  521 01:57:12    -5335.847656        0.006186
FIRE2:  522 01:57:14    -5335.847656        0.006176
FIRE2:  523 01:57:16    -5335.847656        0.006170
FIRE2:  524 01:57:19    -5335.847656        0.006161
FIRE2:  525 01:57:21    -5335.847656        0.006153
FIRE2:  526 01:57:23    -5335.847656        0.006137
FIRE2:  527 01:57:26    -5335.847656        0.006123
FIRE2:  528 01:57:28    -5335.848145        0.006113
FIRE2:  529 01:57:30    -5335.847656        0.006100
FIRE2:  530 01:57:33    -5335.847656        0.006083
FIRE2:  531 01:57:35    -5335.848633        0.006067
FIRE2:  532 01:57:37    -5335.848633        0.006045
FIRE2:  533 01:57:39    -5335.848633        0.006024
FIRE2:  534 01:57:42    -5335.847656        0.005997
FIRE2:  535 01:57:44    -5335.848633        0.005960
FIRE2:  536 01:57:46    -5335.848633        0.005926
FIRE2:  537 01:57:49    -5335.848633        0.005881
FIRE2:  538 01:57:51    -5335.848633        0.005828
FIRE2:  539 01:57:53    -5335.848633        0.005760
FIRE2:  540 01:57:56    -5335.848633        0.005703
FIRE2:  541 01:57:58    -5335.848633        0.005565
FIRE2:  542 01:58:00    -5335.849609        0.007367
FIRE2:  543 01:58:05    -5335.849609        0.005573
FIRE2:  544 01:58:07    -5335.848633        0.005527
FIRE2:  545 01:58:11    -5335.848633        0.005541
FIRE2:  546 01:58:14    -5335.848633        0.005541
FIRE2:  547 01:58:16    -5335.848633        0.005543
FIRE2:  548 01:58:18    -5335.848633        0.005544
FIRE2:  549 01:58:20    -5335.849609        0.005545
FIRE2:  550 01:58:23    -5335.849609        0.005538
FIRE2:  551 01:58:25    -5335.848633        0.005538
FIRE2:  552 01:58:27    -5335.849609        0.005530
FIRE2:  553 01:58:30    -5335.849609        0.005525
FIRE2:  554 01:58:32    -5335.849609        0.005517
FIRE2:  555 01:58:34    -5335.849609        0.005518
FIRE2:  556 01:58:37    -5335.849609        0.005511
FIRE2:  557 01:58:39    -5335.848633        0.005505
FIRE2:  558 01:58:41    -5335.848633        0.005504
FIRE2:  559 01:58:44    -5335.849121        0.005494
FIRE2:  560 01:58:46    -5335.848633        0.005490
FIRE2:  561 01:58:48    -5335.849609        0.005482
FIRE2:  562 01:58:50    -5335.849609        0.005476
FIRE2:  563 01:58:53    -5335.849609        0.005467
FIRE2:  564 01:58:55    -5335.849609        0.005458
FIRE2:  565 01:58:57    -5335.849609        0.005447
FIRE2:  566 01:59:00    -5335.848633        0.005438
FIRE2:  567 01:59:02    -5335.849609        0.005428
FIRE2:  568 01:59:04    -5335.849121        0.005414
FIRE2:  569 01:59:07    -5335.849609        0.005396
FIRE2:  570 01:59:09    -5335.849609        0.005378
FIRE2:  571 01:59:11    -5335.849609        0.005355
FIRE2:  572 01:59:13    -5335.849609        0.005332
FIRE2:  573 01:59:16    -5335.849609        0.005304
FIRE2:  574 01:59:18    -5335.849609        0.005268
FIRE2:  575 01:59:20    -5335.849609        0.005227
FIRE2:  576 01:59:23    -5335.849609        0.005179
FIRE2:  577 01:59:25    -5335.849609        0.005121
FIRE2:  578 01:59:27    -5335.849609        0.005054
FIRE2:  579 01:59:30    -5335.850586        0.004967
FIRE2:  580 01:59:32    -5335.849609        0.004929
FIRE2:  581 01:59:36    -5335.849609        0.004924
FIRE2:  582 01:59:39    -5335.849609        0.004900
FIRE2:  583 01:59:43    -5335.849609        0.004906
FIRE2:  584 01:59:45    -5335.850586        0.004908
FIRE2:  585 01:59:48    -5335.849609        0.004907
FIRE2:  586 01:59:50    -5335.850586        0.004909
FIRE2:  587 01:59:52    -5335.850586        0.004906
FIRE2:  588 01:59:55    -5335.850098        0.004905
FIRE2:  589 01:59:57    -5335.850586        0.004901
FIRE2:  590 01:59:59    -5335.849609        0.004897
FIRE2:  591 02:00:02    -5335.850586        0.004892
FIRE2:  592 02:00:04    -5335.850586        0.004887
FIRE2:  593 02:00:06    -5335.849609        0.004882
FIRE2:  594 02:00:08    -5335.850586        0.004879
FIRE2:  595 02:00:11    -5335.850586        0.004874
FIRE2:  596 02:00:13    -5335.850586        0.004865
FIRE2:  597 02:00:15    -5335.850586        0.004861
FIRE2:  598 02:00:18    -5335.849609        0.004856
FIRE2:  599 02:00:20    -5335.850586        0.004848
FIRE2:  600 02:00:22    -5335.850586        0.004842
FIRE2:  601 02:00:25    -5335.850586        0.004835
FIRE2:  602 02:00:27    -5335.850586        0.004826
FIRE2:  603 02:00:29    -5335.849609        0.004821
FIRE2:  604 02:00:31    -5335.850586        0.004807
FIRE2:  605 02:00:34    -5335.850586        0.004799
FIRE2:  606 02:00:36    -5335.850586        0.004780
FIRE2:  607 02:00:38    -5335.850586        0.004770
FIRE2:  608 02:00:41    -5335.850586        0.004747
FIRE2:  609 02:00:43    -5335.850586        0.004729
FIRE2:  610 02:00:45    -5335.850586        0.004704
FIRE2:  611 02:00:47    -5335.850586        0.004675
FIRE2:  612 02:00:50    -5335.850586        0.004644
FIRE2:  613 02:00:52    -5335.850586        0.004603
FIRE2:  614 02:00:54    -5335.850586        0.004561
FIRE2:  615 02:00:57    -5335.850586        0.004484
FIRE2:  616 02:00:59    -5335.850586        0.004491
FIRE2:  617 02:01:01    -5335.850586        0.004353
FIRE2:  618 02:01:06    -5335.851562        0.004396
FIRE2:  619 02:01:08    -5335.850586        0.004411
FIRE2:  620 02:01:10    -5335.850586        0.004411
FIRE2:  621 02:01:13    -5335.850586        0.004401
FIRE2:  622 02:01:15    -5335.850586        0.004384
FIRE2:  623 02:01:17    -5335.850586        0.004372
FIRE2:  624 02:01:19    -5335.850586        0.004373
FIRE2:  625 02:01:22    -5335.851074        0.004368
FIRE2:  626 02:01:24    -5335.850586        0.004355
FIRE2:  627 02:01:26    -5335.850586        0.004339
FIRE2:  628 02:01:29    -5335.851562        0.004325
FIRE2:  629 02:01:31    -5335.850586        0.004316
FIRE2:  630 02:01:33    -5335.851074        0.004297
FIRE2:  631 02:01:36    -5335.850586        0.004277
FIRE2:  632 02:01:38    -5335.850586        0.004265
FIRE2:  633 02:01:40    -5335.851562        0.004246
FIRE2:  634 02:01:43    -5335.851562        0.004224
FIRE2:  635 02:01:45    -5335.851562        0.004205
FIRE2:  636 02:01:47    -5335.850586        0.004183
FIRE2:  637 02:01:49    -5335.851562        0.004152
FIRE2:  638 02:01:52    -5335.851562        0.004134
FIRE2:  639 02:01:54    -5335.851562        0.004103
FIRE2:  640 02:01:56    -5335.851562        0.004070
FIRE2:  641 02:01:59    -5335.851562        0.004031
FIRE2:  642 02:02:01    -5335.851562        0.003993
FIRE2:  643 02:02:03    -5335.851562        0.003934
FIRE2:  644 02:02:06    -5335.851562        0.003912
FIRE2:  645 02:02:08    -5335.851562        0.003799
FIRE2:  646 02:02:12    -5335.851562        0.003838
FIRE2:  647 02:02:15    -5335.851562        0.003850
FIRE2:  648 02:02:17    -5335.851562        0.003856
FIRE2:  649 02:02:19    -5335.851562        0.003846
FIRE2:  650 02:02:21    -5335.851562        0.003833
FIRE2:  651 02:02:24    -5335.851562        0.003821
FIRE2:  652 02:02:26    -5335.851562        0.003814
FIRE2:  653 02:02:28    -5335.851562        0.003819
FIRE2:  654 02:02:31    -5335.851562        0.003810
FIRE2:  655 02:02:33    -5335.851562        0.003795
FIRE2:  656 02:02:35    -5335.851562        0.003779
FIRE2:  657 02:02:38    -5335.851562        0.003772
FIRE2:  658 02:02:40    -5335.851562        0.003764
FIRE2:  659 02:02:42    -5335.851562        0.003748
FIRE2:  660 02:02:44    -5335.851562        0.003733
FIRE2:  661 02:02:47    -5335.851562        0.003722
FIRE2:  662 02:02:49    -5335.851562        0.003700
FIRE2:  663 02:02:51    -5335.851562        0.003682
FIRE2:  664 02:02:54    -5335.851562        0.003668
FIRE2:  665 02:02:56    -5335.852539        0.003649
FIRE2:  666 02:02:58    -5335.851562        0.003627
FIRE2:  667 02:03:01    -5335.851562        0.003604
FIRE2:  668 02:03:03    -5335.852539        0.003574
FIRE2:  669 02:03:05    -5335.851562        0.003550
FIRE2:  670 02:03:07    -5335.852539        0.003501
FIRE2:  671 02:03:10    -5335.852539        0.003489
FIRE2:  672 02:03:12    -5335.851562        0.003404
FIRE2:  673 02:03:14    -5335.852539        0.003411
FIRE2:  674 02:03:17    -5335.852539        0.003325
FIRE2:  675 02:03:19    -5335.851562        0.004205
FIRE2:  676 02:03:23    -5335.852539        0.003324
FIRE2:  677 02:03:26    -5335.852539        0.003299
FIRE2:  678 02:03:30    -5335.852539        0.003304
FIRE2:  679 02:03:32    -5335.852539        0.003307
FIRE2:  680 02:03:35    -5335.852539        0.003309
FIRE2:  681 02:03:37    -5335.852539        0.003313
FIRE2:  682 02:03:39    -5335.852539        0.003313
FIRE2:  683 02:03:42    -5335.851562        0.003308
FIRE2:  684 02:03:44    -5335.852539        0.003304
FIRE2:  685 02:03:46    -5335.852539        0.003300
FIRE2:  686 02:03:48    -5335.852539        0.003299
FIRE2:  687 02:03:51    -5335.852539        0.003294
FIRE2:  688 02:03:53    -5335.852539        0.003290
FIRE2:  689 02:03:55    -5335.852539        0.003288
FIRE2:  690 02:03:58    -5335.852539        0.003287
FIRE2:  691 02:04:00    -5335.852539        0.003282
FIRE2:  692 02:04:02    -5335.852539        0.003276
FIRE2:  693 02:04:05    -5335.852539        0.003267
FIRE2:  694 02:04:07    -5335.852539        0.003264
FIRE2:  695 02:04:09    -5335.852539        0.003256
FIRE2:  696 02:04:11    -5335.852539        0.003253
FIRE2:  697 02:04:14    -5335.852539        0.003245
FIRE2:  698 02:04:16    -5335.852539        0.003241
FIRE2:  699 02:04:18    -5335.852539        0.003231
FIRE2:  700 02:04:21    -5335.852539        0.003221
FIRE2:  701 02:04:23    -5335.852539        0.003213
FIRE2:  702 02:04:25    -5335.852539        0.003199
FIRE2:  703 02:04:28    -5335.852539        0.003185
FIRE2:  704 02:04:30    -5335.852539        0.003170
FIRE2:  705 02:04:32    -5335.852539        0.003148
FIRE2:  706 02:04:34    -5335.852539        0.003128
FIRE2:  707 02:04:37    -5335.852539        0.003099
FIRE2:  708 02:04:39    -5335.852539        0.003079
FIRE2:  709 02:04:41    -5335.852539        0.003012
FIRE2:  710 02:04:44    -5335.852539        0.003023
FIRE2:  711 02:04:46    -5335.852539        0.002951
FIRE2:  712 02:04:48    -5335.852539        0.002956
FIRE2:  713 02:04:51    -5335.852539        0.003728
FIRE2:  714 02:04:55    -5335.852539        0.002895
FIRE2:  715 02:04:57    -5335.852539        0.002911
FIRE2:  716 02:05:02    -5335.852539        0.002907
FIRE2:  717 02:05:04    -5335.852539        0.002900
FIRE2:  718 02:05:06    -5335.852539        0.002894
FIRE2:  719 02:05:09    -5335.852539        0.002893
FIRE2:  720 02:05:11    -5335.852539        0.002888
FIRE2:  721 02:05:13    -5335.852539        0.002888
FIRE2:  722 02:05:16    -5335.852539        0.002886
FIRE2:  723 02:05:18    -5335.852539        0.002887
FIRE2:  724 02:05:20    -5335.852539        0.002884
FIRE2:  725 02:05:22    -5335.852539        0.002882
FIRE2:  726 02:05:25    -5335.852539        0.002879
FIRE2:  727 02:05:27    -5335.852539        0.002873
FIRE2:  728 02:05:29    -5335.852539        0.002869
FIRE2:  729 02:05:32    -5335.852539        0.002865
FIRE2:  730 02:05:34    -5335.852539        0.002862
FIRE2:  731 02:05:36    -5335.852539        0.002856
FIRE2:  732 02:05:39    -5335.852539        0.002853
FIRE2:  733 02:05:41    -5335.852539        0.002845
FIRE2:  734 02:05:43    -5335.852539        0.002842
FIRE2:  735 02:05:45    -5335.852539        0.002835
FIRE2:  736 02:05:48    -5335.852539        0.002829
FIRE2:  737 02:05:50    -5335.852539        0.002823
FIRE2:  738 02:05:52    -5335.852539        0.002810
FIRE2:  739 02:05:55    -5335.852539        0.002805
FIRE2:  740 02:05:57    -5335.852539        0.002793
FIRE2:  741 02:05:59    -5335.852539        0.002778
FIRE2:  742 02:06:02    -5335.852539        0.002763
FIRE2:  743 02:06:04    -5335.852539        0.002742
FIRE2:  744 02:06:06    -5335.852539        0.002725
FIRE2:  745 02:06:08    -5335.852539        0.002693
FIRE2:  746 02:06:11    -5335.852539        0.002679
FIRE2:  747 02:06:13    -5335.852539        0.002619
FIRE2:  748 02:06:15    -5335.853516        0.002629
FIRE2:  749 02:06:18    -5335.852539        0.002558
FIRE2:  750 02:06:20    -5335.852539        0.002569
FIRE2:  751 02:06:24    -5335.852539        0.002554
FIRE2:  752 02:06:27    -5335.852539        0.002541
FIRE2:  753 02:06:31    -5335.852539        0.002546
FIRE2:  754 02:06:33    -5335.852539        0.002546
FIRE2:  755 02:06:36    -5335.852539        0.002548
FIRE2:  756 02:06:38    -5335.852539        0.002547
FIRE2:  757 02:06:40    -5335.852539        0.002549
FIRE2:  758 02:06:43    -5335.853516        0.002544
FIRE2:  759 02:06:45    -5335.852539        0.002544
FIRE2:  760 02:06:47    -5335.852539        0.002544
FIRE2:  761 02:06:50    -5335.852539        0.002538
FIRE2:  762 02:06:52    -5335.852539        0.002536
FIRE2:  763 02:06:54    -5335.853516        0.002533
FIRE2:  764 02:06:56    -5335.853516        0.002532
FIRE2:  765 02:06:59    -5335.853516        0.002528
FIRE2:  766 02:07:01    -5335.853516        0.002522
FIRE2:  767 02:07:03    -5335.853516        0.002523
FIRE2:  768 02:07:06    -5335.852539        0.002520
FIRE2:  769 02:07:08    -5335.852539        0.002514
FIRE2:  770 02:07:10    -5335.853516        0.002509
FIRE2:  771 02:07:13    -5335.852539        0.002506
FIRE2:  772 02:07:15    -5335.852539        0.002499
FIRE2:  773 02:07:17    -5335.852539        0.002495
FIRE2:  774 02:07:19    -5335.853516        0.002492
FIRE2:  775 02:07:22    -5335.852539        0.002483
FIRE2:  776 02:07:24    -5335.853516        0.002475
FIRE2:  777 02:07:26    -5335.853516        0.002463
FIRE2:  778 02:07:29    -5335.852539        0.002453
FIRE2:  779 02:07:31    -5335.852539        0.002442
FIRE2:  780 02:07:33    -5335.853516        0.002432
FIRE2:  781 02:07:36    -5335.853516        0.002410
FIRE2:  782 02:07:38    -5335.853516        0.002391
FIRE2:  783 02:07:40    -5335.853516        0.002377
FIRE2:  784 02:07:42    -5335.853516        0.002328
FIRE2:  785 02:07:45    -5335.853516        0.002336
FIRE2:  786 02:07:47    -5335.852539        0.002273
FIRE2:  787 02:07:49    -5335.853516        0.002281
FIRE2:  788 02:07:52    -5335.852539        0.002711
FIRE2:  789 02:07:56    -5335.853516        0.002235
FIRE2:  790 02:07:58    -5335.853516        0.002247
FIRE2:  791 02:08:03    -5335.853516        0.002242
FIRE2:  792 02:08:05    -5335.853516        0.002238
FIRE2:  793 02:08:07    -5335.853516        0.002235
FIRE2:  794 02:08:10    -5335.853516        0.002234
FIRE2:  795 02:08:12    -5335.853516        0.002225
FIRE2:  796 02:08:14    -5335.853516        0.002229
FIRE2:  797 02:08:17    -5335.853027        0.002226
FIRE2:  798 02:08:19    -5335.853516        0.002229
FIRE2:  799 02:08:21    -5335.853516        0.002229
FIRE2:  800 02:08:24    -5335.852539        0.002224
FIRE2:  801 02:08:26    -5335.853516        0.002223
FIRE2:  802 02:08:28    -5335.853516        0.002219
FIRE2:  803 02:08:31    -5335.853516        0.002216
FIRE2:  804 02:08:33    -5335.853516        0.002211
FIRE2:  805 02:08:35    -5335.853516        0.002208
FIRE2:  806 02:08:37    -5335.853516        0.002208
FIRE2:  807 02:08:40    -5335.853516        0.002200
FIRE2:  808 02:08:42    -5335.853516        0.002195
FIRE2:  809 02:08:44    -5335.853516        0.002194
FIRE2:  810 02:08:47    -5335.853516        0.002187
FIRE2:  811 02:08:49    -5335.853516        0.002183
FIRE2:  812 02:08:51    -5335.853516        0.002178
FIRE2:  813 02:08:54    -5335.853516        0.002172
FIRE2:  814 02:08:56    -5335.852539        0.002164
FIRE2:  815 02:08:58    -5335.853516        0.002156
FIRE2:  816 02:09:00    -5335.853516        0.002145
FIRE2:  817 02:09:03    -5335.853516        0.002128
FIRE2:  818 02:09:05    -5335.853516        0.002117
FIRE2:  819 02:09:07    -5335.853516        0.002103
FIRE2:  820 02:09:10    -5335.853516        0.002079
FIRE2:  821 02:09:12    -5335.853516        0.002074
FIRE2:  822 02:09:14    -5335.853516        0.002030
FIRE2:  823 02:09:17    -5335.853516        0.002030
FIRE2:  824 02:09:19    -5335.853516        0.001984
FIRE2:  825 02:09:21    -5335.853516        0.002229
FIRE2:  826 02:09:26    -5335.853516        0.001982
FIRE2:  827 02:09:28    -5335.852539        0.001969
FIRE2:  828 02:09:32    -5335.853516        0.001975
FIRE2:  829 02:09:35    -5335.853516        0.001973
FIRE2:  830 02:09:37    -5335.853516        0.001974
FIRE2:  831 02:09:39    -5335.853516        0.001977
FIRE2:  832 02:09:42    -5335.853516        0.001976
FIRE2:  833 02:09:44    -5335.853516        0.001975
FIRE2:  834 02:09:46    -5335.853516        0.001974
FIRE2:  835 02:09:48    -5335.853516        0.001970
FIRE2:  836 02:09:51    -5335.853516        0.001967
FIRE2:  837 02:09:53    -5335.853516        0.001965
FIRE2:  838 02:09:55    -5335.853516        0.001965
FIRE2:  839 02:09:58    -5335.853516        0.001963
FIRE2:  840 02:10:00    -5335.853516        0.001958
FIRE2:  841 02:10:02    -5335.853516        0.001958
FIRE2:  842 02:10:05    -5335.853516        0.001950
FIRE2:  843 02:10:07    -5335.853516        0.001950
FIRE2:  844 02:10:09    -5335.853516        0.001946
FIRE2:  845 02:10:11    -5335.853516        0.001944
FIRE2:  846 02:10:14    -5335.853516        0.001941
FIRE2:  847 02:10:16    -5335.853516        0.001936
FIRE2:  848 02:10:18    -5335.853516        0.001932
FIRE2:  849 02:10:21    -5335.853516        0.001930
FIRE2:  850 02:10:23    -5335.853516        0.001925
FIRE2:  851 02:10:25    -5335.853516        0.001919
FIRE2:  852 02:10:27    -5335.853516        0.001909
FIRE2:  853 02:10:30    -5335.853516        0.001903
FIRE2:  854 02:10:32    -5335.853516        0.001897
FIRE2:  855 02:10:34    -5335.853516        0.001887
FIRE2:  856 02:10:37    -5335.853516        0.001867
FIRE2:  857 02:10:39    -5335.853516        0.001856
FIRE2:  858 02:10:41    -5335.853516        0.001835
FIRE2:  859 02:10:44    -5335.853516        0.001827
FIRE2:  860 02:10:46    -5335.853516        0.001783
FIRE2:  861 02:10:48    -5335.853516        0.001786
FIRE2:  862 02:10:51    -5335.853516        0.001739
FIRE2:  863 02:10:53    -5335.853516        0.002044
FIRE2:  864 02:10:57    -5335.853516        0.001742
FIRE2:  865 02:11:00    -5335.853516        0.001726
FIRE2:  866 02:11:04    -5335.853516        0.001732
FIRE2:  867 02:11:06    -5335.853516        0.001733
FIRE2:  868 02:11:09    -5335.853516        0.001736
FIRE2:  869 02:11:11    -5335.853516        0.001730
FIRE2:  870 02:11:13    -5335.853516        0.001732
FIRE2:  871 02:11:16    -5335.853516        0.001729
FIRE2:  872 02:11:18    -5335.853516        0.001726
FIRE2:  873 02:11:20    -5335.853516        0.001727
FIRE2:  874 02:11:22    -5335.853516        0.001729
FIRE2:  875 02:11:25    -5335.853516        0.001721
FIRE2:  876 02:11:27    -5335.853516        0.001722
FIRE2:  877 02:11:29    -5335.853516        0.001722
FIRE2:  878 02:11:32    -5335.853516        0.001718
FIRE2:  879 02:11:34    -5335.853516        0.001715
FIRE2:  880 02:11:36    -5335.853516        0.001713
FIRE2:  881 02:11:39    -5335.853516        0.001708
FIRE2:  882 02:11:41    -5335.853516        0.001708
FIRE2:  883 02:11:43    -5335.853516        0.001706
FIRE2:  884 02:11:45    -5335.853516        0.001702
FIRE2:  885 02:11:48    -5335.853516        0.001697
FIRE2:  886 02:11:50    -5335.853516        0.001696
FIRE2:  887 02:11:52    -5335.853516        0.001688
FIRE2:  888 02:11:55    -5335.853516        0.001686
FIRE2:  889 02:11:57    -5335.853516        0.001679
FIRE2:  890 02:11:59    -5335.853516        0.001673
FIRE2:  891 02:12:02    -5335.853516        0.001663
FIRE2:  892 02:12:04    -5335.853516        0.001657
FIRE2:  893 02:12:06    -5335.853516        0.001643
FIRE2:  894 02:12:08    -5335.853516        0.001635
FIRE2:  895 02:12:11    -5335.853516        0.001616
FIRE2:  896 02:12:13    -5335.853516        0.001610
FIRE2:  897 02:12:15    -5335.853516        0.001576
FIRE2:  898 02:12:18    -5335.853516        0.001578
FIRE2:  899 02:12:20    -5335.853516        0.001540
FIRE2:  900 02:12:22    -5335.853516        0.001545
FIRE2:  901 02:12:27    -5335.853516        0.001539
FIRE2:  902 02:12:29    -5335.853516        0.001529
FIRE2:  903 02:12:34    -5335.853516        0.001531
FIRE2:  904 02:12:36    -5335.853516        0.001534
FIRE2:  905 02:12:39    -5335.853516        0.001533
FIRE2:  906 02:12:41    -5335.853516        0.001534
FIRE2:  907 02:12:43    -5335.853516        0.001533
FIRE2:  908 02:12:46    -5335.853516        0.001532
FIRE2:  909 02:12:48    -5335.853516        0.001530
FIRE2:  910 02:12:50    -5335.853516        0.001528
FIRE2:  911 02:12:53    -5335.853516        0.001526
FIRE2:  912 02:12:55    -5335.853516        0.001525
FIRE2:  913 02:12:57    -5335.853516        0.001525
FIRE2:  914 02:13:00    -5335.853516        0.001523
FIRE2:  915 02:13:02    -5335.853516        0.001525
FIRE2:  916 02:13:04    -5335.853516        0.001521
FIRE2:  917 02:13:06    -5335.853516        0.001518
FIRE2:  918 02:13:09    -5335.853516        0.001514
FIRE2:  919 02:13:11    -5335.853516        0.001511
FIRE2:  920 02:13:13    -5335.853516        0.001510
FIRE2:  921 02:13:16    -5335.853516        0.001510
FIRE2:  922 02:13:18    -5335.853516        0.001508
FIRE2:  923 02:13:20    -5335.853516        0.001503
FIRE2:  924 02:13:22    -5335.853516        0.001499
FIRE2:  925 02:13:25    -5335.853516        0.001498
FIRE2:  926 02:13:27    -5335.853516        0.001488
FIRE2:  927 02:13:29    -5335.853516        0.001488
FIRE2:  928 02:13:32    -5335.853516        0.001483
FIRE2:  929 02:13:34    -5335.853516        0.001473
FIRE2:  930 02:13:36    -5335.853516        0.001466
FIRE2:  931 02:13:38    -5335.853516        0.001454
FIRE2:  932 02:13:41    -5335.853516        0.001448
FIRE2:  933 02:13:43    -5335.853516        0.001427
FIRE2:  934 02:13:45    -5335.853516        0.001421
FIRE2:  935 02:13:48    -5335.853516        0.001396
FIRE2:  936 02:13:50    -5335.853516        0.001395
FIRE2:  937 02:13:52    -5335.853516        0.001359
FIRE2:  938 02:13:55    -5335.853516        0.001626
FIRE2:  939 02:13:59    -5335.853516        0.001359
FIRE2:  940 02:14:01    -5335.853516        0.001352
FIRE2:  941 02:14:06    -5335.853516        0.001356
FIRE2:  942 02:14:08    -5335.853516        0.001355
FIRE2:  943 02:14:10    -5335.853516        0.001354
FIRE2:  944 02:14:13    -5335.853516        0.001357
FIRE2:  945 02:14:15    -5335.853516        0.001360
FIRE2:  946 02:14:17    -5335.853516        0.001356
FIRE2:  947 02:14:20    -5335.853516        0.001355
FIRE2:  948 02:14:22    -5335.853516        0.001350
FIRE2:  949 02:14:24    -5335.853516        0.001351
FIRE2:  950 02:14:26    -5335.853516        0.001348
FIRE2:  951 02:14:29    -5335.853516        0.001348
FIRE2:  952 02:14:31    -5335.853516        0.001343
FIRE2:  953 02:14:33    -5335.853516        0.001345
FIRE2:  954 02:14:36    -5335.853516        0.001340
FIRE2:  955 02:14:38    -5335.853516        0.001339
FIRE2:  956 02:14:40    -5335.853516        0.001336
FIRE2:  957 02:14:43    -5335.853516        0.001334
FIRE2:  958 02:14:45    -5335.853516        0.001331
FIRE2:  959 02:14:47    -5335.853516        0.001332
FIRE2:  960 02:14:50    -5335.853516        0.001330
FIRE2:  961 02:14:52    -5335.853516        0.001323
FIRE2:  962 02:14:54    -5335.853516        0.001320
FIRE2:  963 02:14:56    -5335.853516        0.001316
FIRE2:  964 02:14:59    -5335.853516        0.001313
FIRE2:  965 02:15:01    -5335.853516        0.001309
FIRE2:  966 02:15:03    -5335.853516        0.001301
FIRE2:  967 02:15:06    -5335.853516        0.001298
FIRE2:  968 02:15:08    -5335.853516        0.001290
FIRE2:  969 02:15:10    -5335.853516        0.001281
FIRE2:  970 02:15:13    -5335.853516        0.001269
FIRE2:  971 02:15:15    -5335.853516        0.001259
FIRE2:  972 02:15:17    -5335.853516        0.001236
FIRE2:  973 02:15:19    -5335.853516        0.001241
FIRE2:  974 02:15:22    -5335.853516        0.001207
FIRE2:  975 02:15:24    -5335.853516        0.001207
FIRE2:  976 02:15:26    -5335.853516        0.001568
FIRE2:  977 02:15:31    -5335.853516        0.001185
FIRE2:  978 02:15:33    -5335.853516        0.001191
FIRE2:  979 02:15:38    -5335.854492        0.001186
FIRE2:  980 02:15:40    -5335.853516        0.001188
FIRE2:  981 02:15:42    -5335.853516        0.001187
FIRE2:  982 02:15:44    -5335.853516        0.001184
FIRE2:  983 02:15:47    -5335.854492        0.001183
FIRE2:  984 02:15:49    -5335.853516        0.001184
FIRE2:  985 02:15:51    -5335.854492        0.001185
FIRE2:  986 02:15:54    -5335.853516        0.001182
FIRE2:  987 02:15:56    -5335.854492        0.001181
FIRE2:  988 02:15:58    -5335.853516        0.001179
FIRE2:  989 02:16:01    -5335.853516        0.001175
FIRE2:  990 02:16:03    -5335.853516        0.001175
FIRE2:  991 02:16:05    -5335.853516        0.001173
FIRE2:  992 02:16:07    -5335.853516        0.001170
FIRE2:  993 02:16:11    -5335.854492        0.001173
FIRE2:  994 02:16:14    -5335.854492        0.001167
FIRE2:  995 02:16:16    -5335.853516        0.001167
FIRE2:  996 02:16:18    -5335.853516        0.001165
FIRE2:  997 02:16:21    -5335.853516        0.001160
FIRE2:  998 02:16:23    -5335.853516        0.001160
FIRE2:  999 02:16:25    -5335.853516        0.001159
FIRE2:  1000 02:16:29    -5335.853516        0.001157
FIRE2:  1001 02:16:31    -5335.853516        0.001150
FIRE2:  1002 02:16:33    -5335.853516        0.001146
FIRE2:  1003 02:16:35    -5335.853516        0.001143
FIRE2:  1004 02:16:38    -5335.853516        0.001136
FIRE2:  1005 02:16:40    -5335.853516        0.001131
FIRE2:  1006 02:16:42    -5335.853516        0.001124
FIRE2:  1007 02:16:45    -5335.853516        0.001115
FIRE2:  1008 02:16:47    -5335.853516        0.001104
FIRE2:  1009 02:16:49    -5335.853516        0.001097
FIRE2:  1010 02:16:52    -5335.853516        0.001077
FIRE2:  1011 02:16:54    -5335.853516        0.001080
FIRE2:  1012 02:16:56    -5335.853516        0.001049
FIRE2:  1013 02:16:59    -5335.853516        0.001175
FIRE2:  1014 02:17:03    -5335.853516        0.001051
FIRE2:  1015 02:17:05    -5335.853516        0.001045
FIRE2:  1016 02:17:09    -5335.853516        0.001044
FIRE2:  1017 02:17:12    -5335.853516        0.001044
FIRE2:  1018 02:17:13    -5335.853516        0.001047
FIRE2:  1019 02:17:16    -5335.854492        0.001045
FIRE2:  1020 02:17:18    -5335.853516        0.001046
FIRE2:  1021 02:17:20    -5335.853516        0.001046
FIRE2:  1022 02:17:22    -5335.853516        0.001044
FIRE2:  1023 02:17:24    -5335.853516        0.001043
FIRE2:  1024 02:17:27    -5335.853516        0.001041
FIRE2:  1025 02:17:29    -5335.854492        0.001040
FIRE2:  1026 02:17:31    -5335.853516        0.001040
FIRE2:  1027 02:17:34    -5335.853516        0.001040
FIRE2:  1028 02:17:36    -5335.853516        0.001038
FIRE2:  1029 02:17:38    -5335.853516        0.001037
FIRE2:  1030 02:17:41    -5335.853516        0.001034
FIRE2:  1031 02:17:43    -5335.853516        0.001033
FIRE2:  1032 02:17:45    -5335.853516        0.001030
FIRE2:  1033 02:17:47    -5335.854492        0.001029
FIRE2:  1034 02:17:49    -5335.854004        0.001033
FIRE2:  1035 02:17:51    -5335.853516        0.001023
FIRE2:  1036 02:17:53    -5335.853516        0.001024
FIRE2:  1037 02:17:55    -5335.853516        0.001023
FIRE2:  1038 02:17:57    -5335.853516        0.001017
FIRE2:  1039 02:18:00    -5335.853516        0.001015
FIRE2:  1040 02:18:02    -5335.853516        0.001010
FIRE2:  1041 02:18:04    -5335.853516        0.001006
FIRE2:  1042 02:18:07    -5335.853516        0.001000
FIRE2:  1043 02:18:09    -5335.853516        0.000993
