       Step     Time          Energy          fmax
FIRE2:    0 17:54:29    -5353.609375        0.210167
FIRE2:    1 17:54:30    -5353.651367        0.208958
FIRE2:    2 17:54:31    -5353.716797        0.206572
FIRE2:    3 17:54:31    -5353.777832        0.203081
FIRE2:    4 17:54:32    -5353.809570        0.198647
FIRE2:    5 17:54:32    -5353.816406        0.194078
FIRE2:    6 17:54:33    -5353.817383        0.195231
FIRE2:    7 17:54:34    -5353.819336        0.195220
FIRE2:    8 17:54:34    -5353.822266        0.195204
FIRE2:    9 17:54:35    -5353.824219        0.195167
FIRE2:   10 17:54:36    -5353.827148        0.195106
FIRE2:   11 17:54:36    -5353.831055        0.195005
FIRE2:   12 17:54:37    -5353.834961        0.194847
FIRE2:   13 17:54:37    -5353.838867        0.194620
FIRE2:   14 17:54:38    -5353.842773        0.194314
FIRE2:   15 17:54:38    -5353.847656        0.193916
FIRE2:   16 17:54:39    -5353.852539        0.193433
FIRE2:   17 17:54:39    -5353.857422        0.192862
FIRE2:   18 17:54:40    -5353.863281        0.192211
FIRE2:   19 17:54:40    -5353.869141        0.191490
FIRE2:   20 17:54:41    -5353.875000        0.190708
FIRE2:   21 17:54:41    -5353.881836        0.189871
FIRE2:   22 17:54:42    -5353.888672        0.188995
FIRE2:   23 17:54:43    -5353.896484        0.188087
FIRE2:   24 17:54:43    -5353.904297        0.187151
FIRE2:   25 17:54:44    -5353.911133        0.186189
FIRE2:   26 17:54:44    -5353.919922        0.185198
FIRE2:   27 17:54:45    -5353.928711        0.184066
FIRE2:   28 17:54:45    -5353.939453        0.182761
FIRE2:   29 17:54:46    -5353.951172        0.181244
FIRE2:   30 17:54:46    -5353.964844        0.179475
FIRE2:   31 17:54:47    -5353.980469        0.177402
FIRE2:   32 17:54:47    -5353.998047        0.174981
FIRE2:   33 17:54:48    -5354.018555        0.172169
FIRE2:   34 17:54:48    -5354.040039        0.168916
FIRE2:   35 17:54:49    -5354.065430        0.165160
FIRE2:   36 17:54:50    -5354.093750        0.160824
FIRE2:   37 17:54:50    -5354.125000        0.155798
FIRE2:   38 17:54:51    -5354.159180        0.149979
FIRE2:   39 17:54:51    -5354.196289        0.143266
FIRE2:   40 17:54:52    -5354.235352        0.135563
FIRE2:   41 17:54:52    -5354.275391        0.126725
FIRE2:   42 17:54:53    -5354.310547        0.117872
FIRE2:   43 17:54:53    -5354.341797        0.109151
FIRE2:   44 17:54:54    -5354.370117        0.100623
FIRE2:   45 17:54:55    -5354.393555        0.092343
FIRE2:   46 17:54:55    -5354.410156        0.084493
FIRE2:   47 17:54:56    -5354.429688        0.076927
FIRE2:   48 17:54:56    -5354.447266        0.069576
FIRE2:   49 17:54:57    -5354.459961        0.063005
FIRE2:   50 17:54:58    -5354.458984        0.065619
FIRE2:   51 17:54:58    -5354.459961        0.065482
FIRE2:   52 17:54:59    -5354.460938        0.065375
FIRE2:   53 17:54:59    -5354.462891        0.065282
FIRE2:   54 17:55:00    -5354.465820        0.065114
FIRE2:   55 17:55:01    -5354.468750        0.064852
FIRE2:   56 17:55:01    -5354.471680        0.064565
FIRE2:   57 17:55:02    -5354.474609        0.064279
FIRE2:   58 17:55:02    -5354.478516        0.063903
FIRE2:   59 17:55:03    -5354.483398        0.063444
FIRE2:   60 17:55:03    -5354.487305        0.062957
FIRE2:   61 17:55:04    -5354.492188        0.062388
FIRE2:   62 17:55:04    -5354.497070        0.061731
FIRE2:   63 17:55:05    -5354.501953        0.061016
FIRE2:   64 17:55:05    -5354.506836        0.060220
FIRE2:   65 17:55:06    -5354.512695        0.059323
FIRE2:   66 17:55:06    -5354.517578        0.058445
FIRE2:   67 17:55:07    -5354.522461        0.057500
FIRE2:   68 17:55:08    -5354.527344        0.056603
FIRE2:   69 17:55:08    -5354.532227        0.055635
FIRE2:   70 17:55:09    -5354.536133        0.054652
FIRE2:   71 17:55:10    -5354.541016        0.053492
FIRE2:   72 17:55:10    -5354.544922        0.052357
FIRE2:   73 17:55:11    -5354.549805        0.051049
FIRE2:   74 17:55:11    -5354.554688        0.049818
FIRE2:   75 17:55:12    -5354.558594        0.048391
FIRE2:   76 17:55:12    -5354.561523        0.047073
FIRE2:   77 17:55:13    -5354.563477        0.047349
FIRE2:   78 17:55:14    -5354.563477        0.047222
FIRE2:   79 17:55:15    -5354.563477        0.047246
FIRE2:   80 17:55:15    -5354.563477        0.047225
FIRE2:   81 17:55:16    -5354.563477        0.047195
FIRE2:   82 17:55:16    -5354.563477        0.047150
FIRE2:   83 17:55:17    -5354.564453        0.047095
FIRE2:   84 17:55:17    -5354.564453        0.047024
FIRE2:   85 17:55:18    -5354.564453        0.046945
FIRE2:   86 17:55:18    -5354.564453        0.046854
FIRE2:   87 17:55:19    -5354.565430        0.046753
FIRE2:   88 17:55:20    -5354.565430        0.046639
FIRE2:   89 17:55:20    -5354.565430        0.046517
FIRE2:   90 17:55:21    -5354.566406        0.046385
FIRE2:   91 17:55:21    -5354.566406        0.046245
FIRE2:   92 17:55:22    -5354.567383        0.046090
FIRE2:   93 17:55:22    -5354.567383        0.045924
FIRE2:   94 17:55:23    -5354.568359        0.045749
FIRE2:   95 17:55:24    -5354.568359        0.045563
FIRE2:   96 17:55:24    -5354.569336        0.045369
FIRE2:   97 17:55:25    -5354.569336        0.045163
FIRE2:   98 17:55:25    -5354.570312        0.044945
FIRE2:   99 17:55:26    -5354.571289        0.044718
FIRE2:  100 17:55:26    -5354.571289        0.044456
FIRE2:  101 17:55:27    -5354.572266        0.044155
FIRE2:  102 17:55:27    -5354.573242        0.043803
FIRE2:  103 17:55:28    -5354.574219        0.043397
FIRE2:  104 17:55:28    -5354.575195        0.042925
FIRE2:  105 17:55:29    -5354.577148        0.042376
FIRE2:  106 17:55:29    -5354.579102        0.041738
FIRE2:  107 17:55:30    -5354.580078        0.040992
FIRE2:  108 17:55:31    -5354.583008        0.040124
FIRE2:  109 17:55:31    -5354.584961        0.039111
FIRE2:  110 17:55:32    -5354.587891        0.037931
FIRE2:  111 17:55:32    -5354.590820        0.036551
FIRE2:  112 17:55:33    -5354.592773        0.035104
FIRE2:  113 17:55:34    -5354.593750        0.035435
FIRE2:  114 17:55:34    -5354.593750        0.035368
FIRE2:  115 17:55:35    -5354.593750        0.035381
FIRE2:  116 17:55:36    -5354.593750        0.035369
FIRE2:  117 17:55:36    -5354.593750        0.035353
FIRE2:  118 17:55:37    -5354.593750        0.035331
FIRE2:  119 17:55:37    -5354.593750        0.035303
FIRE2:  120 17:55:38    -5354.593750        0.035270
FIRE2:  121 17:55:38    -5354.593750        0.035232
FIRE2:  122 17:55:39    -5354.593750        0.035187
FIRE2:  123 17:55:40    -5354.594238        0.035136
FIRE2:  124 17:55:40    -5354.594727        0.035081
FIRE2:  125 17:55:41    -5354.594727        0.035018
FIRE2:  126 17:55:41    -5354.594727        0.034951
FIRE2:  127 17:55:42    -5354.594727        0.034881
FIRE2:  128 17:55:42    -5354.594727        0.034802
FIRE2:  129 17:55:43    -5354.594727        0.034718
FIRE2:  130 17:55:43    -5354.594727        0.034629
FIRE2:  131 17:55:44    -5354.595703        0.034536
FIRE2:  132 17:55:44    -5354.595703        0.034434
FIRE2:  133 17:55:45    -5354.595703        0.034330
FIRE2:  134 17:55:45    -5354.595703        0.034221
FIRE2:  135 17:55:46    -5354.596680        0.034103
FIRE2:  136 17:55:47    -5354.596680        0.033973
FIRE2:  137 17:55:47    -5354.596680        0.033813
FIRE2:  138 17:55:48    -5354.597656        0.033636
FIRE2:  139 17:55:48    -5354.597656        0.033427
FIRE2:  140 17:55:49    -5354.598633        0.033185
FIRE2:  141 17:55:49    -5354.598633        0.032900
FIRE2:  142 17:55:50    -5354.599609        0.032569
FIRE2:  143 17:55:50    -5354.599609        0.032181
FIRE2:  144 17:55:51    -5354.601562        0.031731
FIRE2:  145 17:55:51    -5354.602051        0.031198
FIRE2:  146 17:55:52    -5354.603516        0.030576
FIRE2:  147 17:55:53    -5354.604492        0.029843
FIRE2:  148 17:55:53    -5354.605469        0.028993
FIRE2:  149 17:55:54    -5354.607422        0.027986
FIRE2:  150 17:55:54    -5354.608398        0.027010
FIRE2:  151 17:55:55    -5354.609375        0.027226
FIRE2:  152 17:55:56    -5354.608398        0.027165
FIRE2:  153 17:55:57    -5354.608398        0.027176
FIRE2:  154 17:55:57    -5354.608887        0.027169
FIRE2:  155 17:55:58    -5354.609375        0.027156
FIRE2:  156 17:55:58    -5354.608887        0.027139
FIRE2:  157 17:55:59    -5354.608887        0.027116
FIRE2:  158 17:55:59    -5354.609375        0.027091
FIRE2:  159 17:56:00    -5354.609375        0.027059
FIRE2:  160 17:56:00    -5354.609375        0.027024
FIRE2:  161 17:56:01    -5354.609375        0.026984
FIRE2:  162 17:56:01    -5354.609375        0.026940
FIRE2:  163 17:56:02    -5354.609375        0.026892
FIRE2:  164 17:56:03    -5354.609375        0.026841
FIRE2:  165 17:56:03    -5354.609375        0.026783
FIRE2:  166 17:56:04    -5354.609375        0.026724
FIRE2:  167 17:56:05    -5354.609375        0.026657
FIRE2:  168 17:56:05    -5354.610352        0.026589
FIRE2:  169 17:56:06    -5354.609863        0.026515
FIRE2:  170 17:56:06    -5354.610352        0.026437
FIRE2:  171 17:56:07    -5354.610352        0.026354
FIRE2:  172 17:56:07    -5354.610352        0.026270
FIRE2:  173 17:56:08    -5354.610352        0.026180
FIRE2:  174 17:56:08    -5354.610352        0.026075
FIRE2:  175 17:56:09    -5354.610352        0.025955
FIRE2:  176 17:56:09    -5354.611328        0.025815
FIRE2:  177 17:56:10    -5354.611328        0.025653
FIRE2:  178 17:56:10    -5354.611328        0.025463
FIRE2:  179 17:56:11    -5354.611328        0.025243
FIRE2:  180 17:56:12    -5354.612305        0.024987
FIRE2:  181 17:56:12    -5354.612305        0.024686
FIRE2:  182 17:56:13    -5354.613281        0.024333
FIRE2:  183 17:56:13    -5354.614258        0.023923
FIRE2:  184 17:56:14    -5354.614258        0.023440
FIRE2:  185 17:56:14    -5354.615234        0.022880
FIRE2:  186 17:56:15    -5354.616211        0.022216
FIRE2:  187 17:56:15    -5354.616211        0.021569
FIRE2:  188 17:56:16    -5354.616211        0.021712
FIRE2:  189 17:56:17    -5354.617188        0.021674
FIRE2:  190 17:56:18    -5354.617188        0.021680
FIRE2:  191 17:56:18    -5354.617188        0.021673
FIRE2:  192 17:56:19    -5354.616211        0.021665
FIRE2:  193 17:56:19    -5354.617188        0.021655
FIRE2:  194 17:56:20    -5354.616211        0.021639
FIRE2:  195 17:56:20    -5354.617188        0.021621
FIRE2:  196 17:56:21    -5354.617188        0.021600
FIRE2:  197 17:56:22    -5354.617188        0.021578
FIRE2:  198 17:56:22    -5354.617188        0.021552
FIRE2:  199 17:56:23    -5354.617188        0.021523
FIRE2:  200 17:56:23    -5354.617188        0.021491
FIRE2:  201 17:56:24    -5354.617188        0.021456
FIRE2:  202 17:56:24    -5354.617188        0.021418
FIRE2:  203 17:56:25    -5354.617188        0.021377
FIRE2:  204 17:56:25    -5354.617188        0.021332
FIRE2:  205 17:56:26    -5354.617188        0.021289
FIRE2:  206 17:56:27    -5354.617188        0.021238
FIRE2:  207 17:56:27    -5354.617188        0.021185
FIRE2:  208 17:56:28    -5354.617188        0.021131
FIRE2:  209 17:56:28    -5354.617188        0.021073
FIRE2:  210 17:56:29    -5354.617188        0.021012
FIRE2:  211 17:56:29    -5354.617188        0.020941
FIRE2:  212 17:56:30    -5354.617188        0.020863
FIRE2:  213 17:56:30    -5354.617676        0.020768
FIRE2:  214 17:56:31    -5354.618164        0.020658
FIRE2:  215 17:56:31    -5354.618164        0.020530
FIRE2:  216 17:56:32    -5354.618164        0.020383
FIRE2:  217 17:56:33    -5354.619141        0.020210
FIRE2:  218 17:56:33    -5354.619141        0.020007
FIRE2:  219 17:56:34    -5354.619141        0.019770
FIRE2:  220 17:56:34    -5354.619141        0.019492
FIRE2:  221 17:56:35    -5354.620117        0.019165
FIRE2:  222 17:56:35    -5354.620117        0.018785
FIRE2:  223 17:56:36    -5354.621094        0.018337
FIRE2:  224 17:56:36    -5354.621094        0.017810
FIRE2:  225 17:56:37    -5354.621094        0.017248
FIRE2:  226 17:56:38    -5354.621094        0.016623
FIRE2:  227 17:56:38    -5354.622070        0.016782
FIRE2:  228 17:56:39    -5354.622070        0.016775
FIRE2:  229 17:56:40    -5354.622070        0.016774
FIRE2:  230 17:56:41    -5354.622070        0.016766
FIRE2:  231 17:56:41    -5354.622070        0.016756
FIRE2:  232 17:56:42    -5354.622559        0.016742
FIRE2:  233 17:56:42    -5354.622070        0.016725
FIRE2:  234 17:56:43    -5354.622070        0.016706
FIRE2:  235 17:56:43    -5354.622070        0.016688
FIRE2:  236 17:56:44    -5354.623047        0.016668
FIRE2:  237 17:56:44    -5354.622070        0.016640
FIRE2:  238 17:56:45    -5354.623047        0.016615
FIRE2:  239 17:56:45    -5354.623047        0.016583
FIRE2:  240 17:56:46    -5354.623047        0.016552
FIRE2:  241 17:56:47    -5354.623047        0.016516
FIRE2:  242 17:56:47    -5354.623047        0.016478
FIRE2:  243 17:56:48    -5354.623047        0.016437
FIRE2:  244 17:56:48    -5354.623047        0.016394
FIRE2:  245 17:56:49    -5354.623047        0.016348
FIRE2:  246 17:56:49    -5354.623047        0.016302
FIRE2:  247 17:56:50    -5354.623047        0.016250
FIRE2:  248 17:56:50    -5354.623047        0.016196
FIRE2:  249 17:56:51    -5354.623047        0.016139
FIRE2:  250 17:56:51    -5354.623047        0.016074
FIRE2:  251 17:56:52    -5354.623047        0.016000
FIRE2:  252 17:56:52    -5354.623047        0.015913
FIRE2:  253 17:56:53    -5354.623047        0.015812
FIRE2:  254 17:56:54    -5354.623047        0.015695
FIRE2:  255 17:56:54    -5354.624023        0.015557
FIRE2:  256 17:56:55    -5354.624023        0.015396
FIRE2:  257 17:56:55    -5354.624023        0.015212
FIRE2:  258 17:56:56    -5354.624023        0.014992
FIRE2:  259 17:56:56    -5354.625000        0.014738
FIRE2:  260 17:56:57    -5354.625000        0.014438
FIRE2:  261 17:56:57    -5354.625000        0.014123
FIRE2:  262 17:56:58    -5354.625000        0.013779
FIRE2:  263 17:56:59    -5354.625000        0.013862
FIRE2:  264 17:56:59    -5354.625000        0.013852
FIRE2:  265 17:57:00    -5354.625000        0.013834
FIRE2:  266 17:57:00    -5354.625000        0.013808
FIRE2:  267 17:57:01    -5354.625000        0.013775
FIRE2:  268 17:57:02    -5354.625000        0.013740
FIRE2:  269 17:57:02    -5354.625000        0.013698
FIRE2:  270 17:57:03    -5354.625000        0.013657
FIRE2:  271 17:57:03    -5354.625000        0.013607
FIRE2:  272 17:57:04    -5354.625488        0.013549
FIRE2:  273 17:57:04    -5354.625000        0.013485
FIRE2:  274 17:57:05    -5354.625977        0.013421
FIRE2:  275 17:57:05    -5354.625977        0.013351
FIRE2:  276 17:57:06    -5354.625977        0.013272
FIRE2:  277 17:57:06    -5354.625977        0.013187
FIRE2:  278 17:57:07    -5354.625977        0.013100
FIRE2:  279 17:57:08    -5354.625977        0.013005
FIRE2:  280 17:57:08    -5354.625977        0.012905
FIRE2:  281 17:57:09    -5354.625977        0.012802
FIRE2:  282 17:57:09    -5354.625977        0.012689
FIRE2:  283 17:57:10    -5354.625977        0.012574
FIRE2:  284 17:57:10    -5354.626953        0.012440
FIRE2:  285 17:57:11    -5354.626953        0.012285
FIRE2:  286 17:57:11    -5354.626465        0.012106
FIRE2:  287 17:57:12    -5354.626953        0.011898
FIRE2:  288 17:57:12    -5354.626953        0.011685
FIRE2:  289 17:57:13    -5354.626953        0.011447
FIRE2:  290 17:57:14    -5354.626953        0.011239
FIRE2:  291 17:57:14    -5354.627930        0.011001
FIRE2:  292 17:57:15    -5354.626953        0.010779
FIRE2:  293 17:57:16    -5354.627930        0.010826
FIRE2:  294 17:57:16    -5354.627930        0.010805
FIRE2:  295 17:57:17    -5354.627930        0.010808
FIRE2:  296 17:57:18    -5354.627930        0.010807
FIRE2:  297 17:57:18    -5354.627930        0.010803
FIRE2:  298 17:57:19    -5354.627930        0.010798
FIRE2:  299 17:57:19    -5354.627930        0.010788
FIRE2:  300 17:57:20    -5354.627930        0.010778
FIRE2:  301 17:57:20    -5354.627930        0.010767
FIRE2:  302 17:57:21    -5354.627930        0.010753
FIRE2:  303 17:57:21    -5354.627930        0.010738
FIRE2:  304 17:57:22    -5354.627930        0.010724
FIRE2:  305 17:57:22    -5354.627930        0.010704
FIRE2:  306 17:57:23    -5354.627930        0.010685
FIRE2:  307 17:57:23    -5354.627930        0.010667
FIRE2:  308 17:57:24    -5354.627930        0.010643
FIRE2:  309 17:57:24    -5354.627930        0.010617
FIRE2:  310 17:57:25    -5354.627930        0.010594
FIRE2:  311 17:57:26    -5354.627930        0.010567
FIRE2:  312 17:57:26    -5354.627930        0.010538
FIRE2:  313 17:57:27    -5354.627930        0.010510
FIRE2:  314 17:57:27    -5354.627930        0.010477
FIRE2:  315 17:57:28    -5354.627930        0.010444
FIRE2:  316 17:57:28    -5354.627930        0.010406
FIRE2:  317 17:57:29    -5354.627930        0.010362
FIRE2:  318 17:57:29    -5354.627930        0.010312
FIRE2:  319 17:57:30    -5354.627930        0.010251
FIRE2:  320 17:57:31    -5354.627930        0.010182
FIRE2:  321 17:57:31    -5354.627930        0.010102
FIRE2:  322 17:57:32    -5354.627930        0.010006
FIRE2:  323 17:57:32    -5354.627930        0.009899
FIRE2:  324 17:57:33    -5354.628906        0.009768
FIRE2:  325 17:57:33    -5354.628418        0.009618
FIRE2:  326 17:57:34    -5354.628906        0.009446
FIRE2:  327 17:57:34    -5354.628906        0.009238
FIRE2:  328 17:57:35    -5354.628906        0.009054
FIRE2:  329 17:57:36    -5354.628906        0.009096
FIRE2:  330 17:57:36    -5354.628906        0.009081
FIRE2:  331 17:57:37    -5354.628906        0.009084
FIRE2:  332 17:57:38    -5354.628906        0.009081
FIRE2:  333 17:57:38    -5354.628906        0.009080
FIRE2:  334 17:57:39    -5354.628906        0.009075
FIRE2:  335 17:57:39    -5354.628906        0.009070
FIRE2:  336 17:57:40    -5354.628906        0.009064
FIRE2:  337 17:57:41    -5354.628906        0.009057
FIRE2:  338 17:57:41    -5354.628906        0.009048
FIRE2:  339 17:57:42    -5354.628906        0.009041
FIRE2:  340 17:57:42    -5354.628906        0.009031
FIRE2:  341 17:57:43    -5354.628906        0.009021
FIRE2:  342 17:57:43    -5354.628906        0.009010
FIRE2:  343 17:57:44    -5354.628906        0.008996
FIRE2:  344 17:57:44    -5354.628906        0.008983
FIRE2:  345 17:57:45    -5354.628906        0.008968
FIRE2:  346 17:57:45    -5354.628906        0.008954
FIRE2:  347 17:57:46    -5354.628906        0.008938
FIRE2:  348 17:57:47    -5354.628906        0.008922
FIRE2:  349 17:57:47    -5354.628906        0.008904
FIRE2:  350 17:57:48    -5354.628906        0.008885
FIRE2:  351 17:57:50    -5354.628906        0.008865
FIRE2:  352 17:57:50    -5354.628906        0.008843
FIRE2:  353 17:57:51    -5354.628906        0.008816
FIRE2:  354 17:57:51    -5354.628906        0.008786
FIRE2:  355 17:57:52    -5354.628906        0.008749
FIRE2:  356 17:57:52    -5354.628906        0.008707
FIRE2:  357 17:57:53    -5354.628906        0.008659
FIRE2:  358 17:57:53    -5354.628906        0.008602
FIRE2:  359 17:57:54    -5354.628906        0.008535
FIRE2:  360 17:57:56    -5354.628906        0.008456
FIRE2:  361 17:57:57    -5354.628906        0.008366
FIRE2:  362 17:57:58    -5354.629883        0.008258
FIRE2:  363 17:57:58    -5354.629883        0.008131
FIRE2:  364 17:57:59    -5354.629883        0.007986
FIRE2:  365 17:57:59    -5354.629883        0.007805
FIRE2:  366 17:58:00    -5354.629883        0.007648
FIRE2:  367 17:58:01    -5354.629883        0.007677
FIRE2:  368 17:58:01    -5354.629883        0.007661
FIRE2:  369 17:58:02    -5354.629883        0.007664
FIRE2:  370 17:58:03    -5354.629883        0.007662
FIRE2:  371 17:58:03    -5354.629883        0.007658
FIRE2:  372 17:58:04    -5354.629883        0.007656
FIRE2:  373 17:58:04    -5354.629883        0.007653
FIRE2:  374 17:58:05    -5354.629883        0.007647
FIRE2:  375 17:58:06    -5354.629883        0.007641
FIRE2:  376 17:58:06    -5354.629883        0.007633
FIRE2:  377 17:58:07    -5354.629883        0.007626
FIRE2:  378 17:58:08    -5354.629883        0.007618
FIRE2:  379 17:58:08    -5354.629883        0.007608
FIRE2:  380 17:58:09    -5354.629883        0.007599
FIRE2:  381 17:58:09    -5354.629883        0.007587
FIRE2:  382 17:58:10    -5354.629883        0.007575
FIRE2:  383 17:58:10    -5354.629883        0.007564
FIRE2:  384 17:58:11    -5354.629883        0.007550
FIRE2:  385 17:58:11    -5354.629883        0.007536
FIRE2:  386 17:58:12    -5354.629883        0.007520
FIRE2:  387 17:58:13    -5354.629883        0.007506
FIRE2:  388 17:58:13    -5354.629883        0.007489
FIRE2:  389 17:58:14    -5354.629883        0.007471
FIRE2:  390 17:58:14    -5354.629883        0.007449
FIRE2:  391 17:58:15    -5354.629883        0.007429
FIRE2:  392 17:58:16    -5354.629883        0.007399
FIRE2:  393 17:58:16    -5354.629883        0.007367
FIRE2:  394 17:58:17    -5354.629883        0.007331
FIRE2:  395 17:58:17    -5354.629883        0.007290
FIRE2:  396 17:58:18    -5354.629883        0.007237
FIRE2:  397 17:58:18    -5354.629883        0.007180
FIRE2:  398 17:58:19    -5354.629883        0.007112
FIRE2:  399 17:58:19    -5354.630371        0.007030
FIRE2:  400 17:58:20    -5354.630859        0.006936
FIRE2:  401 17:58:20    -5354.630371        0.006825
FIRE2:  402 17:58:21    -5354.630859        0.006693
FIRE2:  403 17:58:22    -5354.630859        0.006554
FIRE2:  404 17:58:22    -5354.630859        0.006392
FIRE2:  405 17:58:23    -5354.630859        0.006433
FIRE2:  406 17:58:24    -5354.630859        0.006435
FIRE2:  407 17:58:25    -5354.630859        0.006432
FIRE2:  408 17:58:25    -5354.630859        0.006431
FIRE2:  409 17:58:26    -5354.630859        0.006427
FIRE2:  410 17:58:26    -5354.630859        0.006424
FIRE2:  411 17:58:27    -5354.630859        0.006420
FIRE2:  412 17:58:27    -5354.630859        0.006413
FIRE2:  413 17:58:28    -5354.630859        0.006410
FIRE2:  414 17:58:29    -5354.630859        0.006405
FIRE2:  415 17:58:29    -5354.630859        0.006398
FIRE2:  416 17:58:30    -5354.630859        0.006390
FIRE2:  417 17:58:30    -5354.630859        0.006382
FIRE2:  418 17:58:31    -5354.630859        0.006373
FIRE2:  419 17:58:31    -5354.630859        0.006363
FIRE2:  420 17:58:32    -5354.630859        0.006354
FIRE2:  421 17:58:32    -5354.630859        0.006342
FIRE2:  422 17:58:33    -5354.630859        0.006330
FIRE2:  423 17:58:33    -5354.630859        0.006319
FIRE2:  424 17:58:34    -5354.630859        0.006305
FIRE2:  425 17:58:35    -5354.630859        0.006292
FIRE2:  426 17:58:35    -5354.630859        0.006275
FIRE2:  427 17:58:36    -5354.630859        0.006262
FIRE2:  428 17:58:36    -5354.630859        0.006244
FIRE2:  429 17:58:37    -5354.630859        0.006224
FIRE2:  430 17:58:37    -5354.630859        0.006198
FIRE2:  431 17:58:38    -5354.630859        0.006171
FIRE2:  432 17:58:39    -5354.630859        0.006139
FIRE2:  433 17:58:39    -5354.630859        0.006101
FIRE2:  434 17:58:40    -5354.630859        0.006055
FIRE2:  435 17:58:40    -5354.630859        0.006005
FIRE2:  436 17:58:41    -5354.630859        0.005946
FIRE2:  437 17:58:41    -5354.630859        0.005872
FIRE2:  438 17:58:42    -5354.630859        0.005792
FIRE2:  439 17:58:43    -5354.630859        0.005692
FIRE2:  440 17:58:43    -5354.630859        0.005582
FIRE2:  441 17:58:44    -5354.630859        0.005426
FIRE2:  442 17:58:44    -5354.630859        0.005351
FIRE2:  443 17:58:45    -5354.630859        0.005355
FIRE2:  444 17:58:46    -5354.631836        0.005333
FIRE2:  445 17:58:47    -5354.630859        0.005339
FIRE2:  446 17:58:47    -5354.631836        0.005339
FIRE2:  447 17:58:48    -5354.630859        0.005338
FIRE2:  448 17:58:48    -5354.630859        0.005336
FIRE2:  449 17:58:49    -5354.630859        0.005332
FIRE2:  450 17:58:50    -5354.630859        0.005329
FIRE2:  451 17:58:51    -5354.631836        0.005325
FIRE2:  452 17:58:52    -5354.631348        0.005318
FIRE2:  453 17:58:53    -5354.630859        0.005311
FIRE2:  454 17:58:53    -5354.631348        0.005306
FIRE2:  455 17:58:55    -5354.630859        0.005299
FIRE2:  456 17:58:55    -5354.631348        0.005291
FIRE2:  457 17:58:56    -5354.630859        0.005281
FIRE2:  458 17:58:56    -5354.631348        0.005274
FIRE2:  459 17:58:57    -5354.630859        0.005265
FIRE2:  460 17:58:58    -5354.631348        0.005253
FIRE2:  461 17:58:58    -5354.630859        0.005239
FIRE2:  462 17:58:59    -5354.630859        0.005230
FIRE2:  463 17:59:01    -5354.630859        0.005218
FIRE2:  464 17:59:02    -5354.630859        0.005204
FIRE2:  465 17:59:02    -5354.630859        0.005193
FIRE2:  466 17:59:03    -5354.630859        0.005177
FIRE2:  467 17:59:04    -5354.630859        0.005157
FIRE2:  468 17:59:04    -5354.630859        0.005138
FIRE2:  469 17:59:05    -5354.630859        0.005113
FIRE2:  470 17:59:05    -5354.630859        0.005084
FIRE2:  471 17:59:06    -5354.630859        0.005050
FIRE2:  472 17:59:06    -5354.630859        0.005012
FIRE2:  473 17:59:07    -5354.631836        0.004967
FIRE2:  474 17:59:07    -5354.631836        0.004917
FIRE2:  475 17:59:08    -5354.630859        0.004852
FIRE2:  476 17:59:08    -5354.631836        0.004779
FIRE2:  477 17:59:09    -5354.631836        0.004694
FIRE2:  478 17:59:09    -5354.631836        0.004615
FIRE2:  479 17:59:10    -5354.631836        0.004632
FIRE2:  480 17:59:11    -5354.631836        0.004625
FIRE2:  481 17:59:12    -5354.631836        0.004626
FIRE2:  482 17:59:12    -5354.631836        0.004625
FIRE2:  483 17:59:13    -5354.631836        0.004624
FIRE2:  484 17:59:13    -5354.631836        0.004623
FIRE2:  485 17:59:14    -5354.631836        0.004622
FIRE2:  486 17:59:14    -5354.631836        0.004620
FIRE2:  487 17:59:15    -5354.631836        0.004616
FIRE2:  488 17:59:16    -5354.631836        0.004612
FIRE2:  489 17:59:16    -5354.631836        0.004608
FIRE2:  490 17:59:17    -5354.631836        0.004605
FIRE2:  491 17:59:17    -5354.631836        0.004600
FIRE2:  492 17:59:18    -5354.631836        0.004595
FIRE2:  493 17:59:18    -5354.631836        0.004590
FIRE2:  494 17:59:19    -5354.631836        0.004584
FIRE2:  495 17:59:19    -5354.631836        0.004579
FIRE2:  496 17:59:20    -5354.631836        0.004571
FIRE2:  497 17:59:20    -5354.631836        0.004565
FIRE2:  498 17:59:21    -5354.631836        0.004557
FIRE2:  499 17:59:22    -5354.631836        0.004550
FIRE2:  500 17:59:22    -5354.631836        0.004541
FIRE2:  501 17:59:23    -5354.631836        0.004532
FIRE2:  502 17:59:23    -5354.631836        0.004523
FIRE2:  503 17:59:24    -5354.631836        0.004511
FIRE2:  504 17:59:24    -5354.631836        0.004498
FIRE2:  505 17:59:25    -5354.631836        0.004484
FIRE2:  506 17:59:25    -5354.631836        0.004464
FIRE2:  507 17:59:26    -5354.631836        0.004445
FIRE2:  508 17:59:26    -5354.631836        0.004419
FIRE2:  509 17:59:27    -5354.631836        0.004391
FIRE2:  510 17:59:27    -5354.631836        0.004357
FIRE2:  511 17:59:28    -5354.631836        0.004317
FIRE2:  512 17:59:29    -5354.631836        0.004269
FIRE2:  513 17:59:29    -5354.631836        0.004214
FIRE2:  514 17:59:30    -5354.631836        0.004148
FIRE2:  515 17:59:30    -5354.631836        0.004079
FIRE2:  516 17:59:31    -5354.631836        0.003983
FIRE2:  517 17:59:32    -5354.631836        0.004011
FIRE2:  518 17:59:32    -5354.631836        0.004011
FIRE2:  519 17:59:33    -5354.631836        0.004011
FIRE2:  520 17:59:34    -5354.631836        0.004012
FIRE2:  521 17:59:34    -5354.631836        0.004008
FIRE2:  522 17:59:35    -5354.631836        0.004006
FIRE2:  523 17:59:35    -5354.631836        0.004004
FIRE2:  524 17:59:36    -5354.631836        0.004002
FIRE2:  525 17:59:36    -5354.631836        0.004000
FIRE2:  526 17:59:37    -5354.631836        0.003998
FIRE2:  527 17:59:38    -5354.631836        0.003995
FIRE2:  528 17:59:38    -5354.631836        0.003992
FIRE2:  529 17:59:39    -5354.631836        0.003985
FIRE2:  530 17:59:39    -5354.631836        0.003982
FIRE2:  531 17:59:40    -5354.631836        0.003974
FIRE2:  532 17:59:40    -5354.631836        0.003970
FIRE2:  533 17:59:41    -5354.631836        0.003965
FIRE2:  534 17:59:41    -5354.631836        0.003959
FIRE2:  535 17:59:42    -5354.631836        0.003954
FIRE2:  536 17:59:42    -5354.631836        0.003947
FIRE2:  537 17:59:43    -5354.631836        0.003940
FIRE2:  538 17:59:44    -5354.631836        0.003931
FIRE2:  539 17:59:44    -5354.631836        0.003924
FIRE2:  540 17:59:45    -5354.631836        0.003915
FIRE2:  541 17:59:45    -5354.631836        0.003903
FIRE2:  542 17:59:46    -5354.631836        0.003893
FIRE2:  543 17:59:46    -5354.631836        0.003878
FIRE2:  544 17:59:47    -5354.631836        0.003860
FIRE2:  545 17:59:47    -5354.631836        0.003840
FIRE2:  546 17:59:48    -5354.631836        0.003817
FIRE2:  547 17:59:48    -5354.631836        0.003791
FIRE2:  548 17:59:49    -5354.631836        0.003760
FIRE2:  549 17:59:49    -5354.631836        0.003723
FIRE2:  550 17:59:50    -5354.631836        0.003680
FIRE2:  551 17:59:51    -5354.632324        0.003628
FIRE2:  552 17:59:51    -5354.631836        0.003569
FIRE2:  553 17:59:52    -5354.631836        0.003494
FIRE2:  554 17:59:52    -5354.631836        0.003443
FIRE2:  555 17:59:53    -5354.631836        0.003452
FIRE2:  556 17:59:54    -5354.631836        0.003442
FIRE2:  557 17:59:55    -5354.631836        0.003443
FIRE2:  558 17:59:55    -5354.631836        0.003444
FIRE2:  559 17:59:56    -5354.631836        0.003441
FIRE2:  560 17:59:56    -5354.631836        0.003440
FIRE2:  561 17:59:57    -5354.631836        0.003440
FIRE2:  562 17:59:57    -5354.631836        0.003436
FIRE2:  563 17:59:58    -5354.631836        0.003436
FIRE2:  564 17:59:58    -5354.631836        0.003433
FIRE2:  565 17:59:59    -5354.631836        0.003427
FIRE2:  566 18:00:00    -5354.631836        0.003424
FIRE2:  567 18:00:00    -5354.631836        0.003421
FIRE2:  568 18:00:01    -5354.631836        0.003417
FIRE2:  569 18:00:01    -5354.632324        0.003412
FIRE2:  570 18:00:02    -5354.631836        0.003406
FIRE2:  571 18:00:02    -5354.631836        0.003402
FIRE2:  572 18:00:03    -5354.631836        0.003395
FIRE2:  573 18:00:03    -5354.631836        0.003390
FIRE2:  574 18:00:04    -5354.631836        0.003383
FIRE2:  575 18:00:04    -5354.631836        0.003378
FIRE2:  576 18:00:05    -5354.631836        0.003371
FIRE2:  577 18:00:05    -5354.631836        0.003364
FIRE2:  578 18:00:06    -5354.631836        0.003356
FIRE2:  579 18:00:07    -5354.631836        0.003344
FIRE2:  580 18:00:07    -5354.631836        0.003334
FIRE2:  581 18:00:08    -5354.632324        0.003321
FIRE2:  582 18:00:08    -5354.631836        0.003303
FIRE2:  583 18:00:09    -5354.631836        0.003288
FIRE2:  584 18:00:09    -5354.631836        0.003266
FIRE2:  585 18:00:10    -5354.631836        0.003242
FIRE2:  586 18:00:11    -5354.631836        0.003212
FIRE2:  587 18:00:11    -5354.631836        0.003178
FIRE2:  588 18:00:12    -5354.631836        0.003138
FIRE2:  589 18:00:12    -5354.631836        0.003092
FIRE2:  590 18:00:13    -5354.631836        0.003034
FIRE2:  591 18:00:13    -5354.632812        0.002993
FIRE2:  592 18:00:14    -5354.632812        0.003000
FIRE2:  593 18:00:15    -5354.632812        0.002996
FIRE2:  594 18:00:16    -5354.632812        0.002997
FIRE2:  595 18:00:16    -5354.631836        0.002996
FIRE2:  596 18:00:17    -5354.631836        0.002995
FIRE2:  597 18:00:17    -5354.632324        0.002994
FIRE2:  598 18:00:18    -5354.632812        0.002993
FIRE2:  599 18:00:18    -5354.632812        0.002992
FIRE2:  600 18:00:19    -5354.631836        0.002989
FIRE2:  601 18:00:19    -5354.632324        0.002987
FIRE2:  602 18:00:20    -5354.631836        0.002985
FIRE2:  603 18:00:20    -5354.631836        0.002982
FIRE2:  604 18:00:21    -5354.631836        0.002978
FIRE2:  605 18:00:21    -5354.631836        0.002977
FIRE2:  606 18:00:22    -5354.631836        0.002974
FIRE2:  607 18:00:23    -5354.631836        0.002970
FIRE2:  608 18:00:23    -5354.631836        0.002964
FIRE2:  609 18:00:24    -5354.631836        0.002960
FIRE2:  610 18:00:24    -5354.632812        0.002955
FIRE2:  611 18:00:25    -5354.631836        0.002951
FIRE2:  612 18:00:25    -5354.631836        0.002946
FIRE2:  613 18:00:26    -5354.631836        0.002942
FIRE2:  614 18:00:26    -5354.631836        0.002934
FIRE2:  615 18:00:27    -5354.632324        0.002929
FIRE2:  616 18:00:27    -5354.632812        0.002921
FIRE2:  617 18:00:28    -5354.632324        0.002910
FIRE2:  618 18:00:28    -5354.632812        0.002904
FIRE2:  619 18:00:29    -5354.631836        0.002889
FIRE2:  620 18:00:30    -5354.631836        0.002875
FIRE2:  621 18:00:30    -5354.631836        0.002859
FIRE2:  622 18:00:31    -5354.632812        0.002839
FIRE2:  623 18:00:31    -5354.631836        0.002817
FIRE2:  624 18:00:32    -5354.631836        0.002791
FIRE2:  625 18:00:32    -5354.632324        0.002758
FIRE2:  626 18:00:33    -5354.632812        0.002722
FIRE2:  627 18:00:34    -5354.632812        0.002681
FIRE2:  628 18:00:34    -5354.632812        0.002627
FIRE2:  629 18:00:35    -5354.632812        0.002582
FIRE2:  630 18:00:36    -5354.632812        0.002592
FIRE2:  631 18:00:36    -5354.632812        0.002588
FIRE2:  632 18:00:37    -5354.632812        0.002588
FIRE2:  633 18:00:38    -5354.632812        0.002590
FIRE2:  634 18:00:38    -5354.632812        0.002587
FIRE2:  635 18:00:39    -5354.632812        0.002588
FIRE2:  636 18:00:39    -5354.632812        0.002585
FIRE2:  637 18:00:40    -5354.631836        0.002584
FIRE2:  638 18:00:40    -5354.632812        0.002583
FIRE2:  639 18:00:41    -5354.632324        0.002580
FIRE2:  640 18:00:41    -5354.631836        0.002578
FIRE2:  641 18:00:42    -5354.631836        0.002572
FIRE2:  642 18:00:42    -5354.631836        0.002572
FIRE2:  643 18:00:43    -5354.631836        0.002569
FIRE2:  644 18:00:44    -5354.632812        0.002567
FIRE2:  645 18:00:44    -5354.631836        0.002563
FIRE2:  646 18:00:45    -5354.632324        0.002558
FIRE2:  647 18:00:45    -5354.632812        0.002554
FIRE2:  648 18:00:46    -5354.632812        0.002551
FIRE2:  649 18:00:46    -5354.632812        0.002546
FIRE2:  650 18:00:47    -5354.632812        0.002542
FIRE2:  651 18:00:47    -5354.632812        0.002536
FIRE2:  652 18:00:48    -5354.632812        0.002530
FIRE2:  653 18:00:48    -5354.632812        0.002523
FIRE2:  654 18:00:49    -5354.632812        0.002518
FIRE2:  655 18:00:49    -5354.632812        0.002508
FIRE2:  656 18:00:50    -5354.632812        0.002499
FIRE2:  657 18:00:51    -5354.632812        0.002489
FIRE2:  658 18:00:51    -5354.632812        0.002474
FIRE2:  659 18:00:52    -5354.632812        0.002459
FIRE2:  660 18:00:52    -5354.632812        0.002440
FIRE2:  661 18:00:53    -5354.632812        0.002422
FIRE2:  662 18:00:53    -5354.632812        0.002395
FIRE2:  663 18:00:54    -5354.632812        0.002367
FIRE2:  664 18:00:54    -5354.632812        0.002333
FIRE2:  665 18:00:55    -5354.632812        0.002294
FIRE2:  666 18:00:55    -5354.632812        0.002248
FIRE2:  667 18:00:56    -5354.632812        0.002262
FIRE2:  668 18:00:57    -5354.632812        0.002260
FIRE2:  669 18:00:58    -5354.632812        0.002261
FIRE2:  670 18:00:58    -5354.632812        0.002260
FIRE2:  671 18:00:59    -5354.632812        0.002257
FIRE2:  672 18:01:00    -5354.632812        0.002259
FIRE2:  673 18:01:00    -5354.632812        0.002257
FIRE2:  674 18:01:01    -5354.632812        0.002253
FIRE2:  675 18:01:01    -5354.632324        0.002253
FIRE2:  676 18:01:02    -5354.632812        0.002252
FIRE2:  677 18:01:02    -5354.632812        0.002250
FIRE2:  678 18:01:03    -5354.632812        0.002249
FIRE2:  679 18:01:03    -5354.632812        0.002246
FIRE2:  680 18:01:04    -5354.632812        0.002243
FIRE2:  681 18:01:04    -5354.632812        0.002241
FIRE2:  682 18:01:05    -5354.632812        0.002238
FIRE2:  683 18:01:05    -5354.632812        0.002235
FIRE2:  684 18:01:06    -5354.631836        0.002232
FIRE2:  685 18:01:07    -5354.632812        0.002229
FIRE2:  686 18:01:07    -5354.631836        0.002225
FIRE2:  687 18:01:08    -5354.632812        0.002221
FIRE2:  688 18:01:08    -5354.632812        0.002217
FIRE2:  689 18:01:09    -5354.632812        0.002211
FIRE2:  690 18:01:09    -5354.632812        0.002209
FIRE2:  691 18:01:10    -5354.632812        0.002204
FIRE2:  692 18:01:10    -5354.632812        0.002197
FIRE2:  693 18:01:11    -5354.632812        0.002191
FIRE2:  694 18:01:11    -5354.632812        0.002180
FIRE2:  695 18:01:12    -5354.632812        0.002170
FIRE2:  696 18:01:13    -5354.632812        0.002158
FIRE2:  697 18:01:13    -5354.632812        0.002143
FIRE2:  698 18:01:14    -5354.632812        0.002129
FIRE2:  699 18:01:14    -5354.632812        0.002108
FIRE2:  700 18:01:15    -5354.632812        0.002086
FIRE2:  701 18:01:15    -5354.632812        0.002059
FIRE2:  702 18:01:16    -5354.632812        0.002029
FIRE2:  703 18:01:16    -5354.632812        0.001987
FIRE2:  704 18:01:17    -5354.632812        0.001965
FIRE2:  705 18:01:18    -5354.632812        0.001967
FIRE2:  706 18:01:18    -5354.632812        0.001961
FIRE2:  707 18:01:20    -5354.632812        0.001961
FIRE2:  708 18:01:20    -5354.632812        0.001963
FIRE2:  709 18:01:21    -5354.632812        0.001962
FIRE2:  710 18:01:21    -5354.632812        0.001961
FIRE2:  711 18:01:22    -5354.632812        0.001958
FIRE2:  712 18:01:22    -5354.632812        0.001958
FIRE2:  713 18:01:23    -5354.632812        0.001957
FIRE2:  714 18:01:24    -5354.632812        0.001956
FIRE2:  715 18:01:24    -5354.632812        0.001953
FIRE2:  716 18:01:25    -5354.632812        0.001952
FIRE2:  717 18:01:25    -5354.632812        0.001949
FIRE2:  718 18:01:26    -5354.632812        0.001948
FIRE2:  719 18:01:27    -5354.632812        0.001946
FIRE2:  720 18:01:27    -5354.632812        0.001943
FIRE2:  721 18:01:28    -5354.632812        0.001940
FIRE2:  722 18:01:28    -5354.632812        0.001939
FIRE2:  723 18:01:29    -5354.632812        0.001935
FIRE2:  724 18:01:30    -5354.632812        0.001931
FIRE2:  725 18:01:30    -5354.632812        0.001930
FIRE2:  726 18:01:31    -5354.632812        0.001926
FIRE2:  727 18:01:31    -5354.632812        0.001921
FIRE2:  728 18:01:32    -5354.632812        0.001915
FIRE2:  729 18:01:33    -5354.632812        0.001911
FIRE2:  730 18:01:33    -5354.632812        0.001904
FIRE2:  731 18:01:34    -5354.632812        0.001897
FIRE2:  732 18:01:34    -5354.632812        0.001889
FIRE2:  733 18:01:35    -5354.632812        0.001879
FIRE2:  734 18:01:35    -5354.632812        0.001868
FIRE2:  735 18:01:36    -5354.632812        0.001856
FIRE2:  736 18:01:37    -5354.632812        0.001838
FIRE2:  737 18:01:37    -5354.632812        0.001820
FIRE2:  738 18:01:38    -5354.631836        0.001798
FIRE2:  739 18:01:38    -5354.632812        0.001777
FIRE2:  740 18:01:39    -5354.632812        0.001745
FIRE2:  741 18:01:40    -5354.632812        0.001720
FIRE2:  742 18:01:41    -5354.632812        0.001725
FIRE2:  743 18:01:41    -5354.632812        0.001722
FIRE2:  744 18:01:42    -5354.632812        0.001721
FIRE2:  745 18:01:43    -5354.632812        0.001723
FIRE2:  746 18:01:43    -5354.632812        0.001723
FIRE2:  747 18:01:44    -5354.632812        0.001722
FIRE2:  748 18:01:44    -5354.632812        0.001720
FIRE2:  749 18:01:45    -5354.632812        0.001720
FIRE2:  750 18:01:46    -5354.632812        0.001718
FIRE2:  751 18:01:46    -5354.632812        0.001718
FIRE2:  752 18:01:47    -5354.632812        0.001717
FIRE2:  753 18:01:47    -5354.632812        0.001715
FIRE2:  754 18:01:48    -5354.632812        0.001713
FIRE2:  755 18:01:48    -5354.632812        0.001711
FIRE2:  756 18:01:49    -5354.632812        0.001709
FIRE2:  757 18:01:50    -5354.632812        0.001710
FIRE2:  758 18:01:50    -5354.632812        0.001705
FIRE2:  759 18:01:51    -5354.632812        0.001704
FIRE2:  760 18:01:51    -5354.631836        0.001698
FIRE2:  761 18:01:52    -5354.632812        0.001698
FIRE2:  762 18:01:53    -5354.632812        0.001695
FIRE2:  763 18:01:53    -5354.632812        0.001694
FIRE2:  764 18:01:54    -5354.632812        0.001690
FIRE2:  765 18:01:54    -5354.632812        0.001687
FIRE2:  766 18:01:55    -5354.632812        0.001680
FIRE2:  767 18:01:56    -5354.632812        0.001678
FIRE2:  768 18:01:56    -5354.632812        0.001671
FIRE2:  769 18:01:57    -5354.632812        0.001664
FIRE2:  770 18:01:57    -5354.632812        0.001657
FIRE2:  771 18:01:58    -5354.632812        0.001648
FIRE2:  772 18:01:58    -5354.632812        0.001637
FIRE2:  773 18:01:59    -5354.632812        0.001626
FIRE2:  774 18:02:00    -5354.632812        0.001611
FIRE2:  775 18:02:00    -5354.632812        0.001593
FIRE2:  776 18:02:01    -5354.632812        0.001573
FIRE2:  777 18:02:01    -5354.632812        0.001549
FIRE2:  778 18:02:02    -5354.632812        0.001527
FIRE2:  779 18:02:03    -5354.632812        0.001499
FIRE2:  780 18:02:04    -5354.632812        0.001507
FIRE2:  781 18:02:04    -5354.632812        0.001506
FIRE2:  782 18:02:05    -5354.632812        0.001505
FIRE2:  783 18:02:06    -5354.632812        0.001506
FIRE2:  784 18:02:06    -5354.632812        0.001506
FIRE2:  785 18:02:07    -5354.632812        0.001505
FIRE2:  786 18:02:07    -5354.632812        0.001504
FIRE2:  787 18:02:08    -5354.632812        0.001503
FIRE2:  788 18:02:09    -5354.632812        0.001503
FIRE2:  789 18:02:09    -5354.632812        0.001502
FIRE2:  790 18:02:10    -5354.632812        0.001500
FIRE2:  791 18:02:10    -5354.632812        0.001497
FIRE2:  792 18:02:11    -5354.632812        0.001497
FIRE2:  793 18:02:11    -5354.632812        0.001495
FIRE2:  794 18:02:12    -5354.632812        0.001493
FIRE2:  795 18:02:13    -5354.632812        0.001491
FIRE2:  796 18:02:13    -5354.632812        0.001490
FIRE2:  797 18:02:14    -5354.632812        0.001486
FIRE2:  798 18:02:14    -5354.632812        0.001484
FIRE2:  799 18:02:15    -5354.631836        0.001480
FIRE2:  800 18:02:16    -5354.632812        0.001478
FIRE2:  801 18:02:16    -5354.632812        0.001475
FIRE2:  802 18:02:17    -5354.632812        0.001474
FIRE2:  803 18:02:17    -5354.632812        0.001471
FIRE2:  804 18:02:18    -5354.632324        0.001466
FIRE2:  805 18:02:19    -5354.632812        0.001462
FIRE2:  806 18:02:19    -5354.632812        0.001456
FIRE2:  807 18:02:20    -5354.632812        0.001450
FIRE2:  808 18:02:20    -5354.632812        0.001443
FIRE2:  809 18:02:21    -5354.632812        0.001435
FIRE2:  810 18:02:21    -5354.632812        0.001424
FIRE2:  811 18:02:22    -5354.632812        0.001412
FIRE2:  812 18:02:23    -5354.632812        0.001398
FIRE2:  813 18:02:23    -5354.632812        0.001384
FIRE2:  814 18:02:24    -5354.632812        0.001364
FIRE2:  815 18:02:24    -5354.632812        0.001342
FIRE2:  816 18:02:25    -5354.632812        0.001322
FIRE2:  817 18:02:26    -5354.632812        0.001325
FIRE2:  818 18:02:26    -5354.632812        0.001324
FIRE2:  819 18:02:27    -5354.632812        0.001324
FIRE2:  820 18:02:28    -5354.632812        0.001324
FIRE2:  821 18:02:29    -5354.632812        0.001324
FIRE2:  822 18:02:29    -5354.632812        0.001325
FIRE2:  823 18:02:30    -5354.632812        0.001322
FIRE2:  824 18:02:30    -5354.632812        0.001321
FIRE2:  825 18:02:31    -5354.632812        0.001322
FIRE2:  826 18:02:31    -5354.632812        0.001322
FIRE2:  827 18:02:32    -5354.632812        0.001319
FIRE2:  828 18:02:33    -5354.632812        0.001319
FIRE2:  829 18:02:33    -5354.632812        0.001318
FIRE2:  830 18:02:34    -5354.632812        0.001316
FIRE2:  831 18:02:34    -5354.632812        0.001314
FIRE2:  832 18:02:35    -5354.632812        0.001314
FIRE2:  833 18:02:36    -5354.632812        0.001310
FIRE2:  834 18:02:36    -5354.632812        0.001309
FIRE2:  835 18:02:37    -5354.632812        0.001306
FIRE2:  836 18:02:37    -5354.632812        0.001307
FIRE2:  837 18:02:38    -5354.632812        0.001305
FIRE2:  838 18:02:38    -5354.632812        0.001302
FIRE2:  839 18:02:39    -5354.632812        0.001300
FIRE2:  840 18:02:40    -5354.632812        0.001297
FIRE2:  841 18:02:40    -5354.632812        0.001293
FIRE2:  842 18:02:41    -5354.632812        0.001290
FIRE2:  843 18:02:41    -5354.632812        0.001287
FIRE2:  844 18:02:42    -5354.632812        0.001281
FIRE2:  845 18:02:43    -5354.632812        0.001275
FIRE2:  846 18:02:43    -5354.632812        0.001269
FIRE2:  847 18:02:44    -5354.632812        0.001260
FIRE2:  848 18:02:44    -5354.632812        0.001251
FIRE2:  849 18:02:45    -5354.632812        0.001240
FIRE2:  850 18:02:45    -5354.632812        0.001228
FIRE2:  851 18:02:46    -5354.632812        0.001213
FIRE2:  852 18:02:47    -5354.632812        0.001196
FIRE2:  853 18:02:47    -5354.632812        0.001175
FIRE2:  854 18:02:48    -5354.632812        0.001158
FIRE2:  855 18:02:49    -5354.632812        0.001161
FIRE2:  856 18:02:49    -5354.632812        0.001161
FIRE2:  857 18:02:50    -5354.632812        0.001161
FIRE2:  858 18:02:51    -5354.632812        0.001161
FIRE2:  859 18:02:52    -5354.632812        0.001159
FIRE2:  860 18:02:52    -5354.632812        0.001158
FIRE2:  861 18:02:53    -5354.632812        0.001159
FIRE2:  862 18:02:53    -5354.632812        0.001160
FIRE2:  863 18:02:54    -5354.632812        0.001158
FIRE2:  864 18:02:55    -5354.632812        0.001157
FIRE2:  865 18:02:55    -5354.632812        0.001157
FIRE2:  866 18:02:56    -5354.632812        0.001156
FIRE2:  867 18:02:56    -5354.632812        0.001154
FIRE2:  868 18:02:57    -5354.632812        0.001152
FIRE2:  869 18:02:57    -5354.632812        0.001151
FIRE2:  870 18:02:58    -5354.632812        0.001149
FIRE2:  871 18:02:59    -5354.632812        0.001148
FIRE2:  872 18:02:59    -5354.632812        0.001146
FIRE2:  873 18:03:00    -5354.632812        0.001146
FIRE2:  874 18:03:00    -5354.632812        0.001143
FIRE2:  875 18:03:01    -5354.632812        0.001142
FIRE2:  876 18:03:01    -5354.632812        0.001138
FIRE2:  877 18:03:02    -5354.632812        0.001137
FIRE2:  878 18:03:03    -5354.632812        0.001134
FIRE2:  879 18:03:03    -5354.632812        0.001131
FIRE2:  880 18:03:04    -5354.632812        0.001127
FIRE2:  881 18:03:04    -5354.632812        0.001124
FIRE2:  882 18:03:05    -5354.632812        0.001119
FIRE2:  883 18:03:05    -5354.632812        0.001113
FIRE2:  884 18:03:06    -5354.632812        0.001107
FIRE2:  885 18:03:07    -5354.632812        0.001100
FIRE2:  886 18:03:07    -5354.632812        0.001091
FIRE2:  887 18:03:08    -5354.632812        0.001082
FIRE2:  888 18:03:08    -5354.632812        0.001068
FIRE2:  889 18:03:09    -5354.632812        0.001056
FIRE2:  890 18:03:10    -5354.632812        0.001038
FIRE2:  891 18:03:10    -5354.632812        0.001020
FIRE2:  892 18:03:11    -5354.632812        0.001023
FIRE2:  893 18:03:12    -5354.632812        0.001023
FIRE2:  894 18:03:13    -5354.632812        0.001023
FIRE2:  895 18:03:14    -5354.632812        0.001023
FIRE2:  896 18:03:14    -5354.632812        0.001025
FIRE2:  897 18:03:15    -5354.632812        0.001023
FIRE2:  898 18:03:15    -5354.632812        0.001023
FIRE2:  899 18:03:16    -5354.632812        0.001023
FIRE2:  900 18:03:16    -5354.632812        0.001023
FIRE2:  901 18:03:17    -5354.632812        0.001021
FIRE2:  902 18:03:18    -5354.632812        0.001020
FIRE2:  903 18:03:18    -5354.632812        0.001019
FIRE2:  904 18:03:19    -5354.632812        0.001019
FIRE2:  905 18:03:19    -5354.632812        0.001017
FIRE2:  906 18:03:20    -5354.632812        0.001016
FIRE2:  907 18:03:20    -5354.632812        0.001014
FIRE2:  908 18:03:21    -5354.632812        0.001014
FIRE2:  909 18:03:21    -5354.632812        0.001012
FIRE2:  910 18:03:22    -5354.632812        0.001011
FIRE2:  911 18:03:23    -5354.632812        0.001010
FIRE2:  912 18:03:23    -5354.632812        0.001009
FIRE2:  913 18:03:24    -5354.632812        0.001006
FIRE2:  914 18:03:24    -5354.632812        0.001005
FIRE2:  915 18:03:25    -5354.632812        0.001004
FIRE2:  916 18:03:26    -5354.632812        0.000999
