       Step     Time          Energy          fmax
FIRE2:    0 18:03:35    -5331.858398        0.758177
FIRE2:    1 18:03:36    -5332.241211        0.702496
FIRE2:    2 18:03:37    -5332.886719        0.595239
FIRE2:    3 18:03:37    -5333.594727        0.444478
FIRE2:    4 18:03:38    -5334.146484        0.265659
FIRE2:    5 18:03:38    -5334.418945        0.186622
FIRE2:    6 18:03:38    -5334.480469        0.175550
FIRE2:    7 18:03:39    -5334.491211        0.178471
FIRE2:    8 18:03:40    -5334.497070        0.178516
FIRE2:    9 18:03:40    -5334.504883        0.178572
FIRE2:   10 18:03:41    -5334.513672        0.178621
FIRE2:   11 18:03:41    -5334.523438        0.178635
FIRE2:   12 18:03:42    -5334.532227        0.178585
FIRE2:   13 18:03:42    -5334.541016        0.178421
FIRE2:   14 18:03:43    -5334.548828        0.178094
FIRE2:   15 18:03:43    -5334.555664        0.177558
FIRE2:   16 18:03:44    -5334.562500        0.176803
FIRE2:   17 18:03:44    -5334.570312        0.175853
FIRE2:   18 18:03:44    -5334.578125        0.174745
FIRE2:   19 18:03:45    -5334.586426        0.173513
FIRE2:   20 18:03:45    -5334.594727        0.172184
FIRE2:   21 18:03:46    -5334.603516        0.170806
FIRE2:   22 18:03:46    -5334.612305        0.169402
FIRE2:   23 18:03:47    -5334.622070        0.168006
FIRE2:   24 18:03:47    -5334.630859        0.166643
FIRE2:   25 18:03:48    -5334.640625        0.165320
FIRE2:   26 18:03:48    -5334.650391        0.164022
FIRE2:   27 18:03:48    -5334.660156        0.162730
FIRE2:   28 18:03:49    -5334.671875        0.161279
FIRE2:   29 18:03:49    -5334.684570        0.159617
FIRE2:   30 18:03:50    -5334.698242        0.157687
FIRE2:   31 18:03:50    -5334.714844        0.155440
FIRE2:   32 18:03:51    -5334.732422        0.152839
FIRE2:   33 18:03:51    -5334.751953        0.149864
FIRE2:   34 18:03:51    -5334.773438        0.146504
FIRE2:   35 18:03:52    -5334.796875        0.142714
FIRE2:   36 18:03:52    -5334.822266        0.138397
FIRE2:   37 18:03:53    -5334.850586        0.133425
FIRE2:   38 18:03:53    -5334.878906        0.127721
FIRE2:   39 18:03:54    -5334.909180        0.121284
FIRE2:   40 18:03:54    -5334.939453        0.114026
FIRE2:   41 18:03:54    -5334.969727        0.105737
FIRE2:   42 18:03:55    -5334.998047        0.096630
FIRE2:   43 18:03:55    -5335.021484        0.087558
FIRE2:   44 18:03:56    -5335.041016        0.079455
FIRE2:   45 18:03:56    -5335.056641        0.070740
FIRE2:   46 18:03:56    -5335.074219        0.064048
FIRE2:   47 18:03:57    -5335.089844        0.056702
FIRE2:   48 18:03:57    -5335.103516        0.051325
FIRE2:   49 18:03:58    -5335.117188        0.045733
FIRE2:   50 18:03:58    -5335.119141        0.047451
FIRE2:   51 18:03:59    -5335.120117        0.047572
FIRE2:   52 18:03:59    -5335.121094        0.047665
FIRE2:   53 18:04:00    -5335.124023        0.047721
FIRE2:   54 18:04:00    -5335.125977        0.047778
FIRE2:   55 18:04:01    -5335.128906        0.047884
FIRE2:   56 18:04:01    -5335.131836        0.048013
FIRE2:   57 18:04:01    -5335.134766        0.048098
FIRE2:   58 18:04:02    -5335.137695        0.048129
FIRE2:   59 18:04:02    -5335.141602        0.048143
FIRE2:   60 18:04:03    -5335.144531        0.048133
FIRE2:   61 18:04:03    -5335.148438        0.048014
FIRE2:   62 18:04:03    -5335.152344        0.047804
FIRE2:   63 18:04:04    -5335.156250        0.047523
FIRE2:   64 18:04:04    -5335.160156        0.047077
FIRE2:   65 18:04:05    -5335.164062        0.046514
FIRE2:   66 18:04:05    -5335.167969        0.045801
FIRE2:   67 18:04:06    -5335.171875        0.044923
FIRE2:   68 18:04:06    -5335.175781        0.043951
FIRE2:   69 18:04:06    -5335.179688        0.042796
FIRE2:   70 18:04:07    -5335.183594        0.041672
FIRE2:   71 18:04:07    -5335.186523        0.040260
FIRE2:   72 18:04:08    -5335.190430        0.038828
FIRE2:   73 18:04:08    -5335.194336        0.037105
FIRE2:   74 18:04:09    -5335.198242        0.035523
FIRE2:   75 18:04:09    -5335.201172        0.033679
FIRE2:   76 18:04:09    -5335.204102        0.031975
FIRE2:   77 18:04:10    -5335.207031        0.030069
FIRE2:   78 18:04:11    -5335.208008        0.030516
FIRE2:   79 18:04:11    -5335.208008        0.030429
FIRE2:   80 18:04:12    -5335.208008        0.030438
FIRE2:   81 18:04:12    -5335.208008        0.030414
FIRE2:   82 18:04:13    -5335.208008        0.030377
FIRE2:   83 18:04:13    -5335.208008        0.030328
FIRE2:   84 18:04:13    -5335.208008        0.030266
FIRE2:   85 18:04:14    -5335.208008        0.030194
FIRE2:   86 18:04:14    -5335.208008        0.030115
FIRE2:   87 18:04:15    -5335.208984        0.030023
FIRE2:   88 18:04:15    -5335.208984        0.029918
FIRE2:   89 18:04:16    -5335.208984        0.029801
FIRE2:   90 18:04:16    -5335.208984        0.029676
FIRE2:   91 18:04:16    -5335.208984        0.029537
FIRE2:   92 18:04:17    -5335.209961        0.029389
FIRE2:   93 18:04:17    -5335.209961        0.029229
FIRE2:   94 18:04:18    -5335.209961        0.029059
FIRE2:   95 18:04:18    -5335.209961        0.028880
FIRE2:   96 18:04:19    -5335.210938        0.028688
FIRE2:   97 18:04:19    -5335.210938        0.028489
FIRE2:   98 18:04:19    -5335.210938        0.028277
FIRE2:   99 18:04:20    -5335.210938        0.028055
FIRE2:  100 18:04:20    -5335.211914        0.027825
FIRE2:  101 18:04:21    -5335.212891        0.027560
FIRE2:  102 18:04:21    -5335.212891        0.027254
FIRE2:  103 18:04:21    -5335.212891        0.026901
FIRE2:  104 18:04:22    -5335.213867        0.026494
FIRE2:  105 18:04:22    -5335.214844        0.026020
FIRE2:  106 18:04:23    -5335.214844        0.025477
FIRE2:  107 18:04:23    -5335.215820        0.024842
FIRE2:  108 18:04:24    -5335.216797        0.024111
FIRE2:  109 18:04:24    -5335.218750        0.023265
FIRE2:  110 18:04:24    -5335.219727        0.022282
FIRE2:  111 18:04:25    -5335.220703        0.021144
FIRE2:  112 18:04:25    -5335.222656        0.019873
FIRE2:  113 18:04:26    -5335.223633        0.018550
FIRE2:  114 18:04:26    -5335.223633        0.018867
FIRE2:  115 18:04:27    -5335.223633        0.018836
FIRE2:  116 18:04:28    -5335.223633        0.018841
FIRE2:  117 18:04:28    -5335.223633        0.018830
FIRE2:  118 18:04:28    -5335.223633        0.018816
FIRE2:  119 18:04:29    -5335.223633        0.018797
FIRE2:  120 18:04:29    -5335.224609        0.018774
FIRE2:  121 18:04:30    -5335.223633        0.018745
FIRE2:  122 18:04:30    -5335.224609        0.018711
FIRE2:  123 18:04:31    -5335.224121        0.018672
FIRE2:  124 18:04:31    -5335.224121        0.018630
FIRE2:  125 18:04:31    -5335.224609        0.018584
FIRE2:  126 18:04:32    -5335.224609        0.018532
FIRE2:  127 18:04:32    -5335.224609        0.018474
FIRE2:  128 18:04:33    -5335.224609        0.018412
FIRE2:  129 18:04:33    -5335.224609        0.018347
FIRE2:  130 18:04:34    -5335.224609        0.018274
FIRE2:  131 18:04:34    -5335.224609        0.018199
FIRE2:  132 18:04:34    -5335.224609        0.018117
FIRE2:  133 18:04:35    -5335.224609        0.018035
FIRE2:  134 18:04:35    -5335.224609        0.017944
FIRE2:  135 18:04:36    -5335.224609        0.017849
FIRE2:  136 18:04:36    -5335.225586        0.017751
FIRE2:  137 18:04:36    -5335.225586        0.017638
FIRE2:  138 18:04:37    -5335.225586        0.017505
FIRE2:  139 18:04:37    -5335.225586        0.017351
FIRE2:  140 18:04:38    -5335.225586        0.017174
FIRE2:  141 18:04:38    -5335.225586        0.016967
FIRE2:  142 18:04:39    -5335.226562        0.016725
FIRE2:  143 18:04:39    -5335.226562        0.016443
FIRE2:  144 18:04:39    -5335.226562        0.016112
FIRE2:  145 18:04:40    -5335.227539        0.015726
FIRE2:  146 18:04:40    -5335.227539        0.015274
FIRE2:  147 18:04:41    -5335.228516        0.014744
FIRE2:  148 18:04:41    -5335.228516        0.014123
FIRE2:  149 18:04:42    -5335.229492        0.013397
FIRE2:  150 18:04:42    -5335.229492        0.012547
FIRE2:  151 18:04:42    -5335.230469        0.011567
FIRE2:  152 18:04:43    -5335.230469        0.010464
FIRE2:  153 18:04:44    -5335.231445        0.010742
FIRE2:  154 18:04:44    -5335.231445        0.010732
FIRE2:  155 18:04:45    -5335.231445        0.010731
FIRE2:  156 18:04:45    -5335.231445        0.010722
FIRE2:  157 18:04:46    -5335.231445        0.010708
FIRE2:  158 18:04:46    -5335.231445        0.010691
FIRE2:  159 18:04:46    -5335.231445        0.010669
FIRE2:  160 18:04:47    -5335.231445        0.010646
FIRE2:  161 18:04:47    -5335.231445        0.010622
FIRE2:  162 18:04:48    -5335.231445        0.010591
FIRE2:  163 18:04:48    -5335.231445        0.010559
FIRE2:  164 18:04:48    -5335.231445        0.010523
FIRE2:  165 18:04:49    -5335.231445        0.010483
FIRE2:  166 18:04:49    -5335.231445        0.010439
FIRE2:  167 18:04:50    -5335.231445        0.010391
FIRE2:  168 18:04:50    -5335.231445        0.010339
FIRE2:  169 18:04:51    -5335.231445        0.010287
FIRE2:  170 18:04:51    -5335.231445        0.010230
FIRE2:  171 18:04:51    -5335.231445        0.010168
FIRE2:  172 18:04:52    -5335.231445        0.010103
FIRE2:  173 18:04:52    -5335.231445        0.010036
FIRE2:  174 18:04:53    -5335.231445        0.009964
FIRE2:  175 18:04:53    -5335.231445        0.009890
FIRE2:  176 18:04:53    -5335.231445        0.009802
FIRE2:  177 18:04:54    -5335.231445        0.009705
FIRE2:  178 18:04:54    -5335.231445        0.009590
FIRE2:  179 18:04:55    -5335.232422        0.009455
FIRE2:  180 18:04:55    -5335.232422        0.009300
FIRE2:  181 18:04:56    -5335.232422        0.009120
FIRE2:  182 18:04:56    -5335.232422        0.008909
FIRE2:  183 18:04:56    -5335.232422        0.008663
FIRE2:  184 18:04:57    -5335.232422        0.008376
FIRE2:  185 18:04:57    -5335.232422        0.008044
FIRE2:  186 18:04:58    -5335.232422        0.007654
FIRE2:  187 18:04:58    -5335.232422        0.007211
FIRE2:  188 18:04:59    -5335.233398        0.006769
FIRE2:  189 18:04:59    -5335.233398        0.006875
FIRE2:  190 18:05:00    -5335.233398        0.006859
FIRE2:  191 18:05:00    -5335.233398        0.006862
FIRE2:  192 18:05:01    -5335.233398        0.006856
FIRE2:  193 18:05:01    -5335.233398        0.006851
FIRE2:  194 18:05:02    -5335.233398        0.006845
FIRE2:  195 18:05:02    -5335.233398        0.006836
FIRE2:  196 18:05:03    -5335.233398        0.006826
FIRE2:  197 18:05:03    -5335.233398        0.006814
FIRE2:  198 18:05:03    -5335.233398        0.006801
FIRE2:  199 18:05:04    -5335.233398        0.006785
FIRE2:  200 18:05:04    -5335.233398        0.006766
FIRE2:  201 18:05:05    -5335.233398        0.006748
FIRE2:  202 18:05:05    -5335.233398        0.006728
FIRE2:  203 18:05:05    -5335.233398        0.006706
FIRE2:  204 18:05:06    -5335.233398        0.006684
FIRE2:  205 18:05:06    -5335.233398        0.006655
FIRE2:  206 18:05:07    -5335.233398        0.006627
FIRE2:  207 18:05:07    -5335.233398        0.006599
FIRE2:  208 18:05:08    -5335.233398        0.006568
FIRE2:  209 18:05:08    -5335.233398        0.006535
FIRE2:  210 18:05:08    -5335.233398        0.006503
FIRE2:  211 18:05:09    -5335.233398        0.006466
FIRE2:  212 18:05:09    -5335.233398        0.006424
FIRE2:  213 18:05:10    -5335.233398        0.006378
FIRE2:  214 18:05:10    -5335.233398        0.006321
FIRE2:  215 18:05:10    -5335.233398        0.006257
FIRE2:  216 18:05:11    -5335.233398        0.006182
FIRE2:  217 18:05:11    -5335.233398        0.006095
FIRE2:  218 18:05:12    -5335.233398        0.005995
FIRE2:  219 18:05:12    -5335.233398        0.005877
FIRE2:  220 18:05:13    -5335.233398        0.005736
FIRE2:  221 18:05:13    -5335.233398        0.005574
FIRE2:  222 18:05:13    -5335.233398        0.005384
FIRE2:  223 18:05:14    -5335.233398        0.005161
FIRE2:  224 18:05:14    -5335.234375        0.004902
FIRE2:  225 18:05:15    -5335.234375        0.004597
FIRE2:  226 18:05:15    -5335.234375        0.004242
FIRE2:  227 18:05:16    -5335.234375        0.003884
FIRE2:  228 18:05:16    -5335.234375        0.003968
FIRE2:  229 18:05:17    -5335.234375        0.003953
FIRE2:  230 18:05:17    -5335.234375        0.003957
FIRE2:  231 18:05:18    -5335.234375        0.003953
FIRE2:  232 18:05:18    -5335.234375        0.003950
FIRE2:  233 18:05:19    -5335.234375        0.003943
FIRE2:  234 18:05:19    -5335.234375        0.003935
FIRE2:  235 18:05:20    -5335.234375        0.003928
FIRE2:  236 18:05:20    -5335.234375        0.003921
FIRE2:  237 18:05:20    -5335.234375        0.003910
FIRE2:  238 18:05:21    -5335.234375        0.003896
FIRE2:  239 18:05:21    -5335.234375        0.003882
FIRE2:  240 18:05:22    -5335.234375        0.003867
FIRE2:  241 18:05:22    -5335.234375        0.003852
FIRE2:  242 18:05:22    -5335.234375        0.003836
FIRE2:  243 18:05:23    -5335.234375        0.003816
FIRE2:  244 18:05:23    -5335.234375        0.003798
FIRE2:  245 18:05:24    -5335.234375        0.003777
FIRE2:  246 18:05:24    -5335.234375        0.003754
FIRE2:  247 18:05:25    -5335.234375        0.003729
FIRE2:  248 18:05:25    -5335.234375        0.003707
FIRE2:  249 18:05:25    -5335.234375        0.003680
FIRE2:  250 18:05:26    -5335.234375        0.003654
FIRE2:  251 18:05:26    -5335.234375        0.003623
FIRE2:  252 18:05:27    -5335.234375        0.003587
FIRE2:  253 18:05:27    -5335.234375        0.003546
FIRE2:  254 18:05:27    -5335.234375        0.003496
FIRE2:  255 18:05:28    -5335.234375        0.003441
FIRE2:  256 18:05:28    -5335.234375        0.003375
FIRE2:  257 18:05:29    -5335.234375        0.003297
FIRE2:  258 18:05:29    -5335.234375        0.003208
FIRE2:  259 18:05:30    -5335.234375        0.003106
FIRE2:  260 18:05:30    -5335.234375        0.002986
FIRE2:  261 18:05:30    -5335.234375        0.002843
FIRE2:  262 18:05:31    -5335.234375        0.002680
FIRE2:  263 18:05:31    -5335.234375        0.002493
FIRE2:  264 18:05:32    -5335.234375        0.002329
FIRE2:  265 18:05:32    -5335.234375        0.002364
FIRE2:  266 18:05:33    -5335.234375        0.002356
FIRE2:  267 18:05:34    -5335.234375        0.002358
FIRE2:  268 18:05:34    -5335.234375        0.002357
FIRE2:  269 18:05:34    -5335.234375        0.002355
FIRE2:  270 18:05:35    -5335.234375        0.002353
FIRE2:  271 18:05:35    -5335.234375        0.002349
FIRE2:  272 18:05:36    -5335.234375        0.002344
FIRE2:  273 18:05:36    -5335.234375        0.002339
FIRE2:  274 18:05:37    -5335.234375        0.002333
FIRE2:  275 18:05:37    -5335.234375        0.002326
FIRE2:  276 18:05:37    -5335.234375        0.002321
FIRE2:  277 18:05:38    -5335.234375        0.002312
FIRE2:  278 18:05:38    -5335.234375        0.002305
FIRE2:  279 18:05:39    -5335.234375        0.002296
FIRE2:  280 18:05:39    -5335.234375        0.002284
FIRE2:  281 18:05:39    -5335.234375        0.002275
FIRE2:  282 18:05:40    -5335.234375        0.002263
FIRE2:  283 18:05:40    -5335.234375        0.002252
FIRE2:  284 18:05:41    -5335.234375        0.002238
FIRE2:  285 18:05:41    -5335.234375        0.002225
FIRE2:  286 18:05:42    -5335.234375        0.002212
FIRE2:  287 18:05:42    -5335.234375        0.002197
FIRE2:  288 18:05:42    -5335.234375        0.002181
FIRE2:  289 18:05:43    -5335.234375        0.002160
FIRE2:  290 18:05:43    -5335.234375        0.002139
FIRE2:  291 18:05:44    -5335.234375        0.002114
FIRE2:  292 18:05:44    -5335.234375        0.002081
FIRE2:  293 18:05:44    -5335.234375        0.002046
FIRE2:  294 18:05:45    -5335.234375        0.002005
FIRE2:  295 18:05:45    -5335.234375        0.001957
FIRE2:  296 18:05:46    -5335.234375        0.001900
FIRE2:  297 18:05:46    -5335.234375        0.001836
FIRE2:  298 18:05:47    -5335.234375        0.001756
FIRE2:  299 18:05:47    -5335.234375        0.001670
FIRE2:  300 18:05:47    -5335.234375        0.001560
FIRE2:  301 18:05:48    -5335.234375        0.001478
FIRE2:  302 18:05:49    -5335.234375        0.001493
FIRE2:  303 18:05:49    -5335.234375        0.001483
FIRE2:  304 18:05:50    -5335.234375        0.001486
FIRE2:  305 18:05:50    -5335.234375        0.001484
FIRE2:  306 18:05:51    -5335.234375        0.001485
FIRE2:  307 18:05:51    -5335.234375        0.001481
FIRE2:  308 18:05:51    -5335.234375        0.001479
FIRE2:  309 18:05:52    -5335.234375        0.001478
FIRE2:  310 18:05:52    -5335.234375        0.001474
FIRE2:  311 18:05:53    -5335.234375        0.001470
FIRE2:  312 18:05:53    -5335.234375        0.001469
FIRE2:  313 18:05:53    -5335.234375        0.001463
FIRE2:  314 18:05:54    -5335.234375        0.001460
FIRE2:  315 18:05:54    -5335.234375        0.001454
FIRE2:  316 18:05:55    -5335.234375        0.001450
FIRE2:  317 18:05:55    -5335.234375        0.001445
FIRE2:  318 18:05:56    -5335.234375        0.001439
FIRE2:  319 18:05:56    -5335.234375        0.001431
FIRE2:  320 18:05:56    -5335.234375        0.001426
FIRE2:  321 18:05:57    -5335.234375        0.001418
FIRE2:  322 18:05:57    -5335.234375        0.001410
FIRE2:  323 18:05:58    -5335.234375        0.001402
FIRE2:  324 18:05:58    -5335.234375        0.001394
FIRE2:  325 18:05:58    -5335.234375        0.001383
FIRE2:  326 18:05:59    -5335.234375        0.001373
FIRE2:  327 18:05:59    -5335.234375        0.001361
FIRE2:  328 18:06:00    -5335.234375        0.001345
FIRE2:  329 18:06:00    -5335.234375        0.001329
FIRE2:  330 18:06:01    -5335.234375        0.001307
FIRE2:  331 18:06:01    -5335.234375        0.001283
FIRE2:  332 18:06:01    -5335.234375        0.001257
FIRE2:  333 18:06:02    -5335.234375        0.001225
FIRE2:  334 18:06:02    -5335.234375        0.001186
FIRE2:  335 18:06:03    -5335.234375        0.001145
FIRE2:  336 18:06:03    -5335.234375        0.001090
FIRE2:  337 18:06:04    -5335.234375        0.001036
FIRE2:  338 18:06:04    -5335.234375        0.000955
